/home/jetson/Desktop/workspace_2/install/project_2/lib/python3.8/site-packages/project_2/test_service.py
/home/jetson/Desktop/workspace_2/install/project_2/lib/python3.8/site-packages/project_2/test_parm.py
/home/jetson/Desktop/workspace_2/install/project_2/lib/python3.8/site-packages/project_2/slam_navigation.py
/home/jetson/Desktop/workspace_2/install/project_2/lib/python3.8/site-packages/project_2/test_mysrv2.py
/home/jetson/Desktop/workspace_2/install/project_2/lib/python3.8/site-packages/project_2/test_action_server.py
/home/jetson/Desktop/workspace_2/install/project_2/lib/python3.8/site-packages/project_2/test_mymsg2.py
/home/jetson/Desktop/workspace_2/install/project_2/lib/python3.8/site-packages/project_2/test_sub.py
/home/jetson/Desktop/workspace_2/install/project_2/lib/python3.8/site-packages/project_2/motor_cmd.py
/home/jetson/Desktop/workspace_2/install/project_2/lib/python3.8/site-packages/project_2/test_pub.py
/home/jetson/Desktop/workspace_2/install/project_2/lib/python3.8/site-packages/project_2/test_mymsg.py
/home/jetson/Desktop/workspace_2/install/project_2/lib/python3.8/site-packages/project_2/test_mysrv.py
/home/jetson/Desktop/workspace_2/install/project_2/lib/python3.8/site-packages/project_2/__init__.py
/home/jetson/Desktop/workspace_2/install/project_2/lib/python3.8/site-packages/project_2/test_client.py
/home/jetson/Desktop/workspace_2/install/project_2/lib/python3.8/site-packages/project_2/test_action_client.py
/home/jetson/Desktop/workspace_2/install/project_2/lib/python3.8/site-packages/project_2/__pycache__/test_service.cpython-38.pyc
/home/jetson/Desktop/workspace_2/install/project_2/lib/python3.8/site-packages/project_2/__pycache__/test_parm.cpython-38.pyc
/home/jetson/Desktop/workspace_2/install/project_2/lib/python3.8/site-packages/project_2/__pycache__/slam_navigation.cpython-38.pyc
/home/jetson/Desktop/workspace_2/install/project_2/lib/python3.8/site-packages/project_2/__pycache__/test_mysrv2.cpython-38.pyc
/home/jetson/Desktop/workspace_2/install/project_2/lib/python3.8/site-packages/project_2/__pycache__/test_action_server.cpython-38.pyc
/home/jetson/Desktop/workspace_2/install/project_2/lib/python3.8/site-packages/project_2/__pycache__/test_mymsg2.cpython-38.pyc
/home/jetson/Desktop/workspace_2/install/project_2/lib/python3.8/site-packages/project_2/__pycache__/test_sub.cpython-38.pyc
/home/jetson/Desktop/workspace_2/install/project_2/lib/python3.8/site-packages/project_2/__pycache__/motor_cmd.cpython-38.pyc
/home/jetson/Desktop/workspace_2/install/project_2/lib/python3.8/site-packages/project_2/__pycache__/test_pub.cpython-38.pyc
/home/jetson/Desktop/workspace_2/install/project_2/lib/python3.8/site-packages/project_2/__pycache__/test_mymsg.cpython-38.pyc
/home/jetson/Desktop/workspace_2/install/project_2/lib/python3.8/site-packages/project_2/__pycache__/test_mysrv.cpython-38.pyc
/home/jetson/Desktop/workspace_2/install/project_2/lib/python3.8/site-packages/project_2/__pycache__/__init__.cpython-38.pyc
/home/jetson/Desktop/workspace_2/install/project_2/lib/python3.8/site-packages/project_2/__pycache__/test_client.cpython-38.pyc
/home/jetson/Desktop/workspace_2/install/project_2/lib/python3.8/site-packages/project_2/__pycache__/test_action_client.cpython-38.pyc
/home/jetson/Desktop/workspace_2/install/project_2/share/ament_index/resource_index/packages/project_2
/home/jetson/Desktop/workspace_2/install/project_2/share/project_2/package.xml
/home/jetson/Desktop/workspace_2/install/project_2/share/project_2/test_launch.py
/home/jetson/Desktop/workspace_2/install/project_2/share/project_2/nav2_unity.rviz
/home/jetson/Desktop/workspace_2/install/project_2/share/project_2/slam_tcp.py
/home/jetson/Desktop/workspace_2/install/project_2/share/project_2/slam_launch.py
/home/jetson/Desktop/workspace_2/install/project_2/share/project_2/offline_launch.py
/home/jetson/Desktop/workspace_2/install/project_2/share/project_2/online_sync_launch.py
/home/jetson/Desktop/workspace_2/install/project_2/share/project_2/nav2_params.yaml
/home/jetson/Desktop/workspace_2/install/project_2/share/project_2/mapper_params_offline.yaml
/home/jetson/Desktop/workspace_2/install/project_2/lib/python3.8/site-packages/project_2-0.0.0-py3.8.egg-info/top_level.txt
/home/jetson/Desktop/workspace_2/install/project_2/lib/python3.8/site-packages/project_2-0.0.0-py3.8.egg-info/entry_points.txt
/home/jetson/Desktop/workspace_2/install/project_2/lib/python3.8/site-packages/project_2-0.0.0-py3.8.egg-info/dependency_links.txt
/home/jetson/Desktop/workspace_2/install/project_2/lib/python3.8/site-packages/project_2-0.0.0-py3.8.egg-info/SOURCES.txt
/home/jetson/Desktop/workspace_2/install/project_2/lib/python3.8/site-packages/project_2-0.0.0-py3.8.egg-info/zip-safe
/home/jetson/Desktop/workspace_2/install/project_2/lib/python3.8/site-packages/project_2-0.0.0-py3.8.egg-info/PKG-INFO
/home/jetson/Desktop/workspace_2/install/project_2/lib/python3.8/site-packages/project_2-0.0.0-py3.8.egg-info/requires.txt
/home/jetson/Desktop/workspace_2/install/project_2/lib/project_2/client
/home/jetson/Desktop/workspace_2/install/project_2/lib/project_2/client2
/home/jetson/Desktop/workspace_2/install/project_2/lib/project_2/listener
/home/jetson/Desktop/workspace_2/install/project_2/lib/project_2/listener2
/home/jetson/Desktop/workspace_2/install/project_2/lib/project_2/motor_cmd
/home/jetson/Desktop/workspace_2/install/project_2/lib/project_2/param_test
/home/jetson/Desktop/workspace_2/install/project_2/lib/project_2/service
/home/jetson/Desktop/workspace_2/install/project_2/lib/project_2/service2
/home/jetson/Desktop/workspace_2/install/project_2/lib/project_2/slam_navigation
/home/jetson/Desktop/workspace_2/install/project_2/lib/project_2/talker
/home/jetson/Desktop/workspace_2/install/project_2/lib/project_2/talker2
