-- Found ament_cmake: 0.9.9 (/home/jetson/ros2_foxy/ros2-linux/share/ament_cmake/cmake)
-- Found PythonInterp: /usr/bin/python3 (found suitable version "3.8.10", minimum required is "3") 
-- Using PYTHON_EXECUTABLE: /usr/bin/python3
-- Found ament_lint_auto: 0.9.6 (/home/jetson/ros2_foxy/ros2-linux/share/ament_lint_auto/cmake)
-- Found rosidl_default_generators: 1.0.1 (/home/jetson/ros2_foxy/ros2-linux/share/rosidl_default_generators/cmake)
-- Using all available rosidl_typesupport_c: rosidl_typesupport_fastrtps_c;rosidl_typesupport_introspection_c
-- Found rosidl_adapter: 1.2.1 (/home/jetson/ros2_foxy/ros2-linux/share/rosidl_adapter/cmake)
-- Using all available rosidl_typesupport_cpp: rosidl_typesupport_fastrtps_cpp;rosidl_typesupport_introspection_cpp
-- Found PythonInterp: /usr/bin/python3 (found version "3.8.10") 
CMake Error at /home/jetson/ros2_foxy/ros2-linux/share/rosidl_adapter/cmake/rosidl_adapt_interfaces.cmake:60 (message):
  execute_process(/usr/bin/python3 -m rosidl_adapter --package-name
  msg_manage --arguments-file
  /home/jetson/Desktop/workspace_2/build/msg_manage/rosidl_adapter__arguments__msg_manage.json
  --output-dir
  /home/jetson/Desktop/workspace_2/build/msg_manage/rosidl_adapter/msg_manage
  --output-file
  /home/jetson/Desktop/workspace_2/build/msg_manage/rosidl_adapter/msg_manage.idls)
  returned error code 1:

  KeyError processing template 'struct.idl.em': 'time'

Call Stack (most recent call first):
  /home/jetson/ros2_foxy/ros2-linux/share/rosidl_cmake/cmake/rosidl_generate_interfaces.cmake:130 (rosidl_adapt_interfaces)
  CMakeLists.txt:38 (rosidl_generate_interfaces)


-- Configuring incomplete, errors occurred!
See also "/home/jetson/Desktop/workspace_2/build/msg_manage/CMakeFiles/CMakeOutput.log".
make: *** [Makefile:1468: cmake_check_build_system] Error 1
