[0.128s] Invoking command in '/home/jetson/Desktop/workspace_2/build/msg_manage': CMAKE_PREFIX_PATH=${CMAKE_PREFIX_PATH}:/home/jetson/Desktop/workspace_2/install/unity_slam_example:/home/jetson/Desktop/workspace_2/install/unity_robotics_demo:/home/jetson/Desktop/workspace_2/install/ros_tcp_endpoint:/home/jetson/Desktop/workspace_2/install/project_2:/opt/ros/foxy /usr/bin/cmake --build /home/jetson/Desktop/workspace_2/build/msg_manage -- -j4 -l4
[0.327s] -- Found ament_cmake: 0.9.9 (/home/jetson/ros2_foxy/ros2-linux/share/ament_cmake/cmake)
[0.457s] -- Found PythonInterp: /usr/bin/python3 (found suitable version "3.8.10", minimum required is "3") 
[0.458s] -- Using PYTHON_EXECUTABLE: /usr/bin/python3
[1.557s] -- Found ament_lint_auto: 0.9.6 (/home/jetson/ros2_foxy/ros2-linux/share/ament_lint_auto/cmake)
[1.861s] -- Found rosidl_default_generators: 1.0.1 (/home/jetson/ros2_foxy/ros2-linux/share/rosidl_default_generators/cmake)
[1.881s] -- Using all available rosidl_typesupport_c: rosidl_typesupport_fastrtps_c;rosidl_typesupport_introspection_c
[1.902s] -- Found rosidl_adapter: 1.2.1 (/home/jetson/ros2_foxy/ros2-linux/share/rosidl_adapter/cmake)
[2.573s] -- Using all available rosidl_typesupport_cpp: rosidl_typesupport_fastrtps_cpp;rosidl_typesupport_introspection_cpp
[2.801s] -- Found PythonInterp: /usr/bin/python3 (found version "3.8.10") 
[3.107s] CMake Error at /home/jetson/ros2_foxy/ros2-linux/share/rosidl_adapter/cmake/rosidl_adapt_interfaces.cmake:60 (message):
[3.107s]   execute_process(/usr/bin/python3 -m rosidl_adapter --package-name
[3.108s]   msg_manage --arguments-file
[3.108s]   /home/jetson/Desktop/workspace_2/build/msg_manage/rosidl_adapter__arguments__msg_manage.json
[3.108s]   --output-dir
[3.109s]   /home/jetson/Desktop/workspace_2/build/msg_manage/rosidl_adapter/msg_manage
[3.109s]   --output-file
[3.110s]   /home/jetson/Desktop/workspace_2/build/msg_manage/rosidl_adapter/msg_manage.idls)
[3.110s]   returned error code 1:
[3.110s] 
[3.111s]   KeyError processing template 'struct.idl.em': 'time'
[3.111s] 
[3.111s] Call Stack (most recent call first):
[3.112s]   /home/jetson/ros2_foxy/ros2-linux/share/rosidl_cmake/cmake/rosidl_generate_interfaces.cmake:130 (rosidl_adapt_interfaces)
[3.112s]   CMakeLists.txt:38 (rosidl_generate_interfaces)
[3.112s] 
[3.113s] 
[3.114s] -- Configuring incomplete, errors occurred!
[3.115s] See also "/home/jetson/Desktop/workspace_2/build/msg_manage/CMakeFiles/CMakeOutput.log".
[3.138s] make: *** [Makefile:1468: cmake_check_build_system] Error 1
[3.146s] Invoked command in '/home/jetson/Desktop/workspace_2/build/msg_manage' returned '2': CMAKE_PREFIX_PATH=${CMAKE_PREFIX_PATH}:/home/jetson/Desktop/workspace_2/install/unity_slam_example:/home/jetson/Desktop/workspace_2/install/unity_robotics_demo:/home/jetson/Desktop/workspace_2/install/ros_tcp_endpoint:/home/jetson/Desktop/workspace_2/install/project_2:/opt/ros/foxy /usr/bin/cmake --build /home/jetson/Desktop/workspace_2/build/msg_manage -- -j4 -l4
