[3.830s] Invoking command in '/home/jetson/Desktop/workspace_2/src/unity_slam_example': PYTHONPATH=/home/jetson/Desktop/workspace_2/install/unity_slam_example/lib/python3.8/site-packages:${PYTHONPATH} /usr/bin/python3 setup.py egg_info --egg-base ../../build/unity_slam_example build --build-base /home/jetson/Desktop/workspace_2/build/unity_slam_example/build install --prefix /home/jetson/Desktop/workspace_2/install/unity_slam_example --record /home/jetson/Desktop/workspace_2/build/unity_slam_example/install.log --single-version-externally-managed
[5.404s] running egg_info
[5.408s] creating ../../build/unity_slam_example/unity_slam_example.egg-info
[5.410s] writing ../../build/unity_slam_example/unity_slam_example.egg-info/PKG-INFO
[5.412s] writing dependency_links to ../../build/unity_slam_example/unity_slam_example.egg-info/dependency_links.txt
[5.414s] writing requirements to ../../build/unity_slam_example/unity_slam_example.egg-info/requires.txt
[5.415s] writing top-level names to ../../build/unity_slam_example/unity_slam_example.egg-info/top_level.txt
[5.424s] writing manifest file '../../build/unity_slam_example/unity_slam_example.egg-info/SOURCES.txt'
[5.428s] reading manifest file '../../build/unity_slam_example/unity_slam_example.egg-info/SOURCES.txt'
[5.432s] writing manifest file '../../build/unity_slam_example/unity_slam_example.egg-info/SOURCES.txt'
[5.434s] running build
[5.435s] running install
[5.438s] running install_data
[5.441s] creating /home/jetson/Desktop/workspace_2/install/unity_slam_example/share/ament_index
[5.441s] creating /home/jetson/Desktop/workspace_2/install/unity_slam_example/share/ament_index/resource_index
[5.442s] creating /home/jetson/Desktop/workspace_2/install/unity_slam_example/share/ament_index/resource_index/packages
[5.443s] copying resource/unity_slam_example -> /home/jetson/Desktop/workspace_2/install/unity_slam_example/share/ament_index/resource_index/packages
[5.443s] copying package.xml -> /home/jetson/Desktop/workspace_2/install/unity_slam_example/share/unity_slam_example
[5.444s] copying rviz/nav2_unity.rviz -> /home/jetson/Desktop/workspace_2/install/unity_slam_example/share/unity_slam_example
[5.445s] copying launch/unity_slam_example.py -> /home/jetson/Desktop/workspace_2/install/unity_slam_example/share/unity_slam_example
[5.451s] copying launch/unity_viz_example.py -> /home/jetson/Desktop/workspace_2/install/unity_slam_example/share/unity_slam_example
[5.453s] running install_egg_info
[5.463s] Copying ../../build/unity_slam_example/unity_slam_example.egg-info to /home/jetson/Desktop/workspace_2/install/unity_slam_example/lib/python3.8/site-packages/unity_slam_example-0.0.1-py3.8.egg-info
[5.467s] running install_scripts
[5.557s] writing list of installed files to '/home/jetson/Desktop/workspace_2/build/unity_slam_example/install.log'
[5.670s] Invoked command in '/home/jetson/Desktop/workspace_2/src/unity_slam_example' returned '0': PYTHONPATH=/home/jetson/Desktop/workspace_2/install/unity_slam_example/lib/python3.8/site-packages:${PYTHONPATH} /usr/bin/python3 setup.py egg_info --egg-base ../../build/unity_slam_example build --build-base /home/jetson/Desktop/workspace_2/build/unity_slam_example/build install --prefix /home/jetson/Desktop/workspace_2/install/unity_slam_example --record /home/jetson/Desktop/workspace_2/build/unity_slam_example/install.log --single-version-externally-managed
