[6.723s] Invoking command in '/home/jetson/Desktop/workspace_2/src/ROS-TCP-Endpoint': PYTHONPATH=/home/jetson/Desktop/workspace_2/install/ros_tcp_endpoint/lib/python3.8/site-packages:${PYTHONPATH} /usr/bin/python3 setup.py egg_info --egg-base ../../build/ros_tcp_endpoint build --build-base /home/jetson/Desktop/workspace_2/build/ros_tcp_endpoint/build install --prefix /home/jetson/Desktop/workspace_2/install/ros_tcp_endpoint --record /home/jetson/Desktop/workspace_2/build/ros_tcp_endpoint/install.log --single-version-externally-managed
[8.031s] /usr/local/lib/python3.8/dist-packages/setuptools/dist.py:717: UserWarning: Usage of dash-separated 'script-dir' will not be supported in future versions. Please use the underscore name 'script_dir' instead
[8.031s]   warnings.warn(
[8.032s] /usr/local/lib/python3.8/dist-packages/setuptools/dist.py:717: UserWarning: Usage of dash-separated 'install-scripts' will not be supported in future versions. Please use the underscore name 'install_scripts' instead
[8.033s]   warnings.warn(
[8.195s] running egg_info
[8.198s] writing ../../build/ros_tcp_endpoint/ros_tcp_endpoint.egg-info/PKG-INFO
[8.201s] writing dependency_links to ../../build/ros_tcp_endpoint/ros_tcp_endpoint.egg-info/dependency_links.txt
[8.201s] writing entry points to ../../build/ros_tcp_endpoint/ros_tcp_endpoint.egg-info/entry_points.txt
[8.202s] writing requirements to ../../build/ros_tcp_endpoint/ros_tcp_endpoint.egg-info/requires.txt
[8.202s] writing top-level names to ../../build/ros_tcp_endpoint/ros_tcp_endpoint.egg-info/top_level.txt
[8.223s] reading manifest file '../../build/ros_tcp_endpoint/ros_tcp_endpoint.egg-info/SOURCES.txt'
[8.225s] adding license file 'LICENSE'
[8.229s] writing manifest file '../../build/ros_tcp_endpoint/ros_tcp_endpoint.egg-info/SOURCES.txt'
[8.230s] running build
[8.231s] running build_py
[8.238s] running install
[8.241s] running install_lib
[8.252s] running install_data
[8.255s] running install_egg_info
[8.264s] removing '/home/jetson/Desktop/workspace_2/install/ros_tcp_endpoint/lib/python3.8/site-packages/ros_tcp_endpoint-0.0.1-py3.8.egg-info' (and everything under it)
[8.266s] Copying ../../build/ros_tcp_endpoint/ros_tcp_endpoint.egg-info to /home/jetson/Desktop/workspace_2/install/ros_tcp_endpoint/lib/python3.8/site-packages/ros_tcp_endpoint-0.0.1-py3.8.egg-info
[8.275s] running install_scripts
[8.370s] Installing default_server_endpoint script to /home/jetson/Desktop/workspace_2/install/ros_tcp_endpoint/lib/ros_tcp_endpoint
[8.373s] writing list of installed files to '/home/jetson/Desktop/workspace_2/build/ros_tcp_endpoint/install.log'
[9.478s] Invoked command in '/home/jetson/Desktop/workspace_2/src/ROS-TCP-Endpoint' returned '0': PYTHONPATH=/home/jetson/Desktop/workspace_2/install/ros_tcp_endpoint/lib/python3.8/site-packages:${PYTHONPATH} /usr/bin/python3 setup.py egg_info --egg-base ../../build/ros_tcp_endpoint build --build-base /home/jetson/Desktop/workspace_2/build/ros_tcp_endpoint/build install --prefix /home/jetson/Desktop/workspace_2/install/ros_tcp_endpoint --record /home/jetson/Desktop/workspace_2/build/ros_tcp_endpoint/install.log --single-version-externally-managed
