[4.292s] Invoking command in '/home/jetson/Desktop/workspace_2/src/project_2': CMAKE_PREFIX_PATH=/home/jetson/Desktop/workspace_2/install/msg_manage:/home/jetson/Desktop/workspace_2/install/unity_robotics_demo_msgs:/home/jetson/ros2_foxy/ros2-linux LD_LIBRARY_PATH=/home/jetson/Desktop/workspace_2/install/msg_manage/lib:/home/jetson/Desktop/workspace_2/install/unity_robotics_demo_msgs/lib:/opt/ros/foxy/opt/yaml_cpp_vendor/lib:/opt/ros/foxy/opt/rviz_ogre_vendor/lib:/opt/ros/foxy/lib/aarch64-linux-gnu:/opt/ros/foxy/lib:/home/jetson/ros2_foxy/ros2-linux/opt/yaml_cpp_vendor/lib:/home/jetson/ros2_foxy/ros2-linux/opt/rviz_ogre_vendor/lib:/home/jetson/ros2_foxy/ros2-linux/lib PYTHONPATH=/home/jetson/Desktop/workspace_2/install/project_2/lib/python3.8/site-packages:/home/jetson/Desktop/workspace_2/install/msg_manage/lib/python3.8/site-packages:/home/jetson/Desktop/workspace_2/install/unity_slam_example/lib/python3.8/site-packages:/home/jetson/Desktop/workspace_2/install/unity_robotics_demo_msgs/lib/python3.8/site-packages:/home/jetson/Desktop/workspace_2/install/unity_robotics_demo/lib/python3.8/site-packages:/home/jetson/Desktop/workspace_2/install/ros_tcp_endpoint/lib/python3.8/site-packages:/home/jetson/Desktop/workspace_2/install/project_2/lib/python3.8/site-packages:/opt/ros/foxy/lib/python3.8/site-packages:/home/jetson/ros2_foxy/ros2-linux/lib/python3.8/site-packages /usr/bin/python3 setup.py egg_info --egg-base ../../build/project_2 build --build-base /home/jetson/Desktop/workspace_2/build/project_2/build install --prefix /home/jetson/Desktop/workspace_2/install/project_2 --record /home/jetson/Desktop/workspace_2/build/project_2/install.log --single-version-externally-managed
[5.802s] running egg_info
[5.805s] writing ../../build/project_2/project_2.egg-info/PKG-INFO
[5.806s] writing dependency_links to ../../build/project_2/project_2.egg-info/dependency_links.txt
[5.807s] writing entry points to ../../build/project_2/project_2.egg-info/entry_points.txt
[5.808s] writing requirements to ../../build/project_2/project_2.egg-info/requires.txt
[5.809s] writing top-level names to ../../build/project_2/project_2.egg-info/top_level.txt
[5.829s] reading manifest file '../../build/project_2/project_2.egg-info/SOURCES.txt'
[5.834s] writing manifest file '../../build/project_2/project_2.egg-info/SOURCES.txt'
[5.835s] running build
[5.835s] running build_py
[5.837s] copying project_2/img_processor.py -> /home/jetson/Desktop/workspace_2/build/project_2/build/lib/project_2
[5.841s] running install
[5.844s] running install_lib
[5.850s] copying /home/jetson/Desktop/workspace_2/build/project_2/build/lib/project_2/img_processor.py -> /home/jetson/Desktop/workspace_2/install/project_2/lib/python3.8/site-packages/project_2
[5.855s] byte-compiling /home/jetson/Desktop/workspace_2/install/project_2/lib/python3.8/site-packages/project_2/img_processor.py to img_processor.cpython-38.pyc
[5.860s] running install_data
[5.864s] running install_egg_info
[5.874s] removing '/home/jetson/Desktop/workspace_2/install/project_2/lib/python3.8/site-packages/project_2-0.0.0-py3.8.egg-info' (and everything under it)
[5.876s] Copying ../../build/project_2/project_2.egg-info to /home/jetson/Desktop/workspace_2/install/project_2/lib/python3.8/site-packages/project_2-0.0.0-py3.8.egg-info
[5.879s] running install_scripts
[5.965s] Installing client script to /home/jetson/Desktop/workspace_2/install/project_2/lib/project_2
[5.965s] Installing client2 script to /home/jetson/Desktop/workspace_2/install/project_2/lib/project_2
[5.966s] Installing img_processor script to /home/jetson/Desktop/workspace_2/install/project_2/lib/project_2
[5.967s] Installing listener script to /home/jetson/Desktop/workspace_2/install/project_2/lib/project_2
[5.967s] Installing listener2 script to /home/jetson/Desktop/workspace_2/install/project_2/lib/project_2
[5.968s] Installing motor_cmd script to /home/jetson/Desktop/workspace_2/install/project_2/lib/project_2
[5.970s] Installing param_test script to /home/jetson/Desktop/workspace_2/install/project_2/lib/project_2
[5.970s] Installing service script to /home/jetson/Desktop/workspace_2/install/project_2/lib/project_2
[5.971s] Installing service2 script to /home/jetson/Desktop/workspace_2/install/project_2/lib/project_2
[5.972s] Installing slam_navigation script to /home/jetson/Desktop/workspace_2/install/project_2/lib/project_2
[5.972s] Installing talker script to /home/jetson/Desktop/workspace_2/install/project_2/lib/project_2
[5.973s] Installing talker2 script to /home/jetson/Desktop/workspace_2/install/project_2/lib/project_2
[5.974s] writing list of installed files to '/home/jetson/Desktop/workspace_2/build/project_2/install.log'
[6.084s] Invoked command in '/home/jetson/Desktop/workspace_2/src/project_2' returned '0': CMAKE_PREFIX_PATH=/home/jetson/Desktop/workspace_2/install/msg_manage:/home/jetson/Desktop/workspace_2/install/unity_robotics_demo_msgs:/home/jetson/ros2_foxy/ros2-linux LD_LIBRARY_PATH=/home/jetson/Desktop/workspace_2/install/msg_manage/lib:/home/jetson/Desktop/workspace_2/install/unity_robotics_demo_msgs/lib:/opt/ros/foxy/opt/yaml_cpp_vendor/lib:/opt/ros/foxy/opt/rviz_ogre_vendor/lib:/opt/ros/foxy/lib/aarch64-linux-gnu:/opt/ros/foxy/lib:/home/jetson/ros2_foxy/ros2-linux/opt/yaml_cpp_vendor/lib:/home/jetson/ros2_foxy/ros2-linux/opt/rviz_ogre_vendor/lib:/home/jetson/ros2_foxy/ros2-linux/lib PYTHONPATH=/home/jetson/Desktop/workspace_2/install/project_2/lib/python3.8/site-packages:/home/jetson/Desktop/workspace_2/install/msg_manage/lib/python3.8/site-packages:/home/jetson/Desktop/workspace_2/install/unity_slam_example/lib/python3.8/site-packages:/home/jetson/Desktop/workspace_2/install/unity_robotics_demo_msgs/lib/python3.8/site-packages:/home/jetson/Desktop/workspace_2/install/unity_robotics_demo/lib/python3.8/site-packages:/home/jetson/Desktop/workspace_2/install/ros_tcp_endpoint/lib/python3.8/site-packages:/home/jetson/Desktop/workspace_2/install/project_2/lib/python3.8/site-packages:/opt/ros/foxy/lib/python3.8/site-packages:/home/jetson/ros2_foxy/ros2-linux/lib/python3.8/site-packages /usr/bin/python3 setup.py egg_info --egg-base ../../build/project_2 build --build-base /home/jetson/Desktop/workspace_2/build/project_2/build install --prefix /home/jetson/Desktop/workspace_2/install/project_2 --record /home/jetson/Desktop/workspace_2/build/project_2/install.log --single-version-externally-managed
