[3.627s] Invoking command in '/home/jetson/Desktop/workspace_2/src/project_2': CMAKE_PREFIX_PATH=/home/jetson/Desktop/workspace_2/install/msg_manage:/home/jetson/Desktop/workspace_2/install/unity_robotics_demo_msgs:/home/jetson/ros2_foxy/ros2-linux LD_LIBRARY_PATH=/home/jetson/Desktop/workspace_2/install/msg_manage/lib:/home/jetson/Desktop/workspace_2/install/unity_robotics_demo_msgs/lib:/opt/ros/foxy/opt/yaml_cpp_vendor/lib:/opt/ros/foxy/opt/rviz_ogre_vendor/lib:/opt/ros/foxy/lib/aarch64-linux-gnu:/opt/ros/foxy/lib:/home/jetson/ros2_foxy/ros2-linux/opt/yaml_cpp_vendor/lib:/home/jetson/ros2_foxy/ros2-linux/opt/rviz_ogre_vendor/lib:/home/jetson/ros2_foxy/ros2-linux/lib PYTHONPATH=/home/jetson/Desktop/workspace_2/install/project_2/lib/python3.8/site-packages:/home/jetson/Desktop/workspace_2/install/msg_manage/lib/python3.8/site-packages:/home/jetson/Desktop/workspace_2/install/unity_slam_example/lib/python3.8/site-packages:/home/jetson/Desktop/workspace_2/install/unity_robotics_demo_msgs/lib/python3.8/site-packages:/home/jetson/Desktop/workspace_2/install/unity_robotics_demo/lib/python3.8/site-packages:/home/jetson/Desktop/workspace_2/install/ros_tcp_endpoint/lib/python3.8/site-packages:/home/jetson/Desktop/workspace_2/install/project_2/lib/python3.8/site-packages:/opt/ros/foxy/lib/python3.8/site-packages:/home/jetson/ros2_foxy/ros2-linux/lib/python3.8/site-packages /usr/bin/python3 setup.py egg_info --egg-base ../../build/project_2 build --build-base /home/jetson/Desktop/workspace_2/build/project_2/build install --prefix /home/jetson/Desktop/workspace_2/install/project_2 --record /home/jetson/Desktop/workspace_2/build/project_2/install.log --single-version-externally-managed
[4.718s] /usr/local/lib/python3.8/dist-packages/setuptools/dist.py:717: UserWarning: Usage of dash-separated 'script-dir' will not be supported in future versions. Please use the underscore name 'script_dir' instead
[4.718s]   warnings.warn(
[4.719s] /usr/local/lib/python3.8/dist-packages/setuptools/dist.py:717: UserWarning: Usage of dash-separated 'install-scripts' will not be supported in future versions. Please use the underscore name 'install_scripts' instead
[4.720s]   warnings.warn(
[4.849s] running egg_info
[4.851s] writing ../../build/project_2/project_2.egg-info/PKG-INFO
[4.852s] writing dependency_links to ../../build/project_2/project_2.egg-info/dependency_links.txt
[4.853s] writing entry points to ../../build/project_2/project_2.egg-info/entry_points.txt
[4.853s] writing requirements to ../../build/project_2/project_2.egg-info/requires.txt
[4.854s] writing top-level names to ../../build/project_2/project_2.egg-info/top_level.txt
[4.873s] reading manifest file '../../build/project_2/project_2.egg-info/SOURCES.txt'
[4.879s] writing manifest file '../../build/project_2/project_2.egg-info/SOURCES.txt'
[4.879s] running build
[4.879s] running build_py
[4.881s] copying project_2/motor_run.py -> /home/jetson/Desktop/workspace_2/build/project_2/build/lib/project_2
[4.884s] running install
[4.887s] running install_lib
[4.891s] copying /home/jetson/Desktop/workspace_2/build/project_2/build/lib/project_2/motor_run.py -> /home/jetson/Desktop/workspace_2/install/project_2/lib/python3.8/site-packages/project_2
[4.896s] byte-compiling /home/jetson/Desktop/workspace_2/install/project_2/lib/python3.8/site-packages/project_2/motor_run.py to motor_run.cpython-38.pyc
[4.898s] running install_data
[4.901s] running install_egg_info
[4.907s] removing '/home/jetson/Desktop/workspace_2/install/project_2/lib/python3.8/site-packages/project_2-0.0.0-py3.8.egg-info' (and everything under it)
[4.908s] Copying ../../build/project_2/project_2.egg-info to /home/jetson/Desktop/workspace_2/install/project_2/lib/python3.8/site-packages/project_2-0.0.0-py3.8.egg-info
[4.913s] running install_scripts
[4.992s] Installing client script to /home/jetson/Desktop/workspace_2/install/project_2/lib/project_2
[4.993s] Installing client2 script to /home/jetson/Desktop/workspace_2/install/project_2/lib/project_2
[4.993s] Installing listener script to /home/jetson/Desktop/workspace_2/install/project_2/lib/project_2
[4.994s] Installing listener2 script to /home/jetson/Desktop/workspace_2/install/project_2/lib/project_2
[4.994s] Installing motor_run script to /home/jetson/Desktop/workspace_2/install/project_2/lib/project_2
[4.995s] Installing param_test script to /home/jetson/Desktop/workspace_2/install/project_2/lib/project_2
[4.995s] Installing service script to /home/jetson/Desktop/workspace_2/install/project_2/lib/project_2
[4.995s] Installing service2 script to /home/jetson/Desktop/workspace_2/install/project_2/lib/project_2
[4.996s] Installing talker script to /home/jetson/Desktop/workspace_2/install/project_2/lib/project_2
[4.996s] Installing talker2 script to /home/jetson/Desktop/workspace_2/install/project_2/lib/project_2
[4.997s] writing list of installed files to '/home/jetson/Desktop/workspace_2/build/project_2/install.log'
[5.103s] Invoked command in '/home/jetson/Desktop/workspace_2/src/project_2' returned '0': CMAKE_PREFIX_PATH=/home/jetson/Desktop/workspace_2/install/msg_manage:/home/jetson/Desktop/workspace_2/install/unity_robotics_demo_msgs:/home/jetson/ros2_foxy/ros2-linux LD_LIBRARY_PATH=/home/jetson/Desktop/workspace_2/install/msg_manage/lib:/home/jetson/Desktop/workspace_2/install/unity_robotics_demo_msgs/lib:/opt/ros/foxy/opt/yaml_cpp_vendor/lib:/opt/ros/foxy/opt/rviz_ogre_vendor/lib:/opt/ros/foxy/lib/aarch64-linux-gnu:/opt/ros/foxy/lib:/home/jetson/ros2_foxy/ros2-linux/opt/yaml_cpp_vendor/lib:/home/jetson/ros2_foxy/ros2-linux/opt/rviz_ogre_vendor/lib:/home/jetson/ros2_foxy/ros2-linux/lib PYTHONPATH=/home/jetson/Desktop/workspace_2/install/project_2/lib/python3.8/site-packages:/home/jetson/Desktop/workspace_2/install/msg_manage/lib/python3.8/site-packages:/home/jetson/Desktop/workspace_2/install/unity_slam_example/lib/python3.8/site-packages:/home/jetson/Desktop/workspace_2/install/unity_robotics_demo_msgs/lib/python3.8/site-packages:/home/jetson/Desktop/workspace_2/install/unity_robotics_demo/lib/python3.8/site-packages:/home/jetson/Desktop/workspace_2/install/ros_tcp_endpoint/lib/python3.8/site-packages:/home/jetson/Desktop/workspace_2/install/project_2/lib/python3.8/site-packages:/opt/ros/foxy/lib/python3.8/site-packages:/home/jetson/ros2_foxy/ros2-linux/lib/python3.8/site-packages /usr/bin/python3 setup.py egg_info --egg-base ../../build/project_2 build --build-base /home/jetson/Desktop/workspace_2/build/project_2/build install --prefix /home/jetson/Desktop/workspace_2/install/project_2 --record /home/jetson/Desktop/workspace_2/build/project_2/install.log --single-version-externally-managed
