[6.869s] Invoking command in '/home/jetson/Desktop/workspace_2/src/unity_robotics_demo': PYTHONPATH=/home/jetson/Desktop/workspace_2/install/unity_robotics_demo/lib/python3.8/site-packages:${PYTHONPATH} /usr/bin/python3 setup.py egg_info --egg-base ../../build/unity_robotics_demo build --build-base /home/jetson/Desktop/workspace_2/build/unity_robotics_demo/build install --prefix /home/jetson/Desktop/workspace_2/install/unity_robotics_demo --record /home/jetson/Desktop/workspace_2/build/unity_robotics_demo/install.log --single-version-externally-managed
[8.390s] running egg_info
[8.393s] writing ../../build/unity_robotics_demo/unity_robotics_demo.egg-info/PKG-INFO
[8.394s] writing dependency_links to ../../build/unity_robotics_demo/unity_robotics_demo.egg-info/dependency_links.txt
[8.396s] writing entry points to ../../build/unity_robotics_demo/unity_robotics_demo.egg-info/entry_points.txt
[8.398s] writing requirements to ../../build/unity_robotics_demo/unity_robotics_demo.egg-info/requires.txt
[8.399s] writing top-level names to ../../build/unity_robotics_demo/unity_robotics_demo.egg-info/top_level.txt
[8.418s] reading manifest file '../../build/unity_robotics_demo/unity_robotics_demo.egg-info/SOURCES.txt'
[8.424s] writing manifest file '../../build/unity_robotics_demo/unity_robotics_demo.egg-info/SOURCES.txt'
[8.424s] running build
[8.425s] running build_py
[8.429s] running install
[8.434s] running install_lib
[8.443s] running install_data
[8.447s] running install_egg_info
[8.455s] removing '/home/jetson/Desktop/workspace_2/install/unity_robotics_demo/lib/python3.8/site-packages/unity_robotics_demo-0.0.1-py3.8.egg-info' (and everything under it)
[8.457s] Copying ../../build/unity_robotics_demo/unity_robotics_demo.egg-info to /home/jetson/Desktop/workspace_2/install/unity_robotics_demo/lib/python3.8/site-packages/unity_robotics_demo-0.0.1-py3.8.egg-info
[8.463s] running install_scripts
[8.552s] Installing color_publisher script to /home/jetson/Desktop/workspace_2/install/unity_robotics_demo/lib/unity_robotics_demo
[8.554s] Installing position_service script to /home/jetson/Desktop/workspace_2/install/unity_robotics_demo/lib/unity_robotics_demo
[8.556s] writing list of installed files to '/home/jetson/Desktop/workspace_2/build/unity_robotics_demo/install.log'
[8.759s] Invoked command in '/home/jetson/Desktop/workspace_2/src/unity_robotics_demo' returned '0': PYTHONPATH=/home/jetson/Desktop/workspace_2/install/unity_robotics_demo/lib/python3.8/site-packages:${PYTHONPATH} /usr/bin/python3 setup.py egg_info --egg-base ../../build/unity_robotics_demo build --build-base /home/jetson/Desktop/workspace_2/build/unity_robotics_demo/build install --prefix /home/jetson/Desktop/workspace_2/install/unity_robotics_demo --record /home/jetson/Desktop/workspace_2/build/unity_robotics_demo/install.log --single-version-externally-managed
