[0.000000] (-) TimerEvent: {}
[0.000528] (-) JobUnselected: {'identifier': 'msg_manage'}
[0.000686] (-) JobUnselected: {'identifier': 'ros_tcp_endpoint'}
[0.000798] (-) JobUnselected: {'identifier': 'unity_robotics_demo'}
[0.000897] (-) JobUnselected: {'identifier': 'unity_robotics_demo_msgs'}
[0.000989] (-) JobUnselected: {'identifier': 'unity_slam_example'}
[0.001090] (project_2) JobQueued: {'identifier': 'project_2', 'dependencies': OrderedDict([('msg_manage', '/home/jetson/Desktop/workspace_2/install/msg_manage')])}
[0.001223] (project_2) JobStarted: {'identifier': 'project_2'}
[0.085319] (-) TimerEvent: {}
[0.185990] (-) TimerEvent: {}
[0.286903] (-) TimerEvent: {}
[0.388046] (-) TimerEvent: {}
[0.489013] (-) TimerEvent: {}
[0.589600] (-) TimerEvent: {}
[0.690208] (-) TimerEvent: {}
[0.790844] (-) TimerEvent: {}
[0.891439] (-) TimerEvent: {}
[0.992035] (-) TimerEvent: {}
[1.092767] (-) TimerEvent: {}
[1.193749] (-) TimerEvent: {}
[1.294679] (-) TimerEvent: {}
[1.395695] (-) TimerEvent: {}
[1.496623] (-) TimerEvent: {}
[1.597311] (-) TimerEvent: {}
[1.697936] (-) TimerEvent: {}
[1.798568] (-) TimerEvent: {}
[1.899187] (-) TimerEvent: {}
[1.999811] (-) TimerEvent: {}
[2.100442] (-) TimerEvent: {}
[2.201072] (-) TimerEvent: {}
[2.274144] (project_2) JobEnded: {'identifier': 'project_2', 'rc': 0}
[2.285792] (-) EventReactorShutdown: {}
