[0.167s] Invoking command in '/home/jetson/Desktop/workspace_2/build/msg_manage': CMAKE_PREFIX_PATH=${CMAKE_PREFIX_PATH}:/home/jetson/Desktop/workspace_2/install/project_2:/home/jetson/Desktop/workspace_2/install/my_package2 /usr/bin/cmake /home/jetson/Desktop/workspace_2/src/msg_manage -DCMAKE_INSTALL_PREFIX=/home/jetson/Desktop/workspace_2/install/msg_manage
[0.252s] -- Found ament_cmake: 0.9.9 (/home/jetson/ros2_foxy/ros2-linux/share/ament_cmake/cmake)
[0.353s] -- Using PYTHON_EXECUTABLE: /usr/bin/python3
[1.354s] -- Found ament_lint_auto: 0.9.6 (/home/jetson/ros2_foxy/ros2-linux/share/ament_lint_auto/cmake)
[1.656s] -- Added test 'copyright' to check source files copyright and LICENSE
[1.666s] -- Added test 'lint_cmake' to check CMake code style
[1.672s] -- Added test 'xmllint' to check XML markup files
[1.676s] -- Found rosidl_default_generators: 1.0.1 (/home/jetson/ros2_foxy/ros2-linux/share/rosidl_default_generators/cmake)
[1.687s] -- Using all available rosidl_typesupport_c: rosidl_typesupport_fastrtps_c;rosidl_typesupport_introspection_c
[1.705s] -- Found rosidl_adapter: 1.2.1 (/home/jetson/ros2_foxy/ros2-linux/share/rosidl_adapter/cmake)
[2.268s] -- Using all available rosidl_typesupport_cpp: rosidl_typesupport_fastrtps_cpp;rosidl_typesupport_introspection_cpp
[2.370s] CMake Error at /home/jetson/ros2_foxy/ros2-linux/share/rosidl_cmake/cmake/rosidl_generate_interfaces.cmake:64 (message):
[2.371s]   rosidl_generate_interfaces() must be called before ament_package()
[2.371s] Call Stack (most recent call first):
[2.371s]   CMakeLists.txt:39 (rosidl_generate_interfaces)
[2.372s] 
[2.372s] 
[2.377s] -- Configuring incomplete, errors occurred!
[2.378s] See also "/home/jetson/Desktop/workspace_2/build/msg_manage/CMakeFiles/CMakeOutput.log".
[2.393s] Invoked command in '/home/jetson/Desktop/workspace_2/build/msg_manage' returned '1': CMAKE_PREFIX_PATH=${CMAKE_PREFIX_PATH}:/home/jetson/Desktop/workspace_2/install/project_2:/home/jetson/Desktop/workspace_2/install/my_package2 /usr/bin/cmake /home/jetson/Desktop/workspace_2/src/msg_manage -DCMAKE_INSTALL_PREFIX=/home/jetson/Desktop/workspace_2/install/msg_manage
