/usr/local/lib/python3.8/dist-packages/setuptools/dist.py:717: UserWarning: Usage of dash-separated 'script-dir' will not be supported in future versions. Please use the underscore name 'script_dir' instead
  warnings.warn(
/usr/local/lib/python3.8/dist-packages/setuptools/dist.py:717: UserWarning: Usage of dash-separated 'install-scripts' will not be supported in future versions. Please use the underscore name 'install_scripts' instead
  warnings.warn(
running egg_info
writing ../../build/project_2/project_2.egg-info/PKG-INFO
writing dependency_links to ../../build/project_2/project_2.egg-info/dependency_links.txt
writing entry points to ../../build/project_2/project_2.egg-info/entry_points.txt
writing requirements to ../../build/project_2/project_2.egg-info/requires.txt
writing top-level names to ../../build/project_2/project_2.egg-info/top_level.txt
reading manifest file '../../build/project_2/project_2.egg-info/SOURCES.txt'
writing manifest file '../../build/project_2/project_2.egg-info/SOURCES.txt'
running build
running build_py
copying project_2/motor_run.py -> /home/jetson/Desktop/workspace_2/build/project_2/build/lib/project_2
running install
running install_lib
copying /home/jetson/Desktop/workspace_2/build/project_2/build/lib/project_2/motor_run.py -> /home/jetson/Desktop/workspace_2/install/project_2/lib/python3.8/site-packages/project_2
byte-compiling /home/jetson/Desktop/workspace_2/install/project_2/lib/python3.8/site-packages/project_2/motor_run.py to motor_run.cpython-38.pyc
running install_data
running install_egg_info
removing '/home/jetson/Desktop/workspace_2/install/project_2/lib/python3.8/site-packages/project_2-0.0.0-py3.8.egg-info' (and everything under it)
Copying ../../build/project_2/project_2.egg-info to /home/jetson/Desktop/workspace_2/install/project_2/lib/python3.8/site-packages/project_2-0.0.0-py3.8.egg-info
running install_scripts
Installing client script to /home/jetson/Desktop/workspace_2/install/project_2/lib/project_2
Installing client2 script to /home/jetson/Desktop/workspace_2/install/project_2/lib/project_2
Installing listener script to /home/jetson/Desktop/workspace_2/install/project_2/lib/project_2
Installing listener2 script to /home/jetson/Desktop/workspace_2/install/project_2/lib/project_2
Installing motor_run script to /home/jetson/Desktop/workspace_2/install/project_2/lib/project_2
Installing param_test script to /home/jetson/Desktop/workspace_2/install/project_2/lib/project_2
Installing service script to /home/jetson/Desktop/workspace_2/install/project_2/lib/project_2
Installing service2 script to /home/jetson/Desktop/workspace_2/install/project_2/lib/project_2
Installing talker script to /home/jetson/Desktop/workspace_2/install/project_2/lib/project_2
Installing talker2 script to /home/jetson/Desktop/workspace_2/install/project_2/lib/project_2
writing list of installed files to '/home/jetson/Desktop/workspace_2/build/project_2/install.log'
