[2.917s] Invoking command in '/home/jetson/Desktop/workspace_2/build/unity_robotics_demo_msgs': CMAKE_PREFIX_PATH=${CMAKE_PREFIX_PATH}:/home/jetson/Desktop/workspace_2/install/unity_slam_example:/home/jetson/Desktop/workspace_2/install/unity_robotics_demo:/home/jetson/Desktop/workspace_2/install/ros_tcp_endpoint:/home/jetson/Desktop/workspace_2/install/project_2:/opt/ros/foxy /usr/bin/cmake --build /home/jetson/Desktop/workspace_2/build/unity_robotics_demo_msgs -- -j4 -l4
[3.200s] [  1%] Built target unity_robotics_demo_msgs__cpp
[3.207s] [ 12%] Built target unity_robotics_demo_msgs__rosidl_generator_c
[3.400s] [ 23%] Built target unity_robotics_demo_msgs__rosidl_typesupport_introspection_cpp
[3.403s] [ 34%] Built target unity_robotics_demo_msgs__rosidl_typesupport_cpp
[3.484s] [ 45%] Built target unity_robotics_demo_msgs__rosidl_typesupport_fastrtps_cpp
[3.583s] [ 65%] Built target unity_robotics_demo_msgs__rosidl_typesupport_c
[3.588s] [ 67%] Built target unity_robotics_demo_msgs__rosidl_typesupport_introspection_c
[3.693s] [ 78%] Built target unity_robotics_demo_msgs__rosidl_typesupport_fastrtps_c
[3.798s] [ 78%] Built target unity_robotics_demo_msgs
[3.920s] [ 80%] Built target unity_robotics_demo_msgs__py
[4.078s] [ 89%] Built target unity_robotics_demo_msgs__python
[4.269s] [ 92%] Built target unity_robotics_demo_msgs__rosidl_typesupport_introspection_c__pyext
[4.324s] [ 96%] Built target unity_robotics_demo_msgs__rosidl_typesupport_c__pyext
[4.374s] [100%] Built target unity_robotics_demo_msgs__rosidl_typesupport_fastrtps_c__pyext
[4.470s] Invoked command in '/home/jetson/Desktop/workspace_2/build/unity_robotics_demo_msgs' returned '0': CMAKE_PREFIX_PATH=${CMAKE_PREFIX_PATH}:/home/jetson/Desktop/workspace_2/install/unity_slam_example:/home/jetson/Desktop/workspace_2/install/unity_robotics_demo:/home/jetson/Desktop/workspace_2/install/ros_tcp_endpoint:/home/jetson/Desktop/workspace_2/install/project_2:/opt/ros/foxy /usr/bin/cmake --build /home/jetson/Desktop/workspace_2/build/unity_robotics_demo_msgs -- -j4 -l4
[5.065s] Invoking command in '/home/jetson/Desktop/workspace_2/build/unity_robotics_demo_msgs': CMAKE_PREFIX_PATH=${CMAKE_PREFIX_PATH}:/home/jetson/Desktop/workspace_2/install/unity_slam_example:/home/jetson/Desktop/workspace_2/install/unity_robotics_demo:/home/jetson/Desktop/workspace_2/install/ros_tcp_endpoint:/home/jetson/Desktop/workspace_2/install/project_2:/opt/ros/foxy /usr/bin/cmake --install /home/jetson/Desktop/workspace_2/build/unity_robotics_demo_msgs
[5.137s] -- Install configuration: ""
[5.138s] -- Up-to-date: /home/jetson/Desktop/workspace_2/install/unity_robotics_demo_msgs/share/ament_index/resource_index/rosidl_interfaces/unity_robotics_demo_msgs
[5.138s] -- Up-to-date: /home/jetson/Desktop/workspace_2/install/unity_robotics_demo_msgs/include/unity_robotics_demo_msgs
[5.139s] -- Up-to-date: /home/jetson/Desktop/workspace_2/install/unity_robotics_demo_msgs/include/unity_robotics_demo_msgs/srv
[5.139s] -- Up-to-date: /home/jetson/Desktop/workspace_2/install/unity_robotics_demo_msgs/include/unity_robotics_demo_msgs/srv/detail
[5.140s] -- Up-to-date: /home/jetson/Desktop/workspace_2/install/unity_robotics_demo_msgs/include/unity_robotics_demo_msgs/srv/detail/position_service__functions.h
[5.141s] -- Up-to-date: /home/jetson/Desktop/workspace_2/install/unity_robotics_demo_msgs/include/unity_robotics_demo_msgs/srv/detail/object_pose_service__functions.c
[5.142s] -- Up-to-date: /home/jetson/Desktop/workspace_2/install/unity_robotics_demo_msgs/include/unity_robotics_demo_msgs/srv/detail/position_service__type_support.h
[5.142s] -- Up-to-date: /home/jetson/Desktop/workspace_2/install/unity_robotics_demo_msgs/include/unity_robotics_demo_msgs/srv/detail/object_pose_service__struct.h
[5.143s] -- Up-to-date: /home/jetson/Desktop/workspace_2/install/unity_robotics_demo_msgs/include/unity_robotics_demo_msgs/srv/detail/object_pose_service__type_support.h
[5.143s] -- Up-to-date: /home/jetson/Desktop/workspace_2/install/unity_robotics_demo_msgs/include/unity_robotics_demo_msgs/srv/detail/object_pose_service__functions.h
[5.144s] -- Up-to-date: /home/jetson/Desktop/workspace_2/install/unity_robotics_demo_msgs/include/unity_robotics_demo_msgs/srv/detail/position_service__functions.c
[5.144s] -- Up-to-date: /home/jetson/Desktop/workspace_2/install/unity_robotics_demo_msgs/include/unity_robotics_demo_msgs/srv/detail/position_service__struct.h
[5.145s] -- Up-to-date: /home/jetson/Desktop/workspace_2/install/unity_robotics_demo_msgs/include/unity_robotics_demo_msgs/srv/position_service.h
[5.146s] -- Up-to-date: /home/jetson/Desktop/workspace_2/install/unity_robotics_demo_msgs/include/unity_robotics_demo_msgs/srv/object_pose_service.h
[5.146s] -- Up-to-date: /home/jetson/Desktop/workspace_2/install/unity_robotics_demo_msgs/include/unity_robotics_demo_msgs/msg
[5.147s] -- Up-to-date: /home/jetson/Desktop/workspace_2/install/unity_robotics_demo_msgs/include/unity_robotics_demo_msgs/msg/detail
[5.148s] -- Up-to-date: /home/jetson/Desktop/workspace_2/install/unity_robotics_demo_msgs/include/unity_robotics_demo_msgs/msg/detail/unity_color__functions.c
[5.148s] -- Up-to-date: /home/jetson/Desktop/workspace_2/install/unity_robotics_demo_msgs/include/unity_robotics_demo_msgs/msg/detail/pos_rot__functions.h
[5.151s] -- Up-to-date: /home/jetson/Desktop/workspace_2/install/unity_robotics_demo_msgs/include/unity_robotics_demo_msgs/msg/detail/unity_color__type_support.h
[5.152s] -- Up-to-date: /home/jetson/Desktop/workspace_2/install/unity_robotics_demo_msgs/include/unity_robotics_demo_msgs/msg/detail/pos_rot__struct.h
[5.152s] -- Up-to-date: /home/jetson/Desktop/workspace_2/install/unity_robotics_demo_msgs/include/unity_robotics_demo_msgs/msg/detail/pos_rot__type_support.h
[5.153s] -- Up-to-date: /home/jetson/Desktop/workspace_2/install/unity_robotics_demo_msgs/include/unity_robotics_demo_msgs/msg/detail/unity_color__struct.h
[5.153s] -- Up-to-date: /home/jetson/Desktop/workspace_2/install/unity_robotics_demo_msgs/include/unity_robotics_demo_msgs/msg/detail/unity_color__functions.h
[5.154s] -- Up-to-date: /home/jetson/Desktop/workspace_2/install/unity_robotics_demo_msgs/include/unity_robotics_demo_msgs/msg/detail/pos_rot__functions.c
[5.154s] -- Up-to-date: /home/jetson/Desktop/workspace_2/install/unity_robotics_demo_msgs/include/unity_robotics_demo_msgs/msg/unity_color.h
[5.155s] -- Up-to-date: /home/jetson/Desktop/workspace_2/install/unity_robotics_demo_msgs/include/unity_robotics_demo_msgs/msg/rosidl_generator_c__visibility_control.h
[5.156s] -- Up-to-date: /home/jetson/Desktop/workspace_2/install/unity_robotics_demo_msgs/include/unity_robotics_demo_msgs/msg/pos_rot.h
[5.157s] -- Up-to-date: /home/jetson/Desktop/workspace_2/install/unity_robotics_demo_msgs/share/unity_robotics_demo_msgs/environment/library_path.sh
[5.157s] -- Up-to-date: /home/jetson/Desktop/workspace_2/install/unity_robotics_demo_msgs/share/unity_robotics_demo_msgs/environment/library_path.dsv
[5.158s] -- Up-to-date: /home/jetson/Desktop/workspace_2/install/unity_robotics_demo_msgs/lib/libunity_robotics_demo_msgs__rosidl_generator_c.so
[5.158s] -- Up-to-date: /home/jetson/Desktop/workspace_2/install/unity_robotics_demo_msgs/include/unity_robotics_demo_msgs
[5.159s] -- Up-to-date: /home/jetson/Desktop/workspace_2/install/unity_robotics_demo_msgs/include/unity_robotics_demo_msgs/srv
[5.159s] -- Up-to-date: /home/jetson/Desktop/workspace_2/install/unity_robotics_demo_msgs/include/unity_robotics_demo_msgs/srv/detail
[5.160s] -- Up-to-date: /home/jetson/Desktop/workspace_2/install/unity_robotics_demo_msgs/include/unity_robotics_demo_msgs/srv/detail/position_service__rosidl_typesupport_fastrtps_c.h
[5.162s] -- Up-to-date: /home/jetson/Desktop/workspace_2/install/unity_robotics_demo_msgs/include/unity_robotics_demo_msgs/srv/detail/object_pose_service__rosidl_typesupport_fastrtps_c.h
[5.163s] -- Up-to-date: /home/jetson/Desktop/workspace_2/install/unity_robotics_demo_msgs/include/unity_robotics_demo_msgs/msg
[5.163s] -- Up-to-date: /home/jetson/Desktop/workspace_2/install/unity_robotics_demo_msgs/include/unity_robotics_demo_msgs/msg/detail
[5.164s] -- Up-to-date: /home/jetson/Desktop/workspace_2/install/unity_robotics_demo_msgs/include/unity_robotics_demo_msgs/msg/detail/unity_color__rosidl_typesupport_fastrtps_c.h
[5.165s] -- Up-to-date: /home/jetson/Desktop/workspace_2/install/unity_robotics_demo_msgs/include/unity_robotics_demo_msgs/msg/detail/pos_rot__rosidl_typesupport_fastrtps_c.h
[5.165s] -- Up-to-date: /home/jetson/Desktop/workspace_2/install/unity_robotics_demo_msgs/include/unity_robotics_demo_msgs/msg/rosidl_typesupport_fastrtps_c__visibility_control.h
[5.166s] -- Up-to-date: /home/jetson/Desktop/workspace_2/install/unity_robotics_demo_msgs/lib/libunity_robotics_demo_msgs__rosidl_typesupport_fastrtps_c.so
[5.166s] -- Up-to-date: /home/jetson/Desktop/workspace_2/install/unity_robotics_demo_msgs/include/unity_robotics_demo_msgs
[5.167s] -- Up-to-date: /home/jetson/Desktop/workspace_2/install/unity_robotics_demo_msgs/include/unity_robotics_demo_msgs/srv
[5.168s] -- Up-to-date: /home/jetson/Desktop/workspace_2/install/unity_robotics_demo_msgs/include/unity_robotics_demo_msgs/srv/detail
[5.168s] -- Up-to-date: /home/jetson/Desktop/workspace_2/install/unity_robotics_demo_msgs/include/unity_robotics_demo_msgs/srv/detail/object_pose_service__rosidl_typesupport_fastrtps_cpp.hpp
[5.169s] -- Up-to-date: /home/jetson/Desktop/workspace_2/install/unity_robotics_demo_msgs/include/unity_robotics_demo_msgs/srv/detail/position_service__rosidl_typesupport_fastrtps_cpp.hpp
[5.171s] -- Up-to-date: /home/jetson/Desktop/workspace_2/install/unity_robotics_demo_msgs/include/unity_robotics_demo_msgs/srv/detail/dds_fastrtps
[5.172s] -- Up-to-date: /home/jetson/Desktop/workspace_2/install/unity_robotics_demo_msgs/include/unity_robotics_demo_msgs/msg
[5.172s] -- Up-to-date: /home/jetson/Desktop/workspace_2/install/unity_robotics_demo_msgs/include/unity_robotics_demo_msgs/msg/detail
[5.173s] -- Up-to-date: /home/jetson/Desktop/workspace_2/install/unity_robotics_demo_msgs/include/unity_robotics_demo_msgs/msg/detail/unity_color__rosidl_typesupport_fastrtps_cpp.hpp
[5.174s] -- Up-to-date: /home/jetson/Desktop/workspace_2/install/unity_robotics_demo_msgs/include/unity_robotics_demo_msgs/msg/detail/pos_rot__rosidl_typesupport_fastrtps_cpp.hpp
[5.174s] -- Up-to-date: /home/jetson/Desktop/workspace_2/install/unity_robotics_demo_msgs/include/unity_robotics_demo_msgs/msg/detail/dds_fastrtps
[5.175s] -- Up-to-date: /home/jetson/Desktop/workspace_2/install/unity_robotics_demo_msgs/include/unity_robotics_demo_msgs/msg/rosidl_typesupport_fastrtps_cpp__visibility_control.h
[5.176s] -- Up-to-date: /home/jetson/Desktop/workspace_2/install/unity_robotics_demo_msgs/lib/libunity_robotics_demo_msgs__rosidl_typesupport_fastrtps_cpp.so
[5.176s] -- Up-to-date: /home/jetson/Desktop/workspace_2/install/unity_robotics_demo_msgs/include/unity_robotics_demo_msgs
[5.179s] -- Up-to-date: /home/jetson/Desktop/workspace_2/install/unity_robotics_demo_msgs/include/unity_robotics_demo_msgs/srv
[5.180s] -- Up-to-date: /home/jetson/Desktop/workspace_2/install/unity_robotics_demo_msgs/include/unity_robotics_demo_msgs/srv/detail
[5.180s] -- Up-to-date: /home/jetson/Desktop/workspace_2/install/unity_robotics_demo_msgs/include/unity_robotics_demo_msgs/srv/detail/object_pose_service__rosidl_typesupport_introspection_c.h
[5.181s] -- Up-to-date: /home/jetson/Desktop/workspace_2/install/unity_robotics_demo_msgs/include/unity_robotics_demo_msgs/srv/detail/object_pose_service__type_support.c
[5.183s] -- Up-to-date: /home/jetson/Desktop/workspace_2/install/unity_robotics_demo_msgs/include/unity_robotics_demo_msgs/srv/detail/position_service__rosidl_typesupport_introspection_c.h
[5.184s] -- Up-to-date: /home/jetson/Desktop/workspace_2/install/unity_robotics_demo_msgs/include/unity_robotics_demo_msgs/srv/detail/position_service__type_support.c
[5.184s] -- Up-to-date: /home/jetson/Desktop/workspace_2/install/unity_robotics_demo_msgs/include/unity_robotics_demo_msgs/msg
[5.185s] -- Up-to-date: /home/jetson/Desktop/workspace_2/install/unity_robotics_demo_msgs/include/unity_robotics_demo_msgs/msg/detail
[5.185s] -- Up-to-date: /home/jetson/Desktop/workspace_2/install/unity_robotics_demo_msgs/include/unity_robotics_demo_msgs/msg/detail/pos_rot__type_support.c
[5.186s] -- Up-to-date: /home/jetson/Desktop/workspace_2/install/unity_robotics_demo_msgs/include/unity_robotics_demo_msgs/msg/detail/unity_color__type_support.c
[5.187s] -- Up-to-date: /home/jetson/Desktop/workspace_2/install/unity_robotics_demo_msgs/include/unity_robotics_demo_msgs/msg/detail/unity_color__rosidl_typesupport_introspection_c.h
[5.188s] -- Up-to-date: /home/jetson/Desktop/workspace_2/install/unity_robotics_demo_msgs/include/unity_robotics_demo_msgs/msg/detail/pos_rot__rosidl_typesupport_introspection_c.h
[5.188s] -- Up-to-date: /home/jetson/Desktop/workspace_2/install/unity_robotics_demo_msgs/include/unity_robotics_demo_msgs/msg/rosidl_typesupport_introspection_c__visibility_control.h
[5.189s] -- Up-to-date: /home/jetson/Desktop/workspace_2/install/unity_robotics_demo_msgs/lib/libunity_robotics_demo_msgs__rosidl_typesupport_introspection_c.so
[5.191s] -- Up-to-date: /home/jetson/Desktop/workspace_2/install/unity_robotics_demo_msgs/lib/libunity_robotics_demo_msgs__rosidl_typesupport_c.so
[5.192s] -- Up-to-date: /home/jetson/Desktop/workspace_2/install/unity_robotics_demo_msgs/include/unity_robotics_demo_msgs
[5.194s] -- Up-to-date: /home/jetson/Desktop/workspace_2/install/unity_robotics_demo_msgs/include/unity_robotics_demo_msgs/srv
[5.195s] -- Up-to-date: /home/jetson/Desktop/workspace_2/install/unity_robotics_demo_msgs/include/unity_robotics_demo_msgs/srv/detail
[5.196s] -- Up-to-date: /home/jetson/Desktop/workspace_2/install/unity_robotics_demo_msgs/include/unity_robotics_demo_msgs/srv/detail/object_pose_service__traits.hpp
[5.197s] -- Up-to-date: /home/jetson/Desktop/workspace_2/install/unity_robotics_demo_msgs/include/unity_robotics_demo_msgs/srv/detail/position_service__struct.hpp
[5.197s] -- Up-to-date: /home/jetson/Desktop/workspace_2/install/unity_robotics_demo_msgs/include/unity_robotics_demo_msgs/srv/detail/position_service__traits.hpp
[5.198s] -- Up-to-date: /home/jetson/Desktop/workspace_2/install/unity_robotics_demo_msgs/include/unity_robotics_demo_msgs/srv/detail/position_service__builder.hpp
[5.199s] -- Up-to-date: /home/jetson/Desktop/workspace_2/install/unity_robotics_demo_msgs/include/unity_robotics_demo_msgs/srv/detail/object_pose_service__struct.hpp
[5.199s] -- Up-to-date: /home/jetson/Desktop/workspace_2/install/unity_robotics_demo_msgs/include/unity_robotics_demo_msgs/srv/detail/object_pose_service__builder.hpp
[5.200s] -- Up-to-date: /home/jetson/Desktop/workspace_2/install/unity_robotics_demo_msgs/include/unity_robotics_demo_msgs/srv/object_pose_service.hpp
[5.200s] -- Up-to-date: /home/jetson/Desktop/workspace_2/install/unity_robotics_demo_msgs/include/unity_robotics_demo_msgs/srv/position_service.hpp
[5.201s] -- Up-to-date: /home/jetson/Desktop/workspace_2/install/unity_robotics_demo_msgs/include/unity_robotics_demo_msgs/msg
[5.202s] -- Up-to-date: /home/jetson/Desktop/workspace_2/install/unity_robotics_demo_msgs/include/unity_robotics_demo_msgs/msg/unity_color.hpp
[5.203s] -- Up-to-date: /home/jetson/Desktop/workspace_2/install/unity_robotics_demo_msgs/include/unity_robotics_demo_msgs/msg/detail
[5.203s] -- Up-to-date: /home/jetson/Desktop/workspace_2/install/unity_robotics_demo_msgs/include/unity_robotics_demo_msgs/msg/detail/unity_color__traits.hpp
[5.204s] -- Up-to-date: /home/jetson/Desktop/workspace_2/install/unity_robotics_demo_msgs/include/unity_robotics_demo_msgs/msg/detail/unity_color__struct.hpp
[5.204s] -- Up-to-date: /home/jetson/Desktop/workspace_2/install/unity_robotics_demo_msgs/include/unity_robotics_demo_msgs/msg/detail/pos_rot__builder.hpp
[5.205s] -- Up-to-date: /home/jetson/Desktop/workspace_2/install/unity_robotics_demo_msgs/include/unity_robotics_demo_msgs/msg/detail/pos_rot__struct.hpp
[5.205s] -- Up-to-date: /home/jetson/Desktop/workspace_2/install/unity_robotics_demo_msgs/include/unity_robotics_demo_msgs/msg/detail/unity_color__builder.hpp
[5.206s] -- Up-to-date: /home/jetson/Desktop/workspace_2/install/unity_robotics_demo_msgs/include/unity_robotics_demo_msgs/msg/detail/pos_rot__traits.hpp
[5.207s] -- Up-to-date: /home/jetson/Desktop/workspace_2/install/unity_robotics_demo_msgs/include/unity_robotics_demo_msgs/msg/pos_rot.hpp
[5.207s] -- Up-to-date: /home/jetson/Desktop/workspace_2/install/unity_robotics_demo_msgs/include/unity_robotics_demo_msgs
[5.208s] -- Up-to-date: /home/jetson/Desktop/workspace_2/install/unity_robotics_demo_msgs/include/unity_robotics_demo_msgs/srv
[5.208s] -- Up-to-date: /home/jetson/Desktop/workspace_2/install/unity_robotics_demo_msgs/include/unity_robotics_demo_msgs/srv/detail
[5.212s] -- Up-to-date: /home/jetson/Desktop/workspace_2/install/unity_robotics_demo_msgs/include/unity_robotics_demo_msgs/srv/detail/object_pose_service__rosidl_typesupport_introspection_cpp.hpp
[5.213s] -- Up-to-date: /home/jetson/Desktop/workspace_2/install/unity_robotics_demo_msgs/include/unity_robotics_demo_msgs/srv/detail/object_pose_service__type_support.cpp
[5.214s] -- Up-to-date: /home/jetson/Desktop/workspace_2/install/unity_robotics_demo_msgs/include/unity_robotics_demo_msgs/srv/detail/position_service__rosidl_typesupport_introspection_cpp.hpp
[5.214s] -- Up-to-date: /home/jetson/Desktop/workspace_2/install/unity_robotics_demo_msgs/include/unity_robotics_demo_msgs/srv/detail/position_service__type_support.cpp
[5.215s] -- Up-to-date: /home/jetson/Desktop/workspace_2/install/unity_robotics_demo_msgs/include/unity_robotics_demo_msgs/msg
[5.215s] -- Up-to-date: /home/jetson/Desktop/workspace_2/install/unity_robotics_demo_msgs/include/unity_robotics_demo_msgs/msg/detail
[5.216s] -- Up-to-date: /home/jetson/Desktop/workspace_2/install/unity_robotics_demo_msgs/include/unity_robotics_demo_msgs/msg/detail/pos_rot__rosidl_typesupport_introspection_cpp.hpp
[5.217s] -- Up-to-date: /home/jetson/Desktop/workspace_2/install/unity_robotics_demo_msgs/include/unity_robotics_demo_msgs/msg/detail/unity_color__type_support.cpp
[5.217s] -- Up-to-date: /home/jetson/Desktop/workspace_2/install/unity_robotics_demo_msgs/include/unity_robotics_demo_msgs/msg/detail/pos_rot__type_support.cpp
[5.218s] -- Up-to-date: /home/jetson/Desktop/workspace_2/install/unity_robotics_demo_msgs/include/unity_robotics_demo_msgs/msg/detail/unity_color__rosidl_typesupport_introspection_cpp.hpp
[5.218s] -- Up-to-date: /home/jetson/Desktop/workspace_2/install/unity_robotics_demo_msgs/lib/libunity_robotics_demo_msgs__rosidl_typesupport_introspection_cpp.so
[5.219s] -- Up-to-date: /home/jetson/Desktop/workspace_2/install/unity_robotics_demo_msgs/lib/libunity_robotics_demo_msgs__rosidl_typesupport_cpp.so
[5.219s] -- Up-to-date: /home/jetson/Desktop/workspace_2/install/unity_robotics_demo_msgs/share/unity_robotics_demo_msgs/environment/pythonpath.sh
[5.220s] -- Up-to-date: /home/jetson/Desktop/workspace_2/install/unity_robotics_demo_msgs/share/unity_robotics_demo_msgs/environment/pythonpath.dsv
[5.220s] -- Up-to-date: /home/jetson/Desktop/workspace_2/install/unity_robotics_demo_msgs/lib/python3.8/site-packages/unity_robotics_demo_msgs/__init__.py
[5.405s] -- Up-to-date: /home/jetson/Desktop/workspace_2/install/unity_robotics_demo_msgs/lib/python3.8/site-packages/unity_robotics_demo_msgs/msg
[5.406s] -- Up-to-date: /home/jetson/Desktop/workspace_2/install/unity_robotics_demo_msgs/lib/python3.8/site-packages/unity_robotics_demo_msgs/msg/_pos_rot.py
[5.407s] -- Up-to-date: /home/jetson/Desktop/workspace_2/install/unity_robotics_demo_msgs/lib/python3.8/site-packages/unity_robotics_demo_msgs/msg/_unity_color_s.c
[5.407s] -- Up-to-date: /home/jetson/Desktop/workspace_2/install/unity_robotics_demo_msgs/lib/python3.8/site-packages/unity_robotics_demo_msgs/msg/_unity_color.py
[5.408s] -- Up-to-date: /home/jetson/Desktop/workspace_2/install/unity_robotics_demo_msgs/lib/python3.8/site-packages/unity_robotics_demo_msgs/msg/__init__.py
[5.408s] -- Up-to-date: /home/jetson/Desktop/workspace_2/install/unity_robotics_demo_msgs/lib/python3.8/site-packages/unity_robotics_demo_msgs/msg/_pos_rot_s.c
[5.409s] -- Up-to-date: /home/jetson/Desktop/workspace_2/install/unity_robotics_demo_msgs/lib/python3.8/site-packages/unity_robotics_demo_msgs/srv
[5.409s] -- Up-to-date: /home/jetson/Desktop/workspace_2/install/unity_robotics_demo_msgs/lib/python3.8/site-packages/unity_robotics_demo_msgs/srv/_position_service.py
[5.410s] -- Up-to-date: /home/jetson/Desktop/workspace_2/install/unity_robotics_demo_msgs/lib/python3.8/site-packages/unity_robotics_demo_msgs/srv/_object_pose_service_s.c
[5.411s] -- Up-to-date: /home/jetson/Desktop/workspace_2/install/unity_robotics_demo_msgs/lib/python3.8/site-packages/unity_robotics_demo_msgs/srv/_object_pose_service.py
[5.411s] -- Up-to-date: /home/jetson/Desktop/workspace_2/install/unity_robotics_demo_msgs/lib/python3.8/site-packages/unity_robotics_demo_msgs/srv/__init__.py
[5.412s] -- Up-to-date: /home/jetson/Desktop/workspace_2/install/unity_robotics_demo_msgs/lib/python3.8/site-packages/unity_robotics_demo_msgs/srv/_position_service_s.c
[5.412s] -- Up-to-date: /home/jetson/Desktop/workspace_2/install/unity_robotics_demo_msgs/lib/python3.8/site-packages/unity_robotics_demo_msgs/unity_robotics_demo_msgs_s__rosidl_typesupport_fastrtps_c.cpython-38-aarch64-linux-gnu.so
[5.415s] -- Up-to-date: /home/jetson/Desktop/workspace_2/install/unity_robotics_demo_msgs/lib/python3.8/site-packages/unity_robotics_demo_msgs/unity_robotics_demo_msgs_s__rosidl_typesupport_introspection_c.cpython-38-aarch64-linux-gnu.so
[5.420s] -- Up-to-date: /home/jetson/Desktop/workspace_2/install/unity_robotics_demo_msgs/lib/python3.8/site-packages/unity_robotics_demo_msgs/unity_robotics_demo_msgs_s__rosidl_typesupport_c.cpython-38-aarch64-linux-gnu.so
[5.424s] -- Up-to-date: /home/jetson/Desktop/workspace_2/install/unity_robotics_demo_msgs/lib/libunity_robotics_demo_msgs__python.so
[5.427s] -- Up-to-date: /home/jetson/Desktop/workspace_2/install/unity_robotics_demo_msgs/share/unity_robotics_demo_msgs/msg/PosRot.idl
[5.428s] -- Up-to-date: /home/jetson/Desktop/workspace_2/install/unity_robotics_demo_msgs/share/unity_robotics_demo_msgs/msg/UnityColor.idl
[5.430s] -- Up-to-date: /home/jetson/Desktop/workspace_2/install/unity_robotics_demo_msgs/share/unity_robotics_demo_msgs/srv/PositionService.idl
[5.432s] -- Up-to-date: /home/jetson/Desktop/workspace_2/install/unity_robotics_demo_msgs/share/unity_robotics_demo_msgs/srv/ObjectPoseService.idl
[5.433s] -- Up-to-date: /home/jetson/Desktop/workspace_2/install/unity_robotics_demo_msgs/share/unity_robotics_demo_msgs/msg/PosRot.msg
[5.434s] -- Up-to-date: /home/jetson/Desktop/workspace_2/install/unity_robotics_demo_msgs/share/unity_robotics_demo_msgs/msg/UnityColor.msg
[5.436s] -- Up-to-date: /home/jetson/Desktop/workspace_2/install/unity_robotics_demo_msgs/share/unity_robotics_demo_msgs/srv/PositionService.srv
[5.437s] -- Up-to-date: /home/jetson/Desktop/workspace_2/install/unity_robotics_demo_msgs/share/unity_robotics_demo_msgs/srv/PositionService_Request.msg
[5.439s] -- Up-to-date: /home/jetson/Desktop/workspace_2/install/unity_robotics_demo_msgs/share/unity_robotics_demo_msgs/srv/PositionService_Response.msg
[5.440s] -- Up-to-date: /home/jetson/Desktop/workspace_2/install/unity_robotics_demo_msgs/share/unity_robotics_demo_msgs/srv/ObjectPoseService.srv
[5.442s] -- Up-to-date: /home/jetson/Desktop/workspace_2/install/unity_robotics_demo_msgs/share/unity_robotics_demo_msgs/srv/ObjectPoseService_Request.msg
[5.443s] -- Up-to-date: /home/jetson/Desktop/workspace_2/install/unity_robotics_demo_msgs/share/unity_robotics_demo_msgs/srv/ObjectPoseService_Response.msg
[5.445s] -- Up-to-date: /home/jetson/Desktop/workspace_2/install/unity_robotics_demo_msgs/share/ament_index/resource_index/package_run_dependencies/unity_robotics_demo_msgs
[5.446s] -- Up-to-date: /home/jetson/Desktop/workspace_2/install/unity_robotics_demo_msgs/share/ament_index/resource_index/parent_prefix_path/unity_robotics_demo_msgs
[5.448s] -- Up-to-date: /home/jetson/Desktop/workspace_2/install/unity_robotics_demo_msgs/share/unity_robotics_demo_msgs/environment/ament_prefix_path.sh
[5.449s] -- Up-to-date: /home/jetson/Desktop/workspace_2/install/unity_robotics_demo_msgs/share/unity_robotics_demo_msgs/environment/ament_prefix_path.dsv
[5.452s] -- Up-to-date: /home/jetson/Desktop/workspace_2/install/unity_robotics_demo_msgs/share/unity_robotics_demo_msgs/environment/path.sh
[5.453s] -- Up-to-date: /home/jetson/Desktop/workspace_2/install/unity_robotics_demo_msgs/share/unity_robotics_demo_msgs/environment/path.dsv
[5.455s] -- Up-to-date: /home/jetson/Desktop/workspace_2/install/unity_robotics_demo_msgs/share/unity_robotics_demo_msgs/local_setup.bash
[5.456s] -- Up-to-date: /home/jetson/Desktop/workspace_2/install/unity_robotics_demo_msgs/share/unity_robotics_demo_msgs/local_setup.sh
[5.458s] -- Up-to-date: /home/jetson/Desktop/workspace_2/install/unity_robotics_demo_msgs/share/unity_robotics_demo_msgs/local_setup.zsh
[5.459s] -- Up-to-date: /home/jetson/Desktop/workspace_2/install/unity_robotics_demo_msgs/share/unity_robotics_demo_msgs/local_setup.dsv
[5.461s] -- Installing: /home/jetson/Desktop/workspace_2/install/unity_robotics_demo_msgs/share/unity_robotics_demo_msgs/package.dsv
[5.464s] -- Up-to-date: /home/jetson/Desktop/workspace_2/install/unity_robotics_demo_msgs/share/ament_index/resource_index/packages/unity_robotics_demo_msgs
[5.466s] -- Up-to-date: /home/jetson/Desktop/workspace_2/install/unity_robotics_demo_msgs/share/unity_robotics_demo_msgs/cmake/unity_robotics_demo_msgs__rosidl_generator_cExport.cmake
[5.467s] -- Up-to-date: /home/jetson/Desktop/workspace_2/install/unity_robotics_demo_msgs/share/unity_robotics_demo_msgs/cmake/unity_robotics_demo_msgs__rosidl_generator_cExport-noconfig.cmake
[5.468s] -- Up-to-date: /home/jetson/Desktop/workspace_2/install/unity_robotics_demo_msgs/share/unity_robotics_demo_msgs/cmake/unity_robotics_demo_msgs__rosidl_typesupport_introspection_cExport.cmake
[5.469s] -- Up-to-date: /home/jetson/Desktop/workspace_2/install/unity_robotics_demo_msgs/share/unity_robotics_demo_msgs/cmake/unity_robotics_demo_msgs__rosidl_typesupport_introspection_cExport-noconfig.cmake
[5.471s] -- Up-to-date: /home/jetson/Desktop/workspace_2/install/unity_robotics_demo_msgs/share/unity_robotics_demo_msgs/cmake/unity_robotics_demo_msgs__rosidl_typesupport_cExport.cmake
[5.471s] -- Up-to-date: /home/jetson/Desktop/workspace_2/install/unity_robotics_demo_msgs/share/unity_robotics_demo_msgs/cmake/unity_robotics_demo_msgs__rosidl_typesupport_cExport-noconfig.cmake
[5.473s] -- Up-to-date: /home/jetson/Desktop/workspace_2/install/unity_robotics_demo_msgs/share/unity_robotics_demo_msgs/cmake/unity_robotics_demo_msgs__rosidl_generator_cppExport.cmake
[5.475s] -- Up-to-date: /home/jetson/Desktop/workspace_2/install/unity_robotics_demo_msgs/share/unity_robotics_demo_msgs/cmake/unity_robotics_demo_msgs__rosidl_typesupport_introspection_cppExport.cmake
[5.475s] -- Up-to-date: /home/jetson/Desktop/workspace_2/install/unity_robotics_demo_msgs/share/unity_robotics_demo_msgs/cmake/unity_robotics_demo_msgs__rosidl_typesupport_introspection_cppExport-noconfig.cmake
[5.477s] -- Up-to-date: /home/jetson/Desktop/workspace_2/install/unity_robotics_demo_msgs/share/unity_robotics_demo_msgs/cmake/unity_robotics_demo_msgs__rosidl_typesupport_cppExport.cmake
[5.478s] -- Up-to-date: /home/jetson/Desktop/workspace_2/install/unity_robotics_demo_msgs/share/unity_robotics_demo_msgs/cmake/unity_robotics_demo_msgs__rosidl_typesupport_cppExport-noconfig.cmake
[5.479s] -- Up-to-date: /home/jetson/Desktop/workspace_2/install/unity_robotics_demo_msgs/share/unity_robotics_demo_msgs/cmake/rosidl_cmake-extras.cmake
[5.479s] -- Up-to-date: /home/jetson/Desktop/workspace_2/install/unity_robotics_demo_msgs/share/unity_robotics_demo_msgs/cmake/ament_cmake_export_dependencies-extras.cmake
[5.480s] -- Up-to-date: /home/jetson/Desktop/workspace_2/install/unity_robotics_demo_msgs/share/unity_robotics_demo_msgs/cmake/ament_cmake_export_libraries-extras.cmake
[5.481s] -- Up-to-date: /home/jetson/Desktop/workspace_2/install/unity_robotics_demo_msgs/share/unity_robotics_demo_msgs/cmake/ament_cmake_export_targets-extras.cmake
[5.481s] -- Up-to-date: /home/jetson/Desktop/workspace_2/install/unity_robotics_demo_msgs/share/unity_robotics_demo_msgs/cmake/ament_cmake_export_include_directories-extras.cmake
[5.482s] -- Up-to-date: /home/jetson/Desktop/workspace_2/install/unity_robotics_demo_msgs/share/unity_robotics_demo_msgs/cmake/rosidl_cmake_export_typesupport_libraries-extras.cmake
[5.483s] -- Up-to-date: /home/jetson/Desktop/workspace_2/install/unity_robotics_demo_msgs/share/unity_robotics_demo_msgs/cmake/rosidl_cmake_export_typesupport_targets-extras.cmake
[5.483s] -- Up-to-date: /home/jetson/Desktop/workspace_2/install/unity_robotics_demo_msgs/share/unity_robotics_demo_msgs/cmake/unity_robotics_demo_msgsConfig.cmake
[5.484s] -- Up-to-date: /home/jetson/Desktop/workspace_2/install/unity_robotics_demo_msgs/share/unity_robotics_demo_msgs/cmake/unity_robotics_demo_msgsConfig-version.cmake
[5.484s] -- Up-to-date: /home/jetson/Desktop/workspace_2/install/unity_robotics_demo_msgs/share/unity_robotics_demo_msgs/package.xml
[6.527s] Invoked command in '/home/jetson/Desktop/workspace_2/build/unity_robotics_demo_msgs' returned '0': CMAKE_PREFIX_PATH=${CMAKE_PREFIX_PATH}:/home/jetson/Desktop/workspace_2/install/unity_slam_example:/home/jetson/Desktop/workspace_2/install/unity_robotics_demo:/home/jetson/Desktop/workspace_2/install/ros_tcp_endpoint:/home/jetson/Desktop/workspace_2/install/project_2:/opt/ros/foxy /usr/bin/cmake --install /home/jetson/Desktop/workspace_2/build/unity_robotics_demo_msgs
