[3.198s] Invoking command in '/home/jetson/Desktop/workspace_2/src/project_2': PYTHONPATH=/home/jetson/Desktop/workspace_2/install/project_2/lib/python3.8/site-packages:${PYTHONPATH} /usr/bin/python3 setup.py egg_info --egg-base ../../build/project_2 build --build-base /home/jetson/Desktop/workspace_2/build/project_2/build install --prefix /home/jetson/Desktop/workspace_2/install/project_2 --record /home/jetson/Desktop/workspace_2/build/project_2/install.log --single-version-externally-managed
[4.207s] /usr/local/lib/python3.8/dist-packages/setuptools/dist.py:717: UserWarning: Usage of dash-separated 'script-dir' will not be supported in future versions. Please use the underscore name 'script_dir' instead
[4.207s]   warnings.warn(
[4.208s] /usr/local/lib/python3.8/dist-packages/setuptools/dist.py:717: UserWarning: Usage of dash-separated 'install-scripts' will not be supported in future versions. Please use the underscore name 'install_scripts' instead
[4.208s]   warnings.warn(
[4.338s] running egg_info
[4.340s] writing ../../build/project_2/project_2.egg-info/PKG-INFO
[4.342s] writing dependency_links to ../../build/project_2/project_2.egg-info/dependency_links.txt
[4.343s] writing entry points to ../../build/project_2/project_2.egg-info/entry_points.txt
[4.343s] writing requirements to ../../build/project_2/project_2.egg-info/requires.txt
[4.344s] writing top-level names to ../../build/project_2/project_2.egg-info/top_level.txt
[4.355s] reading manifest file '../../build/project_2/project_2.egg-info/SOURCES.txt'
[4.359s] writing manifest file '../../build/project_2/project_2.egg-info/SOURCES.txt'
[4.360s] running build
[4.360s] running build_py
[4.361s] running install
[4.364s] running install_lib
[4.371s] running install_data
[4.373s] running install_egg_info
[4.379s] removing '/home/jetson/Desktop/workspace_2/install/project_2/lib/python3.8/site-packages/project_2-0.0.0-py3.8.egg-info' (and everything under it)
[4.380s] Copying ../../build/project_2/project_2.egg-info to /home/jetson/Desktop/workspace_2/install/project_2/lib/python3.8/site-packages/project_2-0.0.0-py3.8.egg-info
[4.384s] running install_scripts
[4.457s] Installing client script to /home/jetson/Desktop/workspace_2/install/project_2/lib/project_2
[4.461s] Installing listener script to /home/jetson/Desktop/workspace_2/install/project_2/lib/project_2
[4.462s] Installing service script to /home/jetson/Desktop/workspace_2/install/project_2/lib/project_2
[4.462s] Installing talker script to /home/jetson/Desktop/workspace_2/install/project_2/lib/project_2
[4.463s] writing list of installed files to '/home/jetson/Desktop/workspace_2/build/project_2/install.log'
[4.563s] Invoked command in '/home/jetson/Desktop/workspace_2/src/project_2' returned '0': PYTHONPATH=/home/jetson/Desktop/workspace_2/install/project_2/lib/python3.8/site-packages:${PYTHONPATH} /usr/bin/python3 setup.py egg_info --egg-base ../../build/project_2 build --build-base /home/jetson/Desktop/workspace_2/build/project_2/build install --prefix /home/jetson/Desktop/workspace_2/install/project_2 --record /home/jetson/Desktop/workspace_2/build/project_2/install.log --single-version-externally-managed
