[5.658s] Invoking command in '/home/jetson/Desktop/workspace_2/src/unity_robotics_demo': PYTHONPATH=/home/jetson/Desktop/workspace_2/install/unity_robotics_demo/lib/python3.8/site-packages:${PYTHONPATH} /usr/bin/python3 setup.py egg_info --egg-base ../../build/unity_robotics_demo build --build-base /home/jetson/Desktop/workspace_2/build/unity_robotics_demo/build install --prefix /home/jetson/Desktop/workspace_2/install/unity_robotics_demo --record /home/jetson/Desktop/workspace_2/build/unity_robotics_demo/install.log --single-version-externally-managed
[6.984s] /usr/local/lib/python3.8/dist-packages/setuptools/dist.py:717: UserWarning: Usage of dash-separated 'script-dir' will not be supported in future versions. Please use the underscore name 'script_dir' instead
[6.985s]   warnings.warn(
[6.986s] /usr/local/lib/python3.8/dist-packages/setuptools/dist.py:717: UserWarning: Usage of dash-separated 'install-scripts' will not be supported in future versions. Please use the underscore name 'install_scripts' instead
[6.986s]   warnings.warn(
[7.155s] running egg_info
[7.157s] creating ../../build/unity_robotics_demo/unity_robotics_demo.egg-info
[7.158s] writing ../../build/unity_robotics_demo/unity_robotics_demo.egg-info/PKG-INFO
[7.163s] writing dependency_links to ../../build/unity_robotics_demo/unity_robotics_demo.egg-info/dependency_links.txt
[7.164s] writing entry points to ../../build/unity_robotics_demo/unity_robotics_demo.egg-info/entry_points.txt
[7.172s] writing requirements to ../../build/unity_robotics_demo/unity_robotics_demo.egg-info/requires.txt
[7.173s] writing top-level names to ../../build/unity_robotics_demo/unity_robotics_demo.egg-info/top_level.txt
[7.174s] writing manifest file '../../build/unity_robotics_demo/unity_robotics_demo.egg-info/SOURCES.txt'
[7.179s] reading manifest file '../../build/unity_robotics_demo/unity_robotics_demo.egg-info/SOURCES.txt'
[7.184s] writing manifest file '../../build/unity_robotics_demo/unity_robotics_demo.egg-info/SOURCES.txt'
[7.186s] running build
[7.187s] running build_py
[7.189s] creating /home/jetson/Desktop/workspace_2/build/unity_robotics_demo/build
[7.190s] creating /home/jetson/Desktop/workspace_2/build/unity_robotics_demo/build/lib
[7.191s] creating /home/jetson/Desktop/workspace_2/build/unity_robotics_demo/build/lib/unity_robotics_demo
[7.192s] copying unity_robotics_demo/position_service.py -> /home/jetson/Desktop/workspace_2/build/unity_robotics_demo/build/lib/unity_robotics_demo
[7.195s] copying unity_robotics_demo/color_publisher.py -> /home/jetson/Desktop/workspace_2/build/unity_robotics_demo/build/lib/unity_robotics_demo
[7.197s] copying unity_robotics_demo/__init__.py -> /home/jetson/Desktop/workspace_2/build/unity_robotics_demo/build/lib/unity_robotics_demo
[7.203s] running install
[7.217s] running install_lib
[7.218s] creating /home/jetson/Desktop/workspace_2/install/unity_robotics_demo/lib/python3.8/site-packages/unity_robotics_demo
[7.218s] copying /home/jetson/Desktop/workspace_2/build/unity_robotics_demo/build/lib/unity_robotics_demo/position_service.py -> /home/jetson/Desktop/workspace_2/install/unity_robotics_demo/lib/python3.8/site-packages/unity_robotics_demo
[7.218s] copying /home/jetson/Desktop/workspace_2/build/unity_robotics_demo/build/lib/unity_robotics_demo/color_publisher.py -> /home/jetson/Desktop/workspace_2/install/unity_robotics_demo/lib/python3.8/site-packages/unity_robotics_demo
[7.219s] copying /home/jetson/Desktop/workspace_2/build/unity_robotics_demo/build/lib/unity_robotics_demo/__init__.py -> /home/jetson/Desktop/workspace_2/install/unity_robotics_demo/lib/python3.8/site-packages/unity_robotics_demo
[7.219s] byte-compiling /home/jetson/Desktop/workspace_2/install/unity_robotics_demo/lib/python3.8/site-packages/unity_robotics_demo/position_service.py to position_service.cpython-38.pyc
[7.222s] byte-compiling /home/jetson/Desktop/workspace_2/install/unity_robotics_demo/lib/python3.8/site-packages/unity_robotics_demo/color_publisher.py to color_publisher.cpython-38.pyc
[7.223s] byte-compiling /home/jetson/Desktop/workspace_2/install/unity_robotics_demo/lib/python3.8/site-packages/unity_robotics_demo/__init__.py to __init__.cpython-38.pyc
[7.224s] running install_data
[7.224s] creating /home/jetson/Desktop/workspace_2/install/unity_robotics_demo/share/ament_index
[7.225s] creating /home/jetson/Desktop/workspace_2/install/unity_robotics_demo/share/ament_index/resource_index
[7.225s] creating /home/jetson/Desktop/workspace_2/install/unity_robotics_demo/share/ament_index/resource_index/packages
[7.240s] copying resource/unity_robotics_demo -> /home/jetson/Desktop/workspace_2/install/unity_robotics_demo/share/ament_index/resource_index/packages
[7.240s] copying package.xml -> /home/jetson/Desktop/workspace_2/install/unity_robotics_demo/share/unity_robotics_demo
[7.241s] running install_egg_info
[7.241s] Copying ../../build/unity_robotics_demo/unity_robotics_demo.egg-info to /home/jetson/Desktop/workspace_2/install/unity_robotics_demo/lib/python3.8/site-packages/unity_robotics_demo-0.0.1-py3.8.egg-info
[7.241s] running install_scripts
[7.350s] Installing color_publisher script to /home/jetson/Desktop/workspace_2/install/unity_robotics_demo/lib/unity_robotics_demo
[7.351s] Installing position_service script to /home/jetson/Desktop/workspace_2/install/unity_robotics_demo/lib/unity_robotics_demo
[7.353s] writing list of installed files to '/home/jetson/Desktop/workspace_2/build/unity_robotics_demo/install.log'
[7.793s] Invoked command in '/home/jetson/Desktop/workspace_2/src/unity_robotics_demo' returned '0': PYTHONPATH=/home/jetson/Desktop/workspace_2/install/unity_robotics_demo/lib/python3.8/site-packages:${PYTHONPATH} /usr/bin/python3 setup.py egg_info --egg-base ../../build/unity_robotics_demo build --build-base /home/jetson/Desktop/workspace_2/build/unity_robotics_demo/build install --prefix /home/jetson/Desktop/workspace_2/install/unity_robotics_demo --record /home/jetson/Desktop/workspace_2/build/unity_robotics_demo/install.log --single-version-externally-managed
