[5.008s] Invoking command in '/home/jetson/Desktop/workspace_2/src/project_2': PYTHONPATH=/home/jetson/Desktop/workspace_2/install/project_2/lib/python3.8/site-packages:${PYTHONPATH} /usr/bin/python3 setup.py egg_info --egg-base ../../build/project_2 build --build-base /home/jetson/Desktop/workspace_2/build/project_2/build install --prefix /home/jetson/Desktop/workspace_2/install/project_2 --record /home/jetson/Desktop/workspace_2/build/project_2/install.log --single-version-externally-managed
[6.194s] /usr/local/lib/python3.8/dist-packages/setuptools/dist.py:717: UserWarning: Usage of dash-separated 'script-dir' will not be supported in future versions. Please use the underscore name 'script_dir' instead
[6.197s]   warnings.warn(
[6.198s] /usr/local/lib/python3.8/dist-packages/setuptools/dist.py:717: UserWarning: Usage of dash-separated 'install-scripts' will not be supported in future versions. Please use the underscore name 'install_scripts' instead
[6.198s]   warnings.warn(
[6.339s] running egg_info
[6.342s] writing ../../build/project_2/project_2.egg-info/PKG-INFO
[6.344s] writing dependency_links to ../../build/project_2/project_2.egg-info/dependency_links.txt
[6.345s] writing entry points to ../../build/project_2/project_2.egg-info/entry_points.txt
[6.345s] writing requirements to ../../build/project_2/project_2.egg-info/requires.txt
[6.346s] writing top-level names to ../../build/project_2/project_2.egg-info/top_level.txt
[6.360s] reading manifest file '../../build/project_2/project_2.egg-info/SOURCES.txt'
[6.363s] writing manifest file '../../build/project_2/project_2.egg-info/SOURCES.txt'
[6.363s] running build
[6.364s] running build_py
[6.365s] copying project_2/testsub.py -> /home/jetson/Desktop/workspace_2/build/project_2/build/lib/project_2
[6.365s] copying project_2/test_pud.py -> /home/jetson/Desktop/workspace_2/build/project_2/build/lib/project_2
[6.366s] running install
[6.369s] running install_lib
[6.373s] copying /home/jetson/Desktop/workspace_2/build/project_2/build/lib/project_2/testsub.py -> /home/jetson/Desktop/workspace_2/install/project_2/lib/python3.8/site-packages/project_2
[6.373s] copying /home/jetson/Desktop/workspace_2/build/project_2/build/lib/project_2/test_pud.py -> /home/jetson/Desktop/workspace_2/install/project_2/lib/python3.8/site-packages/project_2
[6.376s] byte-compiling /home/jetson/Desktop/workspace_2/install/project_2/lib/python3.8/site-packages/project_2/testsub.py to testsub.cpython-38.pyc
[6.377s] byte-compiling /home/jetson/Desktop/workspace_2/install/project_2/lib/python3.8/site-packages/project_2/test_pud.py to test_pud.cpython-38.pyc
[6.378s] running install_data
[6.381s] copying package.xml -> /home/jetson/Desktop/workspace_2/install/project_2/share/project_2
[6.382s] running install_egg_info
[6.387s] removing '/home/jetson/Desktop/workspace_2/install/project_2/lib/python3.8/site-packages/project_2-0.0.0-py3.8.egg-info' (and everything under it)
[6.389s] Copying ../../build/project_2/project_2.egg-info to /home/jetson/Desktop/workspace_2/install/project_2/lib/python3.8/site-packages/project_2-0.0.0-py3.8.egg-info
[6.395s] running install_scripts
[6.477s] Installing talker script to /home/jetson/Desktop/workspace_2/install/project_2/lib/project_2
[6.478s] writing list of installed files to '/home/jetson/Desktop/workspace_2/build/project_2/install.log'
[6.594s] Invoked command in '/home/jetson/Desktop/workspace_2/src/project_2' returned '0': PYTHONPATH=/home/jetson/Desktop/workspace_2/install/project_2/lib/python3.8/site-packages:${PYTHONPATH} /usr/bin/python3 setup.py egg_info --egg-base ../../build/project_2 build --build-base /home/jetson/Desktop/workspace_2/build/project_2/build install --prefix /home/jetson/Desktop/workspace_2/install/project_2 --record /home/jetson/Desktop/workspace_2/build/project_2/install.log --single-version-externally-managed
