[5.585s] Invoking command in '/home/jetson/Desktop/workspace_2/src/unity_robotics_demo': PYTHONPATH=/home/jetson/Desktop/workspace_2/install/unity_robotics_demo/lib/python3.8/site-packages:${PYTHONPATH} /usr/bin/python3 setup.py egg_info --egg-base ../../build/unity_robotics_demo build --build-base /home/jetson/Desktop/workspace_2/build/unity_robotics_demo/build install --prefix /home/jetson/Desktop/workspace_2/install/unity_robotics_demo --record /home/jetson/Desktop/workspace_2/build/unity_robotics_demo/install.log --single-version-externally-managed
[7.050s] running egg_info
[7.051s] creating ../../build/unity_robotics_demo/unity_robotics_demo.egg-info
[7.052s] writing ../../build/unity_robotics_demo/unity_robotics_demo.egg-info/PKG-INFO
[7.052s] writing dependency_links to ../../build/unity_robotics_demo/unity_robotics_demo.egg-info/dependency_links.txt
[7.053s] writing entry points to ../../build/unity_robotics_demo/unity_robotics_demo.egg-info/entry_points.txt
[7.054s] writing requirements to ../../build/unity_robotics_demo/unity_robotics_demo.egg-info/requires.txt
[7.054s] writing top-level names to ../../build/unity_robotics_demo/unity_robotics_demo.egg-info/top_level.txt
[7.056s] writing manifest file '../../build/unity_robotics_demo/unity_robotics_demo.egg-info/SOURCES.txt'
[7.061s] reading manifest file '../../build/unity_robotics_demo/unity_robotics_demo.egg-info/SOURCES.txt'
[7.065s] writing manifest file '../../build/unity_robotics_demo/unity_robotics_demo.egg-info/SOURCES.txt'
[7.067s] running build
[7.068s] running build_py
[7.070s] creating /home/jetson/Desktop/workspace_2/build/unity_robotics_demo/build
[7.070s] creating /home/jetson/Desktop/workspace_2/build/unity_robotics_demo/build/lib
[7.071s] creating /home/jetson/Desktop/workspace_2/build/unity_robotics_demo/build/lib/unity_robotics_demo
[7.072s] copying unity_robotics_demo/position_service.py -> /home/jetson/Desktop/workspace_2/build/unity_robotics_demo/build/lib/unity_robotics_demo
[7.073s] copying unity_robotics_demo/color_publisher.py -> /home/jetson/Desktop/workspace_2/build/unity_robotics_demo/build/lib/unity_robotics_demo
[7.074s] copying unity_robotics_demo/__init__.py -> /home/jetson/Desktop/workspace_2/build/unity_robotics_demo/build/lib/unity_robotics_demo
[7.075s] running install
[7.077s] running install_lib
[7.082s] creating /home/jetson/Desktop/workspace_2/install/unity_robotics_demo/lib/python3.8/site-packages/unity_robotics_demo
[7.082s] copying /home/jetson/Desktop/workspace_2/build/unity_robotics_demo/build/lib/unity_robotics_demo/position_service.py -> /home/jetson/Desktop/workspace_2/install/unity_robotics_demo/lib/python3.8/site-packages/unity_robotics_demo
[7.083s] copying /home/jetson/Desktop/workspace_2/build/unity_robotics_demo/build/lib/unity_robotics_demo/color_publisher.py -> /home/jetson/Desktop/workspace_2/install/unity_robotics_demo/lib/python3.8/site-packages/unity_robotics_demo
[7.083s] copying /home/jetson/Desktop/workspace_2/build/unity_robotics_demo/build/lib/unity_robotics_demo/__init__.py -> /home/jetson/Desktop/workspace_2/install/unity_robotics_demo/lib/python3.8/site-packages/unity_robotics_demo
[7.084s] byte-compiling /home/jetson/Desktop/workspace_2/install/unity_robotics_demo/lib/python3.8/site-packages/unity_robotics_demo/position_service.py to position_service.cpython-38.pyc
[7.085s] byte-compiling /home/jetson/Desktop/workspace_2/install/unity_robotics_demo/lib/python3.8/site-packages/unity_robotics_demo/color_publisher.py to color_publisher.cpython-38.pyc
[7.085s] byte-compiling /home/jetson/Desktop/workspace_2/install/unity_robotics_demo/lib/python3.8/site-packages/unity_robotics_demo/__init__.py to __init__.cpython-38.pyc
[7.086s] running install_data
[7.088s] creating /home/jetson/Desktop/workspace_2/install/unity_robotics_demo/share/ament_index
[7.088s] creating /home/jetson/Desktop/workspace_2/install/unity_robotics_demo/share/ament_index/resource_index
[7.089s] creating /home/jetson/Desktop/workspace_2/install/unity_robotics_demo/share/ament_index/resource_index/packages
[7.089s] copying resource/unity_robotics_demo -> /home/jetson/Desktop/workspace_2/install/unity_robotics_demo/share/ament_index/resource_index/packages
[7.090s] copying package.xml -> /home/jetson/Desktop/workspace_2/install/unity_robotics_demo/share/unity_robotics_demo
[7.090s] running install_egg_info
[7.095s] Copying ../../build/unity_robotics_demo/unity_robotics_demo.egg-info to /home/jetson/Desktop/workspace_2/install/unity_robotics_demo/lib/python3.8/site-packages/unity_robotics_demo-0.0.1-py3.8.egg-info
[7.099s] running install_scripts
[7.186s] Installing color_publisher script to /home/jetson/Desktop/workspace_2/install/unity_robotics_demo/lib/unity_robotics_demo
[7.187s] Installing position_service script to /home/jetson/Desktop/workspace_2/install/unity_robotics_demo/lib/unity_robotics_demo
[7.188s] writing list of installed files to '/home/jetson/Desktop/workspace_2/build/unity_robotics_demo/install.log'
