/usr/local/lib/python3.8/dist-packages/setuptools/dist.py:717: UserWarning: Usage of dash-separated 'script-dir' will not be supported in future versions. Please use the underscore name 'script_dir' instead
  warnings.warn(
/usr/local/lib/python3.8/dist-packages/setuptools/dist.py:717: UserWarning: Usage of dash-separated 'install-scripts' will not be supported in future versions. Please use the underscore name 'install_scripts' instead
  warnings.warn(
running egg_info
writing ../../build/unity_slam_example/unity_slam_example.egg-info/PKG-INFO
writing dependency_links to ../../build/unity_slam_example/unity_slam_example.egg-info/dependency_links.txt
writing requirements to ../../build/unity_slam_example/unity_slam_example.egg-info/requires.txt
writing top-level names to ../../build/unity_slam_example/unity_slam_example.egg-info/top_level.txt
reading manifest file '../../build/unity_slam_example/unity_slam_example.egg-info/SOURCES.txt'
writing manifest file '../../build/unity_slam_example/unity_slam_example.egg-info/SOURCES.txt'
running build
running install
running install_data
copying launch/unity_slam_example.py -> /home/jetson/Desktop/workspace_2/install/unity_slam_example/share/unity_slam_example
running install_egg_info
removing '/home/jetson/Desktop/workspace_2/install/unity_slam_example/lib/python3.8/site-packages/unity_slam_example-0.0.1-py3.8.egg-info' (and everything under it)
Copying ../../build/unity_slam_example/unity_slam_example.egg-info to /home/jetson/Desktop/workspace_2/install/unity_slam_example/lib/python3.8/site-packages/unity_slam_example-0.0.1-py3.8.egg-info
running install_scripts
writing list of installed files to '/home/jetson/Desktop/workspace_2/build/unity_slam_example/install.log'
