[5.783s] Invoking command in '/home/jetson/Desktop/workspace_2/src/unity_robotics_demo': PYTHONPATH=/home/jetson/Desktop/workspace_2/install/unity_robotics_demo/lib/python3.8/site-packages:${PYTHONPATH} /usr/bin/python3 setup.py egg_info --egg-base ../../build/unity_robotics_demo build --build-base /home/jetson/Desktop/workspace_2/build/unity_robotics_demo/build install --prefix /home/jetson/Desktop/workspace_2/install/unity_robotics_demo --record /home/jetson/Desktop/workspace_2/build/unity_robotics_demo/install.log --single-version-externally-managed
[7.174s] /usr/local/lib/python3.8/dist-packages/setuptools/dist.py:717: UserWarning: Usage of dash-separated 'script-dir' will not be supported in future versions. Please use the underscore name 'script_dir' instead
[7.174s]   warnings.warn(
[7.175s] /usr/local/lib/python3.8/dist-packages/setuptools/dist.py:717: UserWarning: Usage of dash-separated 'install-scripts' will not be supported in future versions. Please use the underscore name 'install_scripts' instead
[7.176s]   warnings.warn(
[7.338s] running egg_info
[7.343s] writing ../../build/unity_robotics_demo/unity_robotics_demo.egg-info/PKG-INFO
[7.347s] writing dependency_links to ../../build/unity_robotics_demo/unity_robotics_demo.egg-info/dependency_links.txt
[7.347s] writing entry points to ../../build/unity_robotics_demo/unity_robotics_demo.egg-info/entry_points.txt
[7.362s] writing requirements to ../../build/unity_robotics_demo/unity_robotics_demo.egg-info/requires.txt
[7.363s] writing top-level names to ../../build/unity_robotics_demo/unity_robotics_demo.egg-info/top_level.txt
[7.382s] reading manifest file '../../build/unity_robotics_demo/unity_robotics_demo.egg-info/SOURCES.txt'
[7.390s] writing manifest file '../../build/unity_robotics_demo/unity_robotics_demo.egg-info/SOURCES.txt'
[7.391s] running build
[7.391s] running build_py
[7.397s] running install
[7.401s] running install_lib
[7.408s] running install_data
[7.413s] running install_egg_info
[7.422s] removing '/home/jetson/Desktop/workspace_2/install/unity_robotics_demo/lib/python3.8/site-packages/unity_robotics_demo-0.0.1-py3.8.egg-info' (and everything under it)
[7.424s] Copying ../../build/unity_robotics_demo/unity_robotics_demo.egg-info to /home/jetson/Desktop/workspace_2/install/unity_robotics_demo/lib/python3.8/site-packages/unity_robotics_demo-0.0.1-py3.8.egg-info
[7.434s] running install_scripts
[7.545s] Installing color_publisher script to /home/jetson/Desktop/workspace_2/install/unity_robotics_demo/lib/unity_robotics_demo
[7.549s] Installing position_service script to /home/jetson/Desktop/workspace_2/install/unity_robotics_demo/lib/unity_robotics_demo
[7.551s] writing list of installed files to '/home/jetson/Desktop/workspace_2/build/unity_robotics_demo/install.log'
[7.673s] Invoked command in '/home/jetson/Desktop/workspace_2/src/unity_robotics_demo' returned '0': PYTHONPATH=/home/jetson/Desktop/workspace_2/install/unity_robotics_demo/lib/python3.8/site-packages:${PYTHONPATH} /usr/bin/python3 setup.py egg_info --egg-base ../../build/unity_robotics_demo build --build-base /home/jetson/Desktop/workspace_2/build/unity_robotics_demo/build install --prefix /home/jetson/Desktop/workspace_2/install/unity_robotics_demo --record /home/jetson/Desktop/workspace_2/build/unity_robotics_demo/install.log --single-version-externally-managed
