[3.774s] Invoking command in '/home/jetson/Desktop/workspace_2/build/unity_robotics_demo_msgs': CMAKE_PREFIX_PATH=${CMAKE_PREFIX_PATH}:/home/jetson/Desktop/workspace_2/install/unity_slam_example:/home/jetson/Desktop/workspace_2/install/unity_robotics_demo:/home/jetson/Desktop/workspace_2/install/ros_tcp_endpoint:/home/jetson/Desktop/workspace_2/install/project_2:/opt/ros/foxy /usr/bin/cmake --build /home/jetson/Desktop/workspace_2/build/unity_robotics_demo_msgs -- -j4 -l4
[4.399s] [  1%] Built target unity_robotics_demo_msgs__cpp
[4.488s] [ 12%] Built target unity_robotics_demo_msgs__rosidl_generator_c
[4.725s] [ 23%] Built target unity_robotics_demo_msgs__rosidl_typesupport_cpp
[4.805s] [ 34%] Built target unity_robotics_demo_msgs__rosidl_typesupport_introspection_cpp
[4.824s] [ 45%] Built target unity_robotics_demo_msgs__rosidl_typesupport_fastrtps_cpp
[5.046s] [ 56%] Built target unity_robotics_demo_msgs__rosidl_typesupport_introspection_c
[5.084s] [ 67%] Built target unity_robotics_demo_msgs__rosidl_typesupport_c
[5.160s] [ 78%] Built target unity_robotics_demo_msgs__rosidl_typesupport_fastrtps_c
[5.362s] [ 78%] Built target unity_robotics_demo_msgs
[5.586s] [ 80%] Built target unity_robotics_demo_msgs__py
[5.850s] [ 89%] Built target unity_robotics_demo_msgs__python
[6.152s] [ 92%] Built target unity_robotics_demo_msgs__rosidl_typesupport_introspection_c__pyext
[6.188s] [ 96%] Built target unity_robotics_demo_msgs__rosidl_typesupport_c__pyext
[6.366s] [100%] Built target unity_robotics_demo_msgs__rosidl_typesupport_fastrtps_c__pyext
[6.427s] Invoked command in '/home/jetson/Desktop/workspace_2/build/unity_robotics_demo_msgs' returned '0': CMAKE_PREFIX_PATH=${CMAKE_PREFIX_PATH}:/home/jetson/Desktop/workspace_2/install/unity_slam_example:/home/jetson/Desktop/workspace_2/install/unity_robotics_demo:/home/jetson/Desktop/workspace_2/install/ros_tcp_endpoint:/home/jetson/Desktop/workspace_2/install/project_2:/opt/ros/foxy /usr/bin/cmake --build /home/jetson/Desktop/workspace_2/build/unity_robotics_demo_msgs -- -j4 -l4
[7.461s] Invoking command in '/home/jetson/Desktop/workspace_2/build/unity_robotics_demo_msgs': CMAKE_PREFIX_PATH=${CMAKE_PREFIX_PATH}:/home/jetson/Desktop/workspace_2/install/unity_slam_example:/home/jetson/Desktop/workspace_2/install/unity_robotics_demo:/home/jetson/Desktop/workspace_2/install/ros_tcp_endpoint:/home/jetson/Desktop/workspace_2/install/project_2:/opt/ros/foxy /usr/bin/cmake --install /home/jetson/Desktop/workspace_2/build/unity_robotics_demo_msgs
[7.622s] -- Install configuration: ""
[7.623s] -- Up-to-date: /home/jetson/Desktop/workspace_2/install/unity_robotics_demo_msgs/share/ament_index/resource_index/rosidl_interfaces/unity_robotics_demo_msgs
[7.623s] -- Up-to-date: /home/jetson/Desktop/workspace_2/install/unity_robotics_demo_msgs/include/unity_robotics_demo_msgs
[7.624s] -- Up-to-date: /home/jetson/Desktop/workspace_2/install/unity_robotics_demo_msgs/include/unity_robotics_demo_msgs/srv
[7.624s] -- Up-to-date: /home/jetson/Desktop/workspace_2/install/unity_robotics_demo_msgs/include/unity_robotics_demo_msgs/srv/detail
[7.626s] -- Up-to-date: /home/jetson/Desktop/workspace_2/install/unity_robotics_demo_msgs/include/unity_robotics_demo_msgs/srv/detail/position_service__functions.h
[7.626s] -- Up-to-date: /home/jetson/Desktop/workspace_2/install/unity_robotics_demo_msgs/include/unity_robotics_demo_msgs/srv/detail/object_pose_service__functions.c
[7.627s] -- Up-to-date: /home/jetson/Desktop/workspace_2/install/unity_robotics_demo_msgs/include/unity_robotics_demo_msgs/srv/detail/position_service__type_support.h
[7.627s] -- Up-to-date: /home/jetson/Desktop/workspace_2/install/unity_robotics_demo_msgs/include/unity_robotics_demo_msgs/srv/detail/object_pose_service__struct.h
[7.628s] -- Up-to-date: /home/jetson/Desktop/workspace_2/install/unity_robotics_demo_msgs/include/unity_robotics_demo_msgs/srv/detail/object_pose_service__type_support.h
[7.630s] -- Up-to-date: /home/jetson/Desktop/workspace_2/install/unity_robotics_demo_msgs/include/unity_robotics_demo_msgs/srv/detail/object_pose_service__functions.h
[7.631s] -- Up-to-date: /home/jetson/Desktop/workspace_2/install/unity_robotics_demo_msgs/include/unity_robotics_demo_msgs/srv/detail/position_service__functions.c
[7.633s] -- Up-to-date: /home/jetson/Desktop/workspace_2/install/unity_robotics_demo_msgs/include/unity_robotics_demo_msgs/srv/detail/position_service__struct.h
[7.634s] -- Up-to-date: /home/jetson/Desktop/workspace_2/install/unity_robotics_demo_msgs/include/unity_robotics_demo_msgs/srv/position_service.h
[7.635s] -- Up-to-date: /home/jetson/Desktop/workspace_2/install/unity_robotics_demo_msgs/include/unity_robotics_demo_msgs/srv/object_pose_service.h
[7.636s] -- Up-to-date: /home/jetson/Desktop/workspace_2/install/unity_robotics_demo_msgs/include/unity_robotics_demo_msgs/msg
[7.637s] -- Up-to-date: /home/jetson/Desktop/workspace_2/install/unity_robotics_demo_msgs/include/unity_robotics_demo_msgs/msg/detail
[7.638s] -- Up-to-date: /home/jetson/Desktop/workspace_2/install/unity_robotics_demo_msgs/include/unity_robotics_demo_msgs/msg/detail/unity_color__functions.c
[7.639s] -- Up-to-date: /home/jetson/Desktop/workspace_2/install/unity_robotics_demo_msgs/include/unity_robotics_demo_msgs/msg/detail/pos_rot__functions.h
[7.640s] -- Up-to-date: /home/jetson/Desktop/workspace_2/install/unity_robotics_demo_msgs/include/unity_robotics_demo_msgs/msg/detail/unity_color__type_support.h
[7.640s] -- Up-to-date: /home/jetson/Desktop/workspace_2/install/unity_robotics_demo_msgs/include/unity_robotics_demo_msgs/msg/detail/pos_rot__struct.h
[7.641s] -- Up-to-date: /home/jetson/Desktop/workspace_2/install/unity_robotics_demo_msgs/include/unity_robotics_demo_msgs/msg/detail/pos_rot__type_support.h
[7.642s] -- Up-to-date: /home/jetson/Desktop/workspace_2/install/unity_robotics_demo_msgs/include/unity_robotics_demo_msgs/msg/detail/unity_color__struct.h
[7.642s] -- Up-to-date: /home/jetson/Desktop/workspace_2/install/unity_robotics_demo_msgs/include/unity_robotics_demo_msgs/msg/detail/unity_color__functions.h
[7.643s] -- Up-to-date: /home/jetson/Desktop/workspace_2/install/unity_robotics_demo_msgs/include/unity_robotics_demo_msgs/msg/detail/pos_rot__functions.c
[7.643s] -- Up-to-date: /home/jetson/Desktop/workspace_2/install/unity_robotics_demo_msgs/include/unity_robotics_demo_msgs/msg/unity_color.h
[7.644s] -- Up-to-date: /home/jetson/Desktop/workspace_2/install/unity_robotics_demo_msgs/include/unity_robotics_demo_msgs/msg/rosidl_generator_c__visibility_control.h
[7.644s] -- Up-to-date: /home/jetson/Desktop/workspace_2/install/unity_robotics_demo_msgs/include/unity_robotics_demo_msgs/msg/pos_rot.h
[7.646s] -- Up-to-date: /home/jetson/Desktop/workspace_2/install/unity_robotics_demo_msgs/share/unity_robotics_demo_msgs/environment/library_path.sh
[7.647s] -- Up-to-date: /home/jetson/Desktop/workspace_2/install/unity_robotics_demo_msgs/share/unity_robotics_demo_msgs/environment/library_path.dsv
[7.669s] -- Up-to-date: /home/jetson/Desktop/workspace_2/install/unity_robotics_demo_msgs/lib/libunity_robotics_demo_msgs__rosidl_generator_c.so
[7.670s] -- Up-to-date: /home/jetson/Desktop/workspace_2/install/unity_robotics_demo_msgs/include/unity_robotics_demo_msgs
[7.671s] -- Up-to-date: /home/jetson/Desktop/workspace_2/install/unity_robotics_demo_msgs/include/unity_robotics_demo_msgs/srv
[7.672s] -- Up-to-date: /home/jetson/Desktop/workspace_2/install/unity_robotics_demo_msgs/include/unity_robotics_demo_msgs/srv/detail
[7.672s] -- Up-to-date: /home/jetson/Desktop/workspace_2/install/unity_robotics_demo_msgs/include/unity_robotics_demo_msgs/srv/detail/position_service__rosidl_typesupport_fastrtps_c.h
[7.673s] -- Up-to-date: /home/jetson/Desktop/workspace_2/install/unity_robotics_demo_msgs/include/unity_robotics_demo_msgs/srv/detail/object_pose_service__rosidl_typesupport_fastrtps_c.h
[7.673s] -- Up-to-date: /home/jetson/Desktop/workspace_2/install/unity_robotics_demo_msgs/include/unity_robotics_demo_msgs/msg
[7.674s] -- Up-to-date: /home/jetson/Desktop/workspace_2/install/unity_robotics_demo_msgs/include/unity_robotics_demo_msgs/msg/detail
[7.674s] -- Up-to-date: /home/jetson/Desktop/workspace_2/install/unity_robotics_demo_msgs/include/unity_robotics_demo_msgs/msg/detail/unity_color__rosidl_typesupport_fastrtps_c.h
[7.675s] -- Up-to-date: /home/jetson/Desktop/workspace_2/install/unity_robotics_demo_msgs/include/unity_robotics_demo_msgs/msg/detail/pos_rot__rosidl_typesupport_fastrtps_c.h
[7.675s] -- Up-to-date: /home/jetson/Desktop/workspace_2/install/unity_robotics_demo_msgs/include/unity_robotics_demo_msgs/msg/rosidl_typesupport_fastrtps_c__visibility_control.h
[7.676s] -- Up-to-date: /home/jetson/Desktop/workspace_2/install/unity_robotics_demo_msgs/lib/libunity_robotics_demo_msgs__rosidl_typesupport_fastrtps_c.so
[7.676s] -- Up-to-date: /home/jetson/Desktop/workspace_2/install/unity_robotics_demo_msgs/include/unity_robotics_demo_msgs
[7.677s] -- Up-to-date: /home/jetson/Desktop/workspace_2/install/unity_robotics_demo_msgs/include/unity_robotics_demo_msgs/srv
[7.678s] -- Up-to-date: /home/jetson/Desktop/workspace_2/install/unity_robotics_demo_msgs/include/unity_robotics_demo_msgs/srv/detail
[7.678s] -- Up-to-date: /home/jetson/Desktop/workspace_2/install/unity_robotics_demo_msgs/include/unity_robotics_demo_msgs/srv/detail/object_pose_service__rosidl_typesupport_fastrtps_cpp.hpp
[7.679s] -- Up-to-date: /home/jetson/Desktop/workspace_2/install/unity_robotics_demo_msgs/include/unity_robotics_demo_msgs/srv/detail/position_service__rosidl_typesupport_fastrtps_cpp.hpp
[7.685s] -- Up-to-date: /home/jetson/Desktop/workspace_2/install/unity_robotics_demo_msgs/include/unity_robotics_demo_msgs/srv/detail/dds_fastrtps
[7.685s] -- Up-to-date: /home/jetson/Desktop/workspace_2/install/unity_robotics_demo_msgs/include/unity_robotics_demo_msgs/msg
[7.686s] -- Up-to-date: /home/jetson/Desktop/workspace_2/install/unity_robotics_demo_msgs/include/unity_robotics_demo_msgs/msg/detail
[7.686s] -- Up-to-date: /home/jetson/Desktop/workspace_2/install/unity_robotics_demo_msgs/include/unity_robotics_demo_msgs/msg/detail/unity_color__rosidl_typesupport_fastrtps_cpp.hpp
[7.687s] -- Up-to-date: /home/jetson/Desktop/workspace_2/install/unity_robotics_demo_msgs/include/unity_robotics_demo_msgs/msg/detail/pos_rot__rosidl_typesupport_fastrtps_cpp.hpp
[7.687s] -- Up-to-date: /home/jetson/Desktop/workspace_2/install/unity_robotics_demo_msgs/include/unity_robotics_demo_msgs/msg/detail/dds_fastrtps
[7.688s] -- Up-to-date: /home/jetson/Desktop/workspace_2/install/unity_robotics_demo_msgs/include/unity_robotics_demo_msgs/msg/rosidl_typesupport_fastrtps_cpp__visibility_control.h
[7.688s] -- Up-to-date: /home/jetson/Desktop/workspace_2/install/unity_robotics_demo_msgs/lib/libunity_robotics_demo_msgs__rosidl_typesupport_fastrtps_cpp.so
[7.689s] -- Up-to-date: /home/jetson/Desktop/workspace_2/install/unity_robotics_demo_msgs/include/unity_robotics_demo_msgs
[7.689s] -- Up-to-date: /home/jetson/Desktop/workspace_2/install/unity_robotics_demo_msgs/include/unity_robotics_demo_msgs/srv
[7.690s] -- Up-to-date: /home/jetson/Desktop/workspace_2/install/unity_robotics_demo_msgs/include/unity_robotics_demo_msgs/srv/detail
[7.694s] -- Up-to-date: /home/jetson/Desktop/workspace_2/install/unity_robotics_demo_msgs/include/unity_robotics_demo_msgs/srv/detail/object_pose_service__rosidl_typesupport_introspection_c.h
[7.696s] -- Up-to-date: /home/jetson/Desktop/workspace_2/install/unity_robotics_demo_msgs/include/unity_robotics_demo_msgs/srv/detail/object_pose_service__type_support.c
[7.696s] -- Up-to-date: /home/jetson/Desktop/workspace_2/install/unity_robotics_demo_msgs/include/unity_robotics_demo_msgs/srv/detail/position_service__rosidl_typesupport_introspection_c.h
[7.697s] -- Up-to-date: /home/jetson/Desktop/workspace_2/install/unity_robotics_demo_msgs/include/unity_robotics_demo_msgs/srv/detail/position_service__type_support.c
[7.697s] -- Up-to-date: /home/jetson/Desktop/workspace_2/install/unity_robotics_demo_msgs/include/unity_robotics_demo_msgs/msg
[7.698s] -- Up-to-date: /home/jetson/Desktop/workspace_2/install/unity_robotics_demo_msgs/include/unity_robotics_demo_msgs/msg/detail
[7.698s] -- Up-to-date: /home/jetson/Desktop/workspace_2/install/unity_robotics_demo_msgs/include/unity_robotics_demo_msgs/msg/detail/pos_rot__type_support.c
[7.699s] -- Up-to-date: /home/jetson/Desktop/workspace_2/install/unity_robotics_demo_msgs/include/unity_robotics_demo_msgs/msg/detail/unity_color__type_support.c
[7.706s] -- Up-to-date: /home/jetson/Desktop/workspace_2/install/unity_robotics_demo_msgs/include/unity_robotics_demo_msgs/msg/detail/unity_color__rosidl_typesupport_introspection_c.h
[7.707s] -- Up-to-date: /home/jetson/Desktop/workspace_2/install/unity_robotics_demo_msgs/include/unity_robotics_demo_msgs/msg/detail/pos_rot__rosidl_typesupport_introspection_c.h
[7.711s] -- Up-to-date: /home/jetson/Desktop/workspace_2/install/unity_robotics_demo_msgs/include/unity_robotics_demo_msgs/msg/rosidl_typesupport_introspection_c__visibility_control.h
[7.713s] -- Up-to-date: /home/jetson/Desktop/workspace_2/install/unity_robotics_demo_msgs/lib/libunity_robotics_demo_msgs__rosidl_typesupport_introspection_c.so
[7.714s] -- Up-to-date: /home/jetson/Desktop/workspace_2/install/unity_robotics_demo_msgs/lib/libunity_robotics_demo_msgs__rosidl_typesupport_c.so
[7.731s] -- Up-to-date: /home/jetson/Desktop/workspace_2/install/unity_robotics_demo_msgs/include/unity_robotics_demo_msgs
[7.731s] -- Up-to-date: /home/jetson/Desktop/workspace_2/install/unity_robotics_demo_msgs/include/unity_robotics_demo_msgs/srv
[7.732s] -- Up-to-date: /home/jetson/Desktop/workspace_2/install/unity_robotics_demo_msgs/include/unity_robotics_demo_msgs/srv/detail
[7.732s] -- Up-to-date: /home/jetson/Desktop/workspace_2/install/unity_robotics_demo_msgs/include/unity_robotics_demo_msgs/srv/detail/object_pose_service__traits.hpp
[7.733s] -- Up-to-date: /home/jetson/Desktop/workspace_2/install/unity_robotics_demo_msgs/include/unity_robotics_demo_msgs/srv/detail/position_service__struct.hpp
[7.733s] -- Up-to-date: /home/jetson/Desktop/workspace_2/install/unity_robotics_demo_msgs/include/unity_robotics_demo_msgs/srv/detail/position_service__traits.hpp
[7.734s] -- Up-to-date: /home/jetson/Desktop/workspace_2/install/unity_robotics_demo_msgs/include/unity_robotics_demo_msgs/srv/detail/position_service__builder.hpp
[7.734s] -- Up-to-date: /home/jetson/Desktop/workspace_2/install/unity_robotics_demo_msgs/include/unity_robotics_demo_msgs/srv/detail/object_pose_service__struct.hpp
[7.735s] -- Up-to-date: /home/jetson/Desktop/workspace_2/install/unity_robotics_demo_msgs/include/unity_robotics_demo_msgs/srv/detail/object_pose_service__builder.hpp
[7.735s] -- Up-to-date: /home/jetson/Desktop/workspace_2/install/unity_robotics_demo_msgs/include/unity_robotics_demo_msgs/srv/object_pose_service.hpp
[7.736s] -- Up-to-date: /home/jetson/Desktop/workspace_2/install/unity_robotics_demo_msgs/include/unity_robotics_demo_msgs/srv/position_service.hpp
[7.736s] -- Up-to-date: /home/jetson/Desktop/workspace_2/install/unity_robotics_demo_msgs/include/unity_robotics_demo_msgs/msg
[7.737s] -- Up-to-date: /home/jetson/Desktop/workspace_2/install/unity_robotics_demo_msgs/include/unity_robotics_demo_msgs/msg/unity_color.hpp
[7.737s] -- Up-to-date: /home/jetson/Desktop/workspace_2/install/unity_robotics_demo_msgs/include/unity_robotics_demo_msgs/msg/detail
[7.738s] -- Up-to-date: /home/jetson/Desktop/workspace_2/install/unity_robotics_demo_msgs/include/unity_robotics_demo_msgs/msg/detail/unity_color__traits.hpp
[7.738s] -- Up-to-date: /home/jetson/Desktop/workspace_2/install/unity_robotics_demo_msgs/include/unity_robotics_demo_msgs/msg/detail/unity_color__struct.hpp
[7.739s] -- Up-to-date: /home/jetson/Desktop/workspace_2/install/unity_robotics_demo_msgs/include/unity_robotics_demo_msgs/msg/detail/pos_rot__builder.hpp
[7.739s] -- Up-to-date: /home/jetson/Desktop/workspace_2/install/unity_robotics_demo_msgs/include/unity_robotics_demo_msgs/msg/detail/pos_rot__struct.hpp
[7.740s] -- Up-to-date: /home/jetson/Desktop/workspace_2/install/unity_robotics_demo_msgs/include/unity_robotics_demo_msgs/msg/detail/unity_color__builder.hpp
[7.750s] -- Up-to-date: /home/jetson/Desktop/workspace_2/install/unity_robotics_demo_msgs/include/unity_robotics_demo_msgs/msg/detail/pos_rot__traits.hpp
[7.750s] -- Up-to-date: /home/jetson/Desktop/workspace_2/install/unity_robotics_demo_msgs/include/unity_robotics_demo_msgs/msg/pos_rot.hpp
[7.751s] -- Up-to-date: /home/jetson/Desktop/workspace_2/install/unity_robotics_demo_msgs/include/unity_robotics_demo_msgs
[7.757s] -- Up-to-date: /home/jetson/Desktop/workspace_2/install/unity_robotics_demo_msgs/include/unity_robotics_demo_msgs/srv
[7.758s] -- Up-to-date: /home/jetson/Desktop/workspace_2/install/unity_robotics_demo_msgs/include/unity_robotics_demo_msgs/srv/detail
[7.758s] -- Up-to-date: /home/jetson/Desktop/workspace_2/install/unity_robotics_demo_msgs/include/unity_robotics_demo_msgs/srv/detail/object_pose_service__rosidl_typesupport_introspection_cpp.hpp
[7.759s] -- Up-to-date: /home/jetson/Desktop/workspace_2/install/unity_robotics_demo_msgs/include/unity_robotics_demo_msgs/srv/detail/object_pose_service__type_support.cpp
[7.759s] -- Up-to-date: /home/jetson/Desktop/workspace_2/install/unity_robotics_demo_msgs/include/unity_robotics_demo_msgs/srv/detail/position_service__rosidl_typesupport_introspection_cpp.hpp
[7.760s] -- Up-to-date: /home/jetson/Desktop/workspace_2/install/unity_robotics_demo_msgs/include/unity_robotics_demo_msgs/srv/detail/position_service__type_support.cpp
[7.760s] -- Up-to-date: /home/jetson/Desktop/workspace_2/install/unity_robotics_demo_msgs/include/unity_robotics_demo_msgs/msg
[7.761s] -- Up-to-date: /home/jetson/Desktop/workspace_2/install/unity_robotics_demo_msgs/include/unity_robotics_demo_msgs/msg/detail
[7.773s] -- Up-to-date: /home/jetson/Desktop/workspace_2/install/unity_robotics_demo_msgs/include/unity_robotics_demo_msgs/msg/detail/pos_rot__rosidl_typesupport_introspection_cpp.hpp
[7.774s] -- Up-to-date: /home/jetson/Desktop/workspace_2/install/unity_robotics_demo_msgs/include/unity_robotics_demo_msgs/msg/detail/unity_color__type_support.cpp
[7.775s] -- Up-to-date: /home/jetson/Desktop/workspace_2/install/unity_robotics_demo_msgs/include/unity_robotics_demo_msgs/msg/detail/pos_rot__type_support.cpp
[7.775s] -- Up-to-date: /home/jetson/Desktop/workspace_2/install/unity_robotics_demo_msgs/include/unity_robotics_demo_msgs/msg/detail/unity_color__rosidl_typesupport_introspection_cpp.hpp
[7.775s] -- Up-to-date: /home/jetson/Desktop/workspace_2/install/unity_robotics_demo_msgs/lib/libunity_robotics_demo_msgs__rosidl_typesupport_introspection_cpp.so
[7.776s] -- Up-to-date: /home/jetson/Desktop/workspace_2/install/unity_robotics_demo_msgs/lib/libunity_robotics_demo_msgs__rosidl_typesupport_cpp.so
[7.776s] -- Up-to-date: /home/jetson/Desktop/workspace_2/install/unity_robotics_demo_msgs/share/unity_robotics_demo_msgs/environment/pythonpath.sh
[7.798s] -- Up-to-date: /home/jetson/Desktop/workspace_2/install/unity_robotics_demo_msgs/share/unity_robotics_demo_msgs/environment/pythonpath.dsv
[7.801s] -- Up-to-date: /home/jetson/Desktop/workspace_2/install/unity_robotics_demo_msgs/lib/python3.8/site-packages/unity_robotics_demo_msgs/__init__.py
[7.981s] -- Up-to-date: /home/jetson/Desktop/workspace_2/install/unity_robotics_demo_msgs/lib/python3.8/site-packages/unity_robotics_demo_msgs/msg
[7.983s] -- Up-to-date: /home/jetson/Desktop/workspace_2/install/unity_robotics_demo_msgs/lib/python3.8/site-packages/unity_robotics_demo_msgs/msg/_pos_rot.py
[7.983s] -- Up-to-date: /home/jetson/Desktop/workspace_2/install/unity_robotics_demo_msgs/lib/python3.8/site-packages/unity_robotics_demo_msgs/msg/_unity_color_s.c
[7.984s] -- Up-to-date: /home/jetson/Desktop/workspace_2/install/unity_robotics_demo_msgs/lib/python3.8/site-packages/unity_robotics_demo_msgs/msg/_unity_color.py
[7.985s] -- Up-to-date: /home/jetson/Desktop/workspace_2/install/unity_robotics_demo_msgs/lib/python3.8/site-packages/unity_robotics_demo_msgs/msg/__init__.py
[7.985s] -- Up-to-date: /home/jetson/Desktop/workspace_2/install/unity_robotics_demo_msgs/lib/python3.8/site-packages/unity_robotics_demo_msgs/msg/_pos_rot_s.c
[7.988s] -- Up-to-date: /home/jetson/Desktop/workspace_2/install/unity_robotics_demo_msgs/lib/python3.8/site-packages/unity_robotics_demo_msgs/srv
[7.989s] -- Up-to-date: /home/jetson/Desktop/workspace_2/install/unity_robotics_demo_msgs/lib/python3.8/site-packages/unity_robotics_demo_msgs/srv/_position_service.py
[7.989s] -- Up-to-date: /home/jetson/Desktop/workspace_2/install/unity_robotics_demo_msgs/lib/python3.8/site-packages/unity_robotics_demo_msgs/srv/_object_pose_service_s.c
[7.990s] -- Up-to-date: /home/jetson/Desktop/workspace_2/install/unity_robotics_demo_msgs/lib/python3.8/site-packages/unity_robotics_demo_msgs/srv/_object_pose_service.py
[7.990s] -- Up-to-date: /home/jetson/Desktop/workspace_2/install/unity_robotics_demo_msgs/lib/python3.8/site-packages/unity_robotics_demo_msgs/srv/__init__.py
[7.991s] -- Up-to-date: /home/jetson/Desktop/workspace_2/install/unity_robotics_demo_msgs/lib/python3.8/site-packages/unity_robotics_demo_msgs/srv/_position_service_s.c
[7.992s] -- Up-to-date: /home/jetson/Desktop/workspace_2/install/unity_robotics_demo_msgs/lib/python3.8/site-packages/unity_robotics_demo_msgs/unity_robotics_demo_msgs_s__rosidl_typesupport_fastrtps_c.cpython-38-aarch64-linux-gnu.so
[7.996s] -- Up-to-date: /home/jetson/Desktop/workspace_2/install/unity_robotics_demo_msgs/lib/python3.8/site-packages/unity_robotics_demo_msgs/unity_robotics_demo_msgs_s__rosidl_typesupport_introspection_c.cpython-38-aarch64-linux-gnu.so
[8.000s] -- Up-to-date: /home/jetson/Desktop/workspace_2/install/unity_robotics_demo_msgs/lib/python3.8/site-packages/unity_robotics_demo_msgs/unity_robotics_demo_msgs_s__rosidl_typesupport_c.cpython-38-aarch64-linux-gnu.so
[8.009s] -- Up-to-date: /home/jetson/Desktop/workspace_2/install/unity_robotics_demo_msgs/lib/libunity_robotics_demo_msgs__python.so
[8.012s] -- Up-to-date: /home/jetson/Desktop/workspace_2/install/unity_robotics_demo_msgs/share/unity_robotics_demo_msgs/msg/PosRot.idl
[8.014s] -- Up-to-date: /home/jetson/Desktop/workspace_2/install/unity_robotics_demo_msgs/share/unity_robotics_demo_msgs/msg/UnityColor.idl
[8.017s] -- Up-to-date: /home/jetson/Desktop/workspace_2/install/unity_robotics_demo_msgs/share/unity_robotics_demo_msgs/srv/PositionService.idl
[8.018s] -- Up-to-date: /home/jetson/Desktop/workspace_2/install/unity_robotics_demo_msgs/share/unity_robotics_demo_msgs/srv/ObjectPoseService.idl
[8.020s] -- Up-to-date: /home/jetson/Desktop/workspace_2/install/unity_robotics_demo_msgs/share/unity_robotics_demo_msgs/msg/PosRot.msg
[8.021s] -- Up-to-date: /home/jetson/Desktop/workspace_2/install/unity_robotics_demo_msgs/share/unity_robotics_demo_msgs/msg/UnityColor.msg
[8.024s] -- Up-to-date: /home/jetson/Desktop/workspace_2/install/unity_robotics_demo_msgs/share/unity_robotics_demo_msgs/srv/PositionService.srv
[8.025s] -- Up-to-date: /home/jetson/Desktop/workspace_2/install/unity_robotics_demo_msgs/share/unity_robotics_demo_msgs/srv/PositionService_Request.msg
[8.026s] -- Up-to-date: /home/jetson/Desktop/workspace_2/install/unity_robotics_demo_msgs/share/unity_robotics_demo_msgs/srv/PositionService_Response.msg
[8.026s] -- Up-to-date: /home/jetson/Desktop/workspace_2/install/unity_robotics_demo_msgs/share/unity_robotics_demo_msgs/srv/ObjectPoseService.srv
[8.029s] -- Up-to-date: /home/jetson/Desktop/workspace_2/install/unity_robotics_demo_msgs/share/unity_robotics_demo_msgs/srv/ObjectPoseService_Request.msg
[8.030s] -- Up-to-date: /home/jetson/Desktop/workspace_2/install/unity_robotics_demo_msgs/share/unity_robotics_demo_msgs/srv/ObjectPoseService_Response.msg
[8.031s] -- Up-to-date: /home/jetson/Desktop/workspace_2/install/unity_robotics_demo_msgs/share/ament_index/resource_index/package_run_dependencies/unity_robotics_demo_msgs
[8.038s] -- Up-to-date: /home/jetson/Desktop/workspace_2/install/unity_robotics_demo_msgs/share/ament_index/resource_index/parent_prefix_path/unity_robotics_demo_msgs
[8.043s] -- Up-to-date: /home/jetson/Desktop/workspace_2/install/unity_robotics_demo_msgs/share/unity_robotics_demo_msgs/environment/ament_prefix_path.sh
[8.044s] -- Up-to-date: /home/jetson/Desktop/workspace_2/install/unity_robotics_demo_msgs/share/unity_robotics_demo_msgs/environment/ament_prefix_path.dsv
[8.045s] -- Up-to-date: /home/jetson/Desktop/workspace_2/install/unity_robotics_demo_msgs/share/unity_robotics_demo_msgs/environment/path.sh
[8.046s] -- Up-to-date: /home/jetson/Desktop/workspace_2/install/unity_robotics_demo_msgs/share/unity_robotics_demo_msgs/environment/path.dsv
[8.046s] -- Up-to-date: /home/jetson/Desktop/workspace_2/install/unity_robotics_demo_msgs/share/unity_robotics_demo_msgs/local_setup.bash
[8.047s] -- Up-to-date: /home/jetson/Desktop/workspace_2/install/unity_robotics_demo_msgs/share/unity_robotics_demo_msgs/local_setup.sh
[8.048s] -- Up-to-date: /home/jetson/Desktop/workspace_2/install/unity_robotics_demo_msgs/share/unity_robotics_demo_msgs/local_setup.zsh
[8.048s] -- Up-to-date: /home/jetson/Desktop/workspace_2/install/unity_robotics_demo_msgs/share/unity_robotics_demo_msgs/local_setup.dsv
[8.048s] -- Installing: /home/jetson/Desktop/workspace_2/install/unity_robotics_demo_msgs/share/unity_robotics_demo_msgs/package.dsv
[8.049s] -- Up-to-date: /home/jetson/Desktop/workspace_2/install/unity_robotics_demo_msgs/share/ament_index/resource_index/packages/unity_robotics_demo_msgs
[8.050s] -- Up-to-date: /home/jetson/Desktop/workspace_2/install/unity_robotics_demo_msgs/share/unity_robotics_demo_msgs/cmake/unity_robotics_demo_msgs__rosidl_generator_cExport.cmake
[8.050s] -- Up-to-date: /home/jetson/Desktop/workspace_2/install/unity_robotics_demo_msgs/share/unity_robotics_demo_msgs/cmake/unity_robotics_demo_msgs__rosidl_generator_cExport-noconfig.cmake
[8.052s] -- Up-to-date: /home/jetson/Desktop/workspace_2/install/unity_robotics_demo_msgs/share/unity_robotics_demo_msgs/cmake/unity_robotics_demo_msgs__rosidl_typesupport_introspection_cExport.cmake
[8.055s] -- Up-to-date: /home/jetson/Desktop/workspace_2/install/unity_robotics_demo_msgs/share/unity_robotics_demo_msgs/cmake/unity_robotics_demo_msgs__rosidl_typesupport_introspection_cExport-noconfig.cmake
[8.055s] -- Up-to-date: /home/jetson/Desktop/workspace_2/install/unity_robotics_demo_msgs/share/unity_robotics_demo_msgs/cmake/unity_robotics_demo_msgs__rosidl_typesupport_cExport.cmake
[8.056s] -- Up-to-date: /home/jetson/Desktop/workspace_2/install/unity_robotics_demo_msgs/share/unity_robotics_demo_msgs/cmake/unity_robotics_demo_msgs__rosidl_typesupport_cExport-noconfig.cmake
[8.057s] -- Up-to-date: /home/jetson/Desktop/workspace_2/install/unity_robotics_demo_msgs/share/unity_robotics_demo_msgs/cmake/unity_robotics_demo_msgs__rosidl_generator_cppExport.cmake
[8.060s] -- Up-to-date: /home/jetson/Desktop/workspace_2/install/unity_robotics_demo_msgs/share/unity_robotics_demo_msgs/cmake/unity_robotics_demo_msgs__rosidl_typesupport_introspection_cppExport.cmake
[8.061s] -- Up-to-date: /home/jetson/Desktop/workspace_2/install/unity_robotics_demo_msgs/share/unity_robotics_demo_msgs/cmake/unity_robotics_demo_msgs__rosidl_typesupport_introspection_cppExport-noconfig.cmake
[8.080s] -- Up-to-date: /home/jetson/Desktop/workspace_2/install/unity_robotics_demo_msgs/share/unity_robotics_demo_msgs/cmake/unity_robotics_demo_msgs__rosidl_typesupport_cppExport.cmake
[8.084s] -- Up-to-date: /home/jetson/Desktop/workspace_2/install/unity_robotics_demo_msgs/share/unity_robotics_demo_msgs/cmake/unity_robotics_demo_msgs__rosidl_typesupport_cppExport-noconfig.cmake
[8.084s] -- Up-to-date: /home/jetson/Desktop/workspace_2/install/unity_robotics_demo_msgs/share/unity_robotics_demo_msgs/cmake/rosidl_cmake-extras.cmake
[8.086s] -- Up-to-date: /home/jetson/Desktop/workspace_2/install/unity_robotics_demo_msgs/share/unity_robotics_demo_msgs/cmake/ament_cmake_export_dependencies-extras.cmake
[8.101s] -- Up-to-date: /home/jetson/Desktop/workspace_2/install/unity_robotics_demo_msgs/share/unity_robotics_demo_msgs/cmake/ament_cmake_export_libraries-extras.cmake
[8.102s] -- Up-to-date: /home/jetson/Desktop/workspace_2/install/unity_robotics_demo_msgs/share/unity_robotics_demo_msgs/cmake/ament_cmake_export_targets-extras.cmake
[8.102s] -- Up-to-date: /home/jetson/Desktop/workspace_2/install/unity_robotics_demo_msgs/share/unity_robotics_demo_msgs/cmake/ament_cmake_export_include_directories-extras.cmake
[8.102s] -- Up-to-date: /home/jetson/Desktop/workspace_2/install/unity_robotics_demo_msgs/share/unity_robotics_demo_msgs/cmake/rosidl_cmake_export_typesupport_libraries-extras.cmake
[8.103s] -- Up-to-date: /home/jetson/Desktop/workspace_2/install/unity_robotics_demo_msgs/share/unity_robotics_demo_msgs/cmake/rosidl_cmake_export_typesupport_targets-extras.cmake
[8.103s] -- Up-to-date: /home/jetson/Desktop/workspace_2/install/unity_robotics_demo_msgs/share/unity_robotics_demo_msgs/cmake/unity_robotics_demo_msgsConfig.cmake
[8.104s] -- Up-to-date: /home/jetson/Desktop/workspace_2/install/unity_robotics_demo_msgs/share/unity_robotics_demo_msgs/cmake/unity_robotics_demo_msgsConfig-version.cmake
[8.104s] -- Up-to-date: /home/jetson/Desktop/workspace_2/install/unity_robotics_demo_msgs/share/unity_robotics_demo_msgs/package.xml
[8.106s] Invoked command in '/home/jetson/Desktop/workspace_2/build/unity_robotics_demo_msgs' returned '0': CMAKE_PREFIX_PATH=${CMAKE_PREFIX_PATH}:/home/jetson/Desktop/workspace_2/install/unity_slam_example:/home/jetson/Desktop/workspace_2/install/unity_robotics_demo:/home/jetson/Desktop/workspace_2/install/ros_tcp_endpoint:/home/jetson/Desktop/workspace_2/install/project_2:/opt/ros/foxy /usr/bin/cmake --install /home/jetson/Desktop/workspace_2/build/unity_robotics_demo_msgs
