[0.304s] Invoking command in '/home/jetson/Desktop/workspace_2/build/msg_manage': CMAKE_PREFIX_PATH=${CMAKE_PREFIX_PATH}:/home/jetson/Desktop/workspace_2/install/unity_slam_example:/home/jetson/Desktop/workspace_2/install/unity_robotics_demo:/home/jetson/Desktop/workspace_2/install/ros_tcp_endpoint:/home/jetson/Desktop/workspace_2/install/project_2:/opt/ros/foxy /usr/bin/cmake --build /home/jetson/Desktop/workspace_2/build/msg_manage -- -j4 -l4
[3.243s] [  1%] Built target msg_manage__cpp
[3.244s] [ 12%] Built target msg_manage__rosidl_generator_c
[3.245s] [ 23%] Built target msg_manage__rosidl_typesupport_cpp
[3.246s] [ 35%] Built target msg_manage__rosidl_typesupport_introspection_c
[3.247s] [ 46%] Built target msg_manage__rosidl_typesupport_c
[3.247s] [ 57%] Built target msg_manage__rosidl_typesupport_fastrtps_cpp
[3.248s] [ 69%] Built target msg_manage__rosidl_typesupport_introspection_cpp
[3.250s] [ 80%] Built target msg_manage__rosidl_typesupport_fastrtps_c
[3.250s] [ 80%] Built target msg_manage
[3.256s] [ 81%] Built target msg_manage__py
[3.257s] [ 91%] Built target msg_manage__python
[3.258s] [ 94%] Built target msg_manage__rosidl_typesupport_c__pyext
[3.259s] [ 97%] Built target msg_manage__rosidl_typesupport_fastrtps_c__pyext
[3.259s] [100%] Built target msg_manage__rosidl_typesupport_introspection_c__pyext
[3.270s] Invoked command in '/home/jetson/Desktop/workspace_2/build/msg_manage' returned '0': CMAKE_PREFIX_PATH=${CMAKE_PREFIX_PATH}:/home/jetson/Desktop/workspace_2/install/unity_slam_example:/home/jetson/Desktop/workspace_2/install/unity_robotics_demo:/home/jetson/Desktop/workspace_2/install/ros_tcp_endpoint:/home/jetson/Desktop/workspace_2/install/project_2:/opt/ros/foxy /usr/bin/cmake --build /home/jetson/Desktop/workspace_2/build/msg_manage -- -j4 -l4
[4.148s] Invoking command in '/home/jetson/Desktop/workspace_2/build/msg_manage': CMAKE_PREFIX_PATH=${CMAKE_PREFIX_PATH}:/home/jetson/Desktop/workspace_2/install/unity_slam_example:/home/jetson/Desktop/workspace_2/install/unity_robotics_demo:/home/jetson/Desktop/workspace_2/install/ros_tcp_endpoint:/home/jetson/Desktop/workspace_2/install/project_2:/opt/ros/foxy /usr/bin/cmake --install /home/jetson/Desktop/workspace_2/build/msg_manage
[4.209s] -- Install configuration: ""
[4.210s] -- Up-to-date: /home/jetson/Desktop/workspace_2/install/msg_manage/share/ament_index/resource_index/rosidl_interfaces/msg_manage
[4.210s] -- Up-to-date: /home/jetson/Desktop/workspace_2/install/msg_manage/include/msg_manage
[4.211s] -- Up-to-date: /home/jetson/Desktop/workspace_2/install/msg_manage/include/msg_manage/srv
[4.212s] -- Up-to-date: /home/jetson/Desktop/workspace_2/install/msg_manage/include/msg_manage/srv/add_three_ints.h
[4.212s] -- Up-to-date: /home/jetson/Desktop/workspace_2/install/msg_manage/include/msg_manage/srv/detail
[4.213s] -- Up-to-date: /home/jetson/Desktop/workspace_2/install/msg_manage/include/msg_manage/srv/detail/twist_srv__functions.c
[4.213s] -- Up-to-date: /home/jetson/Desktop/workspace_2/install/msg_manage/include/msg_manage/srv/detail/add_three_ints__type_support.h
[4.213s] -- Up-to-date: /home/jetson/Desktop/workspace_2/install/msg_manage/include/msg_manage/srv/detail/twist_srv__struct.h
[4.214s] -- Up-to-date: /home/jetson/Desktop/workspace_2/install/msg_manage/include/msg_manage/srv/detail/twist_srv__type_support.h
[4.214s] -- Up-to-date: /home/jetson/Desktop/workspace_2/install/msg_manage/include/msg_manage/srv/detail/add_three_ints__struct.h
[4.214s] -- Up-to-date: /home/jetson/Desktop/workspace_2/install/msg_manage/include/msg_manage/srv/detail/add_three_ints__functions.c
[4.215s] -- Up-to-date: /home/jetson/Desktop/workspace_2/install/msg_manage/include/msg_manage/srv/detail/add_three_ints__functions.h
[4.215s] -- Up-to-date: /home/jetson/Desktop/workspace_2/install/msg_manage/include/msg_manage/srv/detail/twist_srv__functions.h
[4.216s] -- Up-to-date: /home/jetson/Desktop/workspace_2/install/msg_manage/include/msg_manage/srv/twist_srv.h
[4.217s] -- Up-to-date: /home/jetson/Desktop/workspace_2/install/msg_manage/include/msg_manage/action
[4.217s] -- Up-to-date: /home/jetson/Desktop/workspace_2/install/msg_manage/include/msg_manage/action/detail
[4.218s] -- Up-to-date: /home/jetson/Desktop/workspace_2/install/msg_manage/include/msg_manage/action/detail/testaction__functions.h
[4.220s] -- Up-to-date: /home/jetson/Desktop/workspace_2/install/msg_manage/include/msg_manage/action/detail/testaction__struct.h
[4.220s] -- Up-to-date: /home/jetson/Desktop/workspace_2/install/msg_manage/include/msg_manage/action/detail/testaction__type_support.h
[4.221s] -- Up-to-date: /home/jetson/Desktop/workspace_2/install/msg_manage/include/msg_manage/action/detail/testaction__functions.c
[4.222s] -- Up-to-date: /home/jetson/Desktop/workspace_2/install/msg_manage/include/msg_manage/action/testaction.h
[4.222s] -- Up-to-date: /home/jetson/Desktop/workspace_2/install/msg_manage/include/msg_manage/msg
[4.224s] -- Up-to-date: /home/jetson/Desktop/workspace_2/install/msg_manage/include/msg_manage/msg/detail
[4.241s] -- Up-to-date: /home/jetson/Desktop/workspace_2/install/msg_manage/include/msg_manage/msg/detail/vehicle__type_support.h
[4.242s] -- Up-to-date: /home/jetson/Desktop/workspace_2/install/msg_manage/include/msg_manage/msg/detail/num__struct.h
[4.243s] -- Up-to-date: /home/jetson/Desktop/workspace_2/install/msg_manage/include/msg_manage/msg/detail/num__type_support.h
[4.244s] -- Up-to-date: /home/jetson/Desktop/workspace_2/install/msg_manage/include/msg_manage/msg/detail/motor2__struct.h
[4.245s] -- Up-to-date: /home/jetson/Desktop/workspace_2/install/msg_manage/include/msg_manage/msg/detail/motor2__type_support.h
[4.246s] -- Up-to-date: /home/jetson/Desktop/workspace_2/install/msg_manage/include/msg_manage/msg/detail/vehicle__functions.c
[4.248s] -- Up-to-date: /home/jetson/Desktop/workspace_2/install/msg_manage/include/msg_manage/msg/detail/motor2__functions.h
[4.250s] -- Up-to-date: /home/jetson/Desktop/workspace_2/install/msg_manage/include/msg_manage/msg/detail/num__functions.c
[4.251s] -- Up-to-date: /home/jetson/Desktop/workspace_2/install/msg_manage/include/msg_manage/msg/detail/vehicle__struct.h
[4.251s] -- Up-to-date: /home/jetson/Desktop/workspace_2/install/msg_manage/include/msg_manage/msg/detail/vehicle__functions.h
[4.252s] -- Up-to-date: /home/jetson/Desktop/workspace_2/install/msg_manage/include/msg_manage/msg/detail/motor2__functions.c
[4.252s] -- Up-to-date: /home/jetson/Desktop/workspace_2/install/msg_manage/include/msg_manage/msg/detail/num__functions.h
[4.253s] -- Up-to-date: /home/jetson/Desktop/workspace_2/install/msg_manage/include/msg_manage/msg/vehicle.h
[4.253s] -- Up-to-date: /home/jetson/Desktop/workspace_2/install/msg_manage/include/msg_manage/msg/motor2.h
[4.253s] -- Up-to-date: /home/jetson/Desktop/workspace_2/install/msg_manage/include/msg_manage/msg/num.h
[4.254s] -- Up-to-date: /home/jetson/Desktop/workspace_2/install/msg_manage/include/msg_manage/msg/rosidl_generator_c__visibility_control.h
[4.254s] -- Up-to-date: /home/jetson/Desktop/workspace_2/install/msg_manage/share/msg_manage/environment/library_path.sh
[4.255s] -- Up-to-date: /home/jetson/Desktop/workspace_2/install/msg_manage/share/msg_manage/environment/library_path.dsv
[4.255s] -- Up-to-date: /home/jetson/Desktop/workspace_2/install/msg_manage/lib/libmsg_manage__rosidl_generator_c.so
[4.255s] -- Up-to-date: /home/jetson/Desktop/workspace_2/install/msg_manage/include/msg_manage
[4.256s] -- Up-to-date: /home/jetson/Desktop/workspace_2/install/msg_manage/include/msg_manage/srv
[4.257s] -- Up-to-date: /home/jetson/Desktop/workspace_2/install/msg_manage/include/msg_manage/srv/detail
[4.257s] -- Up-to-date: /home/jetson/Desktop/workspace_2/install/msg_manage/include/msg_manage/srv/detail/add_three_ints__rosidl_typesupport_fastrtps_c.h
[4.258s] -- Up-to-date: /home/jetson/Desktop/workspace_2/install/msg_manage/include/msg_manage/srv/detail/twist_srv__rosidl_typesupport_fastrtps_c.h
[4.272s] -- Up-to-date: /home/jetson/Desktop/workspace_2/install/msg_manage/include/msg_manage/action
[4.272s] -- Up-to-date: /home/jetson/Desktop/workspace_2/install/msg_manage/include/msg_manage/action/detail
[4.273s] -- Up-to-date: /home/jetson/Desktop/workspace_2/install/msg_manage/include/msg_manage/action/detail/testaction__rosidl_typesupport_fastrtps_c.h
[4.273s] -- Up-to-date: /home/jetson/Desktop/workspace_2/install/msg_manage/include/msg_manage/msg
[4.274s] -- Up-to-date: /home/jetson/Desktop/workspace_2/install/msg_manage/include/msg_manage/msg/detail
[4.274s] -- Up-to-date: /home/jetson/Desktop/workspace_2/install/msg_manage/include/msg_manage/msg/detail/vehicle__rosidl_typesupport_fastrtps_c.h
[4.274s] -- Up-to-date: /home/jetson/Desktop/workspace_2/install/msg_manage/include/msg_manage/msg/detail/num__rosidl_typesupport_fastrtps_c.h
[4.275s] -- Up-to-date: /home/jetson/Desktop/workspace_2/install/msg_manage/include/msg_manage/msg/detail/motor2__rosidl_typesupport_fastrtps_c.h
[4.276s] -- Up-to-date: /home/jetson/Desktop/workspace_2/install/msg_manage/include/msg_manage/msg/rosidl_typesupport_fastrtps_c__visibility_control.h
[4.276s] -- Up-to-date: /home/jetson/Desktop/workspace_2/install/msg_manage/lib/libmsg_manage__rosidl_typesupport_fastrtps_c.so
[4.276s] -- Up-to-date: /home/jetson/Desktop/workspace_2/install/msg_manage/include/msg_manage
[4.277s] -- Up-to-date: /home/jetson/Desktop/workspace_2/install/msg_manage/include/msg_manage/srv
[4.277s] -- Up-to-date: /home/jetson/Desktop/workspace_2/install/msg_manage/include/msg_manage/srv/detail
[4.278s] -- Up-to-date: /home/jetson/Desktop/workspace_2/install/msg_manage/include/msg_manage/srv/detail/twist_srv__rosidl_typesupport_fastrtps_cpp.hpp
[4.278s] -- Up-to-date: /home/jetson/Desktop/workspace_2/install/msg_manage/include/msg_manage/srv/detail/dds_fastrtps
[4.278s] -- Up-to-date: /home/jetson/Desktop/workspace_2/install/msg_manage/include/msg_manage/srv/detail/add_three_ints__rosidl_typesupport_fastrtps_cpp.hpp
[4.279s] -- Up-to-date: /home/jetson/Desktop/workspace_2/install/msg_manage/include/msg_manage/action
[4.279s] -- Up-to-date: /home/jetson/Desktop/workspace_2/install/msg_manage/include/msg_manage/action/detail
[4.280s] -- Up-to-date: /home/jetson/Desktop/workspace_2/install/msg_manage/include/msg_manage/action/detail/testaction__rosidl_typesupport_fastrtps_cpp.hpp
[4.280s] -- Up-to-date: /home/jetson/Desktop/workspace_2/install/msg_manage/include/msg_manage/action/detail/dds_fastrtps
[4.281s] -- Up-to-date: /home/jetson/Desktop/workspace_2/install/msg_manage/include/msg_manage/msg
[4.281s] -- Up-to-date: /home/jetson/Desktop/workspace_2/install/msg_manage/include/msg_manage/msg/detail
[4.282s] -- Up-to-date: /home/jetson/Desktop/workspace_2/install/msg_manage/include/msg_manage/msg/detail/num__rosidl_typesupport_fastrtps_cpp.hpp
[4.282s] -- Up-to-date: /home/jetson/Desktop/workspace_2/install/msg_manage/include/msg_manage/msg/detail/vehicle__rosidl_typesupport_fastrtps_cpp.hpp
[4.283s] -- Up-to-date: /home/jetson/Desktop/workspace_2/install/msg_manage/include/msg_manage/msg/detail/motor2__rosidl_typesupport_fastrtps_cpp.hpp
[4.283s] -- Up-to-date: /home/jetson/Desktop/workspace_2/install/msg_manage/include/msg_manage/msg/detail/dds_fastrtps
[4.284s] -- Up-to-date: /home/jetson/Desktop/workspace_2/install/msg_manage/include/msg_manage/msg/rosidl_typesupport_fastrtps_cpp__visibility_control.h
[4.284s] -- Up-to-date: /home/jetson/Desktop/workspace_2/install/msg_manage/lib/libmsg_manage__rosidl_typesupport_fastrtps_cpp.so
[4.285s] -- Up-to-date: /home/jetson/Desktop/workspace_2/install/msg_manage/include/msg_manage
[4.285s] -- Up-to-date: /home/jetson/Desktop/workspace_2/install/msg_manage/include/msg_manage/srv
[4.285s] -- Up-to-date: /home/jetson/Desktop/workspace_2/install/msg_manage/include/msg_manage/srv/detail
[4.286s] -- Up-to-date: /home/jetson/Desktop/workspace_2/install/msg_manage/include/msg_manage/srv/detail/add_three_ints__rosidl_typesupport_introspection_c.h
[4.286s] -- Up-to-date: /home/jetson/Desktop/workspace_2/install/msg_manage/include/msg_manage/srv/detail/twist_srv__rosidl_typesupport_introspection_c.h
[4.286s] -- Up-to-date: /home/jetson/Desktop/workspace_2/install/msg_manage/include/msg_manage/srv/detail/add_three_ints__type_support.c
[4.287s] -- Up-to-date: /home/jetson/Desktop/workspace_2/install/msg_manage/include/msg_manage/srv/detail/twist_srv__type_support.c
[4.287s] -- Up-to-date: /home/jetson/Desktop/workspace_2/install/msg_manage/include/msg_manage/action
[4.304s] -- Up-to-date: /home/jetson/Desktop/workspace_2/install/msg_manage/include/msg_manage/action/detail
[4.304s] -- Up-to-date: /home/jetson/Desktop/workspace_2/install/msg_manage/include/msg_manage/action/detail/testaction__rosidl_typesupport_introspection_c.h
[4.305s] -- Up-to-date: /home/jetson/Desktop/workspace_2/install/msg_manage/include/msg_manage/action/detail/testaction__type_support.c
[4.305s] -- Up-to-date: /home/jetson/Desktop/workspace_2/install/msg_manage/include/msg_manage/msg
[4.306s] -- Up-to-date: /home/jetson/Desktop/workspace_2/install/msg_manage/include/msg_manage/msg/detail
[4.306s] -- Up-to-date: /home/jetson/Desktop/workspace_2/install/msg_manage/include/msg_manage/msg/detail/vehicle__type_support.c
[4.306s] -- Up-to-date: /home/jetson/Desktop/workspace_2/install/msg_manage/include/msg_manage/msg/detail/vehicle__rosidl_typesupport_introspection_c.h
[4.307s] -- Up-to-date: /home/jetson/Desktop/workspace_2/install/msg_manage/include/msg_manage/msg/detail/motor2__rosidl_typesupport_introspection_c.h
[4.307s] -- Up-to-date: /home/jetson/Desktop/workspace_2/install/msg_manage/include/msg_manage/msg/detail/num__rosidl_typesupport_introspection_c.h
[4.308s] -- Up-to-date: /home/jetson/Desktop/workspace_2/install/msg_manage/include/msg_manage/msg/detail/motor2__type_support.c
[4.309s] -- Up-to-date: /home/jetson/Desktop/workspace_2/install/msg_manage/include/msg_manage/msg/detail/num__type_support.c
[4.309s] -- Up-to-date: /home/jetson/Desktop/workspace_2/install/msg_manage/include/msg_manage/msg/rosidl_typesupport_introspection_c__visibility_control.h
[4.310s] -- Up-to-date: /home/jetson/Desktop/workspace_2/install/msg_manage/lib/libmsg_manage__rosidl_typesupport_introspection_c.so
[4.310s] -- Up-to-date: /home/jetson/Desktop/workspace_2/install/msg_manage/lib/libmsg_manage__rosidl_typesupport_c.so
[4.311s] -- Up-to-date: /home/jetson/Desktop/workspace_2/install/msg_manage/include/msg_manage
[4.311s] -- Up-to-date: /home/jetson/Desktop/workspace_2/install/msg_manage/include/msg_manage/srv
[4.312s] -- Up-to-date: /home/jetson/Desktop/workspace_2/install/msg_manage/include/msg_manage/srv/detail
[4.312s] -- Up-to-date: /home/jetson/Desktop/workspace_2/install/msg_manage/include/msg_manage/srv/detail/twist_srv__struct.hpp
[4.313s] -- Up-to-date: /home/jetson/Desktop/workspace_2/install/msg_manage/include/msg_manage/srv/detail/twist_srv__builder.hpp
[4.313s] -- Up-to-date: /home/jetson/Desktop/workspace_2/install/msg_manage/include/msg_manage/srv/detail/add_three_ints__traits.hpp
[4.314s] -- Up-to-date: /home/jetson/Desktop/workspace_2/install/msg_manage/include/msg_manage/srv/detail/twist_srv__traits.hpp
[4.314s] -- Up-to-date: /home/jetson/Desktop/workspace_2/install/msg_manage/include/msg_manage/srv/detail/add_three_ints__builder.hpp
[4.314s] -- Up-to-date: /home/jetson/Desktop/workspace_2/install/msg_manage/include/msg_manage/srv/detail/add_three_ints__struct.hpp
[4.315s] -- Up-to-date: /home/jetson/Desktop/workspace_2/install/msg_manage/include/msg_manage/srv/add_three_ints.hpp
[4.315s] -- Up-to-date: /home/jetson/Desktop/workspace_2/install/msg_manage/include/msg_manage/srv/twist_srv.hpp
[4.316s] -- Up-to-date: /home/jetson/Desktop/workspace_2/install/msg_manage/include/msg_manage/action
[4.316s] -- Up-to-date: /home/jetson/Desktop/workspace_2/install/msg_manage/include/msg_manage/action/detail
[4.316s] -- Up-to-date: /home/jetson/Desktop/workspace_2/install/msg_manage/include/msg_manage/action/detail/testaction__traits.hpp
[4.317s] -- Up-to-date: /home/jetson/Desktop/workspace_2/install/msg_manage/include/msg_manage/action/detail/testaction__struct.hpp
[4.317s] -- Up-to-date: /home/jetson/Desktop/workspace_2/install/msg_manage/include/msg_manage/action/detail/testaction__builder.hpp
[4.318s] -- Up-to-date: /home/jetson/Desktop/workspace_2/install/msg_manage/include/msg_manage/action/testaction.hpp
[4.318s] -- Up-to-date: /home/jetson/Desktop/workspace_2/install/msg_manage/include/msg_manage/msg
[4.319s] -- Up-to-date: /home/jetson/Desktop/workspace_2/install/msg_manage/include/msg_manage/msg/num.hpp
[4.319s] -- Up-to-date: /home/jetson/Desktop/workspace_2/install/msg_manage/include/msg_manage/msg/detail
[4.336s] -- Up-to-date: /home/jetson/Desktop/workspace_2/install/msg_manage/include/msg_manage/msg/detail/vehicle__traits.hpp
[4.337s] -- Up-to-date: /home/jetson/Desktop/workspace_2/install/msg_manage/include/msg_manage/msg/detail/num__builder.hpp
[4.338s] -- Up-to-date: /home/jetson/Desktop/workspace_2/install/msg_manage/include/msg_manage/msg/detail/num__traits.hpp
[4.338s] -- Up-to-date: /home/jetson/Desktop/workspace_2/install/msg_manage/include/msg_manage/msg/detail/motor2__builder.hpp
[4.339s] -- Up-to-date: /home/jetson/Desktop/workspace_2/install/msg_manage/include/msg_manage/msg/detail/vehicle__struct.hpp
[4.339s] -- Up-to-date: /home/jetson/Desktop/workspace_2/install/msg_manage/include/msg_manage/msg/detail/num__struct.hpp
[4.339s] -- Up-to-date: /home/jetson/Desktop/workspace_2/install/msg_manage/include/msg_manage/msg/detail/vehicle__builder.hpp
[4.340s] -- Up-to-date: /home/jetson/Desktop/workspace_2/install/msg_manage/include/msg_manage/msg/detail/motor2__traits.hpp
[4.340s] -- Up-to-date: /home/jetson/Desktop/workspace_2/install/msg_manage/include/msg_manage/msg/detail/motor2__struct.hpp
[4.341s] -- Up-to-date: /home/jetson/Desktop/workspace_2/install/msg_manage/include/msg_manage/msg/vehicle.hpp
[4.341s] -- Up-to-date: /home/jetson/Desktop/workspace_2/install/msg_manage/include/msg_manage/msg/motor2.hpp
[4.342s] -- Up-to-date: /home/jetson/Desktop/workspace_2/install/msg_manage/include/msg_manage
[4.342s] -- Up-to-date: /home/jetson/Desktop/workspace_2/install/msg_manage/include/msg_manage/srv
[4.343s] -- Up-to-date: /home/jetson/Desktop/workspace_2/install/msg_manage/include/msg_manage/srv/detail
[4.343s] -- Up-to-date: /home/jetson/Desktop/workspace_2/install/msg_manage/include/msg_manage/srv/detail/twist_srv__rosidl_typesupport_introspection_cpp.hpp
[4.344s] -- Up-to-date: /home/jetson/Desktop/workspace_2/install/msg_manage/include/msg_manage/srv/detail/add_three_ints__type_support.cpp
[4.344s] -- Up-to-date: /home/jetson/Desktop/workspace_2/install/msg_manage/include/msg_manage/srv/detail/twist_srv__type_support.cpp
[4.345s] -- Up-to-date: /home/jetson/Desktop/workspace_2/install/msg_manage/include/msg_manage/srv/detail/add_three_ints__rosidl_typesupport_introspection_cpp.hpp
[4.345s] -- Up-to-date: /home/jetson/Desktop/workspace_2/install/msg_manage/include/msg_manage/action
[4.345s] -- Up-to-date: /home/jetson/Desktop/workspace_2/install/msg_manage/include/msg_manage/action/detail
[4.346s] -- Up-to-date: /home/jetson/Desktop/workspace_2/install/msg_manage/include/msg_manage/action/detail/testaction__type_support.cpp
[4.346s] -- Up-to-date: /home/jetson/Desktop/workspace_2/install/msg_manage/include/msg_manage/action/detail/testaction__rosidl_typesupport_introspection_cpp.hpp
[4.347s] -- Up-to-date: /home/jetson/Desktop/workspace_2/install/msg_manage/include/msg_manage/msg
[4.347s] -- Up-to-date: /home/jetson/Desktop/workspace_2/install/msg_manage/include/msg_manage/msg/detail
[4.348s] -- Up-to-date: /home/jetson/Desktop/workspace_2/install/msg_manage/include/msg_manage/msg/detail/num__rosidl_typesupport_introspection_cpp.hpp
[4.348s] -- Up-to-date: /home/jetson/Desktop/workspace_2/install/msg_manage/include/msg_manage/msg/detail/motor2__rosidl_typesupport_introspection_cpp.hpp
[4.348s] -- Up-to-date: /home/jetson/Desktop/workspace_2/install/msg_manage/include/msg_manage/msg/detail/vehicle__type_support.cpp
[4.349s] -- Up-to-date: /home/jetson/Desktop/workspace_2/install/msg_manage/include/msg_manage/msg/detail/motor2__type_support.cpp
[4.349s] -- Up-to-date: /home/jetson/Desktop/workspace_2/install/msg_manage/include/msg_manage/msg/detail/vehicle__rosidl_typesupport_introspection_cpp.hpp
[4.350s] -- Up-to-date: /home/jetson/Desktop/workspace_2/install/msg_manage/include/msg_manage/msg/detail/num__type_support.cpp
[4.350s] -- Up-to-date: /home/jetson/Desktop/workspace_2/install/msg_manage/lib/libmsg_manage__rosidl_typesupport_introspection_cpp.so
[4.351s] -- Up-to-date: /home/jetson/Desktop/workspace_2/install/msg_manage/lib/libmsg_manage__rosidl_typesupport_cpp.so
[4.351s] -- Up-to-date: /home/jetson/Desktop/workspace_2/install/msg_manage/share/msg_manage/environment/pythonpath.sh
[4.364s] -- Up-to-date: /home/jetson/Desktop/workspace_2/install/msg_manage/share/msg_manage/environment/pythonpath.dsv
[4.365s] -- Up-to-date: /home/jetson/Desktop/workspace_2/install/msg_manage/lib/python3.8/site-packages/msg_manage/__init__.py
[4.453s] -- Up-to-date: /home/jetson/Desktop/workspace_2/install/msg_manage/lib/python3.8/site-packages/msg_manage/msg
[4.454s] -- Up-to-date: /home/jetson/Desktop/workspace_2/install/msg_manage/lib/python3.8/site-packages/msg_manage/msg/_vehicle.py
[4.455s] -- Up-to-date: /home/jetson/Desktop/workspace_2/install/msg_manage/lib/python3.8/site-packages/msg_manage/msg/_motor2_s.c
[4.456s] -- Up-to-date: /home/jetson/Desktop/workspace_2/install/msg_manage/lib/python3.8/site-packages/msg_manage/msg/_vehicle_s.c
[4.457s] -- Up-to-date: /home/jetson/Desktop/workspace_2/install/msg_manage/lib/python3.8/site-packages/msg_manage/msg/__init__.py
[4.459s] -- Up-to-date: /home/jetson/Desktop/workspace_2/install/msg_manage/lib/python3.8/site-packages/msg_manage/msg/_motor2.py
[4.460s] -- Up-to-date: /home/jetson/Desktop/workspace_2/install/msg_manage/lib/python3.8/site-packages/msg_manage/msg/_num.py
[4.460s] -- Up-to-date: /home/jetson/Desktop/workspace_2/install/msg_manage/lib/python3.8/site-packages/msg_manage/msg/_num_s.c
[4.463s] -- Up-to-date: /home/jetson/Desktop/workspace_2/install/msg_manage/lib/python3.8/site-packages/msg_manage/srv
[4.464s] -- Up-to-date: /home/jetson/Desktop/workspace_2/install/msg_manage/lib/python3.8/site-packages/msg_manage/srv/_twist_srv.py
[4.464s] -- Up-to-date: /home/jetson/Desktop/workspace_2/install/msg_manage/lib/python3.8/site-packages/msg_manage/srv/_add_three_ints_s.c
[4.465s] -- Up-to-date: /home/jetson/Desktop/workspace_2/install/msg_manage/lib/python3.8/site-packages/msg_manage/srv/_twist_srv_s.c
[4.465s] -- Up-to-date: /home/jetson/Desktop/workspace_2/install/msg_manage/lib/python3.8/site-packages/msg_manage/srv/__init__.py
[4.466s] -- Up-to-date: /home/jetson/Desktop/workspace_2/install/msg_manage/lib/python3.8/site-packages/msg_manage/srv/_add_three_ints.py
[4.466s] -- Up-to-date: /home/jetson/Desktop/workspace_2/install/msg_manage/lib/python3.8/site-packages/msg_manage/action
[4.467s] -- Up-to-date: /home/jetson/Desktop/workspace_2/install/msg_manage/lib/python3.8/site-packages/msg_manage/action/_testaction_s.c
[4.467s] -- Up-to-date: /home/jetson/Desktop/workspace_2/install/msg_manage/lib/python3.8/site-packages/msg_manage/action/__init__.py
[4.468s] -- Up-to-date: /home/jetson/Desktop/workspace_2/install/msg_manage/lib/python3.8/site-packages/msg_manage/action/_testaction.py
[4.468s] -- Up-to-date: /home/jetson/Desktop/workspace_2/install/msg_manage/lib/python3.8/site-packages/msg_manage/msg_manage_s__rosidl_typesupport_fastrtps_c.cpython-38-aarch64-linux-gnu.so
[4.473s] -- Up-to-date: /home/jetson/Desktop/workspace_2/install/msg_manage/lib/python3.8/site-packages/msg_manage/msg_manage_s__rosidl_typesupport_introspection_c.cpython-38-aarch64-linux-gnu.so
[4.477s] -- Up-to-date: /home/jetson/Desktop/workspace_2/install/msg_manage/lib/python3.8/site-packages/msg_manage/msg_manage_s__rosidl_typesupport_c.cpython-38-aarch64-linux-gnu.so
[4.479s] -- Up-to-date: /home/jetson/Desktop/workspace_2/install/msg_manage/lib/libmsg_manage__python.so
[4.481s] -- Up-to-date: /home/jetson/Desktop/workspace_2/install/msg_manage/share/msg_manage/msg/Num.idl
[4.482s] -- Up-to-date: /home/jetson/Desktop/workspace_2/install/msg_manage/share/msg_manage/msg/Motor2.idl
[4.484s] -- Up-to-date: /home/jetson/Desktop/workspace_2/install/msg_manage/share/msg_manage/srv/AddThreeInts.idl
[4.485s] -- Up-to-date: /home/jetson/Desktop/workspace_2/install/msg_manage/share/msg_manage/srv/TwistSrv.idl
[4.486s] -- Up-to-date: /home/jetson/Desktop/workspace_2/install/msg_manage/share/msg_manage/action/Testaction.idl
[4.488s] -- Up-to-date: /home/jetson/Desktop/workspace_2/install/msg_manage/share/msg_manage/msg/Vehicle.idl
[4.488s] -- Up-to-date: /home/jetson/Desktop/workspace_2/install/msg_manage/share/msg_manage/msg/Num.msg
[4.491s] -- Up-to-date: /home/jetson/Desktop/workspace_2/install/msg_manage/share/msg_manage/msg/Motor2.msg
[4.491s] -- Up-to-date: /home/jetson/Desktop/workspace_2/install/msg_manage/share/msg_manage/srv/AddThreeInts.srv
[4.493s] -- Up-to-date: /home/jetson/Desktop/workspace_2/install/msg_manage/share/msg_manage/srv/AddThreeInts_Request.msg
[4.494s] -- Up-to-date: /home/jetson/Desktop/workspace_2/install/msg_manage/share/msg_manage/srv/AddThreeInts_Response.msg
[4.494s] -- Up-to-date: /home/jetson/Desktop/workspace_2/install/msg_manage/share/msg_manage/srv/TwistSrv.srv
[4.495s] -- Up-to-date: /home/jetson/Desktop/workspace_2/install/msg_manage/share/msg_manage/srv/TwistSrv_Request.msg
[4.498s] -- Up-to-date: /home/jetson/Desktop/workspace_2/install/msg_manage/share/msg_manage/srv/TwistSrv_Response.msg
[4.499s] -- Up-to-date: /home/jetson/Desktop/workspace_2/install/msg_manage/share/msg_manage/action/Testaction.action
[4.499s] -- Up-to-date: /home/jetson/Desktop/workspace_2/install/msg_manage/share/msg_manage/msg/Vehicle.msg
[4.502s] -- Up-to-date: /home/jetson/Desktop/workspace_2/install/msg_manage/share/ament_index/resource_index/package_run_dependencies/msg_manage
[4.503s] -- Up-to-date: /home/jetson/Desktop/workspace_2/install/msg_manage/share/ament_index/resource_index/parent_prefix_path/msg_manage
[4.503s] -- Up-to-date: /home/jetson/Desktop/workspace_2/install/msg_manage/share/msg_manage/environment/ament_prefix_path.sh
[4.504s] -- Up-to-date: /home/jetson/Desktop/workspace_2/install/msg_manage/share/msg_manage/environment/ament_prefix_path.dsv
[4.504s] -- Up-to-date: /home/jetson/Desktop/workspace_2/install/msg_manage/share/msg_manage/environment/path.sh
[4.504s] -- Up-to-date: /home/jetson/Desktop/workspace_2/install/msg_manage/share/msg_manage/environment/path.dsv
[4.505s] -- Up-to-date: /home/jetson/Desktop/workspace_2/install/msg_manage/share/msg_manage/local_setup.bash
[4.505s] -- Up-to-date: /home/jetson/Desktop/workspace_2/install/msg_manage/share/msg_manage/local_setup.sh
[4.511s] -- Up-to-date: /home/jetson/Desktop/workspace_2/install/msg_manage/share/msg_manage/local_setup.zsh
[4.512s] -- Up-to-date: /home/jetson/Desktop/workspace_2/install/msg_manage/share/msg_manage/local_setup.dsv
[4.512s] -- Installing: /home/jetson/Desktop/workspace_2/install/msg_manage/share/msg_manage/package.dsv
[4.513s] -- Up-to-date: /home/jetson/Desktop/workspace_2/install/msg_manage/share/ament_index/resource_index/packages/msg_manage
[4.513s] -- Up-to-date: /home/jetson/Desktop/workspace_2/install/msg_manage/share/msg_manage/cmake/msg_manage__rosidl_generator_cExport.cmake
[4.513s] -- Up-to-date: /home/jetson/Desktop/workspace_2/install/msg_manage/share/msg_manage/cmake/msg_manage__rosidl_generator_cExport-noconfig.cmake
[4.517s] -- Up-to-date: /home/jetson/Desktop/workspace_2/install/msg_manage/share/msg_manage/cmake/msg_manage__rosidl_typesupport_introspection_cExport.cmake
[4.518s] -- Up-to-date: /home/jetson/Desktop/workspace_2/install/msg_manage/share/msg_manage/cmake/msg_manage__rosidl_typesupport_introspection_cExport-noconfig.cmake
[4.519s] -- Up-to-date: /home/jetson/Desktop/workspace_2/install/msg_manage/share/msg_manage/cmake/msg_manage__rosidl_typesupport_cExport.cmake
[4.519s] -- Up-to-date: /home/jetson/Desktop/workspace_2/install/msg_manage/share/msg_manage/cmake/msg_manage__rosidl_typesupport_cExport-noconfig.cmake
[4.519s] -- Up-to-date: /home/jetson/Desktop/workspace_2/install/msg_manage/share/msg_manage/cmake/msg_manage__rosidl_generator_cppExport.cmake
[4.524s] -- Up-to-date: /home/jetson/Desktop/workspace_2/install/msg_manage/share/msg_manage/cmake/msg_manage__rosidl_typesupport_introspection_cppExport.cmake
[4.525s] -- Up-to-date: /home/jetson/Desktop/workspace_2/install/msg_manage/share/msg_manage/cmake/msg_manage__rosidl_typesupport_introspection_cppExport-noconfig.cmake
[4.525s] -- Up-to-date: /home/jetson/Desktop/workspace_2/install/msg_manage/share/msg_manage/cmake/msg_manage__rosidl_typesupport_cppExport.cmake
[4.526s] -- Up-to-date: /home/jetson/Desktop/workspace_2/install/msg_manage/share/msg_manage/cmake/msg_manage__rosidl_typesupport_cppExport-noconfig.cmake
[4.530s] -- Up-to-date: /home/jetson/Desktop/workspace_2/install/msg_manage/share/msg_manage/cmake/rosidl_cmake-extras.cmake
[4.532s] -- Up-to-date: /home/jetson/Desktop/workspace_2/install/msg_manage/share/msg_manage/cmake/ament_cmake_export_dependencies-extras.cmake
[4.533s] -- Up-to-date: /home/jetson/Desktop/workspace_2/install/msg_manage/share/msg_manage/cmake/ament_cmake_export_libraries-extras.cmake
[4.534s] -- Up-to-date: /home/jetson/Desktop/workspace_2/install/msg_manage/share/msg_manage/cmake/ament_cmake_export_targets-extras.cmake
[4.534s] -- Up-to-date: /home/jetson/Desktop/workspace_2/install/msg_manage/share/msg_manage/cmake/ament_cmake_export_include_directories-extras.cmake
[4.535s] -- Up-to-date: /home/jetson/Desktop/workspace_2/install/msg_manage/share/msg_manage/cmake/rosidl_cmake_export_typesupport_libraries-extras.cmake
[4.535s] -- Up-to-date: /home/jetson/Desktop/workspace_2/install/msg_manage/share/msg_manage/cmake/rosidl_cmake_export_typesupport_targets-extras.cmake
[4.542s] -- Up-to-date: /home/jetson/Desktop/workspace_2/install/msg_manage/share/msg_manage/cmake/msg_manageConfig.cmake
[4.543s] -- Up-to-date: /home/jetson/Desktop/workspace_2/install/msg_manage/share/msg_manage/cmake/msg_manageConfig-version.cmake
[4.544s] -- Up-to-date: /home/jetson/Desktop/workspace_2/install/msg_manage/share/msg_manage/package.xml
[4.565s] Invoked command in '/home/jetson/Desktop/workspace_2/build/msg_manage' returned '0': CMAKE_PREFIX_PATH=${CMAKE_PREFIX_PATH}:/home/jetson/Desktop/workspace_2/install/unity_slam_example:/home/jetson/Desktop/workspace_2/install/unity_robotics_demo:/home/jetson/Desktop/workspace_2/install/ros_tcp_endpoint:/home/jetson/Desktop/workspace_2/install/project_2:/opt/ros/foxy /usr/bin/cmake --install /home/jetson/Desktop/workspace_2/build/msg_manage
