[4.227s] Invoking command in '/home/jetson/Desktop/workspace_2/src/unity_slam_example': PYTHONPATH=/home/jetson/Desktop/workspace_2/install/unity_slam_example/lib/python3.8/site-packages:${PYTHONPATH} /usr/bin/python3 setup.py egg_info --egg-base ../../build/unity_slam_example build --build-base /home/jetson/Desktop/workspace_2/build/unity_slam_example/build install --prefix /home/jetson/Desktop/workspace_2/install/unity_slam_example --record /home/jetson/Desktop/workspace_2/build/unity_slam_example/install.log --single-version-externally-managed
[5.344s] /usr/local/lib/python3.8/dist-packages/setuptools/dist.py:717: UserWarning: Usage of dash-separated 'script-dir' will not be supported in future versions. Please use the underscore name 'script_dir' instead
[5.344s]   warnings.warn(
[5.345s] /usr/local/lib/python3.8/dist-packages/setuptools/dist.py:717: UserWarning: Usage of dash-separated 'install-scripts' will not be supported in future versions. Please use the underscore name 'install_scripts' instead
[5.346s]   warnings.warn(
[5.482s] running egg_info
[5.485s] writing ../../build/unity_slam_example/unity_slam_example.egg-info/PKG-INFO
[5.486s] writing dependency_links to ../../build/unity_slam_example/unity_slam_example.egg-info/dependency_links.txt
[5.486s] writing requirements to ../../build/unity_slam_example/unity_slam_example.egg-info/requires.txt
[5.487s] writing top-level names to ../../build/unity_slam_example/unity_slam_example.egg-info/top_level.txt
[5.496s] reading manifest file '../../build/unity_slam_example/unity_slam_example.egg-info/SOURCES.txt'
[5.500s] writing manifest file '../../build/unity_slam_example/unity_slam_example.egg-info/SOURCES.txt'
[5.500s] running build
[5.501s] running install
[5.504s] running install_data
[5.506s] copying launch/unity_slam_example.py -> /home/jetson/Desktop/workspace_2/install/unity_slam_example/share/unity_slam_example
[5.507s] running install_egg_info
[5.516s] removing '/home/jetson/Desktop/workspace_2/install/unity_slam_example/lib/python3.8/site-packages/unity_slam_example-0.0.1-py3.8.egg-info' (and everything under it)
[5.516s] Copying ../../build/unity_slam_example/unity_slam_example.egg-info to /home/jetson/Desktop/workspace_2/install/unity_slam_example/lib/python3.8/site-packages/unity_slam_example-0.0.1-py3.8.egg-info
[5.519s] running install_scripts
[5.594s] writing list of installed files to '/home/jetson/Desktop/workspace_2/build/unity_slam_example/install.log'
[5.702s] Invoked command in '/home/jetson/Desktop/workspace_2/src/unity_slam_example' returned '0': PYTHONPATH=/home/jetson/Desktop/workspace_2/install/unity_slam_example/lib/python3.8/site-packages:${PYTHONPATH} /usr/bin/python3 setup.py egg_info --egg-base ../../build/unity_slam_example build --build-base /home/jetson/Desktop/workspace_2/build/unity_slam_example/build install --prefix /home/jetson/Desktop/workspace_2/install/unity_slam_example --record /home/jetson/Desktop/workspace_2/build/unity_slam_example/install.log --single-version-externally-managed
