[0.095s] Invoking command in '/home/jetson/Desktop/workspace_2/build/msg_manage': CMAKE_PREFIX_PATH=${CMAKE_PREFIX_PATH}:/home/jetson/Desktop/workspace_2/install/project_2:/home/jetson/Desktop/workspace_2/install/my_package2 /usr/bin/cmake --build /home/jetson/Desktop/workspace_2/build/msg_manage -- -j4 -l4
[0.332s] [  2%] Built target msg_manage__cpp
[0.347s] [ 12%] Built target msg_manage__rosidl_generator_c
[0.440s] [ 23%] Built target msg_manage__rosidl_typesupport_cpp
[0.458s] [ 33%] Built target msg_manage__rosidl_typesupport_introspection_cpp
[0.471s] [ 43%] Built target msg_manage__rosidl_typesupport_fastrtps_cpp
[0.498s] [ 53%] Built target msg_manage__rosidl_typesupport_introspection_c
[0.557s] [ 64%] Built target msg_manage__rosidl_typesupport_c
[0.609s] [ 74%] Built target msg_manage__rosidl_typesupport_fastrtps_c
[0.695s] [ 74%] Built target msg_manage
[0.778s] [ 76%] Built target msg_manage__py
[0.882s] [ 84%] Built target msg_manage__python
[0.987s] [ 94%] Built target msg_manage__rosidl_typesupport_fastrtps_c__pyext
[0.988s] [ 94%] Built target msg_manage__rosidl_typesupport_introspection_c__pyext
[0.995s] [100%] Built target msg_manage__rosidl_typesupport_c__pyext
[1.040s] Invoked command in '/home/jetson/Desktop/workspace_2/build/msg_manage' returned '0': CMAKE_PREFIX_PATH=${CMAKE_PREFIX_PATH}:/home/jetson/Desktop/workspace_2/install/project_2:/home/jetson/Desktop/workspace_2/install/my_package2 /usr/bin/cmake --build /home/jetson/Desktop/workspace_2/build/msg_manage -- -j4 -l4
[1.311s] Invoking command in '/home/jetson/Desktop/workspace_2/build/msg_manage': CMAKE_PREFIX_PATH=${CMAKE_PREFIX_PATH}:/home/jetson/Desktop/workspace_2/install/project_2:/home/jetson/Desktop/workspace_2/install/my_package2 /usr/bin/cmake --install /home/jetson/Desktop/workspace_2/build/msg_manage
[1.342s] -- Install configuration: ""
[1.343s] -- Up-to-date: /home/jetson/Desktop/workspace_2/install/msg_manage/share/ament_index/resource_index/rosidl_interfaces/msg_manage
[1.343s] -- Up-to-date: /home/jetson/Desktop/workspace_2/install/msg_manage/include/msg_manage
[1.344s] -- Up-to-date: /home/jetson/Desktop/workspace_2/install/msg_manage/include/msg_manage/srv
[1.345s] -- Up-to-date: /home/jetson/Desktop/workspace_2/install/msg_manage/include/msg_manage/srv/add_three_ints.h
[1.345s] -- Up-to-date: /home/jetson/Desktop/workspace_2/install/msg_manage/include/msg_manage/srv/detail
[1.345s] -- Up-to-date: /home/jetson/Desktop/workspace_2/install/msg_manage/include/msg_manage/srv/detail/add_three_ints__type_support.h
[1.346s] -- Up-to-date: /home/jetson/Desktop/workspace_2/install/msg_manage/include/msg_manage/srv/detail/add_three_ints__struct.h
[1.346s] -- Up-to-date: /home/jetson/Desktop/workspace_2/install/msg_manage/include/msg_manage/srv/detail/add_three_ints__functions.c
[1.347s] -- Up-to-date: /home/jetson/Desktop/workspace_2/install/msg_manage/include/msg_manage/srv/detail/add_three_ints__functions.h
[1.347s] -- Up-to-date: /home/jetson/Desktop/workspace_2/install/msg_manage/include/msg_manage/msg
[1.348s] -- Up-to-date: /home/jetson/Desktop/workspace_2/install/msg_manage/include/msg_manage/msg/detail
[1.348s] -- Up-to-date: /home/jetson/Desktop/workspace_2/install/msg_manage/include/msg_manage/msg/detail/num__struct.h
[1.349s] -- Up-to-date: /home/jetson/Desktop/workspace_2/install/msg_manage/include/msg_manage/msg/detail/num__type_support.h
[1.349s] -- Up-to-date: /home/jetson/Desktop/workspace_2/install/msg_manage/include/msg_manage/msg/detail/num__functions.c
[1.350s] -- Up-to-date: /home/jetson/Desktop/workspace_2/install/msg_manage/include/msg_manage/msg/detail/num__functions.h
[1.350s] -- Up-to-date: /home/jetson/Desktop/workspace_2/install/msg_manage/include/msg_manage/msg/num.h
[1.351s] -- Up-to-date: /home/jetson/Desktop/workspace_2/install/msg_manage/include/msg_manage/msg/rosidl_generator_c__visibility_control.h
[1.351s] -- Up-to-date: /home/jetson/Desktop/workspace_2/install/msg_manage/share/msg_manage/environment/library_path.sh
[1.352s] -- Up-to-date: /home/jetson/Desktop/workspace_2/install/msg_manage/share/msg_manage/environment/library_path.dsv
[1.352s] -- Up-to-date: /home/jetson/Desktop/workspace_2/install/msg_manage/lib/libmsg_manage__rosidl_generator_c.so
[1.353s] -- Up-to-date: /home/jetson/Desktop/workspace_2/install/msg_manage/include/msg_manage
[1.353s] -- Up-to-date: /home/jetson/Desktop/workspace_2/install/msg_manage/include/msg_manage/srv
[1.354s] -- Up-to-date: /home/jetson/Desktop/workspace_2/install/msg_manage/include/msg_manage/srv/detail
[1.354s] -- Up-to-date: /home/jetson/Desktop/workspace_2/install/msg_manage/include/msg_manage/srv/detail/add_three_ints__rosidl_typesupport_fastrtps_c.h
[1.355s] -- Up-to-date: /home/jetson/Desktop/workspace_2/install/msg_manage/include/msg_manage/msg
[1.355s] -- Up-to-date: /home/jetson/Desktop/workspace_2/install/msg_manage/include/msg_manage/msg/detail
[1.355s] -- Up-to-date: /home/jetson/Desktop/workspace_2/install/msg_manage/include/msg_manage/msg/detail/num__rosidl_typesupport_fastrtps_c.h
[1.356s] -- Up-to-date: /home/jetson/Desktop/workspace_2/install/msg_manage/include/msg_manage/msg/rosidl_typesupport_fastrtps_c__visibility_control.h
[1.356s] -- Up-to-date: /home/jetson/Desktop/workspace_2/install/msg_manage/lib/libmsg_manage__rosidl_typesupport_fastrtps_c.so
[1.357s] -- Up-to-date: /home/jetson/Desktop/workspace_2/install/msg_manage/include/msg_manage
[1.357s] -- Up-to-date: /home/jetson/Desktop/workspace_2/install/msg_manage/include/msg_manage/srv
[1.357s] -- Up-to-date: /home/jetson/Desktop/workspace_2/install/msg_manage/include/msg_manage/srv/detail
[1.358s] -- Up-to-date: /home/jetson/Desktop/workspace_2/install/msg_manage/include/msg_manage/srv/detail/dds_fastrtps
[1.359s] -- Up-to-date: /home/jetson/Desktop/workspace_2/install/msg_manage/include/msg_manage/srv/detail/add_three_ints__rosidl_typesupport_fastrtps_cpp.hpp
[1.359s] -- Up-to-date: /home/jetson/Desktop/workspace_2/install/msg_manage/include/msg_manage/msg
[1.359s] -- Up-to-date: /home/jetson/Desktop/workspace_2/install/msg_manage/include/msg_manage/msg/detail
[1.360s] -- Up-to-date: /home/jetson/Desktop/workspace_2/install/msg_manage/include/msg_manage/msg/detail/num__rosidl_typesupport_fastrtps_cpp.hpp
[1.360s] -- Up-to-date: /home/jetson/Desktop/workspace_2/install/msg_manage/include/msg_manage/msg/detail/dds_fastrtps
[1.360s] -- Up-to-date: /home/jetson/Desktop/workspace_2/install/msg_manage/include/msg_manage/msg/rosidl_typesupport_fastrtps_cpp__visibility_control.h
[1.361s] -- Up-to-date: /home/jetson/Desktop/workspace_2/install/msg_manage/lib/libmsg_manage__rosidl_typesupport_fastrtps_cpp.so
[1.361s] -- Up-to-date: /home/jetson/Desktop/workspace_2/install/msg_manage/include/msg_manage
[1.362s] -- Up-to-date: /home/jetson/Desktop/workspace_2/install/msg_manage/include/msg_manage/srv
[1.362s] -- Up-to-date: /home/jetson/Desktop/workspace_2/install/msg_manage/include/msg_manage/srv/detail
[1.363s] -- Up-to-date: /home/jetson/Desktop/workspace_2/install/msg_manage/include/msg_manage/srv/detail/add_three_ints__rosidl_typesupport_introspection_c.h
[1.363s] -- Up-to-date: /home/jetson/Desktop/workspace_2/install/msg_manage/include/msg_manage/srv/detail/add_three_ints__type_support.c
[1.364s] -- Up-to-date: /home/jetson/Desktop/workspace_2/install/msg_manage/include/msg_manage/msg
[1.364s] -- Up-to-date: /home/jetson/Desktop/workspace_2/install/msg_manage/include/msg_manage/msg/detail
[1.365s] -- Up-to-date: /home/jetson/Desktop/workspace_2/install/msg_manage/include/msg_manage/msg/detail/num__rosidl_typesupport_introspection_c.h
[1.365s] -- Up-to-date: /home/jetson/Desktop/workspace_2/install/msg_manage/include/msg_manage/msg/detail/num__type_support.c
[1.367s] -- Up-to-date: /home/jetson/Desktop/workspace_2/install/msg_manage/include/msg_manage/msg/rosidl_typesupport_introspection_c__visibility_control.h
[1.371s] -- Up-to-date: /home/jetson/Desktop/workspace_2/install/msg_manage/lib/libmsg_manage__rosidl_typesupport_introspection_c.so
[1.371s] -- Up-to-date: /home/jetson/Desktop/workspace_2/install/msg_manage/lib/libmsg_manage__rosidl_typesupport_c.so
[1.372s] -- Up-to-date: /home/jetson/Desktop/workspace_2/install/msg_manage/include/msg_manage
[1.372s] -- Up-to-date: /home/jetson/Desktop/workspace_2/install/msg_manage/include/msg_manage/srv
[1.373s] -- Up-to-date: /home/jetson/Desktop/workspace_2/install/msg_manage/include/msg_manage/srv/detail
[1.374s] -- Up-to-date: /home/jetson/Desktop/workspace_2/install/msg_manage/include/msg_manage/srv/detail/add_three_ints__traits.hpp
[1.374s] -- Up-to-date: /home/jetson/Desktop/workspace_2/install/msg_manage/include/msg_manage/srv/detail/add_three_ints__builder.hpp
[1.375s] -- Up-to-date: /home/jetson/Desktop/workspace_2/install/msg_manage/include/msg_manage/srv/detail/add_three_ints__struct.hpp
[1.375s] -- Up-to-date: /home/jetson/Desktop/workspace_2/install/msg_manage/include/msg_manage/srv/add_three_ints.hpp
[1.376s] -- Up-to-date: /home/jetson/Desktop/workspace_2/install/msg_manage/include/msg_manage/msg
[1.377s] -- Up-to-date: /home/jetson/Desktop/workspace_2/install/msg_manage/include/msg_manage/msg/num.hpp
[1.377s] -- Up-to-date: /home/jetson/Desktop/workspace_2/install/msg_manage/include/msg_manage/msg/detail
[1.378s] -- Up-to-date: /home/jetson/Desktop/workspace_2/install/msg_manage/include/msg_manage/msg/detail/num__builder.hpp
[1.379s] -- Up-to-date: /home/jetson/Desktop/workspace_2/install/msg_manage/include/msg_manage/msg/detail/num__traits.hpp
[1.379s] -- Up-to-date: /home/jetson/Desktop/workspace_2/install/msg_manage/include/msg_manage/msg/detail/num__struct.hpp
[1.380s] -- Up-to-date: /home/jetson/Desktop/workspace_2/install/msg_manage/include/msg_manage
[1.380s] -- Up-to-date: /home/jetson/Desktop/workspace_2/install/msg_manage/include/msg_manage/srv
[1.381s] -- Up-to-date: /home/jetson/Desktop/workspace_2/install/msg_manage/include/msg_manage/srv/detail
[1.381s] -- Up-to-date: /home/jetson/Desktop/workspace_2/install/msg_manage/include/msg_manage/srv/detail/add_three_ints__type_support.cpp
[1.382s] -- Up-to-date: /home/jetson/Desktop/workspace_2/install/msg_manage/include/msg_manage/srv/detail/add_three_ints__rosidl_typesupport_introspection_cpp.hpp
[1.383s] -- Up-to-date: /home/jetson/Desktop/workspace_2/install/msg_manage/include/msg_manage/msg
[1.383s] -- Up-to-date: /home/jetson/Desktop/workspace_2/install/msg_manage/include/msg_manage/msg/detail
[1.384s] -- Up-to-date: /home/jetson/Desktop/workspace_2/install/msg_manage/include/msg_manage/msg/detail/num__rosidl_typesupport_introspection_cpp.hpp
[1.385s] -- Up-to-date: /home/jetson/Desktop/workspace_2/install/msg_manage/include/msg_manage/msg/detail/num__type_support.cpp
[1.385s] -- Up-to-date: /home/jetson/Desktop/workspace_2/install/msg_manage/lib/libmsg_manage__rosidl_typesupport_introspection_cpp.so
[1.386s] -- Up-to-date: /home/jetson/Desktop/workspace_2/install/msg_manage/lib/libmsg_manage__rosidl_typesupport_cpp.so
[1.386s] -- Up-to-date: /home/jetson/Desktop/workspace_2/install/msg_manage/share/msg_manage/environment/pythonpath.sh
[1.387s] -- Up-to-date: /home/jetson/Desktop/workspace_2/install/msg_manage/share/msg_manage/environment/pythonpath.dsv
[1.388s] -- Up-to-date: /home/jetson/Desktop/workspace_2/install/msg_manage/lib/python3.8/site-packages/msg_manage/__init__.py
[1.526s] -- Up-to-date: /home/jetson/Desktop/workspace_2/install/msg_manage/lib/python3.8/site-packages/msg_manage/msg
[1.527s] -- Up-to-date: /home/jetson/Desktop/workspace_2/install/msg_manage/lib/python3.8/site-packages/msg_manage/msg/__init__.py
[1.527s] -- Up-to-date: /home/jetson/Desktop/workspace_2/install/msg_manage/lib/python3.8/site-packages/msg_manage/msg/_num.py
[1.527s] -- Up-to-date: /home/jetson/Desktop/workspace_2/install/msg_manage/lib/python3.8/site-packages/msg_manage/msg/_num_s.c
[1.528s] -- Up-to-date: /home/jetson/Desktop/workspace_2/install/msg_manage/lib/python3.8/site-packages/msg_manage/srv
[1.528s] -- Up-to-date: /home/jetson/Desktop/workspace_2/install/msg_manage/lib/python3.8/site-packages/msg_manage/srv/_add_three_ints_s.c
[1.529s] -- Up-to-date: /home/jetson/Desktop/workspace_2/install/msg_manage/lib/python3.8/site-packages/msg_manage/srv/__init__.py
[1.529s] -- Up-to-date: /home/jetson/Desktop/workspace_2/install/msg_manage/lib/python3.8/site-packages/msg_manage/srv/_add_three_ints.py
[1.533s] -- Up-to-date: /home/jetson/Desktop/workspace_2/install/msg_manage/lib/python3.8/site-packages/msg_manage/msg_manage_s__rosidl_typesupport_fastrtps_c.cpython-38-aarch64-linux-gnu.so
[1.534s] -- Up-to-date: /home/jetson/Desktop/workspace_2/install/msg_manage/lib/python3.8/site-packages/msg_manage/msg_manage_s__rosidl_typesupport_introspection_c.cpython-38-aarch64-linux-gnu.so
[1.534s] -- Up-to-date: /home/jetson/Desktop/workspace_2/install/msg_manage/lib/python3.8/site-packages/msg_manage/msg_manage_s__rosidl_typesupport_c.cpython-38-aarch64-linux-gnu.so
[1.535s] -- Up-to-date: /home/jetson/Desktop/workspace_2/install/msg_manage/lib/libmsg_manage__python.so
[1.536s] -- Up-to-date: /home/jetson/Desktop/workspace_2/install/msg_manage/share/msg_manage/msg/Num.idl
[1.537s] -- Up-to-date: /home/jetson/Desktop/workspace_2/install/msg_manage/share/msg_manage/srv/AddThreeInts.idl
[1.538s] -- Up-to-date: /home/jetson/Desktop/workspace_2/install/msg_manage/share/msg_manage/msg/Num.msg
[1.539s] -- Up-to-date: /home/jetson/Desktop/workspace_2/install/msg_manage/share/msg_manage/srv/AddThreeInts.srv
[1.539s] -- Up-to-date: /home/jetson/Desktop/workspace_2/install/msg_manage/share/msg_manage/srv/AddThreeInts_Request.msg
[1.540s] -- Up-to-date: /home/jetson/Desktop/workspace_2/install/msg_manage/share/msg_manage/srv/AddThreeInts_Response.msg
[1.540s] -- Up-to-date: /home/jetson/Desktop/workspace_2/install/msg_manage/share/ament_index/resource_index/package_run_dependencies/msg_manage
[1.541s] -- Up-to-date: /home/jetson/Desktop/workspace_2/install/msg_manage/share/ament_index/resource_index/parent_prefix_path/msg_manage
[1.541s] -- Up-to-date: /home/jetson/Desktop/workspace_2/install/msg_manage/share/msg_manage/environment/ament_prefix_path.sh
[1.542s] -- Up-to-date: /home/jetson/Desktop/workspace_2/install/msg_manage/share/msg_manage/environment/ament_prefix_path.dsv
[1.542s] -- Up-to-date: /home/jetson/Desktop/workspace_2/install/msg_manage/share/msg_manage/environment/path.sh
[1.543s] -- Up-to-date: /home/jetson/Desktop/workspace_2/install/msg_manage/share/msg_manage/environment/path.dsv
[1.543s] -- Up-to-date: /home/jetson/Desktop/workspace_2/install/msg_manage/share/msg_manage/local_setup.bash
[1.544s] -- Up-to-date: /home/jetson/Desktop/workspace_2/install/msg_manage/share/msg_manage/local_setup.sh
[1.544s] -- Up-to-date: /home/jetson/Desktop/workspace_2/install/msg_manage/share/msg_manage/local_setup.zsh
[1.545s] -- Up-to-date: /home/jetson/Desktop/workspace_2/install/msg_manage/share/msg_manage/local_setup.dsv
[1.545s] -- Installing: /home/jetson/Desktop/workspace_2/install/msg_manage/share/msg_manage/package.dsv
[1.546s] -- Up-to-date: /home/jetson/Desktop/workspace_2/install/msg_manage/share/ament_index/resource_index/packages/msg_manage
[1.546s] -- Up-to-date: /home/jetson/Desktop/workspace_2/install/msg_manage/share/msg_manage/cmake/msg_manage__rosidl_generator_cExport.cmake
[1.547s] -- Up-to-date: /home/jetson/Desktop/workspace_2/install/msg_manage/share/msg_manage/cmake/msg_manage__rosidl_generator_cExport-noconfig.cmake
[1.548s] -- Up-to-date: /home/jetson/Desktop/workspace_2/install/msg_manage/share/msg_manage/cmake/msg_manage__rosidl_typesupport_introspection_cExport.cmake
[1.548s] -- Up-to-date: /home/jetson/Desktop/workspace_2/install/msg_manage/share/msg_manage/cmake/msg_manage__rosidl_typesupport_introspection_cExport-noconfig.cmake
[1.549s] -- Up-to-date: /home/jetson/Desktop/workspace_2/install/msg_manage/share/msg_manage/cmake/msg_manage__rosidl_typesupport_cExport.cmake
[1.549s] -- Up-to-date: /home/jetson/Desktop/workspace_2/install/msg_manage/share/msg_manage/cmake/msg_manage__rosidl_typesupport_cExport-noconfig.cmake
[1.552s] -- Up-to-date: /home/jetson/Desktop/workspace_2/install/msg_manage/share/msg_manage/cmake/msg_manage__rosidl_generator_cppExport.cmake
[1.552s] -- Up-to-date: /home/jetson/Desktop/workspace_2/install/msg_manage/share/msg_manage/cmake/msg_manage__rosidl_typesupport_introspection_cppExport.cmake
[1.553s] -- Up-to-date: /home/jetson/Desktop/workspace_2/install/msg_manage/share/msg_manage/cmake/msg_manage__rosidl_typesupport_introspection_cppExport-noconfig.cmake
[1.553s] -- Up-to-date: /home/jetson/Desktop/workspace_2/install/msg_manage/share/msg_manage/cmake/msg_manage__rosidl_typesupport_cppExport.cmake
[1.554s] -- Up-to-date: /home/jetson/Desktop/workspace_2/install/msg_manage/share/msg_manage/cmake/msg_manage__rosidl_typesupport_cppExport-noconfig.cmake
[1.555s] -- Up-to-date: /home/jetson/Desktop/workspace_2/install/msg_manage/share/msg_manage/cmake/rosidl_cmake-extras.cmake
[1.557s] -- Up-to-date: /home/jetson/Desktop/workspace_2/install/msg_manage/share/msg_manage/cmake/ament_cmake_export_dependencies-extras.cmake
[1.559s] -- Up-to-date: /home/jetson/Desktop/workspace_2/install/msg_manage/share/msg_manage/cmake/ament_cmake_export_libraries-extras.cmake
[1.563s] -- Up-to-date: /home/jetson/Desktop/workspace_2/install/msg_manage/share/msg_manage/cmake/ament_cmake_export_targets-extras.cmake
[1.563s] -- Up-to-date: /home/jetson/Desktop/workspace_2/install/msg_manage/share/msg_manage/cmake/ament_cmake_export_include_directories-extras.cmake
[1.564s] -- Up-to-date: /home/jetson/Desktop/workspace_2/install/msg_manage/share/msg_manage/cmake/rosidl_cmake_export_typesupport_libraries-extras.cmake
[1.565s] -- Up-to-date: /home/jetson/Desktop/workspace_2/install/msg_manage/share/msg_manage/cmake/rosidl_cmake_export_typesupport_targets-extras.cmake
[1.566s] -- Up-to-date: /home/jetson/Desktop/workspace_2/install/msg_manage/share/msg_manage/cmake/msg_manageConfig.cmake
[1.566s] -- Up-to-date: /home/jetson/Desktop/workspace_2/install/msg_manage/share/msg_manage/cmake/msg_manageConfig-version.cmake
[1.567s] -- Up-to-date: /home/jetson/Desktop/workspace_2/install/msg_manage/share/msg_manage/package.xml
[1.568s] Invoked command in '/home/jetson/Desktop/workspace_2/build/msg_manage' returned '0': CMAKE_PREFIX_PATH=${CMAKE_PREFIX_PATH}:/home/jetson/Desktop/workspace_2/install/project_2:/home/jetson/Desktop/workspace_2/install/my_package2 /usr/bin/cmake --install /home/jetson/Desktop/workspace_2/build/msg_manage
