[3.933s] Invoking command in '/home/jetson/Desktop/workspace_2/src/unity_slam_example': PYTHONPATH=/home/jetson/Desktop/workspace_2/install/unity_slam_example/lib/python3.8/site-packages:${PYTHONPATH} /usr/bin/python3 setup.py egg_info --egg-base ../../build/unity_slam_example build --build-base /home/jetson/Desktop/workspace_2/build/unity_slam_example/build install --prefix /home/jetson/Desktop/workspace_2/install/unity_slam_example --record /home/jetson/Desktop/workspace_2/build/unity_slam_example/install.log --single-version-externally-managed
[5.309s] running egg_info
[5.311s] creating ../../build/unity_slam_example/unity_slam_example.egg-info
[5.313s] writing ../../build/unity_slam_example/unity_slam_example.egg-info/PKG-INFO
[5.313s] writing dependency_links to ../../build/unity_slam_example/unity_slam_example.egg-info/dependency_links.txt
[5.314s] writing requirements to ../../build/unity_slam_example/unity_slam_example.egg-info/requires.txt
[5.314s] writing top-level names to ../../build/unity_slam_example/unity_slam_example.egg-info/top_level.txt
[5.321s] writing manifest file '../../build/unity_slam_example/unity_slam_example.egg-info/SOURCES.txt'
[5.324s] reading manifest file '../../build/unity_slam_example/unity_slam_example.egg-info/SOURCES.txt'
[5.327s] writing manifest file '../../build/unity_slam_example/unity_slam_example.egg-info/SOURCES.txt'
[5.329s] running build
[5.330s] running install
[5.333s] running install_data
[5.335s] creating /home/jetson/Desktop/workspace_2/install/unity_slam_example/share/ament_index
[5.336s] creating /home/jetson/Desktop/workspace_2/install/unity_slam_example/share/ament_index/resource_index
[5.337s] creating /home/jetson/Desktop/workspace_2/install/unity_slam_example/share/ament_index/resource_index/packages
[5.337s] copying resource/unity_slam_example -> /home/jetson/Desktop/workspace_2/install/unity_slam_example/share/ament_index/resource_index/packages
[5.338s] copying package.xml -> /home/jetson/Desktop/workspace_2/install/unity_slam_example/share/unity_slam_example
[5.338s] copying rviz/nav2_unity.rviz -> /home/jetson/Desktop/workspace_2/install/unity_slam_example/share/unity_slam_example
[5.338s] copying launch/unity_slam_example.py -> /home/jetson/Desktop/workspace_2/install/unity_slam_example/share/unity_slam_example
[5.339s] copying launch/unity_viz_example.py -> /home/jetson/Desktop/workspace_2/install/unity_slam_example/share/unity_slam_example
[5.340s] running install_egg_info
[5.347s] Copying ../../build/unity_slam_example/unity_slam_example.egg-info to /home/jetson/Desktop/workspace_2/install/unity_slam_example/lib/python3.8/site-packages/unity_slam_example-0.0.1-py3.8.egg-info
[5.353s] running install_scripts
[5.434s] writing list of installed files to '/home/jetson/Desktop/workspace_2/build/unity_slam_example/install.log'
[5.545s] Invoked command in '/home/jetson/Desktop/workspace_2/src/unity_slam_example' returned '0': PYTHONPATH=/home/jetson/Desktop/workspace_2/install/unity_slam_example/lib/python3.8/site-packages:${PYTHONPATH} /usr/bin/python3 setup.py egg_info --egg-base ../../build/unity_slam_example build --build-base /home/jetson/Desktop/workspace_2/build/unity_slam_example/build install --prefix /home/jetson/Desktop/workspace_2/install/unity_slam_example --record /home/jetson/Desktop/workspace_2/build/unity_slam_example/install.log --single-version-externally-managed
