[0.299s] Invoking command in '/home/jetson/Desktop/workspace_2/build/msg_manage': CMAKE_PREFIX_PATH=${CMAKE_PREFIX_PATH}:/home/jetson/Desktop/workspace_2/install/unity_slam_example:/home/jetson/Desktop/workspace_2/install/unity_robotics_demo:/home/jetson/Desktop/workspace_2/install/ros_tcp_endpoint:/home/jetson/Desktop/workspace_2/install/project_2:/opt/ros/foxy /usr/bin/cmake --build /home/jetson/Desktop/workspace_2/build/msg_manage -- -j4 -l4
[3.182s] CMake Error at /home/jetson/ros2_foxy/ros2-linux/share/rosidl_adapter/cmake/rosidl_adapt_interfaces.cmake:60 (message):
[3.183s]   execute_process(/usr/bin/python3 -m rosidl_adapter --package-name
[3.184s]   msg_manage --arguments-file
[3.184s]   /home/jetson/Desktop/workspace_2/build/msg_manage/rosidl_adapter__arguments__msg_manage.json
[3.185s]   --output-dir
[3.185s]   /home/jetson/Desktop/workspace_2/build/msg_manage/rosidl_adapter/msg_manage
[3.186s]   --output-file
[3.187s]   /home/jetson/Desktop/workspace_2/build/msg_manage/rosidl_adapter/msg_manage.idls)
[3.189s]   returned error code 1:
[3.193s] 
[3.194s]   KeyError processing template 'struct.idl.em': 'time'
[3.194s] 
[3.195s] Call Stack (most recent call first):
[3.195s]   /home/jetson/ros2_foxy/ros2-linux/share/rosidl_cmake/cmake/rosidl_generate_interfaces.cmake:130 (rosidl_adapt_interfaces)
[3.197s]   CMakeLists.txt:38 (rosidl_generate_interfaces)
[3.198s] 
[3.199s] 
[3.200s] make: *** [Makefile:1228: cmake_check_build_system] Error 1
[3.203s] -- Found ament_cmake: 0.9.9 (/home/jetson/ros2_foxy/ros2-linux/share/ament_cmake/cmake)
[3.205s] -- Found PythonInterp: /usr/bin/python3 (found suitable version "3.8.10", minimum required is "3") 
[3.210s] -- Using PYTHON_EXECUTABLE: /usr/bin/python3
[3.212s] -- Found ament_lint_auto: 0.9.6 (/home/jetson/ros2_foxy/ros2-linux/share/ament_lint_auto/cmake)
[3.217s] -- Found rosidl_default_generators: 1.0.1 (/home/jetson/ros2_foxy/ros2-linux/share/rosidl_default_generators/cmake)
[3.220s] -- Using all available rosidl_typesupport_c: rosidl_typesupport_fastrtps_c;rosidl_typesupport_introspection_c
[3.225s] -- Found rosidl_adapter: 1.2.1 (/home/jetson/ros2_foxy/ros2-linux/share/rosidl_adapter/cmake)
[3.227s] -- Using all available rosidl_typesupport_cpp: rosidl_typesupport_fastrtps_cpp;rosidl_typesupport_introspection_cpp
[3.228s] -- Found PythonInterp: /usr/bin/python3 (found version "3.8.10") 
[3.228s] -- Configuring incomplete, errors occurred!
[3.229s] See also "/home/jetson/Desktop/workspace_2/build/msg_manage/CMakeFiles/CMakeOutput.log".
[3.237s] Invoked command in '/home/jetson/Desktop/workspace_2/build/msg_manage' returned '2': CMAKE_PREFIX_PATH=${CMAKE_PREFIX_PATH}:/home/jetson/Desktop/workspace_2/install/unity_slam_example:/home/jetson/Desktop/workspace_2/install/unity_robotics_demo:/home/jetson/Desktop/workspace_2/install/ros_tcp_endpoint:/home/jetson/Desktop/workspace_2/install/project_2:/opt/ros/foxy /usr/bin/cmake --build /home/jetson/Desktop/workspace_2/build/msg_manage -- -j4 -l4
