In file included from [01m[K/home/jetson/Desktop/workspace_2/build/msg_manage/rosidl_generator_c/msg_manage/srv/detail/twist_srv__functions.h:19[m[K,
                 from [01m[K/home/jetson/Desktop/workspace_2/build/msg_manage/rosidl_generator_c/msg_manage/srv/detail/twist_srv__functions.c:4[m[K:
[01m[K/home/jetson/Desktop/workspace_2/build/msg_manage/rosidl_generator_c/msg_manage/srv/detail/twist_srv__struct.h:23:10:[m[K [01;31m[Kfatal error: [m[Kmsg_manage/msg/detail/vector3__struct.h: No such file or directory
 #include [01;31m[K"msg_manage/msg/detail/vector3__struct.h"[m[K
          [01;31m[K^~~~~~~~~~~~~~~~~~~~~~~~~~~~~~~~~~~~~~~~~[m[K
compilation terminated.
make[2]: *** [CMakeFiles/msg_manage__rosidl_generator_c.dir/build.make:202: CMakeFiles/msg_manage__rosidl_generator_c.dir/rosidl_generator_c/msg_manage/srv/detail/twist_srv__functions.c.o] Error 1
make[2]: *** Waiting for unfinished jobs....
make[1]: *** [CMakeFiles/Makefile2:271: CMakeFiles/msg_manage__rosidl_generator_c.dir/all] Error 2
make[1]: *** Waiting for unfinished jobs....
In file included from [01m[K/home/jetson/Desktop/workspace_2/build/msg_manage/rosidl_typesupport_cpp/msg_manage/srv/twist_srv__type_support.cpp:7[m[K:
[01m[K/home/jetson/Desktop/workspace_2/build/msg_manage/rosidl_generator_cpp/msg_manage/srv/detail/twist_srv__struct.hpp:20:10:[m[K [01;31m[Kfatal error: [m[Kmsg_manage/msg/detail/vector3__struct.hpp: No such file or directory
 #include [01;31m[K"msg_manage/msg/detail/vector3__struct.hpp"[m[K
          [01;31m[K^~~~~~~~~~~~~~~~~~~~~~~~~~~~~~~~~~~~~~~~~~~[m[K
compilation terminated.
make[2]: *** [CMakeFiles/msg_manage__rosidl_typesupport_cpp.dir/build.make:135: CMakeFiles/msg_manage__rosidl_typesupport_cpp.dir/rosidl_typesupport_cpp/msg_manage/srv/twist_srv__type_support.cpp.o] Error 1
make[2]: *** Waiting for unfinished jobs....
make[1]: *** [CMakeFiles/Makefile2:499: CMakeFiles/msg_manage__rosidl_typesupport_cpp.dir/all] Error 2
In file included from [01m[K/home/jetson/Desktop/workspace_2/build/msg_manage/rosidl_typesupport_introspection_cpp/msg_manage/srv/detail/twist_srv__type_support.cpp:12[m[K:
[01m[K/home/jetson/Desktop/workspace_2/build/msg_manage/rosidl_generator_cpp/msg_manage/srv/detail/twist_srv__struct.hpp:20:10:[m[K [01;31m[Kfatal error: [m[Kmsg_manage/msg/detail/vector3__struct.hpp: No such file or directory
 #include [01;31m[K"msg_manage/msg/detail/vector3__struct.hpp"[m[K
          [01;31m[K^~~~~~~~~~~~~~~~~~~~~~~~~~~~~~~~~~~~~~~~~~~[m[K
compilation terminated.
make[2]: *** [CMakeFiles/msg_manage__rosidl_typesupport_introspection_cpp.dir/build.make:152: CMakeFiles/msg_manage__rosidl_typesupport_introspection_cpp.dir/rosidl_typesupport_introspection_cpp/msg_manage/srv/detail/twist_srv__type_support.cpp.o] Error 1
make[2]: *** Waiting for unfinished jobs....
In file included from [01m[K/home/jetson/Desktop/workspace_2/build/msg_manage/rosidl_typesupport_fastrtps_cpp/msg_manage/srv/detail/twist_srv__rosidl_typesupport_fastrtps_cpp.hpp:11[m[K,
                 from [01m[K/home/jetson/Desktop/workspace_2/build/msg_manage/rosidl_typesupport_fastrtps_cpp/msg_manage/srv/detail/dds_fastrtps/twist_srv__type_support.cpp:4[m[K:
[01m[K/home/jetson/Desktop/workspace_2/build/msg_manage/rosidl_generator_cpp/msg_manage/srv/detail/twist_srv__struct.hpp:20:10:[m[K [01;31m[Kfatal error: [m[Kmsg_manage/msg/detail/vector3__struct.hpp: No such file or directory
 #include [01;31m[K"msg_manage/msg/detail/vector3__struct.hpp"[m[K
          [01;31m[K^~~~~~~~~~~~~~~~~~~~~~~~~~~~~~~~~~~~~~~~~~~[m[K
compilation terminated.
make[2]: *** [CMakeFiles/msg_manage__rosidl_typesupport_fastrtps_cpp.dir/build.make:152: CMakeFiles/msg_manage__rosidl_typesupport_fastrtps_cpp.dir/rosidl_typesupport_fastrtps_cpp/msg_manage/srv/detail/dds_fastrtps/twist_srv__type_support.cpp.o] Error 1
make[2]: *** Waiting for unfinished jobs....
make[1]: *** [CMakeFiles/Makefile2:526: CMakeFiles/msg_manage__rosidl_typesupport_introspection_cpp.dir/all] Error 2
make[1]: *** [CMakeFiles/Makefile2:418: CMakeFiles/msg_manage__rosidl_typesupport_fastrtps_cpp.dir/all] Error 2
make: *** [Makefile:141: all] Error 2
