[0.295s] Invoking command in '/home/jetson/Desktop/workspace_2/build/msg_manage': CMAKE_PREFIX_PATH=${CMAKE_PREFIX_PATH}:/home/jetson/Desktop/workspace_2/install/unity_slam_example:/home/jetson/Desktop/workspace_2/install/unity_robotics_demo:/home/jetson/Desktop/workspace_2/install/ros_tcp_endpoint:/home/jetson/Desktop/workspace_2/install/project_2:/opt/ros/foxy /usr/bin/cmake --build /home/jetson/Desktop/workspace_2/build/msg_manage -- -j4 -l4
[3.203s] -- Found ament_cmake: 0.9.9 (/home/jetson/ros2_foxy/ros2-linux/share/ament_cmake/cmake)
[3.204s] -- Found PythonInterp: /usr/bin/python3 (found suitable version "3.8.10", minimum required is "3") 
[3.205s] -- Using PYTHON_EXECUTABLE: /usr/bin/python3
[3.206s] -- Found ament_lint_auto: 0.9.6 (/home/jetson/ros2_foxy/ros2-linux/share/ament_lint_auto/cmake)
[3.206s] -- Found rosidl_default_generators: 1.0.1 (/home/jetson/ros2_foxy/ros2-linux/share/rosidl_default_generators/cmake)
[3.207s] -- Using all available rosidl_typesupport_c: rosidl_typesupport_fastrtps_c;rosidl_typesupport_introspection_c
[3.208s] -- Found rosidl_adapter: 1.2.1 (/home/jetson/ros2_foxy/ros2-linux/share/rosidl_adapter/cmake)
[3.209s] -- Using all available rosidl_typesupport_cpp: rosidl_typesupport_fastrtps_cpp;rosidl_typesupport_introspection_cpp
[3.211s] -- Found PythonInterp: /usr/bin/python3 (found version "3.8.10") 
[3.624s] -- Found ament_cmake_ros: 0.9.2 (/home/jetson/ros2_foxy/ros2-linux/share/ament_cmake_ros/cmake)
[4.362s] -- Using all available rosidl_typesupport_c: rosidl_typesupport_fastrtps_c;rosidl_typesupport_introspection_c
[4.527s] -- Using all available rosidl_typesupport_cpp: rosidl_typesupport_fastrtps_cpp;rosidl_typesupport_introspection_cpp
[4.676s] -- Found PythonInterp: /usr/bin/python3 (found suitable version "3.8.10", minimum required is "3.5") 
[4.680s] -- Found python_cmake_module: 0.8.1 (/home/jetson/ros2_foxy/ros2-linux/share/python_cmake_module/cmake)
[4.817s] -- Using PYTHON_EXECUTABLE: /usr/bin/python3
[4.818s] -- Using PYTHON_INCLUDE_DIRS: /usr/include/python3.8
[4.818s] -- Using PYTHON_LIBRARIES: /usr/lib/aarch64-linux-gnu/libpython3.8.so
[5.104s] -- Added test 'copyright' to check source files copyright and LICENSE
[5.129s] -- Added test 'lint_cmake' to check CMake code style
[5.138s] -- Added test 'xmllint' to check XML markup files
[5.222s] -- Configuring done
[5.712s] -- Generating done
[5.733s] -- Build files have been written to: /home/jetson/Desktop/workspace_2/build/msg_manage
[5.992s] [  1%] [34m[1mGenerating C code for ROS interfaces[0m
[6.005s] [35m[1mScanning dependencies of target msg_manage__cpp[0m
[6.133s] [  3%] [34m[1mGenerating C++ code for ROS interfaces[0m
[9.819s] [35m[1mScanning dependencies of target msg_manage__rosidl_generator_c[0m
[9.887s] [  4%] [32mBuilding C object CMakeFiles/msg_manage__rosidl_generator_c.dir/rosidl_generator_c/msg_manage/msg/detail/num__functions.c.o[0m
[9.931s] [  6%] [32mBuilding C object CMakeFiles/msg_manage__rosidl_generator_c.dir/rosidl_generator_c/msg_manage/srv/detail/add_three_ints__functions.c.o[0m
[9.933s] [  7%] [32mBuilding C object CMakeFiles/msg_manage__rosidl_generator_c.dir/rosidl_generator_c/msg_manage/msg/detail/motor2__functions.c.o[0m
[10.056s] [  7%] Built target msg_manage__cpp
[10.093s] [  9%] [32mBuilding C object CMakeFiles/msg_manage__rosidl_generator_c.dir/rosidl_generator_c/msg_manage/srv/detail/twist_srv__functions.c.o[0m
[10.245s] In file included from [01m[K/home/jetson/Desktop/workspace_2/build/msg_manage/rosidl_generator_c/msg_manage/srv/detail/twist_srv__functions.h:19[m[K,
[10.245s]                  from [01m[K/home/jetson/Desktop/workspace_2/build/msg_manage/rosidl_generator_c/msg_manage/srv/detail/twist_srv__functions.c:4[m[K:
[10.246s] [01m[K/home/jetson/Desktop/workspace_2/build/msg_manage/rosidl_generator_c/msg_manage/srv/detail/twist_srv__struct.h:23:10:[m[K [01;31m[Kfatal error: [m[Kmsg_manage/msg/detail/vector3__struct.h: No such file or directory
[10.247s]  #include [01;31m[K"msg_manage/msg/detail/vector3__struct.h"[m[K
[10.247s]           [01;31m[K^~~~~~~~~~~~~~~~~~~~~~~~~~~~~~~~~~~~~~~~~[m[K
[10.247s] compilation terminated.
[10.251s] make[2]: *** [CMakeFiles/msg_manage__rosidl_generator_c.dir/build.make:202: CMakeFiles/msg_manage__rosidl_generator_c.dir/rosidl_generator_c/msg_manage/srv/detail/twist_srv__functions.c.o] Error 1
[10.251s] make[2]: *** Waiting for unfinished jobs....
[10.326s] [ 11%] [34m[1mGenerating C++ introspection for ROS interfaces[0m
[10.453s] make[1]: *** [CMakeFiles/Makefile2:271: CMakeFiles/msg_manage__rosidl_generator_c.dir/all] Error 2
[10.453s] make[1]: *** Waiting for unfinished jobs....
[10.540s] [ 12%] [34m[1mGenerating C++ type support for eProsima Fast-RTPS[0m
[10.554s] [ 14%] [34m[1mGenerating C++ type support dispatch for ROS interfaces[0m
[13.686s] [35m[1mScanning dependencies of target msg_manage__rosidl_typesupport_cpp[0m
[13.884s] [ 15%] [32mBuilding CXX object CMakeFiles/msg_manage__rosidl_typesupport_cpp.dir/rosidl_typesupport_cpp/msg_manage/msg/num__type_support.cpp.o[0m
[13.995s] [ 17%] [32mBuilding CXX object CMakeFiles/msg_manage__rosidl_typesupport_cpp.dir/rosidl_typesupport_cpp/msg_manage/msg/motor2__type_support.cpp.o[0m
[14.052s] [35m[1mScanning dependencies of target msg_manage__rosidl_typesupport_introspection_cpp[0m
[14.187s] [ 19%] [32mBuilding CXX object CMakeFiles/msg_manage__rosidl_typesupport_introspection_cpp.dir/rosidl_typesupport_introspection_cpp/msg_manage/msg/detail/num__type_support.cpp.o[0m
[15.535s] [35m[1mScanning dependencies of target msg_manage__rosidl_typesupport_fastrtps_cpp[0m
[15.708s] [ 20%] [32mBuilding CXX object CMakeFiles/msg_manage__rosidl_typesupport_fastrtps_cpp.dir/rosidl_typesupport_fastrtps_cpp/msg_manage/msg/detail/dds_fastrtps/num__type_support.cpp.o[0m
[16.005s] [ 22%] [32mBuilding CXX object CMakeFiles/msg_manage__rosidl_typesupport_cpp.dir/rosidl_typesupport_cpp/msg_manage/srv/add_three_ints__type_support.cpp.o[0m
[16.020s] [ 23%] [32mBuilding CXX object CMakeFiles/msg_manage__rosidl_typesupport_introspection_cpp.dir/rosidl_typesupport_introspection_cpp/msg_manage/msg/detail/motor2__type_support.cpp.o[0m
[16.024s] [ 25%] [32mBuilding CXX object CMakeFiles/msg_manage__rosidl_typesupport_cpp.dir/rosidl_typesupport_cpp/msg_manage/srv/twist_srv__type_support.cpp.o[0m
[16.258s] In file included from [01m[K/home/jetson/Desktop/workspace_2/build/msg_manage/rosidl_typesupport_cpp/msg_manage/srv/twist_srv__type_support.cpp:7[m[K:
[16.259s] [01m[K/home/jetson/Desktop/workspace_2/build/msg_manage/rosidl_generator_cpp/msg_manage/srv/detail/twist_srv__struct.hpp:20:10:[m[K [01;31m[Kfatal error: [m[Kmsg_manage/msg/detail/vector3__struct.hpp: No such file or directory
[16.260s]  #include [01;31m[K"msg_manage/msg/detail/vector3__struct.hpp"[m[K
[16.261s]           [01;31m[K^~~~~~~~~~~~~~~~~~~~~~~~~~~~~~~~~~~~~~~~~~~[m[K
[16.261s] compilation terminated.
[16.268s] make[2]: *** [CMakeFiles/msg_manage__rosidl_typesupport_cpp.dir/build.make:135: CMakeFiles/msg_manage__rosidl_typesupport_cpp.dir/rosidl_typesupport_cpp/msg_manage/srv/twist_srv__type_support.cpp.o] Error 1
[16.269s] make[2]: *** Waiting for unfinished jobs....
[16.367s] [ 26%] [32mBuilding CXX object CMakeFiles/msg_manage__rosidl_typesupport_introspection_cpp.dir/rosidl_typesupport_introspection_cpp/msg_manage/srv/detail/add_three_ints__type_support.cpp.o[0m
[17.249s] make[1]: *** [CMakeFiles/Makefile2:499: CMakeFiles/msg_manage__rosidl_typesupport_cpp.dir/all] Error 2
[17.351s] [ 28%] [32mBuilding CXX object CMakeFiles/msg_manage__rosidl_typesupport_introspection_cpp.dir/rosidl_typesupport_introspection_cpp/msg_manage/srv/detail/twist_srv__type_support.cpp.o[0m
[17.451s] [ 30%] [32mBuilding CXX object CMakeFiles/msg_manage__rosidl_typesupport_introspection_cpp.dir/rosidl_typesupport_introspection_cpp/msg_manage/action/detail/testaction__type_support.cpp.o[0m
[17.560s] In file included from [01m[K/home/jetson/Desktop/workspace_2/build/msg_manage/rosidl_typesupport_introspection_cpp/msg_manage/srv/detail/twist_srv__type_support.cpp:12[m[K:
[17.561s] [01m[K/home/jetson/Desktop/workspace_2/build/msg_manage/rosidl_generator_cpp/msg_manage/srv/detail/twist_srv__struct.hpp:20:10:[m[K [01;31m[Kfatal error: [m[Kmsg_manage/msg/detail/vector3__struct.hpp: No such file or directory
[17.562s]  #include [01;31m[K"msg_manage/msg/detail/vector3__struct.hpp"[m[K
[17.563s]           [01;31m[K^~~~~~~~~~~~~~~~~~~~~~~~~~~~~~~~~~~~~~~~~~~[m[K
[17.564s] compilation terminated.
[17.573s] make[2]: *** [CMakeFiles/msg_manage__rosidl_typesupport_introspection_cpp.dir/build.make:152: CMakeFiles/msg_manage__rosidl_typesupport_introspection_cpp.dir/rosidl_typesupport_introspection_cpp/msg_manage/srv/detail/twist_srv__type_support.cpp.o] Error 1
[17.575s] make[2]: *** Waiting for unfinished jobs....
[17.676s] [ 31%] [32mBuilding CXX object CMakeFiles/msg_manage__rosidl_typesupport_fastrtps_cpp.dir/rosidl_typesupport_fastrtps_cpp/msg_manage/msg/detail/dds_fastrtps/motor2__type_support.cpp.o[0m
[18.267s] [ 33%] [32mBuilding CXX object CMakeFiles/msg_manage__rosidl_typesupport_fastrtps_cpp.dir/rosidl_typesupport_fastrtps_cpp/msg_manage/srv/detail/dds_fastrtps/add_three_ints__type_support.cpp.o[0m
[18.646s] [ 34%] [32mBuilding CXX object CMakeFiles/msg_manage__rosidl_typesupport_fastrtps_cpp.dir/rosidl_typesupport_fastrtps_cpp/msg_manage/srv/detail/dds_fastrtps/twist_srv__type_support.cpp.o[0m
[18.841s] In file included from [01m[K/home/jetson/Desktop/workspace_2/build/msg_manage/rosidl_typesupport_fastrtps_cpp/msg_manage/srv/detail/twist_srv__rosidl_typesupport_fastrtps_cpp.hpp:11[m[K,
[18.842s]                  from [01m[K/home/jetson/Desktop/workspace_2/build/msg_manage/rosidl_typesupport_fastrtps_cpp/msg_manage/srv/detail/dds_fastrtps/twist_srv__type_support.cpp:4[m[K:
[18.842s] [01m[K/home/jetson/Desktop/workspace_2/build/msg_manage/rosidl_generator_cpp/msg_manage/srv/detail/twist_srv__struct.hpp:20:10:[m[K [01;31m[Kfatal error: [m[Kmsg_manage/msg/detail/vector3__struct.hpp: No such file or directory
[18.843s]  #include [01;31m[K"msg_manage/msg/detail/vector3__struct.hpp"[m[K
[18.843s]           [01;31m[K^~~~~~~~~~~~~~~~~~~~~~~~~~~~~~~~~~~~~~~~~~~[m[K
[18.844s] compilation terminated.
[18.849s] make[2]: *** [CMakeFiles/msg_manage__rosidl_typesupport_fastrtps_cpp.dir/build.make:152: CMakeFiles/msg_manage__rosidl_typesupport_fastrtps_cpp.dir/rosidl_typesupport_fastrtps_cpp/msg_manage/srv/detail/dds_fastrtps/twist_srv__type_support.cpp.o] Error 1
[18.849s] make[2]: *** Waiting for unfinished jobs....
[19.367s] make[1]: *** [CMakeFiles/Makefile2:526: CMakeFiles/msg_manage__rosidl_typesupport_introspection_cpp.dir/all] Error 2
[20.184s] make[1]: *** [CMakeFiles/Makefile2:418: CMakeFiles/msg_manage__rosidl_typesupport_fastrtps_cpp.dir/all] Error 2
[20.184s] make: *** [Makefile:141: all] Error 2
[20.192s] Invoked command in '/home/jetson/Desktop/workspace_2/build/msg_manage' returned '2': CMAKE_PREFIX_PATH=${CMAKE_PREFIX_PATH}:/home/jetson/Desktop/workspace_2/install/unity_slam_example:/home/jetson/Desktop/workspace_2/install/unity_robotics_demo:/home/jetson/Desktop/workspace_2/install/ros_tcp_endpoint:/home/jetson/Desktop/workspace_2/install/project_2:/opt/ros/foxy /usr/bin/cmake --build /home/jetson/Desktop/workspace_2/build/msg_manage -- -j4 -l4
