running egg_info
writing ../../build/project_2/project_2.egg-info/PKG-INFO
writing dependency_links to ../../build/project_2/project_2.egg-info/dependency_links.txt
writing entry points to ../../build/project_2/project_2.egg-info/entry_points.txt
writing requirements to ../../build/project_2/project_2.egg-info/requires.txt
writing top-level names to ../../build/project_2/project_2.egg-info/top_level.txt
reading manifest file '../../build/project_2/project_2.egg-info/SOURCES.txt'
writing manifest file '../../build/project_2/project_2.egg-info/SOURCES.txt'
running build
running build_py
running install
running install_lib
creating /home/jetson/Desktop/workspace_2/install/project_2/lib/python3.8/site-packages/project_2
copying /home/jetson/Desktop/workspace_2/build/project_2/build/lib/project_2/slam_navigation.py -> /home/jetson/Desktop/workspace_2/install/project_2/lib/python3.8/site-packages/project_2
copying /home/jetson/Desktop/workspace_2/build/project_2/build/lib/project_2/gps_reader.py -> /home/jetson/Desktop/workspace_2/install/project_2/lib/python3.8/site-packages/project_2
copying /home/jetson/Desktop/workspace_2/build/project_2/build/lib/project_2/imu_reader.py -> /home/jetson/Desktop/workspace_2/install/project_2/lib/python3.8/site-packages/project_2
copying /home/jetson/Desktop/workspace_2/build/project_2/build/lib/project_2/img_processor.py -> /home/jetson/Desktop/workspace_2/install/project_2/lib/python3.8/site-packages/project_2
copying /home/jetson/Desktop/workspace_2/build/project_2/build/lib/project_2/motor_cmd.py -> /home/jetson/Desktop/workspace_2/install/project_2/lib/python3.8/site-packages/project_2
copying /home/jetson/Desktop/workspace_2/build/project_2/build/lib/project_2/joy_motor.py -> /home/jetson/Desktop/workspace_2/install/project_2/lib/python3.8/site-packages/project_2
copying /home/jetson/Desktop/workspace_2/build/project_2/build/lib/project_2/arduino_reader.py -> /home/jetson/Desktop/workspace_2/install/project_2/lib/python3.8/site-packages/project_2
copying /home/jetson/Desktop/workspace_2/build/project_2/build/lib/project_2/__init__.py -> /home/jetson/Desktop/workspace_2/install/project_2/lib/python3.8/site-packages/project_2
copying /home/jetson/Desktop/workspace_2/build/project_2/build/lib/project_2/message_sender.py -> /home/jetson/Desktop/workspace_2/install/project_2/lib/python3.8/site-packages/project_2
byte-compiling /home/jetson/Desktop/workspace_2/install/project_2/lib/python3.8/site-packages/project_2/slam_navigation.py to slam_navigation.cpython-38.pyc
byte-compiling /home/jetson/Desktop/workspace_2/install/project_2/lib/python3.8/site-packages/project_2/gps_reader.py to gps_reader.cpython-38.pyc
byte-compiling /home/jetson/Desktop/workspace_2/install/project_2/lib/python3.8/site-packages/project_2/imu_reader.py to imu_reader.cpython-38.pyc
byte-compiling /home/jetson/Desktop/workspace_2/install/project_2/lib/python3.8/site-packages/project_2/img_processor.py to img_processor.cpython-38.pyc
byte-compiling /home/jetson/Desktop/workspace_2/install/project_2/lib/python3.8/site-packages/project_2/motor_cmd.py to motor_cmd.cpython-38.pyc
byte-compiling /home/jetson/Desktop/workspace_2/install/project_2/lib/python3.8/site-packages/project_2/joy_motor.py to joy_motor.cpython-38.pyc
byte-compiling /home/jetson/Desktop/workspace_2/install/project_2/lib/python3.8/site-packages/project_2/arduino_reader.py to arduino_reader.cpython-38.pyc
byte-compiling /home/jetson/Desktop/workspace_2/install/project_2/lib/python3.8/site-packages/project_2/__init__.py to __init__.cpython-38.pyc
byte-compiling /home/jetson/Desktop/workspace_2/install/project_2/lib/python3.8/site-packages/project_2/message_sender.py to message_sender.cpython-38.pyc
running install_data
creating /home/jetson/Desktop/workspace_2/install/project_2/share/ament_index
creating /home/jetson/Desktop/workspace_2/install/project_2/share/ament_index/resource_index
creating /home/jetson/Desktop/workspace_2/install/project_2/share/ament_index/resource_index/packages
copying resource/project_2 -> /home/jetson/Desktop/workspace_2/install/project_2/share/ament_index/resource_index/packages
copying package.xml -> /home/jetson/Desktop/workspace_2/install/project_2/share/project_2
copying rviz/nav2_unity.rviz -> /home/jetson/Desktop/workspace_2/install/project_2/share/project_2
copying launch/slam_tcp.py -> /home/jetson/Desktop/workspace_2/install/project_2/share/project_2
copying params/nav2_params.yaml -> /home/jetson/Desktop/workspace_2/install/project_2/share/project_2
copying params/mapper_params_offline.yaml -> /home/jetson/Desktop/workspace_2/install/project_2/share/project_2
copying launch/message_sender.py -> /home/jetson/Desktop/workspace_2/install/project_2/share/project_2
copying launch/simulation.py -> /home/jetson/Desktop/workspace_2/install/project_2/share/project_2
running install_egg_info
Copying ../../build/project_2/project_2.egg-info to /home/jetson/Desktop/workspace_2/install/project_2/lib/python3.8/site-packages/project_2-0.0.0-py3.8.egg-info
running install_scripts
Installing arduino_reader script to /home/jetson/Desktop/workspace_2/install/project_2/lib/project_2
Installing gps_reader script to /home/jetson/Desktop/workspace_2/install/project_2/lib/project_2
Installing img_processor script to /home/jetson/Desktop/workspace_2/install/project_2/lib/project_2
Installing imu_reader script to /home/jetson/Desktop/workspace_2/install/project_2/lib/project_2
Installing joy_motor script to /home/jetson/Desktop/workspace_2/install/project_2/lib/project_2
Installing message_sender script to /home/jetson/Desktop/workspace_2/install/project_2/lib/project_2
Installing motor_cmd script to /home/jetson/Desktop/workspace_2/install/project_2/lib/project_2
Installing slam_navigation script to /home/jetson/Desktop/workspace_2/install/project_2/lib/project_2
writing list of installed files to '/home/jetson/Desktop/workspace_2/build/project_2/install.log'
