[3.988s] Invoking command in '/home/jetson/Desktop/workspace_2/src/unity_slam_example': PYTHONPATH=/home/jetson/Desktop/workspace_2/install/unity_slam_example/lib/python3.8/site-packages:${PYTHONPATH} /usr/bin/python3 setup.py egg_info --egg-base ../../build/unity_slam_example build --build-base /home/jetson/Desktop/workspace_2/build/unity_slam_example/build install --prefix /home/jetson/Desktop/workspace_2/install/unity_slam_example --record /home/jetson/Desktop/workspace_2/build/unity_slam_example/install.log --single-version-externally-managed
[5.583s] /usr/local/lib/python3.8/dist-packages/setuptools/dist.py:717: UserWarning: Usage of dash-separated 'script-dir' will not be supported in future versions. Please use the underscore name 'script_dir' instead
[5.584s]   warnings.warn(
[5.587s] /usr/local/lib/python3.8/dist-packages/setuptools/dist.py:717: UserWarning: Usage of dash-separated 'install-scripts' will not be supported in future versions. Please use the underscore name 'install_scripts' instead
[5.587s]   warnings.warn(
[5.852s] running egg_info
[5.856s] creating ../../build/unity_slam_example/unity_slam_example.egg-info
[5.858s] writing ../../build/unity_slam_example/unity_slam_example.egg-info/PKG-INFO
[5.860s] writing dependency_links to ../../build/unity_slam_example/unity_slam_example.egg-info/dependency_links.txt
[5.861s] writing requirements to ../../build/unity_slam_example/unity_slam_example.egg-info/requires.txt
[5.862s] writing top-level names to ../../build/unity_slam_example/unity_slam_example.egg-info/top_level.txt
[5.869s] writing manifest file '../../build/unity_slam_example/unity_slam_example.egg-info/SOURCES.txt'
[5.873s] reading manifest file '../../build/unity_slam_example/unity_slam_example.egg-info/SOURCES.txt'
[5.878s] writing manifest file '../../build/unity_slam_example/unity_slam_example.egg-info/SOURCES.txt'
[5.879s] running build
[5.880s] running install
[5.884s] running install_data
[5.887s] creating /home/jetson/Desktop/workspace_2/install/unity_slam_example/share/ament_index
[5.888s] creating /home/jetson/Desktop/workspace_2/install/unity_slam_example/share/ament_index/resource_index
[5.889s] creating /home/jetson/Desktop/workspace_2/install/unity_slam_example/share/ament_index/resource_index/packages
[5.890s] copying resource/unity_slam_example -> /home/jetson/Desktop/workspace_2/install/unity_slam_example/share/ament_index/resource_index/packages
[5.891s] copying package.xml -> /home/jetson/Desktop/workspace_2/install/unity_slam_example/share/unity_slam_example
[5.892s] copying rviz/nav2_unity.rviz -> /home/jetson/Desktop/workspace_2/install/unity_slam_example/share/unity_slam_example
[5.895s] copying launch/unity_slam_example.py -> /home/jetson/Desktop/workspace_2/install/unity_slam_example/share/unity_slam_example
[5.903s] copying launch/unity_viz_example.py -> /home/jetson/Desktop/workspace_2/install/unity_slam_example/share/unity_slam_example
[5.911s] running install_egg_info
[5.923s] Copying ../../build/unity_slam_example/unity_slam_example.egg-info to /home/jetson/Desktop/workspace_2/install/unity_slam_example/lib/python3.8/site-packages/unity_slam_example-0.0.1-py3.8.egg-info
[5.928s] running install_scripts
[6.097s] writing list of installed files to '/home/jetson/Desktop/workspace_2/build/unity_slam_example/install.log'
[6.331s] Invoked command in '/home/jetson/Desktop/workspace_2/src/unity_slam_example' returned '0': PYTHONPATH=/home/jetson/Desktop/workspace_2/install/unity_slam_example/lib/python3.8/site-packages:${PYTHONPATH} /usr/bin/python3 setup.py egg_info --egg-base ../../build/unity_slam_example build --build-base /home/jetson/Desktop/workspace_2/build/unity_slam_example/build install --prefix /home/jetson/Desktop/workspace_2/install/unity_slam_example --record /home/jetson/Desktop/workspace_2/build/unity_slam_example/install.log --single-version-externally-managed
