[4.655s] Invoking command in '/home/jetson/Desktop/workspace_2/src/project_2': PYTHONPATH=/home/jetson/Desktop/workspace_2/install/project_2/lib/python3.8/site-packages:${PYTHONPATH} /usr/bin/python3 setup.py egg_info --egg-base ../../build/project_2 build --build-base /home/jetson/Desktop/workspace_2/build/project_2/build install --prefix /home/jetson/Desktop/workspace_2/install/project_2 --record /home/jetson/Desktop/workspace_2/build/project_2/install.log --single-version-externally-managed
[5.701s] /usr/local/lib/python3.8/dist-packages/setuptools/dist.py:717: UserWarning: Usage of dash-separated 'script-dir' will not be supported in future versions. Please use the underscore name 'script_dir' instead
[5.702s]   warnings.warn(
[5.703s] /usr/local/lib/python3.8/dist-packages/setuptools/dist.py:717: UserWarning: Usage of dash-separated 'install-scripts' will not be supported in future versions. Please use the underscore name 'install_scripts' instead
[5.703s]   warnings.warn(
[5.855s] running egg_info
[5.857s] writing ../../build/project_2/project_2.egg-info/PKG-INFO
[5.858s] writing dependency_links to ../../build/project_2/project_2.egg-info/dependency_links.txt
[5.858s] writing entry points to ../../build/project_2/project_2.egg-info/entry_points.txt
[5.859s] writing requirements to ../../build/project_2/project_2.egg-info/requires.txt
[5.860s] writing top-level names to ../../build/project_2/project_2.egg-info/top_level.txt
[5.872s] reading manifest file '../../build/project_2/project_2.egg-info/SOURCES.txt'
[5.876s] writing manifest file '../../build/project_2/project_2.egg-info/SOURCES.txt'
[5.877s] running build
[5.877s] running build_py
[5.879s] running install
[5.885s] running install_lib
[5.890s] running install_data
[5.893s] copying package.xml -> /home/jetson/Desktop/workspace_2/install/project_2/share/project_2
[5.894s] running install_egg_info
[5.900s] removing '/home/jetson/Desktop/workspace_2/install/project_2/lib/python3.8/site-packages/project_2-0.0.0-py3.8.egg-info' (and everything under it)
[5.902s] Copying ../../build/project_2/project_2.egg-info to /home/jetson/Desktop/workspace_2/install/project_2/lib/python3.8/site-packages/project_2-0.0.0-py3.8.egg-info
[5.906s] running install_scripts
[5.993s] Installing client script to /home/jetson/Desktop/workspace_2/install/project_2/lib/project_2
[5.994s] Installing listener script to /home/jetson/Desktop/workspace_2/install/project_2/lib/project_2
[5.994s] Installing service script to /home/jetson/Desktop/workspace_2/install/project_2/lib/project_2
[5.995s] Installing talker script to /home/jetson/Desktop/workspace_2/install/project_2/lib/project_2
[5.997s] writing list of installed files to '/home/jetson/Desktop/workspace_2/build/project_2/install.log'
[6.130s] Invoked command in '/home/jetson/Desktop/workspace_2/src/project_2' returned '0': PYTHONPATH=/home/jetson/Desktop/workspace_2/install/project_2/lib/python3.8/site-packages:${PYTHONPATH} /usr/bin/python3 setup.py egg_info --egg-base ../../build/project_2 build --build-base /home/jetson/Desktop/workspace_2/build/project_2/build install --prefix /home/jetson/Desktop/workspace_2/install/project_2 --record /home/jetson/Desktop/workspace_2/build/project_2/install.log --single-version-externally-managed
