[5.888s] Invoking command in '/home/jetson/Desktop/workspace_2/src/unity_robotics_demo': PYTHONPATH=/home/jetson/Desktop/workspace_2/install/unity_robotics_demo/lib/python3.8/site-packages:${PYTHONPATH} /usr/bin/python3 setup.py egg_info --egg-base ../../build/unity_robotics_demo build --build-base /home/jetson/Desktop/workspace_2/build/unity_robotics_demo/build install --prefix /home/jetson/Desktop/workspace_2/install/unity_robotics_demo --record /home/jetson/Desktop/workspace_2/build/unity_robotics_demo/install.log --single-version-externally-managed
[7.282s] running egg_info
[7.285s] writing ../../build/unity_robotics_demo/unity_robotics_demo.egg-info/PKG-INFO
[7.285s] writing dependency_links to ../../build/unity_robotics_demo/unity_robotics_demo.egg-info/dependency_links.txt
[7.286s] writing entry points to ../../build/unity_robotics_demo/unity_robotics_demo.egg-info/entry_points.txt
[7.287s] writing requirements to ../../build/unity_robotics_demo/unity_robotics_demo.egg-info/requires.txt
[7.287s] writing top-level names to ../../build/unity_robotics_demo/unity_robotics_demo.egg-info/top_level.txt
[7.306s] reading manifest file '../../build/unity_robotics_demo/unity_robotics_demo.egg-info/SOURCES.txt'
[7.311s] writing manifest file '../../build/unity_robotics_demo/unity_robotics_demo.egg-info/SOURCES.txt'
[7.311s] running build
[7.312s] running build_py
[7.313s] running install
[7.317s] running install_lib
[7.323s] running install_data
[7.325s] running install_egg_info
[7.336s] removing '/home/jetson/Desktop/workspace_2/install/unity_robotics_demo/lib/python3.8/site-packages/unity_robotics_demo-0.0.1-py3.8.egg-info' (and everything under it)
[7.336s] Copying ../../build/unity_robotics_demo/unity_robotics_demo.egg-info to /home/jetson/Desktop/workspace_2/install/unity_robotics_demo/lib/python3.8/site-packages/unity_robotics_demo-0.0.1-py3.8.egg-info
[7.339s] running install_scripts
[7.422s] Installing color_publisher script to /home/jetson/Desktop/workspace_2/install/unity_robotics_demo/lib/unity_robotics_demo
[7.423s] Installing position_service script to /home/jetson/Desktop/workspace_2/install/unity_robotics_demo/lib/unity_robotics_demo
[7.424s] writing list of installed files to '/home/jetson/Desktop/workspace_2/build/unity_robotics_demo/install.log'
[7.842s] Invoked command in '/home/jetson/Desktop/workspace_2/src/unity_robotics_demo' returned '0': PYTHONPATH=/home/jetson/Desktop/workspace_2/install/unity_robotics_demo/lib/python3.8/site-packages:${PYTHONPATH} /usr/bin/python3 setup.py egg_info --egg-base ../../build/unity_robotics_demo build --build-base /home/jetson/Desktop/workspace_2/build/unity_robotics_demo/build install --prefix /home/jetson/Desktop/workspace_2/install/unity_robotics_demo --record /home/jetson/Desktop/workspace_2/build/unity_robotics_demo/install.log --single-version-externally-managed
