[0.310s] Invoking command in '/home/jetson/Desktop/workspace_2/build/msg_manage': CMAKE_PREFIX_PATH=${CMAKE_PREFIX_PATH}:/home/jetson/Desktop/workspace_2/install/unity_slam_example:/home/jetson/Desktop/workspace_2/install/unity_robotics_demo:/home/jetson/Desktop/workspace_2/install/ros_tcp_endpoint:/home/jetson/Desktop/workspace_2/install/project_2:/opt/ros/foxy /usr/bin/cmake --build /home/jetson/Desktop/workspace_2/build/msg_manage -- -j4 -l4
[3.203s] [  1%] Built target msg_manage__cpp
[3.208s] [ 12%] Built target msg_manage__rosidl_generator_c
[3.209s] [ 23%] Built target msg_manage__rosidl_typesupport_introspection_c
[3.210s] [ 35%] Built target msg_manage__rosidl_typesupport_cpp
[3.210s] [ 46%] Built target msg_manage__rosidl_typesupport_introspection_cpp
[3.211s] [ 57%] Built target msg_manage__rosidl_typesupport_fastrtps_cpp
[3.212s] [ 69%] Built target msg_manage__rosidl_typesupport_c
[3.213s] [ 80%] Built target msg_manage__rosidl_typesupport_fastrtps_c
[3.213s] [ 80%] Built target msg_manage
[3.215s] [ 81%] Built target msg_manage__py
[3.220s] [ 91%] Built target msg_manage__python
[3.221s] [ 97%] Built target msg_manage__rosidl_typesupport_c__pyext
[3.222s] [ 97%] Built target msg_manage__rosidl_typesupport_introspection_c__pyext
[3.222s] [100%] Built target msg_manage__rosidl_typesupport_fastrtps_c__pyext
[3.237s] Invoked command in '/home/jetson/Desktop/workspace_2/build/msg_manage' returned '0': CMAKE_PREFIX_PATH=${CMAKE_PREFIX_PATH}:/home/jetson/Desktop/workspace_2/install/unity_slam_example:/home/jetson/Desktop/workspace_2/install/unity_robotics_demo:/home/jetson/Desktop/workspace_2/install/ros_tcp_endpoint:/home/jetson/Desktop/workspace_2/install/project_2:/opt/ros/foxy /usr/bin/cmake --build /home/jetson/Desktop/workspace_2/build/msg_manage -- -j4 -l4
[4.341s] Invoking command in '/home/jetson/Desktop/workspace_2/build/msg_manage': CMAKE_PREFIX_PATH=${CMAKE_PREFIX_PATH}:/home/jetson/Desktop/workspace_2/install/unity_slam_example:/home/jetson/Desktop/workspace_2/install/unity_robotics_demo:/home/jetson/Desktop/workspace_2/install/ros_tcp_endpoint:/home/jetson/Desktop/workspace_2/install/project_2:/opt/ros/foxy /usr/bin/cmake --install /home/jetson/Desktop/workspace_2/build/msg_manage
[4.385s] -- Install configuration: ""
[4.386s] -- Up-to-date: /home/jetson/Desktop/workspace_2/install/msg_manage/share/ament_index/resource_index/rosidl_interfaces/msg_manage
[4.387s] -- Up-to-date: /home/jetson/Desktop/workspace_2/install/msg_manage/include/msg_manage
[4.388s] -- Up-to-date: /home/jetson/Desktop/workspace_2/install/msg_manage/include/msg_manage/srv
[4.389s] -- Up-to-date: /home/jetson/Desktop/workspace_2/install/msg_manage/include/msg_manage/srv/add_three_ints.h
[4.390s] -- Up-to-date: /home/jetson/Desktop/workspace_2/install/msg_manage/include/msg_manage/srv/detail
[4.391s] -- Up-to-date: /home/jetson/Desktop/workspace_2/install/msg_manage/include/msg_manage/srv/detail/twist_srv__functions.c
[4.392s] -- Up-to-date: /home/jetson/Desktop/workspace_2/install/msg_manage/include/msg_manage/srv/detail/add_three_ints__type_support.h
[4.393s] -- Up-to-date: /home/jetson/Desktop/workspace_2/install/msg_manage/include/msg_manage/srv/detail/twist_srv__struct.h
[4.394s] -- Up-to-date: /home/jetson/Desktop/workspace_2/install/msg_manage/include/msg_manage/srv/detail/twist_srv__type_support.h
[4.395s] -- Up-to-date: /home/jetson/Desktop/workspace_2/install/msg_manage/include/msg_manage/srv/detail/add_three_ints__struct.h
[4.396s] -- Up-to-date: /home/jetson/Desktop/workspace_2/install/msg_manage/include/msg_manage/srv/detail/add_three_ints__functions.c
[4.397s] -- Up-to-date: /home/jetson/Desktop/workspace_2/install/msg_manage/include/msg_manage/srv/detail/add_three_ints__functions.h
[4.397s] -- Up-to-date: /home/jetson/Desktop/workspace_2/install/msg_manage/include/msg_manage/srv/detail/twist_srv__functions.h
[4.398s] -- Up-to-date: /home/jetson/Desktop/workspace_2/install/msg_manage/include/msg_manage/srv/twist_srv.h
[4.399s] -- Up-to-date: /home/jetson/Desktop/workspace_2/install/msg_manage/include/msg_manage/action
[4.400s] -- Up-to-date: /home/jetson/Desktop/workspace_2/install/msg_manage/include/msg_manage/action/detail
[4.401s] -- Up-to-date: /home/jetson/Desktop/workspace_2/install/msg_manage/include/msg_manage/action/detail/testaction__functions.h
[4.402s] -- Up-to-date: /home/jetson/Desktop/workspace_2/install/msg_manage/include/msg_manage/action/detail/testaction__struct.h
[4.403s] -- Up-to-date: /home/jetson/Desktop/workspace_2/install/msg_manage/include/msg_manage/action/detail/testaction__type_support.h
[4.404s] -- Up-to-date: /home/jetson/Desktop/workspace_2/install/msg_manage/include/msg_manage/action/detail/testaction__functions.c
[4.405s] -- Up-to-date: /home/jetson/Desktop/workspace_2/install/msg_manage/include/msg_manage/action/testaction.h
[4.406s] -- Up-to-date: /home/jetson/Desktop/workspace_2/install/msg_manage/include/msg_manage/msg
[4.407s] -- Up-to-date: /home/jetson/Desktop/workspace_2/install/msg_manage/include/msg_manage/msg/detail
[4.408s] -- Up-to-date: /home/jetson/Desktop/workspace_2/install/msg_manage/include/msg_manage/msg/detail/vehicle__type_support.h
[4.409s] -- Up-to-date: /home/jetson/Desktop/workspace_2/install/msg_manage/include/msg_manage/msg/detail/num__struct.h
[4.410s] -- Up-to-date: /home/jetson/Desktop/workspace_2/install/msg_manage/include/msg_manage/msg/detail/num__type_support.h
[4.411s] -- Up-to-date: /home/jetson/Desktop/workspace_2/install/msg_manage/include/msg_manage/msg/detail/motor2__struct.h
[4.411s] -- Up-to-date: /home/jetson/Desktop/workspace_2/install/msg_manage/include/msg_manage/msg/detail/motor2__type_support.h
[4.414s] -- Up-to-date: /home/jetson/Desktop/workspace_2/install/msg_manage/include/msg_manage/msg/detail/vehicle__functions.c
[4.414s] -- Up-to-date: /home/jetson/Desktop/workspace_2/install/msg_manage/include/msg_manage/msg/detail/motor2__functions.h
[4.415s] -- Up-to-date: /home/jetson/Desktop/workspace_2/install/msg_manage/include/msg_manage/msg/detail/num__functions.c
[4.415s] -- Up-to-date: /home/jetson/Desktop/workspace_2/install/msg_manage/include/msg_manage/msg/detail/vehicle__struct.h
[4.415s] -- Up-to-date: /home/jetson/Desktop/workspace_2/install/msg_manage/include/msg_manage/msg/detail/vehicle__functions.h
[4.416s] -- Up-to-date: /home/jetson/Desktop/workspace_2/install/msg_manage/include/msg_manage/msg/detail/motor2__functions.c
[4.421s] -- Up-to-date: /home/jetson/Desktop/workspace_2/install/msg_manage/include/msg_manage/msg/detail/num__functions.h
[4.423s] -- Up-to-date: /home/jetson/Desktop/workspace_2/install/msg_manage/include/msg_manage/msg/vehicle.h
[4.424s] -- Up-to-date: /home/jetson/Desktop/workspace_2/install/msg_manage/include/msg_manage/msg/motor2.h
[4.426s] -- Up-to-date: /home/jetson/Desktop/workspace_2/install/msg_manage/include/msg_manage/msg/num.h
[4.426s] -- Up-to-date: /home/jetson/Desktop/workspace_2/install/msg_manage/include/msg_manage/msg/rosidl_generator_c__visibility_control.h
[4.427s] -- Up-to-date: /home/jetson/Desktop/workspace_2/install/msg_manage/share/msg_manage/environment/library_path.sh
[4.427s] -- Up-to-date: /home/jetson/Desktop/workspace_2/install/msg_manage/share/msg_manage/environment/library_path.dsv
[4.427s] -- Up-to-date: /home/jetson/Desktop/workspace_2/install/msg_manage/lib/libmsg_manage__rosidl_generator_c.so
[4.428s] -- Up-to-date: /home/jetson/Desktop/workspace_2/install/msg_manage/include/msg_manage
[4.428s] -- Up-to-date: /home/jetson/Desktop/workspace_2/install/msg_manage/include/msg_manage/srv
[4.429s] -- Up-to-date: /home/jetson/Desktop/workspace_2/install/msg_manage/include/msg_manage/srv/detail
[4.429s] -- Up-to-date: /home/jetson/Desktop/workspace_2/install/msg_manage/include/msg_manage/srv/detail/add_three_ints__rosidl_typesupport_fastrtps_c.h
[4.429s] -- Up-to-date: /home/jetson/Desktop/workspace_2/install/msg_manage/include/msg_manage/srv/detail/twist_srv__rosidl_typesupport_fastrtps_c.h
[4.430s] -- Up-to-date: /home/jetson/Desktop/workspace_2/install/msg_manage/include/msg_manage/action
[4.430s] -- Up-to-date: /home/jetson/Desktop/workspace_2/install/msg_manage/include/msg_manage/action/detail
[4.431s] -- Up-to-date: /home/jetson/Desktop/workspace_2/install/msg_manage/include/msg_manage/action/detail/testaction__rosidl_typesupport_fastrtps_c.h
[4.431s] -- Up-to-date: /home/jetson/Desktop/workspace_2/install/msg_manage/include/msg_manage/msg
[4.441s] -- Up-to-date: /home/jetson/Desktop/workspace_2/install/msg_manage/include/msg_manage/msg/detail
[4.442s] -- Up-to-date: /home/jetson/Desktop/workspace_2/install/msg_manage/include/msg_manage/msg/detail/vehicle__rosidl_typesupport_fastrtps_c.h
[4.442s] -- Up-to-date: /home/jetson/Desktop/workspace_2/install/msg_manage/include/msg_manage/msg/detail/num__rosidl_typesupport_fastrtps_c.h
[4.443s] -- Up-to-date: /home/jetson/Desktop/workspace_2/install/msg_manage/include/msg_manage/msg/detail/motor2__rosidl_typesupport_fastrtps_c.h
[4.443s] -- Up-to-date: /home/jetson/Desktop/workspace_2/install/msg_manage/include/msg_manage/msg/rosidl_typesupport_fastrtps_c__visibility_control.h
[4.444s] -- Up-to-date: /home/jetson/Desktop/workspace_2/install/msg_manage/lib/libmsg_manage__rosidl_typesupport_fastrtps_c.so
[4.444s] -- Up-to-date: /home/jetson/Desktop/workspace_2/install/msg_manage/include/msg_manage
[4.444s] -- Up-to-date: /home/jetson/Desktop/workspace_2/install/msg_manage/include/msg_manage/srv
[4.445s] -- Up-to-date: /home/jetson/Desktop/workspace_2/install/msg_manage/include/msg_manage/srv/detail
[4.445s] -- Up-to-date: /home/jetson/Desktop/workspace_2/install/msg_manage/include/msg_manage/srv/detail/twist_srv__rosidl_typesupport_fastrtps_cpp.hpp
[4.446s] -- Up-to-date: /home/jetson/Desktop/workspace_2/install/msg_manage/include/msg_manage/srv/detail/dds_fastrtps
[4.446s] -- Up-to-date: /home/jetson/Desktop/workspace_2/install/msg_manage/include/msg_manage/srv/detail/add_three_ints__rosidl_typesupport_fastrtps_cpp.hpp
[4.447s] -- Up-to-date: /home/jetson/Desktop/workspace_2/install/msg_manage/include/msg_manage/action
[4.447s] -- Up-to-date: /home/jetson/Desktop/workspace_2/install/msg_manage/include/msg_manage/action/detail
[4.447s] -- Up-to-date: /home/jetson/Desktop/workspace_2/install/msg_manage/include/msg_manage/action/detail/testaction__rosidl_typesupport_fastrtps_cpp.hpp
[4.448s] -- Up-to-date: /home/jetson/Desktop/workspace_2/install/msg_manage/include/msg_manage/action/detail/dds_fastrtps
[4.449s] -- Up-to-date: /home/jetson/Desktop/workspace_2/install/msg_manage/include/msg_manage/msg
[4.449s] -- Up-to-date: /home/jetson/Desktop/workspace_2/install/msg_manage/include/msg_manage/msg/detail
[4.449s] -- Up-to-date: /home/jetson/Desktop/workspace_2/install/msg_manage/include/msg_manage/msg/detail/num__rosidl_typesupport_fastrtps_cpp.hpp
[4.450s] -- Up-to-date: /home/jetson/Desktop/workspace_2/install/msg_manage/include/msg_manage/msg/detail/vehicle__rosidl_typesupport_fastrtps_cpp.hpp
[4.464s] -- Up-to-date: /home/jetson/Desktop/workspace_2/install/msg_manage/include/msg_manage/msg/detail/motor2__rosidl_typesupport_fastrtps_cpp.hpp
[4.464s] -- Up-to-date: /home/jetson/Desktop/workspace_2/install/msg_manage/include/msg_manage/msg/detail/dds_fastrtps
[4.465s] -- Up-to-date: /home/jetson/Desktop/workspace_2/install/msg_manage/include/msg_manage/msg/rosidl_typesupport_fastrtps_cpp__visibility_control.h
[4.465s] -- Up-to-date: /home/jetson/Desktop/workspace_2/install/msg_manage/lib/libmsg_manage__rosidl_typesupport_fastrtps_cpp.so
[4.466s] -- Up-to-date: /home/jetson/Desktop/workspace_2/install/msg_manage/include/msg_manage
[4.466s] -- Up-to-date: /home/jetson/Desktop/workspace_2/install/msg_manage/include/msg_manage/srv
[4.467s] -- Up-to-date: /home/jetson/Desktop/workspace_2/install/msg_manage/include/msg_manage/srv/detail
[4.467s] -- Up-to-date: /home/jetson/Desktop/workspace_2/install/msg_manage/include/msg_manage/srv/detail/add_three_ints__rosidl_typesupport_introspection_c.h
[4.467s] -- Up-to-date: /home/jetson/Desktop/workspace_2/install/msg_manage/include/msg_manage/srv/detail/twist_srv__rosidl_typesupport_introspection_c.h
[4.468s] -- Up-to-date: /home/jetson/Desktop/workspace_2/install/msg_manage/include/msg_manage/srv/detail/add_three_ints__type_support.c
[4.468s] -- Up-to-date: /home/jetson/Desktop/workspace_2/install/msg_manage/include/msg_manage/srv/detail/twist_srv__type_support.c
[4.469s] -- Up-to-date: /home/jetson/Desktop/workspace_2/install/msg_manage/include/msg_manage/action
[4.469s] -- Up-to-date: /home/jetson/Desktop/workspace_2/install/msg_manage/include/msg_manage/action/detail
[4.470s] -- Up-to-date: /home/jetson/Desktop/workspace_2/install/msg_manage/include/msg_manage/action/detail/testaction__rosidl_typesupport_introspection_c.h
[4.470s] -- Up-to-date: /home/jetson/Desktop/workspace_2/install/msg_manage/include/msg_manage/action/detail/testaction__type_support.c
[4.471s] -- Up-to-date: /home/jetson/Desktop/workspace_2/install/msg_manage/include/msg_manage/msg
[4.471s] -- Up-to-date: /home/jetson/Desktop/workspace_2/install/msg_manage/include/msg_manage/msg/detail
[4.471s] -- Up-to-date: /home/jetson/Desktop/workspace_2/install/msg_manage/include/msg_manage/msg/detail/vehicle__type_support.c
[4.472s] -- Up-to-date: /home/jetson/Desktop/workspace_2/install/msg_manage/include/msg_manage/msg/detail/vehicle__rosidl_typesupport_introspection_c.h
[4.472s] -- Up-to-date: /home/jetson/Desktop/workspace_2/install/msg_manage/include/msg_manage/msg/detail/motor2__rosidl_typesupport_introspection_c.h
[4.473s] -- Up-to-date: /home/jetson/Desktop/workspace_2/install/msg_manage/include/msg_manage/msg/detail/num__rosidl_typesupport_introspection_c.h
[4.473s] -- Up-to-date: /home/jetson/Desktop/workspace_2/install/msg_manage/include/msg_manage/msg/detail/motor2__type_support.c
[4.474s] -- Up-to-date: /home/jetson/Desktop/workspace_2/install/msg_manage/include/msg_manage/msg/detail/num__type_support.c
[4.474s] -- Up-to-date: /home/jetson/Desktop/workspace_2/install/msg_manage/include/msg_manage/msg/rosidl_typesupport_introspection_c__visibility_control.h
[4.475s] -- Up-to-date: /home/jetson/Desktop/workspace_2/install/msg_manage/lib/libmsg_manage__rosidl_typesupport_introspection_c.so
[4.475s] -- Up-to-date: /home/jetson/Desktop/workspace_2/install/msg_manage/lib/libmsg_manage__rosidl_typesupport_c.so
[4.475s] -- Up-to-date: /home/jetson/Desktop/workspace_2/install/msg_manage/include/msg_manage
[4.498s] -- Up-to-date: /home/jetson/Desktop/workspace_2/install/msg_manage/include/msg_manage/srv
[4.499s] -- Up-to-date: /home/jetson/Desktop/workspace_2/install/msg_manage/include/msg_manage/srv/detail
[4.499s] -- Up-to-date: /home/jetson/Desktop/workspace_2/install/msg_manage/include/msg_manage/srv/detail/twist_srv__struct.hpp
[4.500s] -- Up-to-date: /home/jetson/Desktop/workspace_2/install/msg_manage/include/msg_manage/srv/detail/twist_srv__builder.hpp
[4.500s] -- Up-to-date: /home/jetson/Desktop/workspace_2/install/msg_manage/include/msg_manage/srv/detail/add_three_ints__traits.hpp
[4.501s] -- Up-to-date: /home/jetson/Desktop/workspace_2/install/msg_manage/include/msg_manage/srv/detail/twist_srv__traits.hpp
[4.501s] -- Up-to-date: /home/jetson/Desktop/workspace_2/install/msg_manage/include/msg_manage/srv/detail/add_three_ints__builder.hpp
[4.502s] -- Up-to-date: /home/jetson/Desktop/workspace_2/install/msg_manage/include/msg_manage/srv/detail/add_three_ints__struct.hpp
[4.502s] -- Up-to-date: /home/jetson/Desktop/workspace_2/install/msg_manage/include/msg_manage/srv/add_three_ints.hpp
[4.503s] -- Up-to-date: /home/jetson/Desktop/workspace_2/install/msg_manage/include/msg_manage/srv/twist_srv.hpp
[4.503s] -- Up-to-date: /home/jetson/Desktop/workspace_2/install/msg_manage/include/msg_manage/action
[4.504s] -- Up-to-date: /home/jetson/Desktop/workspace_2/install/msg_manage/include/msg_manage/action/detail
[4.504s] -- Up-to-date: /home/jetson/Desktop/workspace_2/install/msg_manage/include/msg_manage/action/detail/testaction__traits.hpp
[4.505s] -- Up-to-date: /home/jetson/Desktop/workspace_2/install/msg_manage/include/msg_manage/action/detail/testaction__struct.hpp
[4.505s] -- Up-to-date: /home/jetson/Desktop/workspace_2/install/msg_manage/include/msg_manage/action/detail/testaction__builder.hpp
[4.506s] -- Up-to-date: /home/jetson/Desktop/workspace_2/install/msg_manage/include/msg_manage/action/testaction.hpp
[4.506s] -- Up-to-date: /home/jetson/Desktop/workspace_2/install/msg_manage/include/msg_manage/msg
[4.506s] -- Up-to-date: /home/jetson/Desktop/workspace_2/install/msg_manage/include/msg_manage/msg/num.hpp
[4.507s] -- Up-to-date: /home/jetson/Desktop/workspace_2/install/msg_manage/include/msg_manage/msg/detail
[4.507s] -- Up-to-date: /home/jetson/Desktop/workspace_2/install/msg_manage/include/msg_manage/msg/detail/vehicle__traits.hpp
[4.508s] -- Up-to-date: /home/jetson/Desktop/workspace_2/install/msg_manage/include/msg_manage/msg/detail/num__builder.hpp
[4.508s] -- Up-to-date: /home/jetson/Desktop/workspace_2/install/msg_manage/include/msg_manage/msg/detail/num__traits.hpp
[4.508s] -- Up-to-date: /home/jetson/Desktop/workspace_2/install/msg_manage/include/msg_manage/msg/detail/motor2__builder.hpp
[4.509s] -- Up-to-date: /home/jetson/Desktop/workspace_2/install/msg_manage/include/msg_manage/msg/detail/vehicle__struct.hpp
[4.509s] -- Up-to-date: /home/jetson/Desktop/workspace_2/install/msg_manage/include/msg_manage/msg/detail/num__struct.hpp
[4.510s] -- Up-to-date: /home/jetson/Desktop/workspace_2/install/msg_manage/include/msg_manage/msg/detail/vehicle__builder.hpp
[4.511s] -- Up-to-date: /home/jetson/Desktop/workspace_2/install/msg_manage/include/msg_manage/msg/detail/motor2__traits.hpp
[4.521s] -- Up-to-date: /home/jetson/Desktop/workspace_2/install/msg_manage/include/msg_manage/msg/detail/motor2__struct.hpp
[4.527s] -- Up-to-date: /home/jetson/Desktop/workspace_2/install/msg_manage/include/msg_manage/msg/vehicle.hpp
[4.528s] -- Up-to-date: /home/jetson/Desktop/workspace_2/install/msg_manage/include/msg_manage/msg/motor2.hpp
[4.529s] -- Up-to-date: /home/jetson/Desktop/workspace_2/install/msg_manage/include/msg_manage
[4.529s] -- Up-to-date: /home/jetson/Desktop/workspace_2/install/msg_manage/include/msg_manage/srv
[4.529s] -- Up-to-date: /home/jetson/Desktop/workspace_2/install/msg_manage/include/msg_manage/srv/detail
[4.530s] -- Up-to-date: /home/jetson/Desktop/workspace_2/install/msg_manage/include/msg_manage/srv/detail/twist_srv__rosidl_typesupport_introspection_cpp.hpp
[4.530s] -- Up-to-date: /home/jetson/Desktop/workspace_2/install/msg_manage/include/msg_manage/srv/detail/add_three_ints__type_support.cpp
[4.531s] -- Up-to-date: /home/jetson/Desktop/workspace_2/install/msg_manage/include/msg_manage/srv/detail/twist_srv__type_support.cpp
[4.531s] -- Up-to-date: /home/jetson/Desktop/workspace_2/install/msg_manage/include/msg_manage/srv/detail/add_three_ints__rosidl_typesupport_introspection_cpp.hpp
[4.531s] -- Up-to-date: /home/jetson/Desktop/workspace_2/install/msg_manage/include/msg_manage/action
[4.532s] -- Up-to-date: /home/jetson/Desktop/workspace_2/install/msg_manage/include/msg_manage/action/detail
[4.532s] -- Up-to-date: /home/jetson/Desktop/workspace_2/install/msg_manage/include/msg_manage/action/detail/testaction__type_support.cpp
[4.533s] -- Up-to-date: /home/jetson/Desktop/workspace_2/install/msg_manage/include/msg_manage/action/detail/testaction__rosidl_typesupport_introspection_cpp.hpp
[4.533s] -- Up-to-date: /home/jetson/Desktop/workspace_2/install/msg_manage/include/msg_manage/msg
[4.534s] -- Up-to-date: /home/jetson/Desktop/workspace_2/install/msg_manage/include/msg_manage/msg/detail
[4.542s] -- Up-to-date: /home/jetson/Desktop/workspace_2/install/msg_manage/include/msg_manage/msg/detail/num__rosidl_typesupport_introspection_cpp.hpp
[4.542s] -- Up-to-date: /home/jetson/Desktop/workspace_2/install/msg_manage/include/msg_manage/msg/detail/motor2__rosidl_typesupport_introspection_cpp.hpp
[4.543s] -- Up-to-date: /home/jetson/Desktop/workspace_2/install/msg_manage/include/msg_manage/msg/detail/vehicle__type_support.cpp
[4.543s] -- Up-to-date: /home/jetson/Desktop/workspace_2/install/msg_manage/include/msg_manage/msg/detail/motor2__type_support.cpp
[4.544s] -- Up-to-date: /home/jetson/Desktop/workspace_2/install/msg_manage/include/msg_manage/msg/detail/vehicle__rosidl_typesupport_introspection_cpp.hpp
[4.544s] -- Up-to-date: /home/jetson/Desktop/workspace_2/install/msg_manage/include/msg_manage/msg/detail/num__type_support.cpp
[4.545s] -- Up-to-date: /home/jetson/Desktop/workspace_2/install/msg_manage/lib/libmsg_manage__rosidl_typesupport_introspection_cpp.so
[4.545s] -- Up-to-date: /home/jetson/Desktop/workspace_2/install/msg_manage/lib/libmsg_manage__rosidl_typesupport_cpp.so
[4.545s] -- Up-to-date: /home/jetson/Desktop/workspace_2/install/msg_manage/share/msg_manage/environment/pythonpath.sh
[4.546s] -- Up-to-date: /home/jetson/Desktop/workspace_2/install/msg_manage/share/msg_manage/environment/pythonpath.dsv
[4.546s] -- Up-to-date: /home/jetson/Desktop/workspace_2/install/msg_manage/lib/python3.8/site-packages/msg_manage/__init__.py
[4.697s] -- Up-to-date: /home/jetson/Desktop/workspace_2/install/msg_manage/lib/python3.8/site-packages/msg_manage/msg
[4.698s] -- Up-to-date: /home/jetson/Desktop/workspace_2/install/msg_manage/lib/python3.8/site-packages/msg_manage/msg/_vehicle.py
[4.698s] -- Up-to-date: /home/jetson/Desktop/workspace_2/install/msg_manage/lib/python3.8/site-packages/msg_manage/msg/_motor2_s.c
[4.699s] -- Up-to-date: /home/jetson/Desktop/workspace_2/install/msg_manage/lib/python3.8/site-packages/msg_manage/msg/_vehicle_s.c
[4.699s] -- Up-to-date: /home/jetson/Desktop/workspace_2/install/msg_manage/lib/python3.8/site-packages/msg_manage/msg/__init__.py
[4.699s] -- Up-to-date: /home/jetson/Desktop/workspace_2/install/msg_manage/lib/python3.8/site-packages/msg_manage/msg/_motor2.py
[4.700s] -- Up-to-date: /home/jetson/Desktop/workspace_2/install/msg_manage/lib/python3.8/site-packages/msg_manage/msg/_num.py
[4.701s] -- Up-to-date: /home/jetson/Desktop/workspace_2/install/msg_manage/lib/python3.8/site-packages/msg_manage/msg/_num_s.c
[4.701s] -- Up-to-date: /home/jetson/Desktop/workspace_2/install/msg_manage/lib/python3.8/site-packages/msg_manage/srv
[4.702s] -- Up-to-date: /home/jetson/Desktop/workspace_2/install/msg_manage/lib/python3.8/site-packages/msg_manage/srv/_twist_srv.py
[4.702s] -- Up-to-date: /home/jetson/Desktop/workspace_2/install/msg_manage/lib/python3.8/site-packages/msg_manage/srv/_add_three_ints_s.c
[4.702s] -- Up-to-date: /home/jetson/Desktop/workspace_2/install/msg_manage/lib/python3.8/site-packages/msg_manage/srv/_twist_srv_s.c
[4.703s] -- Up-to-date: /home/jetson/Desktop/workspace_2/install/msg_manage/lib/python3.8/site-packages/msg_manage/srv/__init__.py
[4.703s] -- Up-to-date: /home/jetson/Desktop/workspace_2/install/msg_manage/lib/python3.8/site-packages/msg_manage/srv/_add_three_ints.py
[4.704s] -- Up-to-date: /home/jetson/Desktop/workspace_2/install/msg_manage/lib/python3.8/site-packages/msg_manage/action
[4.704s] -- Up-to-date: /home/jetson/Desktop/workspace_2/install/msg_manage/lib/python3.8/site-packages/msg_manage/action/_testaction_s.c
[4.705s] -- Up-to-date: /home/jetson/Desktop/workspace_2/install/msg_manage/lib/python3.8/site-packages/msg_manage/action/__init__.py
[4.705s] -- Up-to-date: /home/jetson/Desktop/workspace_2/install/msg_manage/lib/python3.8/site-packages/msg_manage/action/_testaction.py
[4.708s] -- Up-to-date: /home/jetson/Desktop/workspace_2/install/msg_manage/lib/python3.8/site-packages/msg_manage/msg_manage_s__rosidl_typesupport_fastrtps_c.cpython-38-aarch64-linux-gnu.so
[4.709s] -- Up-to-date: /home/jetson/Desktop/workspace_2/install/msg_manage/lib/python3.8/site-packages/msg_manage/msg_manage_s__rosidl_typesupport_introspection_c.cpython-38-aarch64-linux-gnu.so
[4.709s] -- Up-to-date: /home/jetson/Desktop/workspace_2/install/msg_manage/lib/python3.8/site-packages/msg_manage/msg_manage_s__rosidl_typesupport_c.cpython-38-aarch64-linux-gnu.so
[4.710s] -- Up-to-date: /home/jetson/Desktop/workspace_2/install/msg_manage/lib/libmsg_manage__python.so
[4.712s] -- Up-to-date: /home/jetson/Desktop/workspace_2/install/msg_manage/share/msg_manage/msg/Num.idl
[4.713s] -- Up-to-date: /home/jetson/Desktop/workspace_2/install/msg_manage/share/msg_manage/msg/Motor2.idl
[4.714s] -- Up-to-date: /home/jetson/Desktop/workspace_2/install/msg_manage/share/msg_manage/srv/AddThreeInts.idl
[4.715s] -- Up-to-date: /home/jetson/Desktop/workspace_2/install/msg_manage/share/msg_manage/srv/TwistSrv.idl
[4.717s] -- Up-to-date: /home/jetson/Desktop/workspace_2/install/msg_manage/share/msg_manage/action/Testaction.idl
[4.718s] -- Up-to-date: /home/jetson/Desktop/workspace_2/install/msg_manage/share/msg_manage/msg/Vehicle.idl
[4.720s] -- Up-to-date: /home/jetson/Desktop/workspace_2/install/msg_manage/share/msg_manage/msg/Num.msg
[4.720s] -- Up-to-date: /home/jetson/Desktop/workspace_2/install/msg_manage/share/msg_manage/msg/Motor2.msg
[4.723s] -- Up-to-date: /home/jetson/Desktop/workspace_2/install/msg_manage/share/msg_manage/srv/AddThreeInts.srv
[4.726s] -- Up-to-date: /home/jetson/Desktop/workspace_2/install/msg_manage/share/msg_manage/srv/AddThreeInts_Request.msg
[4.726s] -- Up-to-date: /home/jetson/Desktop/workspace_2/install/msg_manage/share/msg_manage/srv/AddThreeInts_Response.msg
[4.727s] -- Up-to-date: /home/jetson/Desktop/workspace_2/install/msg_manage/share/msg_manage/srv/TwistSrv.srv
[4.727s] -- Up-to-date: /home/jetson/Desktop/workspace_2/install/msg_manage/share/msg_manage/srv/TwistSrv_Request.msg
[4.727s] -- Up-to-date: /home/jetson/Desktop/workspace_2/install/msg_manage/share/msg_manage/srv/TwistSrv_Response.msg
[4.731s] -- Up-to-date: /home/jetson/Desktop/workspace_2/install/msg_manage/share/msg_manage/action/Testaction.action
[4.732s] -- Up-to-date: /home/jetson/Desktop/workspace_2/install/msg_manage/share/msg_manage/msg/Vehicle.msg
[4.732s] -- Up-to-date: /home/jetson/Desktop/workspace_2/install/msg_manage/share/ament_index/resource_index/package_run_dependencies/msg_manage
[4.733s] -- Up-to-date: /home/jetson/Desktop/workspace_2/install/msg_manage/share/ament_index/resource_index/parent_prefix_path/msg_manage
[4.733s] -- Up-to-date: /home/jetson/Desktop/workspace_2/install/msg_manage/share/msg_manage/environment/ament_prefix_path.sh
[4.733s] -- Up-to-date: /home/jetson/Desktop/workspace_2/install/msg_manage/share/msg_manage/environment/ament_prefix_path.dsv
[4.740s] -- Up-to-date: /home/jetson/Desktop/workspace_2/install/msg_manage/share/msg_manage/environment/path.sh
[4.741s] -- Up-to-date: /home/jetson/Desktop/workspace_2/install/msg_manage/share/msg_manage/environment/path.dsv
[4.750s] -- Up-to-date: /home/jetson/Desktop/workspace_2/install/msg_manage/share/msg_manage/local_setup.bash
[4.751s] -- Up-to-date: /home/jetson/Desktop/workspace_2/install/msg_manage/share/msg_manage/local_setup.sh
[4.751s] -- Up-to-date: /home/jetson/Desktop/workspace_2/install/msg_manage/share/msg_manage/local_setup.zsh
[4.752s] -- Up-to-date: /home/jetson/Desktop/workspace_2/install/msg_manage/share/msg_manage/local_setup.dsv
[4.752s] -- Installing: /home/jetson/Desktop/workspace_2/install/msg_manage/share/msg_manage/package.dsv
[4.753s] -- Up-to-date: /home/jetson/Desktop/workspace_2/install/msg_manage/share/ament_index/resource_index/packages/msg_manage
[4.756s] -- Up-to-date: /home/jetson/Desktop/workspace_2/install/msg_manage/share/msg_manage/cmake/msg_manage__rosidl_generator_cExport.cmake
[4.757s] -- Up-to-date: /home/jetson/Desktop/workspace_2/install/msg_manage/share/msg_manage/cmake/msg_manage__rosidl_generator_cExport-noconfig.cmake
[4.757s] -- Up-to-date: /home/jetson/Desktop/workspace_2/install/msg_manage/share/msg_manage/cmake/msg_manage__rosidl_typesupport_introspection_cExport.cmake
[4.766s] -- Up-to-date: /home/jetson/Desktop/workspace_2/install/msg_manage/share/msg_manage/cmake/msg_manage__rosidl_typesupport_introspection_cExport-noconfig.cmake
[4.767s] -- Up-to-date: /home/jetson/Desktop/workspace_2/install/msg_manage/share/msg_manage/cmake/msg_manage__rosidl_typesupport_cExport.cmake
[4.767s] -- Up-to-date: /home/jetson/Desktop/workspace_2/install/msg_manage/share/msg_manage/cmake/msg_manage__rosidl_typesupport_cExport-noconfig.cmake
[4.768s] -- Up-to-date: /home/jetson/Desktop/workspace_2/install/msg_manage/share/msg_manage/cmake/msg_manage__rosidl_generator_cppExport.cmake
[4.768s] -- Up-to-date: /home/jetson/Desktop/workspace_2/install/msg_manage/share/msg_manage/cmake/msg_manage__rosidl_typesupport_introspection_cppExport.cmake
[4.769s] -- Up-to-date: /home/jetson/Desktop/workspace_2/install/msg_manage/share/msg_manage/cmake/msg_manage__rosidl_typesupport_introspection_cppExport-noconfig.cmake
[4.769s] -- Up-to-date: /home/jetson/Desktop/workspace_2/install/msg_manage/share/msg_manage/cmake/msg_manage__rosidl_typesupport_cppExport.cmake
[4.769s] -- Up-to-date: /home/jetson/Desktop/workspace_2/install/msg_manage/share/msg_manage/cmake/msg_manage__rosidl_typesupport_cppExport-noconfig.cmake
[4.770s] -- Up-to-date: /home/jetson/Desktop/workspace_2/install/msg_manage/share/msg_manage/cmake/rosidl_cmake-extras.cmake
[4.770s] -- Up-to-date: /home/jetson/Desktop/workspace_2/install/msg_manage/share/msg_manage/cmake/ament_cmake_export_dependencies-extras.cmake
[4.771s] -- Up-to-date: /home/jetson/Desktop/workspace_2/install/msg_manage/share/msg_manage/cmake/ament_cmake_export_libraries-extras.cmake
[4.771s] -- Up-to-date: /home/jetson/Desktop/workspace_2/install/msg_manage/share/msg_manage/cmake/ament_cmake_export_targets-extras.cmake
[4.771s] -- Up-to-date: /home/jetson/Desktop/workspace_2/install/msg_manage/share/msg_manage/cmake/ament_cmake_export_include_directories-extras.cmake
[4.797s] -- Up-to-date: /home/jetson/Desktop/workspace_2/install/msg_manage/share/msg_manage/cmake/rosidl_cmake_export_typesupport_libraries-extras.cmake
[4.797s] -- Up-to-date: /home/jetson/Desktop/workspace_2/install/msg_manage/share/msg_manage/cmake/rosidl_cmake_export_typesupport_targets-extras.cmake
[4.798s] -- Up-to-date: /home/jetson/Desktop/workspace_2/install/msg_manage/share/msg_manage/cmake/msg_manageConfig.cmake
[4.798s] -- Up-to-date: /home/jetson/Desktop/workspace_2/install/msg_manage/share/msg_manage/cmake/msg_manageConfig-version.cmake
[4.799s] -- Up-to-date: /home/jetson/Desktop/workspace_2/install/msg_manage/share/msg_manage/package.xml
[4.800s] Invoked command in '/home/jetson/Desktop/workspace_2/build/msg_manage' returned '0': CMAKE_PREFIX_PATH=${CMAKE_PREFIX_PATH}:/home/jetson/Desktop/workspace_2/install/unity_slam_example:/home/jetson/Desktop/workspace_2/install/unity_robotics_demo:/home/jetson/Desktop/workspace_2/install/ros_tcp_endpoint:/home/jetson/Desktop/workspace_2/install/project_2:/opt/ros/foxy /usr/bin/cmake --install /home/jetson/Desktop/workspace_2/build/msg_manage
