[1.155s] DEBUG:colcon:Command line arguments: ['/usr/bin/colcon', 'build', '--packages-select', 'project_2', '--allow-overriding', 'project_2']
[1.155s] DEBUG:colcon:Parsed command line arguments: Namespace(allow_overriding=['project_2'], ament_cmake_args=None, base_paths=['.'], build_base='build', catkin_cmake_args=None, catkin_skip_building_tests=False, cmake_args=None, cmake_clean_cache=False, cmake_clean_first=False, cmake_force_configure=False, cmake_target=None, cmake_target_skip_unavailable=False, continue_on_error=False, event_handlers=None, executor='parallel', ignore_user_meta=False, install_base='install', log_base=None, log_level=None, main=<bound method BuildVerb.main of <colcon_core.verb.build.BuildVerb object at 0x7f8a252a90>>, merge_install=False, metas=['./colcon.meta'], packages_above=None, packages_above_and_dependencies=None, packages_above_depth=None, packages_end=None, packages_ignore=None, packages_ignore_regex=None, packages_select=['project_2'], packages_select_build_failed=False, packages_select_by_dep=None, packages_select_regex=None, packages_select_test_failures=False, packages_skip=None, packages_skip_build_finished=False, packages_skip_by_dep=None, packages_skip_regex=None, packages_skip_test_passed=False, packages_skip_up_to=None, packages_start=None, packages_up_to=None, packages_up_to_regex=None, parallel_workers=4, paths=None, symlink_install=False, test_result_base=None, verb_extension=<colcon_core.verb.build.BuildVerb object at 0x7f8a252a90>, verb_name='build', verb_parser=<colcon_defaults.argument_parser.defaults.DefaultArgumentsDecorator object at 0x7f8a260040>)
[1.196s] Level 1:colcon.colcon_core.package_discovery:discover_packages(colcon_meta) check parameters
[1.197s] Level 1:colcon.colcon_core.package_discovery:discover_packages(recursive) check parameters
[1.197s] Level 1:colcon.colcon_core.package_discovery:discover_packages(ignore) check parameters
[1.197s] Level 1:colcon.colcon_core.package_discovery:discover_packages(path) check parameters
[1.198s] Level 1:colcon.colcon_core.package_discovery:discover_packages(colcon_meta) discover
[1.198s] Level 1:colcon.colcon_core.package_discovery:discover_packages(recursive) discover
[1.198s] INFO:colcon.colcon_core.package_discovery:Crawling recursively for packages in '/home/jetson/Desktop/workspace_2'
[1.199s] Level 1:colcon.colcon_core.package_identification:_identify(.) by extensions ['ignore', 'ignore_ament_install']
[1.199s] Level 1:colcon.colcon_core.package_identification:_identify(.) by extension 'ignore'
[1.200s] Level 1:colcon.colcon_core.package_identification:_identify(.) by extension 'ignore_ament_install'
[1.200s] Level 1:colcon.colcon_core.package_identification:_identify(.) by extensions ['colcon_pkg']
[1.200s] Level 1:colcon.colcon_core.package_identification:_identify(.) by extension 'colcon_pkg'
[1.201s] Level 1:colcon.colcon_core.package_identification:_identify(.) by extensions ['colcon_meta']
[1.201s] Level 1:colcon.colcon_core.package_identification:_identify(.) by extension 'colcon_meta'
[1.201s] Level 1:colcon.colcon_core.package_identification:_identify(.) by extensions ['ros']
[1.201s] Level 1:colcon.colcon_core.package_identification:_identify(.) by extension 'ros'
[1.276s] Level 1:colcon.colcon_core.package_identification:_identify(.) by extensions ['cmake', 'python']
[1.276s] Level 1:colcon.colcon_core.package_identification:_identify(.) by extension 'cmake'
[1.277s] Level 1:colcon.colcon_core.package_identification:_identify(.) by extension 'python'
[1.277s] Level 1:colcon.colcon_core.package_identification:_identify(.) by extensions ['python_setup_py']
[1.277s] Level 1:colcon.colcon_core.package_identification:_identify(.) by extension 'python_setup_py'
[1.278s] Level 1:colcon.colcon_core.package_identification:_identify(build) by extensions ['ignore', 'ignore_ament_install']
[1.278s] Level 1:colcon.colcon_core.package_identification:_identify(build) by extension 'ignore'
[1.279s] Level 1:colcon.colcon_core.package_identification:_identify(build) ignored
[1.279s] Level 1:colcon.colcon_core.package_identification:_identify(install) by extensions ['ignore', 'ignore_ament_install']
[1.280s] Level 1:colcon.colcon_core.package_identification:_identify(install) by extension 'ignore'
[1.280s] Level 1:colcon.colcon_core.package_identification:_identify(install) ignored
[1.284s] Level 1:colcon.colcon_core.package_identification:_identify(log) by extensions ['ignore', 'ignore_ament_install']
[1.284s] Level 1:colcon.colcon_core.package_identification:_identify(log) by extension 'ignore'
[1.284s] Level 1:colcon.colcon_core.package_identification:_identify(log) ignored
[1.287s] Level 1:colcon.colcon_core.package_identification:_identify(src) by extensions ['ignore', 'ignore_ament_install']
[1.288s] Level 1:colcon.colcon_core.package_identification:_identify(src) by extension 'ignore'
[1.288s] Level 1:colcon.colcon_core.package_identification:_identify(src) by extension 'ignore_ament_install'
[1.289s] Level 1:colcon.colcon_core.package_identification:_identify(src) by extensions ['colcon_pkg']
[1.289s] Level 1:colcon.colcon_core.package_identification:_identify(src) by extension 'colcon_pkg'
[1.289s] Level 1:colcon.colcon_core.package_identification:_identify(src) by extensions ['colcon_meta']
[1.289s] Level 1:colcon.colcon_core.package_identification:_identify(src) by extension 'colcon_meta'
[1.290s] Level 1:colcon.colcon_core.package_identification:_identify(src) by extensions ['ros']
[1.290s] Level 1:colcon.colcon_core.package_identification:_identify(src) by extension 'ros'
[1.291s] Level 1:colcon.colcon_core.package_identification:_identify(src) by extensions ['cmake', 'python']
[1.291s] Level 1:colcon.colcon_core.package_identification:_identify(src) by extension 'cmake'
[1.291s] Level 1:colcon.colcon_core.package_identification:_identify(src) by extension 'python'
[1.291s] Level 1:colcon.colcon_core.package_identification:_identify(src) by extensions ['python_setup_py']
[1.292s] Level 1:colcon.colcon_core.package_identification:_identify(src) by extension 'python_setup_py'
[1.294s] Level 1:colcon.colcon_core.package_identification:_identify(src/ROS-TCP-Endpoint) by extensions ['ignore', 'ignore_ament_install']
[1.295s] Level 1:colcon.colcon_core.package_identification:_identify(src/ROS-TCP-Endpoint) by extension 'ignore'
[1.295s] Level 1:colcon.colcon_core.package_identification:_identify(src/ROS-TCP-Endpoint) by extension 'ignore_ament_install'
[1.296s] Level 1:colcon.colcon_core.package_identification:_identify(src/ROS-TCP-Endpoint) by extensions ['colcon_pkg']
[1.296s] Level 1:colcon.colcon_core.package_identification:_identify(src/ROS-TCP-Endpoint) by extension 'colcon_pkg'
[1.296s] Level 1:colcon.colcon_core.package_identification:_identify(src/ROS-TCP-Endpoint) by extensions ['colcon_meta']
[1.297s] Level 1:colcon.colcon_core.package_identification:_identify(src/ROS-TCP-Endpoint) by extension 'colcon_meta'
[1.297s] Level 1:colcon.colcon_core.package_identification:_identify(src/ROS-TCP-Endpoint) by extensions ['ros']
[1.297s] Level 1:colcon.colcon_core.package_identification:_identify(src/ROS-TCP-Endpoint) by extension 'ros'
[1.312s] DEBUG:colcon.colcon_core.package_identification:Package 'src/ROS-TCP-Endpoint' with type 'ros.ament_python' and name 'ros_tcp_endpoint'
[1.312s] Level 1:colcon.colcon_core.package_identification:_identify(src/msg_manage) by extensions ['ignore', 'ignore_ament_install']
[1.313s] Level 1:colcon.colcon_core.package_identification:_identify(src/msg_manage) by extension 'ignore'
[1.313s] Level 1:colcon.colcon_core.package_identification:_identify(src/msg_manage) by extension 'ignore_ament_install'
[1.314s] Level 1:colcon.colcon_core.package_identification:_identify(src/msg_manage) by extensions ['colcon_pkg']
[1.314s] Level 1:colcon.colcon_core.package_identification:_identify(src/msg_manage) by extension 'colcon_pkg'
[1.314s] Level 1:colcon.colcon_core.package_identification:_identify(src/msg_manage) by extensions ['colcon_meta']
[1.315s] Level 1:colcon.colcon_core.package_identification:_identify(src/msg_manage) by extension 'colcon_meta'
[1.315s] Level 1:colcon.colcon_core.package_identification:_identify(src/msg_manage) by extensions ['ros']
[1.315s] Level 1:colcon.colcon_core.package_identification:_identify(src/msg_manage) by extension 'ros'
[1.320s] DEBUG:colcon.colcon_core.package_identification:Package 'src/msg_manage' with type 'ros.ament_cmake' and name 'msg_manage'
[1.320s] Level 1:colcon.colcon_core.package_identification:_identify(src/project_2) by extensions ['ignore', 'ignore_ament_install']
[1.321s] Level 1:colcon.colcon_core.package_identification:_identify(src/project_2) by extension 'ignore'
[1.321s] Level 1:colcon.colcon_core.package_identification:_identify(src/project_2) by extension 'ignore_ament_install'
[1.322s] Level 1:colcon.colcon_core.package_identification:_identify(src/project_2) by extensions ['colcon_pkg']
[1.322s] Level 1:colcon.colcon_core.package_identification:_identify(src/project_2) by extension 'colcon_pkg'
[1.322s] Level 1:colcon.colcon_core.package_identification:_identify(src/project_2) by extensions ['colcon_meta']
[1.322s] Level 1:colcon.colcon_core.package_identification:_identify(src/project_2) by extension 'colcon_meta'
[1.323s] Level 1:colcon.colcon_core.package_identification:_identify(src/project_2) by extensions ['ros']
[1.323s] Level 1:colcon.colcon_core.package_identification:_identify(src/project_2) by extension 'ros'
[1.327s] DEBUG:colcon.colcon_core.package_identification:Package 'src/project_2' with type 'ros.ament_python' and name 'project_2'
[1.328s] Level 1:colcon.colcon_core.package_identification:_identify(src/unity_robotics_demo) by extensions ['ignore', 'ignore_ament_install']
[1.329s] Level 1:colcon.colcon_core.package_identification:_identify(src/unity_robotics_demo) by extension 'ignore'
[1.329s] Level 1:colcon.colcon_core.package_identification:_identify(src/unity_robotics_demo) by extension 'ignore_ament_install'
[1.329s] Level 1:colcon.colcon_core.package_identification:_identify(src/unity_robotics_demo) by extensions ['colcon_pkg']
[1.330s] Level 1:colcon.colcon_core.package_identification:_identify(src/unity_robotics_demo) by extension 'colcon_pkg'
[1.330s] Level 1:colcon.colcon_core.package_identification:_identify(src/unity_robotics_demo) by extensions ['colcon_meta']
[1.330s] Level 1:colcon.colcon_core.package_identification:_identify(src/unity_robotics_demo) by extension 'colcon_meta'
[1.331s] Level 1:colcon.colcon_core.package_identification:_identify(src/unity_robotics_demo) by extensions ['ros']
[1.331s] Level 1:colcon.colcon_core.package_identification:_identify(src/unity_robotics_demo) by extension 'ros'
[1.335s] DEBUG:colcon.colcon_core.package_identification:Package 'src/unity_robotics_demo' with type 'ros.ament_python' and name 'unity_robotics_demo'
[1.336s] Level 1:colcon.colcon_core.package_identification:_identify(src/unity_robotics_demo_msgs) by extensions ['ignore', 'ignore_ament_install']
[1.337s] Level 1:colcon.colcon_core.package_identification:_identify(src/unity_robotics_demo_msgs) by extension 'ignore'
[1.337s] Level 1:colcon.colcon_core.package_identification:_identify(src/unity_robotics_demo_msgs) by extension 'ignore_ament_install'
[1.338s] Level 1:colcon.colcon_core.package_identification:_identify(src/unity_robotics_demo_msgs) by extensions ['colcon_pkg']
[1.338s] Level 1:colcon.colcon_core.package_identification:_identify(src/unity_robotics_demo_msgs) by extension 'colcon_pkg'
[1.338s] Level 1:colcon.colcon_core.package_identification:_identify(src/unity_robotics_demo_msgs) by extensions ['colcon_meta']
[1.338s] Level 1:colcon.colcon_core.package_identification:_identify(src/unity_robotics_demo_msgs) by extension 'colcon_meta'
[1.339s] Level 1:colcon.colcon_core.package_identification:_identify(src/unity_robotics_demo_msgs) by extensions ['ros']
[1.339s] Level 1:colcon.colcon_core.package_identification:_identify(src/unity_robotics_demo_msgs) by extension 'ros'
[1.342s] DEBUG:colcon.colcon_core.package_identification:Package 'src/unity_robotics_demo_msgs' with type 'ros.ament_cmake' and name 'unity_robotics_demo_msgs'
[1.343s] Level 1:colcon.colcon_core.package_identification:_identify(src/unity_slam_example) by extensions ['ignore', 'ignore_ament_install']
[1.343s] Level 1:colcon.colcon_core.package_identification:_identify(src/unity_slam_example) by extension 'ignore'
[1.344s] Level 1:colcon.colcon_core.package_identification:_identify(src/unity_slam_example) by extension 'ignore_ament_install'
[1.344s] Level 1:colcon.colcon_core.package_identification:_identify(src/unity_slam_example) by extensions ['colcon_pkg']
[1.344s] Level 1:colcon.colcon_core.package_identification:_identify(src/unity_slam_example) by extension 'colcon_pkg'
[1.345s] Level 1:colcon.colcon_core.package_identification:_identify(src/unity_slam_example) by extensions ['colcon_meta']
[1.345s] Level 1:colcon.colcon_core.package_identification:_identify(src/unity_slam_example) by extension 'colcon_meta'
[1.345s] Level 1:colcon.colcon_core.package_identification:_identify(src/unity_slam_example) by extensions ['ros']
[1.345s] Level 1:colcon.colcon_core.package_identification:_identify(src/unity_slam_example) by extension 'ros'
[1.349s] DEBUG:colcon.colcon_core.package_identification:Package 'src/unity_slam_example' with type 'ros.ament_python' and name 'unity_slam_example'
[1.349s] Level 1:colcon.colcon_core.package_discovery:discover_packages(recursive) using defaults
[1.350s] Level 1:colcon.colcon_core.package_discovery:discover_packages(ignore) discover
[1.350s] Level 1:colcon.colcon_core.package_discovery:discover_packages(ignore) using defaults
[1.350s] Level 1:colcon.colcon_core.package_discovery:discover_packages(path) discover
[1.350s] Level 1:colcon.colcon_core.package_discovery:discover_packages(path) using defaults
[1.526s] INFO:colcon.colcon_core.package_selection:Skipping not selected package 'msg_manage' in 'src/msg_manage'
[1.527s] INFO:colcon.colcon_core.package_selection:Skipping not selected package 'ros_tcp_endpoint' in 'src/ROS-TCP-Endpoint'
[1.527s] INFO:colcon.colcon_core.package_selection:Skipping not selected package 'unity_robotics_demo' in 'src/unity_robotics_demo'
[1.527s] INFO:colcon.colcon_core.package_selection:Skipping not selected package 'unity_robotics_demo_msgs' in 'src/unity_robotics_demo_msgs'
[1.527s] INFO:colcon.colcon_core.package_selection:Skipping not selected package 'unity_slam_example' in 'src/unity_slam_example'
[1.534s] Level 5:colcon.colcon_core.verb:set package 'project_2' build argument 'cmake_args' from command line to 'None'
[1.534s] Level 5:colcon.colcon_core.verb:set package 'project_2' build argument 'cmake_target' from command line to 'None'
[1.535s] Level 5:colcon.colcon_core.verb:set package 'project_2' build argument 'cmake_target_skip_unavailable' from command line to 'False'
[1.535s] Level 5:colcon.colcon_core.verb:set package 'project_2' build argument 'cmake_clean_cache' from command line to 'False'
[1.535s] Level 5:colcon.colcon_core.verb:set package 'project_2' build argument 'cmake_clean_first' from command line to 'False'
[1.535s] Level 5:colcon.colcon_core.verb:set package 'project_2' build argument 'cmake_force_configure' from command line to 'False'
[1.535s] Level 5:colcon.colcon_core.verb:set package 'project_2' build argument 'ament_cmake_args' from command line to 'None'
[1.536s] Level 5:colcon.colcon_core.verb:set package 'project_2' build argument 'catkin_cmake_args' from command line to 'None'
[1.536s] Level 5:colcon.colcon_core.verb:set package 'project_2' build argument 'catkin_skip_building_tests' from command line to 'False'
[1.536s] DEBUG:colcon.colcon_core.verb:Building package 'project_2' with the following arguments: {'ament_cmake_args': None, 'build_base': '/home/jetson/Desktop/workspace_2/build/project_2', 'catkin_cmake_args': None, 'catkin_skip_building_tests': False, 'cmake_args': None, 'cmake_clean_cache': False, 'cmake_clean_first': False, 'cmake_force_configure': False, 'cmake_target': None, 'cmake_target_skip_unavailable': False, 'install_base': '/home/jetson/Desktop/workspace_2/install/project_2', 'merge_install': False, 'path': '/home/jetson/Desktop/workspace_2/src/project_2', 'symlink_install': False, 'test_result_base': None}
[1.616s] INFO:colcon.colcon_core.executor:Executing jobs using 'parallel' executor
[1.626s] DEBUG:colcon.colcon_parallel_executor.executor.parallel:run_until_complete
[1.631s] INFO:colcon.colcon_ros.task.ament_python.build:Building ROS package in '/home/jetson/Desktop/workspace_2/src/project_2' with build type 'ament_python'
[1.631s] Level 1:colcon.colcon_core.shell:create_environment_hook('project_2', 'ament_prefix_path')
[1.661s] INFO:colcon.colcon_core.plugin_system:Skipping extension 'colcon_core.shell.bat': Not used on non-Windows systems
[1.662s] INFO:colcon.colcon_core.shell:Creating environment hook '/home/jetson/Desktop/workspace_2/install/project_2/share/project_2/hook/ament_prefix_path.ps1'
[1.666s] INFO:colcon.colcon_core.shell:Creating environment descriptor '/home/jetson/Desktop/workspace_2/install/project_2/share/project_2/hook/ament_prefix_path.dsv'
[1.669s] INFO:colcon.colcon_core.shell:Creating environment hook '/home/jetson/Desktop/workspace_2/install/project_2/share/project_2/hook/ament_prefix_path.sh'
[1.675s] INFO:colcon.colcon_core.shell:Skip shell extension 'powershell' for command environment: Not usable outside of PowerShell
[1.675s] DEBUG:colcon.colcon_core.shell:Skip shell extension 'dsv' for command environment
[3.365s] INFO:colcon.colcon_core.task.python.build:Building Python package in '/home/jetson/Desktop/workspace_2/src/project_2'
[3.369s] INFO:colcon.colcon_core.shell:Skip shell extension 'powershell' for command environment: Not usable outside of PowerShell
[3.369s] DEBUG:colcon.colcon_core.shell:Skip shell extension 'dsv' for command environment
[6.115s] DEBUG:colcon.colcon_core.event_handler.log_command:Invoking command in '/home/jetson/Desktop/workspace_2/src/project_2': CMAKE_PREFIX_PATH=/home/jetson/Desktop/workspace_2/install/msg_manage:/home/jetson/Desktop/workspace_2/install/unity_robotics_demo_msgs:/home/jetson/ros2_foxy/ros2-linux LD_LIBRARY_PATH=/home/jetson/Desktop/workspace_2/install/msg_manage/lib:/home/jetson/Desktop/workspace_2/install/unity_robotics_demo_msgs/lib:/opt/ros/foxy/opt/yaml_cpp_vendor/lib:/opt/ros/foxy/opt/rviz_ogre_vendor/lib:/opt/ros/foxy/lib/aarch64-linux-gnu:/opt/ros/foxy/lib:/home/jetson/ros2_foxy/ros2-linux/opt/yaml_cpp_vendor/lib:/home/jetson/ros2_foxy/ros2-linux/opt/rviz_ogre_vendor/lib:/home/jetson/ros2_foxy/ros2-linux/lib PYTHONPATH=/home/jetson/Desktop/workspace_2/install/project_2/lib/python3.8/site-packages:/home/jetson/Desktop/workspace_2/install/msg_manage/lib/python3.8/site-packages:/home/jetson/Desktop/workspace_2/install/unity_slam_example/lib/python3.8/site-packages:/home/jetson/Desktop/workspace_2/install/unity_robotics_demo_msgs/lib/python3.8/site-packages:/home/jetson/Desktop/workspace_2/install/unity_robotics_demo/lib/python3.8/site-packages:/home/jetson/Desktop/workspace_2/install/ros_tcp_endpoint/lib/python3.8/site-packages:/home/jetson/Desktop/workspace_2/install/project_2/lib/python3.8/site-packages:/opt/ros/foxy/lib/python3.8/site-packages:/home/jetson/ros2_foxy/ros2-linux/lib/python3.8/site-packages /usr/bin/python3 setup.py egg_info --egg-base ../../build/project_2 build --build-base /home/jetson/Desktop/workspace_2/build/project_2/build install --prefix /home/jetson/Desktop/workspace_2/install/project_2 --record /home/jetson/Desktop/workspace_2/build/project_2/install.log --single-version-externally-managed
[7.955s] DEBUG:colcon.colcon_core.event_handler.log_command:Invoked command in '/home/jetson/Desktop/workspace_2/src/project_2' returned '0': CMAKE_PREFIX_PATH=/home/jetson/Desktop/workspace_2/install/msg_manage:/home/jetson/Desktop/workspace_2/install/unity_robotics_demo_msgs:/home/jetson/ros2_foxy/ros2-linux LD_LIBRARY_PATH=/home/jetson/Desktop/workspace_2/install/msg_manage/lib:/home/jetson/Desktop/workspace_2/install/unity_robotics_demo_msgs/lib:/opt/ros/foxy/opt/yaml_cpp_vendor/lib:/opt/ros/foxy/opt/rviz_ogre_vendor/lib:/opt/ros/foxy/lib/aarch64-linux-gnu:/opt/ros/foxy/lib:/home/jetson/ros2_foxy/ros2-linux/opt/yaml_cpp_vendor/lib:/home/jetson/ros2_foxy/ros2-linux/opt/rviz_ogre_vendor/lib:/home/jetson/ros2_foxy/ros2-linux/lib PYTHONPATH=/home/jetson/Desktop/workspace_2/install/project_2/lib/python3.8/site-packages:/home/jetson/Desktop/workspace_2/install/msg_manage/lib/python3.8/site-packages:/home/jetson/Desktop/workspace_2/install/unity_slam_example/lib/python3.8/site-packages:/home/jetson/Desktop/workspace_2/install/unity_robotics_demo_msgs/lib/python3.8/site-packages:/home/jetson/Desktop/workspace_2/install/unity_robotics_demo/lib/python3.8/site-packages:/home/jetson/Desktop/workspace_2/install/ros_tcp_endpoint/lib/python3.8/site-packages:/home/jetson/Desktop/workspace_2/install/project_2/lib/python3.8/site-packages:/opt/ros/foxy/lib/python3.8/site-packages:/home/jetson/ros2_foxy/ros2-linux/lib/python3.8/site-packages /usr/bin/python3 setup.py egg_info --egg-base ../../build/project_2 build --build-base /home/jetson/Desktop/workspace_2/build/project_2/build install --prefix /home/jetson/Desktop/workspace_2/install/project_2 --record /home/jetson/Desktop/workspace_2/build/project_2/install.log --single-version-externally-managed
[7.990s] Level 1:colcon.colcon_core.environment:checking '/home/jetson/Desktop/workspace_2/install/project_2' for CMake module files
[7.993s] Level 1:colcon.colcon_core.environment:checking '/home/jetson/Desktop/workspace_2/install/project_2' for CMake config files
[7.996s] Level 1:colcon.colcon_core.environment:checking '/home/jetson/Desktop/workspace_2/install/project_2/lib'
[7.997s] Level 1:colcon.colcon_core.environment:checking '/home/jetson/Desktop/workspace_2/install/project_2/bin'
[7.998s] Level 1:colcon.colcon_core.environment:checking '/home/jetson/Desktop/workspace_2/install/project_2/lib/pkgconfig/project_2.pc'
[7.998s] Level 1:colcon.colcon_core.environment:checking '/home/jetson/Desktop/workspace_2/install/project_2/lib/python3.8/site-packages'
[7.999s] Level 1:colcon.colcon_core.shell:create_environment_hook('project_2', 'pythonpath')
[8.002s] INFO:colcon.colcon_core.shell:Creating environment hook '/home/jetson/Desktop/workspace_2/install/project_2/share/project_2/hook/pythonpath.ps1'
[8.004s] INFO:colcon.colcon_core.shell:Creating environment descriptor '/home/jetson/Desktop/workspace_2/install/project_2/share/project_2/hook/pythonpath.dsv'
[8.005s] INFO:colcon.colcon_core.shell:Creating environment hook '/home/jetson/Desktop/workspace_2/install/project_2/share/project_2/hook/pythonpath.sh'
[8.007s] Level 1:colcon.colcon_core.environment:create_environment_scripts_only(project_2)
[8.010s] INFO:colcon.colcon_core.shell:Creating package script '/home/jetson/Desktop/workspace_2/install/project_2/share/project_2/package.ps1'
[8.015s] INFO:colcon.colcon_core.shell:Creating package descriptor '/home/jetson/Desktop/workspace_2/install/project_2/share/project_2/package.dsv'
[8.021s] INFO:colcon.colcon_core.shell:Creating package script '/home/jetson/Desktop/workspace_2/install/project_2/share/project_2/package.sh'
[8.026s] INFO:colcon.colcon_core.shell:Creating package script '/home/jetson/Desktop/workspace_2/install/project_2/share/project_2/package.bash'
[8.032s] INFO:colcon.colcon_core.shell:Creating package script '/home/jetson/Desktop/workspace_2/install/project_2/share/project_2/package.zsh'
[8.036s] Level 1:colcon.colcon_core.environment:create_file_with_runtime_dependencies(/home/jetson/Desktop/workspace_2/install/project_2/share/colcon-core/packages/project_2)
[8.038s] DEBUG:colcon.colcon_parallel_executor.executor.parallel:closing loop
[8.040s] DEBUG:colcon.colcon_parallel_executor.executor.parallel:loop closed
[8.041s] DEBUG:colcon.colcon_parallel_executor.executor.parallel:run_until_complete finished with '0'
[8.041s] DEBUG:colcon.colcon_core.event_reactor:joining thread
[8.099s] INFO:colcon.colcon_core.plugin_system:Skipping extension 'colcon_notification.desktop_notification.terminal_notifier': Not used on non-Darwin systems
[8.100s] INFO:colcon.colcon_core.plugin_system:Skipping extension 'colcon_notification.desktop_notification.win32': Not used on non-Windows systems
[8.101s] INFO:colcon.colcon_notification.desktop_notification:Sending desktop notification using 'notify2'
[8.174s] DEBUG:colcon.colcon_core.event_reactor:joined thread
[8.177s] INFO:colcon.colcon_core.shell:Creating prefix script '/home/jetson/Desktop/workspace_2/install/local_setup.ps1'
[8.184s] INFO:colcon.colcon_core.shell:Creating prefix util module '/home/jetson/Desktop/workspace_2/install/_local_setup_util_ps1.py'
[8.191s] INFO:colcon.colcon_core.shell:Creating prefix chain script '/home/jetson/Desktop/workspace_2/install/setup.ps1'
[8.200s] INFO:colcon.colcon_core.shell:Creating prefix script '/home/jetson/Desktop/workspace_2/install/local_setup.sh'
[8.203s] INFO:colcon.colcon_core.shell:Creating prefix util module '/home/jetson/Desktop/workspace_2/install/_local_setup_util_sh.py'
[8.205s] INFO:colcon.colcon_core.shell:Creating prefix chain script '/home/jetson/Desktop/workspace_2/install/setup.sh'
[8.213s] INFO:colcon.colcon_core.shell:Creating prefix script '/home/jetson/Desktop/workspace_2/install/local_setup.bash'
[8.220s] INFO:colcon.colcon_core.shell:Creating prefix chain script '/home/jetson/Desktop/workspace_2/install/setup.bash'
[8.228s] INFO:colcon.colcon_core.shell:Creating prefix script '/home/jetson/Desktop/workspace_2/install/local_setup.zsh'
[8.238s] INFO:colcon.colcon_core.shell:Creating prefix chain script '/home/jetson/Desktop/workspace_2/install/setup.zsh'
