[3.060s] Invoking command in '/home/jetson/Desktop/workspace_2/build/unity_robotics_demo_msgs': CMAKE_PREFIX_PATH=${CMAKE_PREFIX_PATH}:/home/jetson/Desktop/workspace_2/install/unity_slam_example:/home/jetson/Desktop/workspace_2/install/unity_robotics_demo:/home/jetson/Desktop/workspace_2/install/ros_tcp_endpoint:/home/jetson/Desktop/workspace_2/install/project_2:/opt/ros/foxy /usr/bin/cmake /home/jetson/Desktop/workspace_2/src/unity_robotics_demo_msgs -DCMAKE_INSTALL_PREFIX=/home/jetson/Desktop/workspace_2/install/unity_robotics_demo_msgs
[3.447s] -- The C compiler identification is GNU 8.4.0
[3.796s] -- The CXX compiler identification is GNU 8.4.0
[3.817s] -- Check for working C compiler: /usr/bin/cc
[4.263s] -- Check for working C compiler: /usr/bin/cc -- works
[4.267s] -- Detecting C compiler ABI info
[4.571s] -- Detecting C compiler ABI info - done
[4.623s] -- Detecting C compile features
[4.626s] -- Detecting C compile features - done
[4.640s] -- Check for working CXX compiler: /usr/bin/c++
[4.992s] -- Check for working CXX compiler: /usr/bin/c++ -- works
[4.996s] -- Detecting CXX compiler ABI info
[5.356s] -- Detecting CXX compiler ABI info - done
[5.423s] -- Detecting CXX compile features
[5.427s] -- Detecting CXX compile features - done
[5.441s] -- Found rosidl_default_generators: 1.0.1 (/home/jetson/ros2_foxy/ros2-linux/share/rosidl_default_generators/cmake)
[5.453s] -- Found ament_cmake_core: 0.9.9 (/home/jetson/ros2_foxy/ros2-linux/share/ament_cmake_core/cmake)
[5.584s] -- Found PythonInterp: /usr/bin/python3 (found suitable version "3.8.10", minimum required is "3") 
[5.584s] -- Using PYTHON_EXECUTABLE: /usr/bin/python3
[6.785s] -- Using all available rosidl_typesupport_c: rosidl_typesupport_fastrtps_c;rosidl_typesupport_introspection_c
[6.834s] -- Found rosidl_adapter: 1.2.1 (/home/jetson/ros2_foxy/ros2-linux/share/rosidl_adapter/cmake)
[7.328s] -- Found OpenSSL: /usr/lib/aarch64-linux-gnu/libcrypto.so (found version "1.1.1f")  
[7.555s] -- Found FastRTPS: /home/jetson/ros2_foxy/ros2-linux/include  
[8.149s] -- Using all available rosidl_typesupport_cpp: rosidl_typesupport_fastrtps_cpp;rosidl_typesupport_introspection_cpp
[8.282s] -- Found builtin_interfaces: 1.0.0 (/home/jetson/ros2_foxy/ros2-linux/share/builtin_interfaces/cmake)
[8.348s] -- Found geometry_msgs: 2.0.5 (/home/jetson/ros2_foxy/ros2-linux/share/geometry_msgs/cmake)
[8.736s] -- Found PythonInterp: /usr/bin/python3 (found version "3.8.10") 
[9.818s] -- Found ament_cmake_ros: 0.9.2 (/home/jetson/ros2_foxy/ros2-linux/share/ament_cmake_ros/cmake)
[11.144s] -- Using all available rosidl_typesupport_c: rosidl_typesupport_fastrtps_c;rosidl_typesupport_introspection_c
[11.773s] -- Using all available rosidl_typesupport_cpp: rosidl_typesupport_fastrtps_cpp;rosidl_typesupport_introspection_cpp
[11.900s] -- Found PythonInterp: /usr/bin/python3 (found suitable version "3.8.10", minimum required is "3.5") 
[11.909s] -- Found python_cmake_module: 0.8.1 (/home/jetson/ros2_foxy/ros2-linux/share/python_cmake_module/cmake)
[12.033s] -- Found PythonLibs: /usr/lib/aarch64-linux-gnu/libpython3.8.so (found suitable version "3.8.10", minimum required is "3.5") 
[12.034s] -- Using PYTHON_EXECUTABLE: /usr/bin/python3
[12.034s] -- Using PYTHON_INCLUDE_DIRS: /usr/include/python3.8
[12.035s] -- Using PYTHON_LIBRARIES: /usr/lib/aarch64-linux-gnu/libpython3.8.so
[12.141s] -- Found PythonExtra: .so  
[12.565s] -- Found ament_lint_auto: 0.9.6 (/home/jetson/ros2_foxy/ros2-linux/share/ament_lint_auto/cmake)
[12.692s] -- Added test 'copyright' to check source files copyright and LICENSE
[12.700s] -- Added test 'lint_cmake' to check CMake code style
[12.705s] -- Added test 'xmllint' to check XML markup files
[12.733s] -- Configuring done
[13.012s] -- Generating done
[13.025s] -- Build files have been written to: /home/jetson/Desktop/workspace_2/build/unity_robotics_demo_msgs
[13.066s] Invoked command in '/home/jetson/Desktop/workspace_2/build/unity_robotics_demo_msgs' returned '0': CMAKE_PREFIX_PATH=${CMAKE_PREFIX_PATH}:/home/jetson/Desktop/workspace_2/install/unity_slam_example:/home/jetson/Desktop/workspace_2/install/unity_robotics_demo:/home/jetson/Desktop/workspace_2/install/ros_tcp_endpoint:/home/jetson/Desktop/workspace_2/install/project_2:/opt/ros/foxy /usr/bin/cmake /home/jetson/Desktop/workspace_2/src/unity_robotics_demo_msgs -DCMAKE_INSTALL_PREFIX=/home/jetson/Desktop/workspace_2/install/unity_robotics_demo_msgs
[13.074s] Invoking command in '/home/jetson/Desktop/workspace_2/build/unity_robotics_demo_msgs': CMAKE_PREFIX_PATH=${CMAKE_PREFIX_PATH}:/home/jetson/Desktop/workspace_2/install/unity_slam_example:/home/jetson/Desktop/workspace_2/install/unity_robotics_demo:/home/jetson/Desktop/workspace_2/install/ros_tcp_endpoint:/home/jetson/Desktop/workspace_2/install/project_2:/opt/ros/foxy /usr/bin/cmake --build /home/jetson/Desktop/workspace_2/build/unity_robotics_demo_msgs -- -j4 -l4
[13.242s] [35m[1mScanning dependencies of target unity_robotics_demo_msgs__cpp[0m
[13.287s] [  1%] [34m[1mGenerating C++ code for ROS interfaces[0m
[15.703s] [  1%] Built target unity_robotics_demo_msgs__cpp
[15.747s] [  3%] [34m[1mGenerating C code for ROS interfaces[0m
[18.233s] [35m[1mScanning dependencies of target unity_robotics_demo_msgs__rosidl_generator_c[0m
[18.287s] [  5%] [32mBuilding C object CMakeFiles/unity_robotics_demo_msgs__rosidl_generator_c.dir/rosidl_generator_c/unity_robotics_demo_msgs/msg/detail/pos_rot__functions.c.o[0m
[18.429s] [  7%] [32mBuilding C object CMakeFiles/unity_robotics_demo_msgs__rosidl_generator_c.dir/rosidl_generator_c/unity_robotics_demo_msgs/msg/detail/unity_color__functions.c.o[0m
[18.573s] [  9%] [32mBuilding C object CMakeFiles/unity_robotics_demo_msgs__rosidl_generator_c.dir/rosidl_generator_c/unity_robotics_demo_msgs/srv/detail/position_service__functions.c.o[0m
[18.757s] [ 10%] [32mBuilding C object CMakeFiles/unity_robotics_demo_msgs__rosidl_generator_c.dir/rosidl_generator_c/unity_robotics_demo_msgs/srv/detail/object_pose_service__functions.c.o[0m
[18.926s] [ 12%] [32m[1mLinking C shared library libunity_robotics_demo_msgs__rosidl_generator_c.so[0m
[19.080s] [ 12%] Built target unity_robotics_demo_msgs__rosidl_generator_c
[19.122s] [ 14%] [34m[1mGenerating C++ introspection for ROS interfaces[0m
[20.947s] [35m[1mScanning dependencies of target unity_robotics_demo_msgs__rosidl_typesupport_introspection_cpp[0m
[21.006s] [ 16%] [32mBuilding CXX object CMakeFiles/unity_robotics_demo_msgs__rosidl_typesupport_introspection_cpp.dir/rosidl_typesupport_introspection_cpp/unity_robotics_demo_msgs/msg/detail/pos_rot__type_support.cpp.o[0m
[21.981s] [ 18%] [32mBuilding CXX object CMakeFiles/unity_robotics_demo_msgs__rosidl_typesupport_introspection_cpp.dir/rosidl_typesupport_introspection_cpp/unity_robotics_demo_msgs/msg/detail/unity_color__type_support.cpp.o[0m
[22.929s] [ 20%] [32mBuilding CXX object CMakeFiles/unity_robotics_demo_msgs__rosidl_typesupport_introspection_cpp.dir/rosidl_typesupport_introspection_cpp/unity_robotics_demo_msgs/srv/detail/position_service__type_support.cpp.o[0m
[23.914s] [ 21%] [32mBuilding CXX object CMakeFiles/unity_robotics_demo_msgs__rosidl_typesupport_introspection_cpp.dir/rosidl_typesupport_introspection_cpp/unity_robotics_demo_msgs/srv/detail/object_pose_service__type_support.cpp.o[0m
[24.014s] [ 23%] [34m[1mGenerating C introspection for ROS interfaces[0m
[25.036s] [ 25%] [32m[1mLinking CXX shared library libunity_robotics_demo_msgs__rosidl_typesupport_introspection_cpp.so[0m
[25.334s] [ 25%] Built target unity_robotics_demo_msgs__rosidl_typesupport_introspection_cpp
[26.232s] [35m[1mScanning dependencies of target unity_robotics_demo_msgs__rosidl_typesupport_introspection_c[0m
[26.369s] [ 27%] [32mBuilding C object CMakeFiles/unity_robotics_demo_msgs__rosidl_typesupport_introspection_c.dir/rosidl_typesupport_introspection_c/unity_robotics_demo_msgs/msg/detail/pos_rot__type_support.c.o[0m
[26.598s] [ 29%] [32mBuilding C object CMakeFiles/unity_robotics_demo_msgs__rosidl_typesupport_introspection_c.dir/rosidl_typesupport_introspection_c/unity_robotics_demo_msgs/msg/detail/unity_color__type_support.c.o[0m
[26.745s] [ 30%] [32mBuilding C object CMakeFiles/unity_robotics_demo_msgs__rosidl_typesupport_introspection_c.dir/rosidl_typesupport_introspection_c/unity_robotics_demo_msgs/srv/detail/position_service__type_support.c.o[0m
[26.890s] [ 32%] [32mBuilding C object CMakeFiles/unity_robotics_demo_msgs__rosidl_typesupport_introspection_c.dir/rosidl_typesupport_introspection_c/unity_robotics_demo_msgs/srv/detail/object_pose_service__type_support.c.o[0m
[27.050s] [ 34%] [32m[1mLinking C shared library libunity_robotics_demo_msgs__rosidl_typesupport_introspection_c.so[0m
[27.189s] [ 34%] Built target unity_robotics_demo_msgs__rosidl_typesupport_introspection_c
[27.258s] [ 36%] [34m[1mGenerating C type support dispatch for ROS interfaces[0m
[27.271s] [ 38%] [34m[1mGenerating C++ type support for eProsima Fast-RTPS[0m
[29.355s] [35m[1mScanning dependencies of target unity_robotics_demo_msgs__rosidl_typesupport_c[0m
[29.482s] [ 40%] [32mBuilding CXX object CMakeFiles/unity_robotics_demo_msgs__rosidl_typesupport_c.dir/rosidl_typesupport_c/unity_robotics_demo_msgs/msg/pos_rot__type_support.cpp.o[0m
[29.629s] [ 41%] [32mBuilding CXX object CMakeFiles/unity_robotics_demo_msgs__rosidl_typesupport_c.dir/rosidl_typesupport_c/unity_robotics_demo_msgs/msg/unity_color__type_support.cpp.o[0m
[29.790s] [ 43%] [32mBuilding CXX object CMakeFiles/unity_robotics_demo_msgs__rosidl_typesupport_c.dir/rosidl_typesupport_c/unity_robotics_demo_msgs/srv/position_service__type_support.cpp.o[0m
[29.920s] [ 45%] [32mBuilding CXX object CMakeFiles/unity_robotics_demo_msgs__rosidl_typesupport_c.dir/rosidl_typesupport_c/unity_robotics_demo_msgs/srv/object_pose_service__type_support.cpp.o[0m
[29.936s] [35m[1mScanning dependencies of target unity_robotics_demo_msgs__rosidl_typesupport_fastrtps_cpp[0m
[30.022s] [ 47%] [32mBuilding CXX object CMakeFiles/unity_robotics_demo_msgs__rosidl_typesupport_fastrtps_cpp.dir/rosidl_typesupport_fastrtps_cpp/unity_robotics_demo_msgs/msg/detail/dds_fastrtps/pos_rot__type_support.cpp.o[0m
[30.085s] [ 49%] [32m[1mLinking CXX shared library libunity_robotics_demo_msgs__rosidl_typesupport_c.so[0m
[30.261s] [ 49%] Built target unity_robotics_demo_msgs__rosidl_typesupport_c
[31.573s] [ 50%] [32mBuilding CXX object CMakeFiles/unity_robotics_demo_msgs__rosidl_typesupport_fastrtps_cpp.dir/rosidl_typesupport_fastrtps_cpp/unity_robotics_demo_msgs/srv/detail/dds_fastrtps/position_service__type_support.cpp.o[0m
[33.141s] [ 52%] [32mBuilding CXX object CMakeFiles/unity_robotics_demo_msgs__rosidl_typesupport_fastrtps_cpp.dir/rosidl_typesupport_fastrtps_cpp/unity_robotics_demo_msgs/srv/detail/dds_fastrtps/object_pose_service__type_support.cpp.o[0m
[34.710s] [ 54%] [32mBuilding CXX object CMakeFiles/unity_robotics_demo_msgs__rosidl_typesupport_fastrtps_cpp.dir/rosidl_typesupport_fastrtps_cpp/unity_robotics_demo_msgs/msg/detail/dds_fastrtps/unity_color__type_support.cpp.o[0m
[36.204s] [ 56%] [32m[1mLinking CXX shared library libunity_robotics_demo_msgs__rosidl_typesupport_fastrtps_cpp.so[0m
[36.551s] [ 56%] Built target unity_robotics_demo_msgs__rosidl_typesupport_fastrtps_cpp
[36.597s] [ 58%] [34m[1mGenerating C++ type support dispatch for ROS interfaces[0m
[38.323s] [35m[1mScanning dependencies of target unity_robotics_demo_msgs__rosidl_typesupport_cpp[0m
[38.381s] [ 60%] [32mBuilding CXX object CMakeFiles/unity_robotics_demo_msgs__rosidl_typesupport_cpp.dir/rosidl_typesupport_cpp/unity_robotics_demo_msgs/msg/pos_rot__type_support.cpp.o[0m
[39.366s] [ 61%] [32mBuilding CXX object CMakeFiles/unity_robotics_demo_msgs__rosidl_typesupport_cpp.dir/rosidl_typesupport_cpp/unity_robotics_demo_msgs/srv/position_service__type_support.cpp.o[0m
[40.376s] [ 63%] [32mBuilding CXX object CMakeFiles/unity_robotics_demo_msgs__rosidl_typesupport_cpp.dir/rosidl_typesupport_cpp/unity_robotics_demo_msgs/srv/object_pose_service__type_support.cpp.o[0m
[41.377s] [ 65%] [32mBuilding CXX object CMakeFiles/unity_robotics_demo_msgs__rosidl_typesupport_cpp.dir/rosidl_typesupport_cpp/unity_robotics_demo_msgs/msg/unity_color__type_support.cpp.o[0m
[42.333s] [ 67%] [32m[1mLinking CXX shared library libunity_robotics_demo_msgs__rosidl_typesupport_cpp.so[0m
[42.488s] [ 67%] Built target unity_robotics_demo_msgs__rosidl_typesupport_cpp
[42.532s] [ 69%] [34m[1mGenerating C type support for eProsima Fast-RTPS[0m
[44.591s] [35m[1mScanning dependencies of target unity_robotics_demo_msgs__rosidl_typesupport_fastrtps_c[0m
[44.687s] [ 70%] [32mBuilding CXX object CMakeFiles/unity_robotics_demo_msgs__rosidl_typesupport_fastrtps_c.dir/rosidl_typesupport_fastrtps_c/unity_robotics_demo_msgs/msg/detail/pos_rot__type_support_c.cpp.o[0m
[45.879s] [ 72%] [32mBuilding CXX object CMakeFiles/unity_robotics_demo_msgs__rosidl_typesupport_fastrtps_c.dir/rosidl_typesupport_fastrtps_c/unity_robotics_demo_msgs/srv/detail/object_pose_service__type_support_c.cpp.o[0m
[47.192s] [ 74%] [32mBuilding CXX object CMakeFiles/unity_robotics_demo_msgs__rosidl_typesupport_fastrtps_c.dir/rosidl_typesupport_fastrtps_c/unity_robotics_demo_msgs/srv/detail/position_service__type_support_c.cpp.o[0m
[48.511s] [ 76%] [32mBuilding CXX object CMakeFiles/unity_robotics_demo_msgs__rosidl_typesupport_fastrtps_c.dir/rosidl_typesupport_fastrtps_c/unity_robotics_demo_msgs/msg/detail/unity_color__type_support_c.cpp.o[0m
[49.766s] [ 78%] [32m[1mLinking CXX shared library libunity_robotics_demo_msgs__rosidl_typesupport_fastrtps_c.so[0m
[50.099s] [ 78%] Built target unity_robotics_demo_msgs__rosidl_typesupport_fastrtps_c
[50.138s] [35m[1mScanning dependencies of target unity_robotics_demo_msgs[0m
[50.183s] [ 78%] Built target unity_robotics_demo_msgs
[50.225s] [35m[1mScanning dependencies of target unity_robotics_demo_msgs__py[0m
[50.271s] [ 80%] [34m[1mGenerating Python code for ROS interfaces[0m
[54.534s] [ 80%] Built target unity_robotics_demo_msgs__py
[54.576s] [35m[1mScanning dependencies of target unity_robotics_demo_msgs__python[0m
[54.674s] [ 81%] [32mBuilding C object CMakeFiles/unity_robotics_demo_msgs__python.dir/rosidl_generator_py/unity_robotics_demo_msgs/msg/_pos_rot_s.c.o[0m
[55.045s] [ 83%] [32mBuilding C object CMakeFiles/unity_robotics_demo_msgs__python.dir/rosidl_generator_py/unity_robotics_demo_msgs/srv/_object_pose_service_s.c.o[0m
[55.428s] [ 85%] [32mBuilding C object CMakeFiles/unity_robotics_demo_msgs__python.dir/rosidl_generator_py/unity_robotics_demo_msgs/srv/_position_service_s.c.o[0m
[55.801s] [ 87%] [32mBuilding C object CMakeFiles/unity_robotics_demo_msgs__python.dir/rosidl_generator_py/unity_robotics_demo_msgs/msg/_unity_color_s.c.o[0m
[56.152s] [ 89%] [32m[1mLinking C shared library rosidl_generator_py/unity_robotics_demo_msgs/libunity_robotics_demo_msgs__python.so[0m
[56.340s] [ 89%] Built target unity_robotics_demo_msgs__python
[56.379s] [35m[1mScanning dependencies of target unity_robotics_demo_msgs__rosidl_typesupport_introspection_c__pyext[0m
[56.459s] [ 90%] [32mBuilding C object CMakeFiles/unity_robotics_demo_msgs__rosidl_typesupport_introspection_c__pyext.dir/rosidl_generator_py/unity_robotics_demo_msgs/_unity_robotics_demo_msgs_s.ep.rosidl_typesupport_introspection_c.c.o[0m
[56.905s] [ 92%] [32m[1mLinking C shared library rosidl_generator_py/unity_robotics_demo_msgs/unity_robotics_demo_msgs_s__rosidl_typesupport_introspection_c.cpython-38-aarch64-linux-gnu.so[0m
[57.175s] [ 92%] Built target unity_robotics_demo_msgs__rosidl_typesupport_introspection_c__pyext
[57.262s] [35m[1mScanning dependencies of target unity_robotics_demo_msgs__rosidl_typesupport_fastrtps_c__pyext[0m
[57.463s] [ 94%] [32mBuilding C object CMakeFiles/unity_robotics_demo_msgs__rosidl_typesupport_fastrtps_c__pyext.dir/rosidl_generator_py/unity_robotics_demo_msgs/_unity_robotics_demo_msgs_s.ep.rosidl_typesupport_fastrtps_c.c.o[0m
[58.128s] [ 96%] [32m[1mLinking CXX shared library rosidl_generator_py/unity_robotics_demo_msgs/unity_robotics_demo_msgs_s__rosidl_typesupport_fastrtps_c.cpython-38-aarch64-linux-gnu.so[0m
[58.638s] [ 96%] Built target unity_robotics_demo_msgs__rosidl_typesupport_fastrtps_c__pyext
[58.744s] [35m[1mScanning dependencies of target unity_robotics_demo_msgs__rosidl_typesupport_c__pyext[0m
[58.909s] [ 98%] [32mBuilding C object CMakeFiles/unity_robotics_demo_msgs__rosidl_typesupport_c__pyext.dir/rosidl_generator_py/unity_robotics_demo_msgs/_unity_robotics_demo_msgs_s.ep.rosidl_typesupport_c.c.o[0m
[59.542s] [100%] [32m[1mLinking C shared library rosidl_generator_py/unity_robotics_demo_msgs/unity_robotics_demo_msgs_s__rosidl_typesupport_c.cpython-38-aarch64-linux-gnu.so[0m
[59.920s] [100%] Built target unity_robotics_demo_msgs__rosidl_typesupport_c__pyext
[60.007s] Invoked command in '/home/jetson/Desktop/workspace_2/build/unity_robotics_demo_msgs' returned '0': CMAKE_PREFIX_PATH=${CMAKE_PREFIX_PATH}:/home/jetson/Desktop/workspace_2/install/unity_slam_example:/home/jetson/Desktop/workspace_2/install/unity_robotics_demo:/home/jetson/Desktop/workspace_2/install/ros_tcp_endpoint:/home/jetson/Desktop/workspace_2/install/project_2:/opt/ros/foxy /usr/bin/cmake --build /home/jetson/Desktop/workspace_2/build/unity_robotics_demo_msgs -- -j4 -l4
[61.099s] Invoking command in '/home/jetson/Desktop/workspace_2/build/unity_robotics_demo_msgs': CMAKE_PREFIX_PATH=${CMAKE_PREFIX_PATH}:/home/jetson/Desktop/workspace_2/install/unity_slam_example:/home/jetson/Desktop/workspace_2/install/unity_robotics_demo:/home/jetson/Desktop/workspace_2/install/ros_tcp_endpoint:/home/jetson/Desktop/workspace_2/install/project_2:/opt/ros/foxy /usr/bin/cmake --install /home/jetson/Desktop/workspace_2/build/unity_robotics_demo_msgs
[61.141s] -- Install configuration: ""
[61.142s] -- Installing: /home/jetson/Desktop/workspace_2/install/unity_robotics_demo_msgs/share/ament_index/resource_index/rosidl_interfaces/unity_robotics_demo_msgs
[61.144s] -- Installing: /home/jetson/Desktop/workspace_2/install/unity_robotics_demo_msgs/include/unity_robotics_demo_msgs
[61.145s] -- Installing: /home/jetson/Desktop/workspace_2/install/unity_robotics_demo_msgs/include/unity_robotics_demo_msgs/srv
[61.146s] -- Installing: /home/jetson/Desktop/workspace_2/install/unity_robotics_demo_msgs/include/unity_robotics_demo_msgs/srv/detail
[61.149s] -- Installing: /home/jetson/Desktop/workspace_2/install/unity_robotics_demo_msgs/include/unity_robotics_demo_msgs/srv/detail/position_service__functions.h
[61.150s] -- Installing: /home/jetson/Desktop/workspace_2/install/unity_robotics_demo_msgs/include/unity_robotics_demo_msgs/srv/detail/object_pose_service__functions.c
[61.152s] -- Installing: /home/jetson/Desktop/workspace_2/install/unity_robotics_demo_msgs/include/unity_robotics_demo_msgs/srv/detail/position_service__type_support.h
[61.153s] -- Installing: /home/jetson/Desktop/workspace_2/install/unity_robotics_demo_msgs/include/unity_robotics_demo_msgs/srv/detail/object_pose_service__struct.h
[61.154s] -- Installing: /home/jetson/Desktop/workspace_2/install/unity_robotics_demo_msgs/include/unity_robotics_demo_msgs/srv/detail/object_pose_service__type_support.h
[61.156s] -- Installing: /home/jetson/Desktop/workspace_2/install/unity_robotics_demo_msgs/include/unity_robotics_demo_msgs/srv/detail/object_pose_service__functions.h
[61.157s] -- Installing: /home/jetson/Desktop/workspace_2/install/unity_robotics_demo_msgs/include/unity_robotics_demo_msgs/srv/detail/position_service__functions.c
[61.158s] -- Installing: /home/jetson/Desktop/workspace_2/install/unity_robotics_demo_msgs/include/unity_robotics_demo_msgs/srv/detail/position_service__struct.h
[61.159s] -- Installing: /home/jetson/Desktop/workspace_2/install/unity_robotics_demo_msgs/include/unity_robotics_demo_msgs/srv/position_service.h
[61.160s] -- Installing: /home/jetson/Desktop/workspace_2/install/unity_robotics_demo_msgs/include/unity_robotics_demo_msgs/srv/object_pose_service.h
[61.161s] -- Installing: /home/jetson/Desktop/workspace_2/install/unity_robotics_demo_msgs/include/unity_robotics_demo_msgs/msg
[61.162s] -- Installing: /home/jetson/Desktop/workspace_2/install/unity_robotics_demo_msgs/include/unity_robotics_demo_msgs/msg/detail
[61.165s] -- Installing: /home/jetson/Desktop/workspace_2/install/unity_robotics_demo_msgs/include/unity_robotics_demo_msgs/msg/detail/unity_color__functions.c
[61.167s] -- Installing: /home/jetson/Desktop/workspace_2/install/unity_robotics_demo_msgs/include/unity_robotics_demo_msgs/msg/detail/pos_rot__functions.h
[61.168s] -- Installing: /home/jetson/Desktop/workspace_2/install/unity_robotics_demo_msgs/include/unity_robotics_demo_msgs/msg/detail/unity_color__type_support.h
[61.169s] -- Installing: /home/jetson/Desktop/workspace_2/install/unity_robotics_demo_msgs/include/unity_robotics_demo_msgs/msg/detail/pos_rot__struct.h
[61.170s] -- Installing: /home/jetson/Desktop/workspace_2/install/unity_robotics_demo_msgs/include/unity_robotics_demo_msgs/msg/detail/pos_rot__type_support.h
[61.171s] -- Installing: /home/jetson/Desktop/workspace_2/install/unity_robotics_demo_msgs/include/unity_robotics_demo_msgs/msg/detail/unity_color__struct.h
[61.172s] -- Installing: /home/jetson/Desktop/workspace_2/install/unity_robotics_demo_msgs/include/unity_robotics_demo_msgs/msg/detail/unity_color__functions.h
[61.177s] -- Installing: /home/jetson/Desktop/workspace_2/install/unity_robotics_demo_msgs/include/unity_robotics_demo_msgs/msg/detail/pos_rot__functions.c
[61.178s] -- Installing: /home/jetson/Desktop/workspace_2/install/unity_robotics_demo_msgs/include/unity_robotics_demo_msgs/msg/unity_color.h
[61.180s] -- Installing: /home/jetson/Desktop/workspace_2/install/unity_robotics_demo_msgs/include/unity_robotics_demo_msgs/msg/rosidl_generator_c__visibility_control.h
[61.181s] -- Installing: /home/jetson/Desktop/workspace_2/install/unity_robotics_demo_msgs/include/unity_robotics_demo_msgs/msg/pos_rot.h
[61.182s] -- Installing: /home/jetson/Desktop/workspace_2/install/unity_robotics_demo_msgs/share/unity_robotics_demo_msgs/environment/library_path.sh
[61.184s] -- Installing: /home/jetson/Desktop/workspace_2/install/unity_robotics_demo_msgs/share/unity_robotics_demo_msgs/environment/library_path.dsv
[61.185s] -- Installing: /home/jetson/Desktop/workspace_2/install/unity_robotics_demo_msgs/lib/libunity_robotics_demo_msgs__rosidl_generator_c.so
[61.187s] -- Set runtime path of "/home/jetson/Desktop/workspace_2/install/unity_robotics_demo_msgs/lib/libunity_robotics_demo_msgs__rosidl_generator_c.so" to ""
[61.188s] -- Up-to-date: /home/jetson/Desktop/workspace_2/install/unity_robotics_demo_msgs/include/unity_robotics_demo_msgs
[61.189s] -- Up-to-date: /home/jetson/Desktop/workspace_2/install/unity_robotics_demo_msgs/include/unity_robotics_demo_msgs/srv
[61.190s] -- Up-to-date: /home/jetson/Desktop/workspace_2/install/unity_robotics_demo_msgs/include/unity_robotics_demo_msgs/srv/detail
[61.191s] -- Installing: /home/jetson/Desktop/workspace_2/install/unity_robotics_demo_msgs/include/unity_robotics_demo_msgs/srv/detail/position_service__rosidl_typesupport_fastrtps_c.h
[61.192s] -- Installing: /home/jetson/Desktop/workspace_2/install/unity_robotics_demo_msgs/include/unity_robotics_demo_msgs/srv/detail/object_pose_service__rosidl_typesupport_fastrtps_c.h
[61.193s] -- Up-to-date: /home/jetson/Desktop/workspace_2/install/unity_robotics_demo_msgs/include/unity_robotics_demo_msgs/msg
[61.194s] -- Up-to-date: /home/jetson/Desktop/workspace_2/install/unity_robotics_demo_msgs/include/unity_robotics_demo_msgs/msg/detail
[61.195s] -- Installing: /home/jetson/Desktop/workspace_2/install/unity_robotics_demo_msgs/include/unity_robotics_demo_msgs/msg/detail/unity_color__rosidl_typesupport_fastrtps_c.h
[61.196s] -- Installing: /home/jetson/Desktop/workspace_2/install/unity_robotics_demo_msgs/include/unity_robotics_demo_msgs/msg/detail/pos_rot__rosidl_typesupport_fastrtps_c.h
[61.197s] -- Installing: /home/jetson/Desktop/workspace_2/install/unity_robotics_demo_msgs/include/unity_robotics_demo_msgs/msg/rosidl_typesupport_fastrtps_c__visibility_control.h
[61.199s] -- Installing: /home/jetson/Desktop/workspace_2/install/unity_robotics_demo_msgs/lib/libunity_robotics_demo_msgs__rosidl_typesupport_fastrtps_c.so
[61.201s] -- Set runtime path of "/home/jetson/Desktop/workspace_2/install/unity_robotics_demo_msgs/lib/libunity_robotics_demo_msgs__rosidl_typesupport_fastrtps_c.so" to ""
[61.202s] -- Up-to-date: /home/jetson/Desktop/workspace_2/install/unity_robotics_demo_msgs/include/unity_robotics_demo_msgs
[61.202s] -- Up-to-date: /home/jetson/Desktop/workspace_2/install/unity_robotics_demo_msgs/include/unity_robotics_demo_msgs/srv
[61.203s] -- Up-to-date: /home/jetson/Desktop/workspace_2/install/unity_robotics_demo_msgs/include/unity_robotics_demo_msgs/srv/detail
[61.204s] -- Installing: /home/jetson/Desktop/workspace_2/install/unity_robotics_demo_msgs/include/unity_robotics_demo_msgs/srv/detail/object_pose_service__rosidl_typesupport_fastrtps_cpp.hpp
[61.205s] -- Installing: /home/jetson/Desktop/workspace_2/install/unity_robotics_demo_msgs/include/unity_robotics_demo_msgs/srv/detail/position_service__rosidl_typesupport_fastrtps_cpp.hpp
[61.206s] -- Installing: /home/jetson/Desktop/workspace_2/install/unity_robotics_demo_msgs/include/unity_robotics_demo_msgs/srv/detail/dds_fastrtps
[61.207s] -- Up-to-date: /home/jetson/Desktop/workspace_2/install/unity_robotics_demo_msgs/include/unity_robotics_demo_msgs/msg
[61.208s] -- Up-to-date: /home/jetson/Desktop/workspace_2/install/unity_robotics_demo_msgs/include/unity_robotics_demo_msgs/msg/detail
[61.209s] -- Installing: /home/jetson/Desktop/workspace_2/install/unity_robotics_demo_msgs/include/unity_robotics_demo_msgs/msg/detail/unity_color__rosidl_typesupport_fastrtps_cpp.hpp
[61.210s] -- Installing: /home/jetson/Desktop/workspace_2/install/unity_robotics_demo_msgs/include/unity_robotics_demo_msgs/msg/detail/pos_rot__rosidl_typesupport_fastrtps_cpp.hpp
[61.211s] -- Installing: /home/jetson/Desktop/workspace_2/install/unity_robotics_demo_msgs/include/unity_robotics_demo_msgs/msg/detail/dds_fastrtps
[61.212s] -- Installing: /home/jetson/Desktop/workspace_2/install/unity_robotics_demo_msgs/include/unity_robotics_demo_msgs/msg/rosidl_typesupport_fastrtps_cpp__visibility_control.h
[61.214s] -- Installing: /home/jetson/Desktop/workspace_2/install/unity_robotics_demo_msgs/lib/libunity_robotics_demo_msgs__rosidl_typesupport_fastrtps_cpp.so
[61.216s] -- Set runtime path of "/home/jetson/Desktop/workspace_2/install/unity_robotics_demo_msgs/lib/libunity_robotics_demo_msgs__rosidl_typesupport_fastrtps_cpp.so" to ""
[61.217s] -- Up-to-date: /home/jetson/Desktop/workspace_2/install/unity_robotics_demo_msgs/include/unity_robotics_demo_msgs
[61.218s] -- Up-to-date: /home/jetson/Desktop/workspace_2/install/unity_robotics_demo_msgs/include/unity_robotics_demo_msgs/srv
[61.219s] -- Up-to-date: /home/jetson/Desktop/workspace_2/install/unity_robotics_demo_msgs/include/unity_robotics_demo_msgs/srv/detail
[61.219s] -- Installing: /home/jetson/Desktop/workspace_2/install/unity_robotics_demo_msgs/include/unity_robotics_demo_msgs/srv/detail/object_pose_service__rosidl_typesupport_introspection_c.h
[61.221s] -- Installing: /home/jetson/Desktop/workspace_2/install/unity_robotics_demo_msgs/include/unity_robotics_demo_msgs/srv/detail/object_pose_service__type_support.c
[61.222s] -- Installing: /home/jetson/Desktop/workspace_2/install/unity_robotics_demo_msgs/include/unity_robotics_demo_msgs/srv/detail/position_service__rosidl_typesupport_introspection_c.h
[61.223s] -- Installing: /home/jetson/Desktop/workspace_2/install/unity_robotics_demo_msgs/include/unity_robotics_demo_msgs/srv/detail/position_service__type_support.c
[61.224s] -- Up-to-date: /home/jetson/Desktop/workspace_2/install/unity_robotics_demo_msgs/include/unity_robotics_demo_msgs/msg
[61.225s] -- Up-to-date: /home/jetson/Desktop/workspace_2/install/unity_robotics_demo_msgs/include/unity_robotics_demo_msgs/msg/detail
[61.226s] -- Installing: /home/jetson/Desktop/workspace_2/install/unity_robotics_demo_msgs/include/unity_robotics_demo_msgs/msg/detail/pos_rot__type_support.c
[61.227s] -- Installing: /home/jetson/Desktop/workspace_2/install/unity_robotics_demo_msgs/include/unity_robotics_demo_msgs/msg/detail/unity_color__type_support.c
[61.228s] -- Installing: /home/jetson/Desktop/workspace_2/install/unity_robotics_demo_msgs/include/unity_robotics_demo_msgs/msg/detail/unity_color__rosidl_typesupport_introspection_c.h
[61.229s] -- Installing: /home/jetson/Desktop/workspace_2/install/unity_robotics_demo_msgs/include/unity_robotics_demo_msgs/msg/detail/pos_rot__rosidl_typesupport_introspection_c.h
[61.230s] -- Installing: /home/jetson/Desktop/workspace_2/install/unity_robotics_demo_msgs/include/unity_robotics_demo_msgs/msg/rosidl_typesupport_introspection_c__visibility_control.h
[61.232s] -- Installing: /home/jetson/Desktop/workspace_2/install/unity_robotics_demo_msgs/lib/libunity_robotics_demo_msgs__rosidl_typesupport_introspection_c.so
[61.234s] -- Set runtime path of "/home/jetson/Desktop/workspace_2/install/unity_robotics_demo_msgs/lib/libunity_robotics_demo_msgs__rosidl_typesupport_introspection_c.so" to ""
[61.235s] -- Installing: /home/jetson/Desktop/workspace_2/install/unity_robotics_demo_msgs/lib/libunity_robotics_demo_msgs__rosidl_typesupport_c.so
[61.238s] -- Set runtime path of "/home/jetson/Desktop/workspace_2/install/unity_robotics_demo_msgs/lib/libunity_robotics_demo_msgs__rosidl_typesupport_c.so" to ""
[61.239s] -- Up-to-date: /home/jetson/Desktop/workspace_2/install/unity_robotics_demo_msgs/include/unity_robotics_demo_msgs
[61.239s] -- Up-to-date: /home/jetson/Desktop/workspace_2/install/unity_robotics_demo_msgs/include/unity_robotics_demo_msgs/srv
[61.240s] -- Up-to-date: /home/jetson/Desktop/workspace_2/install/unity_robotics_demo_msgs/include/unity_robotics_demo_msgs/srv/detail
[61.241s] -- Installing: /home/jetson/Desktop/workspace_2/install/unity_robotics_demo_msgs/include/unity_robotics_demo_msgs/srv/detail/object_pose_service__traits.hpp
[61.242s] -- Installing: /home/jetson/Desktop/workspace_2/install/unity_robotics_demo_msgs/include/unity_robotics_demo_msgs/srv/detail/position_service__struct.hpp
[61.243s] -- Installing: /home/jetson/Desktop/workspace_2/install/unity_robotics_demo_msgs/include/unity_robotics_demo_msgs/srv/detail/position_service__traits.hpp
[61.244s] -- Installing: /home/jetson/Desktop/workspace_2/install/unity_robotics_demo_msgs/include/unity_robotics_demo_msgs/srv/detail/position_service__builder.hpp
[61.245s] -- Installing: /home/jetson/Desktop/workspace_2/install/unity_robotics_demo_msgs/include/unity_robotics_demo_msgs/srv/detail/object_pose_service__struct.hpp
[61.248s] -- Installing: /home/jetson/Desktop/workspace_2/install/unity_robotics_demo_msgs/include/unity_robotics_demo_msgs/srv/detail/object_pose_service__builder.hpp
[61.250s] -- Installing: /home/jetson/Desktop/workspace_2/install/unity_robotics_demo_msgs/include/unity_robotics_demo_msgs/srv/object_pose_service.hpp
[61.251s] -- Installing: /home/jetson/Desktop/workspace_2/install/unity_robotics_demo_msgs/include/unity_robotics_demo_msgs/srv/position_service.hpp
[61.252s] -- Up-to-date: /home/jetson/Desktop/workspace_2/install/unity_robotics_demo_msgs/include/unity_robotics_demo_msgs/msg
[61.253s] -- Installing: /home/jetson/Desktop/workspace_2/install/unity_robotics_demo_msgs/include/unity_robotics_demo_msgs/msg/unity_color.hpp
[61.254s] -- Up-to-date: /home/jetson/Desktop/workspace_2/install/unity_robotics_demo_msgs/include/unity_robotics_demo_msgs/msg/detail
[61.255s] -- Installing: /home/jetson/Desktop/workspace_2/install/unity_robotics_demo_msgs/include/unity_robotics_demo_msgs/msg/detail/unity_color__traits.hpp
[61.256s] -- Installing: /home/jetson/Desktop/workspace_2/install/unity_robotics_demo_msgs/include/unity_robotics_demo_msgs/msg/detail/unity_color__struct.hpp
[61.257s] -- Installing: /home/jetson/Desktop/workspace_2/install/unity_robotics_demo_msgs/include/unity_robotics_demo_msgs/msg/detail/pos_rot__builder.hpp
[61.258s] -- Installing: /home/jetson/Desktop/workspace_2/install/unity_robotics_demo_msgs/include/unity_robotics_demo_msgs/msg/detail/pos_rot__struct.hpp
[61.259s] -- Installing: /home/jetson/Desktop/workspace_2/install/unity_robotics_demo_msgs/include/unity_robotics_demo_msgs/msg/detail/unity_color__builder.hpp
[61.260s] -- Installing: /home/jetson/Desktop/workspace_2/install/unity_robotics_demo_msgs/include/unity_robotics_demo_msgs/msg/detail/pos_rot__traits.hpp
[61.261s] -- Installing: /home/jetson/Desktop/workspace_2/install/unity_robotics_demo_msgs/include/unity_robotics_demo_msgs/msg/pos_rot.hpp
[61.263s] -- Up-to-date: /home/jetson/Desktop/workspace_2/install/unity_robotics_demo_msgs/include/unity_robotics_demo_msgs
[61.266s] -- Up-to-date: /home/jetson/Desktop/workspace_2/install/unity_robotics_demo_msgs/include/unity_robotics_demo_msgs/srv
[61.266s] -- Up-to-date: /home/jetson/Desktop/workspace_2/install/unity_robotics_demo_msgs/include/unity_robotics_demo_msgs/srv/detail
[61.267s] -- Installing: /home/jetson/Desktop/workspace_2/install/unity_robotics_demo_msgs/include/unity_robotics_demo_msgs/srv/detail/object_pose_service__rosidl_typesupport_introspection_cpp.hpp
[61.269s] -- Installing: /home/jetson/Desktop/workspace_2/install/unity_robotics_demo_msgs/include/unity_robotics_demo_msgs/srv/detail/object_pose_service__type_support.cpp
[61.270s] -- Installing: /home/jetson/Desktop/workspace_2/install/unity_robotics_demo_msgs/include/unity_robotics_demo_msgs/srv/detail/position_service__rosidl_typesupport_introspection_cpp.hpp
[61.271s] -- Installing: /home/jetson/Desktop/workspace_2/install/unity_robotics_demo_msgs/include/unity_robotics_demo_msgs/srv/detail/position_service__type_support.cpp
[61.272s] -- Up-to-date: /home/jetson/Desktop/workspace_2/install/unity_robotics_demo_msgs/include/unity_robotics_demo_msgs/msg
[61.277s] -- Up-to-date: /home/jetson/Desktop/workspace_2/install/unity_robotics_demo_msgs/include/unity_robotics_demo_msgs/msg/detail
[61.278s] -- Installing: /home/jetson/Desktop/workspace_2/install/unity_robotics_demo_msgs/include/unity_robotics_demo_msgs/msg/detail/pos_rot__rosidl_typesupport_introspection_cpp.hpp
[61.279s] -- Installing: /home/jetson/Desktop/workspace_2/install/unity_robotics_demo_msgs/include/unity_robotics_demo_msgs/msg/detail/unity_color__type_support.cpp
[61.280s] -- Installing: /home/jetson/Desktop/workspace_2/install/unity_robotics_demo_msgs/include/unity_robotics_demo_msgs/msg/detail/pos_rot__type_support.cpp
[61.281s] -- Installing: /home/jetson/Desktop/workspace_2/install/unity_robotics_demo_msgs/include/unity_robotics_demo_msgs/msg/detail/unity_color__rosidl_typesupport_introspection_cpp.hpp
[61.283s] -- Installing: /home/jetson/Desktop/workspace_2/install/unity_robotics_demo_msgs/lib/libunity_robotics_demo_msgs__rosidl_typesupport_introspection_cpp.so
[61.285s] -- Set runtime path of "/home/jetson/Desktop/workspace_2/install/unity_robotics_demo_msgs/lib/libunity_robotics_demo_msgs__rosidl_typesupport_introspection_cpp.so" to ""
[61.287s] -- Installing: /home/jetson/Desktop/workspace_2/install/unity_robotics_demo_msgs/lib/libunity_robotics_demo_msgs__rosidl_typesupport_cpp.so
[61.289s] -- Set runtime path of "/home/jetson/Desktop/workspace_2/install/unity_robotics_demo_msgs/lib/libunity_robotics_demo_msgs__rosidl_typesupport_cpp.so" to ""
[61.290s] -- Installing: /home/jetson/Desktop/workspace_2/install/unity_robotics_demo_msgs/share/unity_robotics_demo_msgs/environment/pythonpath.sh
[61.292s] -- Installing: /home/jetson/Desktop/workspace_2/install/unity_robotics_demo_msgs/share/unity_robotics_demo_msgs/environment/pythonpath.dsv
[61.294s] -- Installing: /home/jetson/Desktop/workspace_2/install/unity_robotics_demo_msgs/lib/python3.8/site-packages/unity_robotics_demo_msgs/__init__.py
[61.591s] Compiling '/home/jetson/Desktop/workspace_2/install/unity_robotics_demo_msgs/lib/python3.8/site-packages/unity_robotics_demo_msgs/__init__.py'...
[61.612s] -- Installing: /home/jetson/Desktop/workspace_2/install/unity_robotics_demo_msgs/lib/python3.8/site-packages/unity_robotics_demo_msgs/msg
[61.613s] -- Installing: /home/jetson/Desktop/workspace_2/install/unity_robotics_demo_msgs/lib/python3.8/site-packages/unity_robotics_demo_msgs/msg/_pos_rot.py
[61.614s] -- Installing: /home/jetson/Desktop/workspace_2/install/unity_robotics_demo_msgs/lib/python3.8/site-packages/unity_robotics_demo_msgs/msg/_unity_color_s.c
[61.616s] -- Installing: /home/jetson/Desktop/workspace_2/install/unity_robotics_demo_msgs/lib/python3.8/site-packages/unity_robotics_demo_msgs/msg/_unity_color.py
[61.617s] -- Installing: /home/jetson/Desktop/workspace_2/install/unity_robotics_demo_msgs/lib/python3.8/site-packages/unity_robotics_demo_msgs/msg/__init__.py
[61.619s] -- Installing: /home/jetson/Desktop/workspace_2/install/unity_robotics_demo_msgs/lib/python3.8/site-packages/unity_robotics_demo_msgs/msg/_pos_rot_s.c
[61.620s] -- Installing: /home/jetson/Desktop/workspace_2/install/unity_robotics_demo_msgs/lib/python3.8/site-packages/unity_robotics_demo_msgs/srv
[61.622s] -- Installing: /home/jetson/Desktop/workspace_2/install/unity_robotics_demo_msgs/lib/python3.8/site-packages/unity_robotics_demo_msgs/srv/_position_service.py
[61.623s] -- Installing: /home/jetson/Desktop/workspace_2/install/unity_robotics_demo_msgs/lib/python3.8/site-packages/unity_robotics_demo_msgs/srv/_object_pose_service_s.c
[61.625s] -- Installing: /home/jetson/Desktop/workspace_2/install/unity_robotics_demo_msgs/lib/python3.8/site-packages/unity_robotics_demo_msgs/srv/_object_pose_service.py
[61.627s] -- Installing: /home/jetson/Desktop/workspace_2/install/unity_robotics_demo_msgs/lib/python3.8/site-packages/unity_robotics_demo_msgs/srv/__init__.py
[61.628s] -- Installing: /home/jetson/Desktop/workspace_2/install/unity_robotics_demo_msgs/lib/python3.8/site-packages/unity_robotics_demo_msgs/srv/_position_service_s.c
[61.630s] -- Installing: /home/jetson/Desktop/workspace_2/install/unity_robotics_demo_msgs/lib/python3.8/site-packages/unity_robotics_demo_msgs/unity_robotics_demo_msgs_s__rosidl_typesupport_fastrtps_c.cpython-38-aarch64-linux-gnu.so
[61.634s] -- Set runtime path of "/home/jetson/Desktop/workspace_2/install/unity_robotics_demo_msgs/lib/python3.8/site-packages/unity_robotics_demo_msgs/unity_robotics_demo_msgs_s__rosidl_typesupport_fastrtps_c.cpython-38-aarch64-linux-gnu.so" to ""
[61.635s] -- Installing: /home/jetson/Desktop/workspace_2/install/unity_robotics_demo_msgs/lib/python3.8/site-packages/unity_robotics_demo_msgs/unity_robotics_demo_msgs_s__rosidl_typesupport_introspection_c.cpython-38-aarch64-linux-gnu.so
[61.639s] -- Set runtime path of "/home/jetson/Desktop/workspace_2/install/unity_robotics_demo_msgs/lib/python3.8/site-packages/unity_robotics_demo_msgs/unity_robotics_demo_msgs_s__rosidl_typesupport_introspection_c.cpython-38-aarch64-linux-gnu.so" to ""
[61.641s] -- Installing: /home/jetson/Desktop/workspace_2/install/unity_robotics_demo_msgs/lib/python3.8/site-packages/unity_robotics_demo_msgs/unity_robotics_demo_msgs_s__rosidl_typesupport_c.cpython-38-aarch64-linux-gnu.so
[61.643s] -- Set runtime path of "/home/jetson/Desktop/workspace_2/install/unity_robotics_demo_msgs/lib/python3.8/site-packages/unity_robotics_demo_msgs/unity_robotics_demo_msgs_s__rosidl_typesupport_c.cpython-38-aarch64-linux-gnu.so" to ""
[61.644s] -- Installing: /home/jetson/Desktop/workspace_2/install/unity_robotics_demo_msgs/lib/libunity_robotics_demo_msgs__python.so
[61.646s] -- Set runtime path of "/home/jetson/Desktop/workspace_2/install/unity_robotics_demo_msgs/lib/libunity_robotics_demo_msgs__python.so" to ""
[61.648s] -- Installing: /home/jetson/Desktop/workspace_2/install/unity_robotics_demo_msgs/share/unity_robotics_demo_msgs/msg/PosRot.idl
[61.651s] -- Installing: /home/jetson/Desktop/workspace_2/install/unity_robotics_demo_msgs/share/unity_robotics_demo_msgs/msg/UnityColor.idl
[61.653s] -- Installing: /home/jetson/Desktop/workspace_2/install/unity_robotics_demo_msgs/share/unity_robotics_demo_msgs/srv/PositionService.idl
[61.654s] -- Installing: /home/jetson/Desktop/workspace_2/install/unity_robotics_demo_msgs/share/unity_robotics_demo_msgs/srv/ObjectPoseService.idl
[61.655s] -- Installing: /home/jetson/Desktop/workspace_2/install/unity_robotics_demo_msgs/share/unity_robotics_demo_msgs/msg/PosRot.msg
[61.656s] -- Installing: /home/jetson/Desktop/workspace_2/install/unity_robotics_demo_msgs/share/unity_robotics_demo_msgs/msg/UnityColor.msg
[61.658s] -- Installing: /home/jetson/Desktop/workspace_2/install/unity_robotics_demo_msgs/share/unity_robotics_demo_msgs/srv/PositionService.srv
[61.659s] -- Installing: /home/jetson/Desktop/workspace_2/install/unity_robotics_demo_msgs/share/unity_robotics_demo_msgs/srv/PositionService_Request.msg
[61.660s] -- Installing: /home/jetson/Desktop/workspace_2/install/unity_robotics_demo_msgs/share/unity_robotics_demo_msgs/srv/PositionService_Response.msg
[61.661s] -- Installing: /home/jetson/Desktop/workspace_2/install/unity_robotics_demo_msgs/share/unity_robotics_demo_msgs/srv/ObjectPoseService.srv
[61.662s] -- Installing: /home/jetson/Desktop/workspace_2/install/unity_robotics_demo_msgs/share/unity_robotics_demo_msgs/srv/ObjectPoseService_Request.msg
[61.664s] -- Installing: /home/jetson/Desktop/workspace_2/install/unity_robotics_demo_msgs/share/unity_robotics_demo_msgs/srv/ObjectPoseService_Response.msg
[61.667s] -- Installing: /home/jetson/Desktop/workspace_2/install/unity_robotics_demo_msgs/share/ament_index/resource_index/package_run_dependencies/unity_robotics_demo_msgs
[61.669s] -- Installing: /home/jetson/Desktop/workspace_2/install/unity_robotics_demo_msgs/share/ament_index/resource_index/parent_prefix_path/unity_robotics_demo_msgs
[61.670s] -- Installing: /home/jetson/Desktop/workspace_2/install/unity_robotics_demo_msgs/share/unity_robotics_demo_msgs/environment/ament_prefix_path.sh
[61.671s] -- Installing: /home/jetson/Desktop/workspace_2/install/unity_robotics_demo_msgs/share/unity_robotics_demo_msgs/environment/ament_prefix_path.dsv
[61.677s] -- Installing: /home/jetson/Desktop/workspace_2/install/unity_robotics_demo_msgs/share/unity_robotics_demo_msgs/environment/path.sh
[61.679s] -- Installing: /home/jetson/Desktop/workspace_2/install/unity_robotics_demo_msgs/share/unity_robotics_demo_msgs/environment/path.dsv
[61.680s] -- Installing: /home/jetson/Desktop/workspace_2/install/unity_robotics_demo_msgs/share/unity_robotics_demo_msgs/local_setup.bash
[61.682s] -- Installing: /home/jetson/Desktop/workspace_2/install/unity_robotics_demo_msgs/share/unity_robotics_demo_msgs/local_setup.sh
[61.683s] -- Installing: /home/jetson/Desktop/workspace_2/install/unity_robotics_demo_msgs/share/unity_robotics_demo_msgs/local_setup.zsh
[61.685s] -- Installing: /home/jetson/Desktop/workspace_2/install/unity_robotics_demo_msgs/share/unity_robotics_demo_msgs/local_setup.dsv
[61.686s] -- Installing: /home/jetson/Desktop/workspace_2/install/unity_robotics_demo_msgs/share/unity_robotics_demo_msgs/package.dsv
[61.688s] -- Installing: /home/jetson/Desktop/workspace_2/install/unity_robotics_demo_msgs/share/ament_index/resource_index/packages/unity_robotics_demo_msgs
[61.690s] -- Installing: /home/jetson/Desktop/workspace_2/install/unity_robotics_demo_msgs/share/unity_robotics_demo_msgs/cmake/unity_robotics_demo_msgs__rosidl_generator_cExport.cmake
[61.691s] -- Installing: /home/jetson/Desktop/workspace_2/install/unity_robotics_demo_msgs/share/unity_robotics_demo_msgs/cmake/unity_robotics_demo_msgs__rosidl_generator_cExport-noconfig.cmake
[61.693s] -- Installing: /home/jetson/Desktop/workspace_2/install/unity_robotics_demo_msgs/share/unity_robotics_demo_msgs/cmake/unity_robotics_demo_msgs__rosidl_typesupport_introspection_cExport.cmake
[61.695s] -- Installing: /home/jetson/Desktop/workspace_2/install/unity_robotics_demo_msgs/share/unity_robotics_demo_msgs/cmake/unity_robotics_demo_msgs__rosidl_typesupport_introspection_cExport-noconfig.cmake
[61.697s] -- Installing: /home/jetson/Desktop/workspace_2/install/unity_robotics_demo_msgs/share/unity_robotics_demo_msgs/cmake/unity_robotics_demo_msgs__rosidl_typesupport_cExport.cmake
[61.698s] -- Installing: /home/jetson/Desktop/workspace_2/install/unity_robotics_demo_msgs/share/unity_robotics_demo_msgs/cmake/unity_robotics_demo_msgs__rosidl_typesupport_cExport-noconfig.cmake
[61.700s] -- Installing: /home/jetson/Desktop/workspace_2/install/unity_robotics_demo_msgs/share/unity_robotics_demo_msgs/cmake/unity_robotics_demo_msgs__rosidl_generator_cppExport.cmake
[61.701s] -- Installing: /home/jetson/Desktop/workspace_2/install/unity_robotics_demo_msgs/share/unity_robotics_demo_msgs/cmake/unity_robotics_demo_msgs__rosidl_typesupport_introspection_cppExport.cmake
[61.703s] -- Installing: /home/jetson/Desktop/workspace_2/install/unity_robotics_demo_msgs/share/unity_robotics_demo_msgs/cmake/unity_robotics_demo_msgs__rosidl_typesupport_introspection_cppExport-noconfig.cmake
[61.704s] -- Installing: /home/jetson/Desktop/workspace_2/install/unity_robotics_demo_msgs/share/unity_robotics_demo_msgs/cmake/unity_robotics_demo_msgs__rosidl_typesupport_cppExport.cmake
[61.706s] -- Installing: /home/jetson/Desktop/workspace_2/install/unity_robotics_demo_msgs/share/unity_robotics_demo_msgs/cmake/unity_robotics_demo_msgs__rosidl_typesupport_cppExport-noconfig.cmake
[61.707s] -- Installing: /home/jetson/Desktop/workspace_2/install/unity_robotics_demo_msgs/share/unity_robotics_demo_msgs/cmake/rosidl_cmake-extras.cmake
[61.709s] -- Installing: /home/jetson/Desktop/workspace_2/install/unity_robotics_demo_msgs/share/unity_robotics_demo_msgs/cmake/ament_cmake_export_dependencies-extras.cmake
[61.710s] -- Installing: /home/jetson/Desktop/workspace_2/install/unity_robotics_demo_msgs/share/unity_robotics_demo_msgs/cmake/ament_cmake_export_libraries-extras.cmake
[61.712s] -- Installing: /home/jetson/Desktop/workspace_2/install/unity_robotics_demo_msgs/share/unity_robotics_demo_msgs/cmake/ament_cmake_export_targets-extras.cmake
[61.713s] -- Installing: /home/jetson/Desktop/workspace_2/install/unity_robotics_demo_msgs/share/unity_robotics_demo_msgs/cmake/ament_cmake_export_include_directories-extras.cmake
[61.714s] -- Installing: /home/jetson/Desktop/workspace_2/install/unity_robotics_demo_msgs/share/unity_robotics_demo_msgs/cmake/rosidl_cmake_export_typesupport_libraries-extras.cmake
[61.716s] -- Installing: /home/jetson/Desktop/workspace_2/install/unity_robotics_demo_msgs/share/unity_robotics_demo_msgs/cmake/rosidl_cmake_export_typesupport_targets-extras.cmake
[61.717s] -- Installing: /home/jetson/Desktop/workspace_2/install/unity_robotics_demo_msgs/share/unity_robotics_demo_msgs/cmake/unity_robotics_demo_msgsConfig.cmake
[61.718s] -- Installing: /home/jetson/Desktop/workspace_2/install/unity_robotics_demo_msgs/share/unity_robotics_demo_msgs/cmake/unity_robotics_demo_msgsConfig-version.cmake
[61.719s] -- Installing: /home/jetson/Desktop/workspace_2/install/unity_robotics_demo_msgs/share/unity_robotics_demo_msgs/package.xml
[61.734s] Invoked command in '/home/jetson/Desktop/workspace_2/build/unity_robotics_demo_msgs' returned '0': CMAKE_PREFIX_PATH=${CMAKE_PREFIX_PATH}:/home/jetson/Desktop/workspace_2/install/unity_slam_example:/home/jetson/Desktop/workspace_2/install/unity_robotics_demo:/home/jetson/Desktop/workspace_2/install/ros_tcp_endpoint:/home/jetson/Desktop/workspace_2/install/project_2:/opt/ros/foxy /usr/bin/cmake --install /home/jetson/Desktop/workspace_2/build/unity_robotics_demo_msgs
