[3.071s] Invoking command in '/home/jetson/Desktop/workspace_2/build/unity_robotics_demo_msgs': CMAKE_PREFIX_PATH=${CMAKE_PREFIX_PATH}:/home/jetson/Desktop/workspace_2/install/unity_slam_example:/home/jetson/Desktop/workspace_2/install/unity_robotics_demo:/home/jetson/Desktop/workspace_2/install/ros_tcp_endpoint:/home/jetson/Desktop/workspace_2/install/project_2:/opt/ros/foxy /usr/bin/cmake --build /home/jetson/Desktop/workspace_2/build/unity_robotics_demo_msgs -- -j4 -l4
[3.361s] [  1%] Built target unity_robotics_demo_msgs__cpp
[3.366s] [ 12%] Built target unity_robotics_demo_msgs__rosidl_generator_c
[3.573s] [ 23%] Built target unity_robotics_demo_msgs__rosidl_typesupport_fastrtps_cpp
[3.651s] [ 34%] Built target unity_robotics_demo_msgs__rosidl_typesupport_c
[3.663s] [ 45%] Built target unity_robotics_demo_msgs__rosidl_typesupport_cpp
[3.665s] [ 56%] Built target unity_robotics_demo_msgs__rosidl_typesupport_introspection_c
[3.776s] [ 67%] Built target unity_robotics_demo_msgs__rosidl_typesupport_introspection_cpp
[3.854s] [ 78%] Built target unity_robotics_demo_msgs__rosidl_typesupport_fastrtps_c
[3.951s] [ 78%] Built target unity_robotics_demo_msgs
[4.050s] [ 80%] Built target unity_robotics_demo_msgs__py
[4.218s] [ 89%] Built target unity_robotics_demo_msgs__python
[4.399s] [ 92%] Built target unity_robotics_demo_msgs__rosidl_typesupport_fastrtps_c__pyext
[4.453s] [ 96%] Built target unity_robotics_demo_msgs__rosidl_typesupport_introspection_c__pyext
[4.484s] [100%] Built target unity_robotics_demo_msgs__rosidl_typesupport_c__pyext
[4.542s] Invoked command in '/home/jetson/Desktop/workspace_2/build/unity_robotics_demo_msgs' returned '0': CMAKE_PREFIX_PATH=${CMAKE_PREFIX_PATH}:/home/jetson/Desktop/workspace_2/install/unity_slam_example:/home/jetson/Desktop/workspace_2/install/unity_robotics_demo:/home/jetson/Desktop/workspace_2/install/ros_tcp_endpoint:/home/jetson/Desktop/workspace_2/install/project_2:/opt/ros/foxy /usr/bin/cmake --build /home/jetson/Desktop/workspace_2/build/unity_robotics_demo_msgs -- -j4 -l4
[5.133s] Invoking command in '/home/jetson/Desktop/workspace_2/build/unity_robotics_demo_msgs': CMAKE_PREFIX_PATH=${CMAKE_PREFIX_PATH}:/home/jetson/Desktop/workspace_2/install/unity_slam_example:/home/jetson/Desktop/workspace_2/install/unity_robotics_demo:/home/jetson/Desktop/workspace_2/install/ros_tcp_endpoint:/home/jetson/Desktop/workspace_2/install/project_2:/opt/ros/foxy /usr/bin/cmake --install /home/jetson/Desktop/workspace_2/build/unity_robotics_demo_msgs
[5.185s] -- Install configuration: ""
[5.186s] -- Up-to-date: /home/jetson/Desktop/workspace_2/install/unity_robotics_demo_msgs/share/ament_index/resource_index/rosidl_interfaces/unity_robotics_demo_msgs
[5.186s] -- Up-to-date: /home/jetson/Desktop/workspace_2/install/unity_robotics_demo_msgs/include/unity_robotics_demo_msgs
[5.187s] -- Up-to-date: /home/jetson/Desktop/workspace_2/install/unity_robotics_demo_msgs/include/unity_robotics_demo_msgs/srv
[5.189s] -- Up-to-date: /home/jetson/Desktop/workspace_2/install/unity_robotics_demo_msgs/include/unity_robotics_demo_msgs/srv/detail
[5.189s] -- Up-to-date: /home/jetson/Desktop/workspace_2/install/unity_robotics_demo_msgs/include/unity_robotics_demo_msgs/srv/detail/position_service__functions.h
[5.190s] -- Up-to-date: /home/jetson/Desktop/workspace_2/install/unity_robotics_demo_msgs/include/unity_robotics_demo_msgs/srv/detail/object_pose_service__functions.c
[5.191s] -- Up-to-date: /home/jetson/Desktop/workspace_2/install/unity_robotics_demo_msgs/include/unity_robotics_demo_msgs/srv/detail/position_service__type_support.h
[5.192s] -- Up-to-date: /home/jetson/Desktop/workspace_2/install/unity_robotics_demo_msgs/include/unity_robotics_demo_msgs/srv/detail/object_pose_service__struct.h
[5.192s] -- Up-to-date: /home/jetson/Desktop/workspace_2/install/unity_robotics_demo_msgs/include/unity_robotics_demo_msgs/srv/detail/object_pose_service__type_support.h
[5.193s] -- Up-to-date: /home/jetson/Desktop/workspace_2/install/unity_robotics_demo_msgs/include/unity_robotics_demo_msgs/srv/detail/object_pose_service__functions.h
[5.195s] -- Up-to-date: /home/jetson/Desktop/workspace_2/install/unity_robotics_demo_msgs/include/unity_robotics_demo_msgs/srv/detail/position_service__functions.c
[5.196s] -- Up-to-date: /home/jetson/Desktop/workspace_2/install/unity_robotics_demo_msgs/include/unity_robotics_demo_msgs/srv/detail/position_service__struct.h
[5.197s] -- Up-to-date: /home/jetson/Desktop/workspace_2/install/unity_robotics_demo_msgs/include/unity_robotics_demo_msgs/srv/position_service.h
[5.197s] -- Up-to-date: /home/jetson/Desktop/workspace_2/install/unity_robotics_demo_msgs/include/unity_robotics_demo_msgs/srv/object_pose_service.h
[5.198s] -- Up-to-date: /home/jetson/Desktop/workspace_2/install/unity_robotics_demo_msgs/include/unity_robotics_demo_msgs/msg
[5.198s] -- Up-to-date: /home/jetson/Desktop/workspace_2/install/unity_robotics_demo_msgs/include/unity_robotics_demo_msgs/msg/detail
[5.199s] -- Up-to-date: /home/jetson/Desktop/workspace_2/install/unity_robotics_demo_msgs/include/unity_robotics_demo_msgs/msg/detail/unity_color__functions.c
[5.199s] -- Up-to-date: /home/jetson/Desktop/workspace_2/install/unity_robotics_demo_msgs/include/unity_robotics_demo_msgs/msg/detail/pos_rot__functions.h
[5.201s] -- Up-to-date: /home/jetson/Desktop/workspace_2/install/unity_robotics_demo_msgs/include/unity_robotics_demo_msgs/msg/detail/unity_color__type_support.h
[5.201s] -- Up-to-date: /home/jetson/Desktop/workspace_2/install/unity_robotics_demo_msgs/include/unity_robotics_demo_msgs/msg/detail/pos_rot__struct.h
[5.202s] -- Up-to-date: /home/jetson/Desktop/workspace_2/install/unity_robotics_demo_msgs/include/unity_robotics_demo_msgs/msg/detail/pos_rot__type_support.h
[5.202s] -- Up-to-date: /home/jetson/Desktop/workspace_2/install/unity_robotics_demo_msgs/include/unity_robotics_demo_msgs/msg/detail/unity_color__struct.h
[5.203s] -- Up-to-date: /home/jetson/Desktop/workspace_2/install/unity_robotics_demo_msgs/include/unity_robotics_demo_msgs/msg/detail/unity_color__functions.h
[5.203s] -- Up-to-date: /home/jetson/Desktop/workspace_2/install/unity_robotics_demo_msgs/include/unity_robotics_demo_msgs/msg/detail/pos_rot__functions.c
[5.204s] -- Up-to-date: /home/jetson/Desktop/workspace_2/install/unity_robotics_demo_msgs/include/unity_robotics_demo_msgs/msg/unity_color.h
[5.205s] -- Up-to-date: /home/jetson/Desktop/workspace_2/install/unity_robotics_demo_msgs/include/unity_robotics_demo_msgs/msg/rosidl_generator_c__visibility_control.h
[5.205s] -- Up-to-date: /home/jetson/Desktop/workspace_2/install/unity_robotics_demo_msgs/include/unity_robotics_demo_msgs/msg/pos_rot.h
[5.205s] -- Up-to-date: /home/jetson/Desktop/workspace_2/install/unity_robotics_demo_msgs/share/unity_robotics_demo_msgs/environment/library_path.sh
[5.206s] -- Up-to-date: /home/jetson/Desktop/workspace_2/install/unity_robotics_demo_msgs/share/unity_robotics_demo_msgs/environment/library_path.dsv
[5.207s] -- Up-to-date: /home/jetson/Desktop/workspace_2/install/unity_robotics_demo_msgs/lib/libunity_robotics_demo_msgs__rosidl_generator_c.so
[5.207s] -- Up-to-date: /home/jetson/Desktop/workspace_2/install/unity_robotics_demo_msgs/include/unity_robotics_demo_msgs
[5.208s] -- Up-to-date: /home/jetson/Desktop/workspace_2/install/unity_robotics_demo_msgs/include/unity_robotics_demo_msgs/srv
[5.208s] -- Up-to-date: /home/jetson/Desktop/workspace_2/install/unity_robotics_demo_msgs/include/unity_robotics_demo_msgs/srv/detail
[5.208s] -- Up-to-date: /home/jetson/Desktop/workspace_2/install/unity_robotics_demo_msgs/include/unity_robotics_demo_msgs/srv/detail/position_service__rosidl_typesupport_fastrtps_c.h
[5.209s] -- Up-to-date: /home/jetson/Desktop/workspace_2/install/unity_robotics_demo_msgs/include/unity_robotics_demo_msgs/srv/detail/object_pose_service__rosidl_typesupport_fastrtps_c.h
[5.209s] -- Up-to-date: /home/jetson/Desktop/workspace_2/install/unity_robotics_demo_msgs/include/unity_robotics_demo_msgs/msg
[5.211s] -- Up-to-date: /home/jetson/Desktop/workspace_2/install/unity_robotics_demo_msgs/include/unity_robotics_demo_msgs/msg/detail
[5.211s] -- Up-to-date: /home/jetson/Desktop/workspace_2/install/unity_robotics_demo_msgs/include/unity_robotics_demo_msgs/msg/detail/unity_color__rosidl_typesupport_fastrtps_c.h
[5.212s] -- Up-to-date: /home/jetson/Desktop/workspace_2/install/unity_robotics_demo_msgs/include/unity_robotics_demo_msgs/msg/detail/pos_rot__rosidl_typesupport_fastrtps_c.h
[5.213s] -- Up-to-date: /home/jetson/Desktop/workspace_2/install/unity_robotics_demo_msgs/include/unity_robotics_demo_msgs/msg/rosidl_typesupport_fastrtps_c__visibility_control.h
[5.213s] -- Up-to-date: /home/jetson/Desktop/workspace_2/install/unity_robotics_demo_msgs/lib/libunity_robotics_demo_msgs__rosidl_typesupport_fastrtps_c.so
[5.214s] -- Up-to-date: /home/jetson/Desktop/workspace_2/install/unity_robotics_demo_msgs/include/unity_robotics_demo_msgs
[5.214s] -- Up-to-date: /home/jetson/Desktop/workspace_2/install/unity_robotics_demo_msgs/include/unity_robotics_demo_msgs/srv
[5.216s] -- Up-to-date: /home/jetson/Desktop/workspace_2/install/unity_robotics_demo_msgs/include/unity_robotics_demo_msgs/srv/detail
[5.216s] -- Up-to-date: /home/jetson/Desktop/workspace_2/install/unity_robotics_demo_msgs/include/unity_robotics_demo_msgs/srv/detail/object_pose_service__rosidl_typesupport_fastrtps_cpp.hpp
[5.217s] -- Up-to-date: /home/jetson/Desktop/workspace_2/install/unity_robotics_demo_msgs/include/unity_robotics_demo_msgs/srv/detail/position_service__rosidl_typesupport_fastrtps_cpp.hpp
[5.217s] -- Up-to-date: /home/jetson/Desktop/workspace_2/install/unity_robotics_demo_msgs/include/unity_robotics_demo_msgs/srv/detail/dds_fastrtps
[5.218s] -- Up-to-date: /home/jetson/Desktop/workspace_2/install/unity_robotics_demo_msgs/include/unity_robotics_demo_msgs/msg
[5.218s] -- Up-to-date: /home/jetson/Desktop/workspace_2/install/unity_robotics_demo_msgs/include/unity_robotics_demo_msgs/msg/detail
[5.219s] -- Up-to-date: /home/jetson/Desktop/workspace_2/install/unity_robotics_demo_msgs/include/unity_robotics_demo_msgs/msg/detail/unity_color__rosidl_typesupport_fastrtps_cpp.hpp
[5.220s] -- Up-to-date: /home/jetson/Desktop/workspace_2/install/unity_robotics_demo_msgs/include/unity_robotics_demo_msgs/msg/detail/pos_rot__rosidl_typesupport_fastrtps_cpp.hpp
[5.220s] -- Up-to-date: /home/jetson/Desktop/workspace_2/install/unity_robotics_demo_msgs/include/unity_robotics_demo_msgs/msg/detail/dds_fastrtps
[5.221s] -- Up-to-date: /home/jetson/Desktop/workspace_2/install/unity_robotics_demo_msgs/include/unity_robotics_demo_msgs/msg/rosidl_typesupport_fastrtps_cpp__visibility_control.h
[5.228s] -- Up-to-date: /home/jetson/Desktop/workspace_2/install/unity_robotics_demo_msgs/lib/libunity_robotics_demo_msgs__rosidl_typesupport_fastrtps_cpp.so
[5.229s] -- Up-to-date: /home/jetson/Desktop/workspace_2/install/unity_robotics_demo_msgs/include/unity_robotics_demo_msgs
[5.230s] -- Up-to-date: /home/jetson/Desktop/workspace_2/install/unity_robotics_demo_msgs/include/unity_robotics_demo_msgs/srv
[5.230s] -- Up-to-date: /home/jetson/Desktop/workspace_2/install/unity_robotics_demo_msgs/include/unity_robotics_demo_msgs/srv/detail
[5.231s] -- Up-to-date: /home/jetson/Desktop/workspace_2/install/unity_robotics_demo_msgs/include/unity_robotics_demo_msgs/srv/detail/object_pose_service__rosidl_typesupport_introspection_c.h
[5.231s] -- Up-to-date: /home/jetson/Desktop/workspace_2/install/unity_robotics_demo_msgs/include/unity_robotics_demo_msgs/srv/detail/object_pose_service__type_support.c
[5.232s] -- Up-to-date: /home/jetson/Desktop/workspace_2/install/unity_robotics_demo_msgs/include/unity_robotics_demo_msgs/srv/detail/position_service__rosidl_typesupport_introspection_c.h
[5.233s] -- Up-to-date: /home/jetson/Desktop/workspace_2/install/unity_robotics_demo_msgs/include/unity_robotics_demo_msgs/srv/detail/position_service__type_support.c
[5.233s] -- Up-to-date: /home/jetson/Desktop/workspace_2/install/unity_robotics_demo_msgs/include/unity_robotics_demo_msgs/msg
[5.234s] -- Up-to-date: /home/jetson/Desktop/workspace_2/install/unity_robotics_demo_msgs/include/unity_robotics_demo_msgs/msg/detail
[5.234s] -- Up-to-date: /home/jetson/Desktop/workspace_2/install/unity_robotics_demo_msgs/include/unity_robotics_demo_msgs/msg/detail/pos_rot__type_support.c
[5.235s] -- Up-to-date: /home/jetson/Desktop/workspace_2/install/unity_robotics_demo_msgs/include/unity_robotics_demo_msgs/msg/detail/unity_color__type_support.c
[5.235s] -- Up-to-date: /home/jetson/Desktop/workspace_2/install/unity_robotics_demo_msgs/include/unity_robotics_demo_msgs/msg/detail/unity_color__rosidl_typesupport_introspection_c.h
[5.236s] -- Up-to-date: /home/jetson/Desktop/workspace_2/install/unity_robotics_demo_msgs/include/unity_robotics_demo_msgs/msg/detail/pos_rot__rosidl_typesupport_introspection_c.h
[5.237s] -- Up-to-date: /home/jetson/Desktop/workspace_2/install/unity_robotics_demo_msgs/include/unity_robotics_demo_msgs/msg/rosidl_typesupport_introspection_c__visibility_control.h
[5.238s] -- Up-to-date: /home/jetson/Desktop/workspace_2/install/unity_robotics_demo_msgs/lib/libunity_robotics_demo_msgs__rosidl_typesupport_introspection_c.so
[5.239s] -- Up-to-date: /home/jetson/Desktop/workspace_2/install/unity_robotics_demo_msgs/lib/libunity_robotics_demo_msgs__rosidl_typesupport_c.so
[5.240s] -- Up-to-date: /home/jetson/Desktop/workspace_2/install/unity_robotics_demo_msgs/include/unity_robotics_demo_msgs
[5.241s] -- Up-to-date: /home/jetson/Desktop/workspace_2/install/unity_robotics_demo_msgs/include/unity_robotics_demo_msgs/srv
[5.242s] -- Up-to-date: /home/jetson/Desktop/workspace_2/install/unity_robotics_demo_msgs/include/unity_robotics_demo_msgs/srv/detail
[5.242s] -- Up-to-date: /home/jetson/Desktop/workspace_2/install/unity_robotics_demo_msgs/include/unity_robotics_demo_msgs/srv/detail/object_pose_service__traits.hpp
[5.243s] -- Up-to-date: /home/jetson/Desktop/workspace_2/install/unity_robotics_demo_msgs/include/unity_robotics_demo_msgs/srv/detail/position_service__struct.hpp
[5.243s] -- Up-to-date: /home/jetson/Desktop/workspace_2/install/unity_robotics_demo_msgs/include/unity_robotics_demo_msgs/srv/detail/position_service__traits.hpp
[5.244s] -- Up-to-date: /home/jetson/Desktop/workspace_2/install/unity_robotics_demo_msgs/include/unity_robotics_demo_msgs/srv/detail/position_service__builder.hpp
[5.246s] -- Up-to-date: /home/jetson/Desktop/workspace_2/install/unity_robotics_demo_msgs/include/unity_robotics_demo_msgs/srv/detail/object_pose_service__struct.hpp
[5.246s] -- Up-to-date: /home/jetson/Desktop/workspace_2/install/unity_robotics_demo_msgs/include/unity_robotics_demo_msgs/srv/detail/object_pose_service__builder.hpp
[5.247s] -- Up-to-date: /home/jetson/Desktop/workspace_2/install/unity_robotics_demo_msgs/include/unity_robotics_demo_msgs/srv/object_pose_service.hpp
[5.247s] -- Up-to-date: /home/jetson/Desktop/workspace_2/install/unity_robotics_demo_msgs/include/unity_robotics_demo_msgs/srv/position_service.hpp
[5.248s] -- Up-to-date: /home/jetson/Desktop/workspace_2/install/unity_robotics_demo_msgs/include/unity_robotics_demo_msgs/msg
[5.249s] -- Up-to-date: /home/jetson/Desktop/workspace_2/install/unity_robotics_demo_msgs/include/unity_robotics_demo_msgs/msg/unity_color.hpp
[5.249s] -- Up-to-date: /home/jetson/Desktop/workspace_2/install/unity_robotics_demo_msgs/include/unity_robotics_demo_msgs/msg/detail
[5.250s] -- Up-to-date: /home/jetson/Desktop/workspace_2/install/unity_robotics_demo_msgs/include/unity_robotics_demo_msgs/msg/detail/unity_color__traits.hpp
[5.250s] -- Up-to-date: /home/jetson/Desktop/workspace_2/install/unity_robotics_demo_msgs/include/unity_robotics_demo_msgs/msg/detail/unity_color__struct.hpp
[5.251s] -- Up-to-date: /home/jetson/Desktop/workspace_2/install/unity_robotics_demo_msgs/include/unity_robotics_demo_msgs/msg/detail/pos_rot__builder.hpp
[5.252s] -- Up-to-date: /home/jetson/Desktop/workspace_2/install/unity_robotics_demo_msgs/include/unity_robotics_demo_msgs/msg/detail/pos_rot__struct.hpp
[5.252s] -- Up-to-date: /home/jetson/Desktop/workspace_2/install/unity_robotics_demo_msgs/include/unity_robotics_demo_msgs/msg/detail/unity_color__builder.hpp
[5.253s] -- Up-to-date: /home/jetson/Desktop/workspace_2/install/unity_robotics_demo_msgs/include/unity_robotics_demo_msgs/msg/detail/pos_rot__traits.hpp
[5.253s] -- Up-to-date: /home/jetson/Desktop/workspace_2/install/unity_robotics_demo_msgs/include/unity_robotics_demo_msgs/msg/pos_rot.hpp
[5.253s] -- Up-to-date: /home/jetson/Desktop/workspace_2/install/unity_robotics_demo_msgs/include/unity_robotics_demo_msgs
[5.257s] -- Up-to-date: /home/jetson/Desktop/workspace_2/install/unity_robotics_demo_msgs/include/unity_robotics_demo_msgs/srv
[5.258s] -- Up-to-date: /home/jetson/Desktop/workspace_2/install/unity_robotics_demo_msgs/include/unity_robotics_demo_msgs/srv/detail
[5.258s] -- Up-to-date: /home/jetson/Desktop/workspace_2/install/unity_robotics_demo_msgs/include/unity_robotics_demo_msgs/srv/detail/object_pose_service__rosidl_typesupport_introspection_cpp.hpp
[5.259s] -- Up-to-date: /home/jetson/Desktop/workspace_2/install/unity_robotics_demo_msgs/include/unity_robotics_demo_msgs/srv/detail/object_pose_service__type_support.cpp
[5.259s] -- Up-to-date: /home/jetson/Desktop/workspace_2/install/unity_robotics_demo_msgs/include/unity_robotics_demo_msgs/srv/detail/position_service__rosidl_typesupport_introspection_cpp.hpp
[5.259s] -- Up-to-date: /home/jetson/Desktop/workspace_2/install/unity_robotics_demo_msgs/include/unity_robotics_demo_msgs/srv/detail/position_service__type_support.cpp
[5.260s] -- Up-to-date: /home/jetson/Desktop/workspace_2/install/unity_robotics_demo_msgs/include/unity_robotics_demo_msgs/msg
[5.261s] -- Up-to-date: /home/jetson/Desktop/workspace_2/install/unity_robotics_demo_msgs/include/unity_robotics_demo_msgs/msg/detail
[5.261s] -- Up-to-date: /home/jetson/Desktop/workspace_2/install/unity_robotics_demo_msgs/include/unity_robotics_demo_msgs/msg/detail/pos_rot__rosidl_typesupport_introspection_cpp.hpp
[5.262s] -- Up-to-date: /home/jetson/Desktop/workspace_2/install/unity_robotics_demo_msgs/include/unity_robotics_demo_msgs/msg/detail/unity_color__type_support.cpp
[5.262s] -- Up-to-date: /home/jetson/Desktop/workspace_2/install/unity_robotics_demo_msgs/include/unity_robotics_demo_msgs/msg/detail/pos_rot__type_support.cpp
[5.263s] -- Up-to-date: /home/jetson/Desktop/workspace_2/install/unity_robotics_demo_msgs/include/unity_robotics_demo_msgs/msg/detail/unity_color__rosidl_typesupport_introspection_cpp.hpp
[5.263s] -- Up-to-date: /home/jetson/Desktop/workspace_2/install/unity_robotics_demo_msgs/lib/libunity_robotics_demo_msgs__rosidl_typesupport_introspection_cpp.so
[5.264s] -- Up-to-date: /home/jetson/Desktop/workspace_2/install/unity_robotics_demo_msgs/lib/libunity_robotics_demo_msgs__rosidl_typesupport_cpp.so
[5.264s] -- Up-to-date: /home/jetson/Desktop/workspace_2/install/unity_robotics_demo_msgs/share/unity_robotics_demo_msgs/environment/pythonpath.sh
[5.265s] -- Up-to-date: /home/jetson/Desktop/workspace_2/install/unity_robotics_demo_msgs/share/unity_robotics_demo_msgs/environment/pythonpath.dsv
[5.265s] -- Up-to-date: /home/jetson/Desktop/workspace_2/install/unity_robotics_demo_msgs/lib/python3.8/site-packages/unity_robotics_demo_msgs/__init__.py
[5.456s] -- Up-to-date: /home/jetson/Desktop/workspace_2/install/unity_robotics_demo_msgs/lib/python3.8/site-packages/unity_robotics_demo_msgs/msg
[5.457s] -- Up-to-date: /home/jetson/Desktop/workspace_2/install/unity_robotics_demo_msgs/lib/python3.8/site-packages/unity_robotics_demo_msgs/msg/_pos_rot.py
[5.458s] -- Up-to-date: /home/jetson/Desktop/workspace_2/install/unity_robotics_demo_msgs/lib/python3.8/site-packages/unity_robotics_demo_msgs/msg/_unity_color_s.c
[5.459s] -- Up-to-date: /home/jetson/Desktop/workspace_2/install/unity_robotics_demo_msgs/lib/python3.8/site-packages/unity_robotics_demo_msgs/msg/_unity_color.py
[5.459s] -- Up-to-date: /home/jetson/Desktop/workspace_2/install/unity_robotics_demo_msgs/lib/python3.8/site-packages/unity_robotics_demo_msgs/msg/__init__.py
[5.460s] -- Up-to-date: /home/jetson/Desktop/workspace_2/install/unity_robotics_demo_msgs/lib/python3.8/site-packages/unity_robotics_demo_msgs/msg/_pos_rot_s.c
[5.460s] -- Up-to-date: /home/jetson/Desktop/workspace_2/install/unity_robotics_demo_msgs/lib/python3.8/site-packages/unity_robotics_demo_msgs/srv
[5.461s] -- Up-to-date: /home/jetson/Desktop/workspace_2/install/unity_robotics_demo_msgs/lib/python3.8/site-packages/unity_robotics_demo_msgs/srv/_position_service.py
[5.462s] -- Up-to-date: /home/jetson/Desktop/workspace_2/install/unity_robotics_demo_msgs/lib/python3.8/site-packages/unity_robotics_demo_msgs/srv/_object_pose_service_s.c
[5.463s] -- Up-to-date: /home/jetson/Desktop/workspace_2/install/unity_robotics_demo_msgs/lib/python3.8/site-packages/unity_robotics_demo_msgs/srv/_object_pose_service.py
[5.463s] -- Up-to-date: /home/jetson/Desktop/workspace_2/install/unity_robotics_demo_msgs/lib/python3.8/site-packages/unity_robotics_demo_msgs/srv/__init__.py
[5.464s] -- Up-to-date: /home/jetson/Desktop/workspace_2/install/unity_robotics_demo_msgs/lib/python3.8/site-packages/unity_robotics_demo_msgs/srv/_position_service_s.c
[5.464s] -- Up-to-date: /home/jetson/Desktop/workspace_2/install/unity_robotics_demo_msgs/lib/python3.8/site-packages/unity_robotics_demo_msgs/unity_robotics_demo_msgs_s__rosidl_typesupport_fastrtps_c.cpython-38-aarch64-linux-gnu.so
[5.468s] -- Up-to-date: /home/jetson/Desktop/workspace_2/install/unity_robotics_demo_msgs/lib/python3.8/site-packages/unity_robotics_demo_msgs/unity_robotics_demo_msgs_s__rosidl_typesupport_introspection_c.cpython-38-aarch64-linux-gnu.so
[5.469s] -- Up-to-date: /home/jetson/Desktop/workspace_2/install/unity_robotics_demo_msgs/lib/python3.8/site-packages/unity_robotics_demo_msgs/unity_robotics_demo_msgs_s__rosidl_typesupport_c.cpython-38-aarch64-linux-gnu.so
[5.473s] -- Up-to-date: /home/jetson/Desktop/workspace_2/install/unity_robotics_demo_msgs/lib/libunity_robotics_demo_msgs__python.so
[5.475s] -- Up-to-date: /home/jetson/Desktop/workspace_2/install/unity_robotics_demo_msgs/share/unity_robotics_demo_msgs/msg/PosRot.idl
[5.479s] -- Up-to-date: /home/jetson/Desktop/workspace_2/install/unity_robotics_demo_msgs/share/unity_robotics_demo_msgs/msg/UnityColor.idl
[5.480s] -- Up-to-date: /home/jetson/Desktop/workspace_2/install/unity_robotics_demo_msgs/share/unity_robotics_demo_msgs/srv/PositionService.idl
[5.481s] -- Up-to-date: /home/jetson/Desktop/workspace_2/install/unity_robotics_demo_msgs/share/unity_robotics_demo_msgs/srv/ObjectPoseService.idl
[5.481s] -- Up-to-date: /home/jetson/Desktop/workspace_2/install/unity_robotics_demo_msgs/share/unity_robotics_demo_msgs/msg/PosRot.msg
[5.482s] -- Up-to-date: /home/jetson/Desktop/workspace_2/install/unity_robotics_demo_msgs/share/unity_robotics_demo_msgs/msg/UnityColor.msg
[5.483s] -- Up-to-date: /home/jetson/Desktop/workspace_2/install/unity_robotics_demo_msgs/share/unity_robotics_demo_msgs/srv/PositionService.srv
[5.483s] -- Up-to-date: /home/jetson/Desktop/workspace_2/install/unity_robotics_demo_msgs/share/unity_robotics_demo_msgs/srv/PositionService_Request.msg
[5.484s] -- Up-to-date: /home/jetson/Desktop/workspace_2/install/unity_robotics_demo_msgs/share/unity_robotics_demo_msgs/srv/PositionService_Response.msg
[5.484s] -- Up-to-date: /home/jetson/Desktop/workspace_2/install/unity_robotics_demo_msgs/share/unity_robotics_demo_msgs/srv/ObjectPoseService.srv
[5.486s] -- Up-to-date: /home/jetson/Desktop/workspace_2/install/unity_robotics_demo_msgs/share/unity_robotics_demo_msgs/srv/ObjectPoseService_Request.msg
[5.489s] -- Up-to-date: /home/jetson/Desktop/workspace_2/install/unity_robotics_demo_msgs/share/unity_robotics_demo_msgs/srv/ObjectPoseService_Response.msg
[5.490s] -- Up-to-date: /home/jetson/Desktop/workspace_2/install/unity_robotics_demo_msgs/share/ament_index/resource_index/package_run_dependencies/unity_robotics_demo_msgs
[5.491s] -- Up-to-date: /home/jetson/Desktop/workspace_2/install/unity_robotics_demo_msgs/share/ament_index/resource_index/parent_prefix_path/unity_robotics_demo_msgs
[5.494s] -- Up-to-date: /home/jetson/Desktop/workspace_2/install/unity_robotics_demo_msgs/share/unity_robotics_demo_msgs/environment/ament_prefix_path.sh
[5.495s] -- Up-to-date: /home/jetson/Desktop/workspace_2/install/unity_robotics_demo_msgs/share/unity_robotics_demo_msgs/environment/ament_prefix_path.dsv
[5.497s] -- Up-to-date: /home/jetson/Desktop/workspace_2/install/unity_robotics_demo_msgs/share/unity_robotics_demo_msgs/environment/path.sh
[5.497s] -- Up-to-date: /home/jetson/Desktop/workspace_2/install/unity_robotics_demo_msgs/share/unity_robotics_demo_msgs/environment/path.dsv
[5.500s] -- Up-to-date: /home/jetson/Desktop/workspace_2/install/unity_robotics_demo_msgs/share/unity_robotics_demo_msgs/local_setup.bash
[5.504s] -- Up-to-date: /home/jetson/Desktop/workspace_2/install/unity_robotics_demo_msgs/share/unity_robotics_demo_msgs/local_setup.sh
[5.504s] -- Up-to-date: /home/jetson/Desktop/workspace_2/install/unity_robotics_demo_msgs/share/unity_robotics_demo_msgs/local_setup.zsh
[5.505s] -- Up-to-date: /home/jetson/Desktop/workspace_2/install/unity_robotics_demo_msgs/share/unity_robotics_demo_msgs/local_setup.dsv
[5.506s] -- Installing: /home/jetson/Desktop/workspace_2/install/unity_robotics_demo_msgs/share/unity_robotics_demo_msgs/package.dsv
[5.507s] -- Up-to-date: /home/jetson/Desktop/workspace_2/install/unity_robotics_demo_msgs/share/ament_index/resource_index/packages/unity_robotics_demo_msgs
[5.508s] -- Up-to-date: /home/jetson/Desktop/workspace_2/install/unity_robotics_demo_msgs/share/unity_robotics_demo_msgs/cmake/unity_robotics_demo_msgs__rosidl_generator_cExport.cmake
[5.508s] -- Up-to-date: /home/jetson/Desktop/workspace_2/install/unity_robotics_demo_msgs/share/unity_robotics_demo_msgs/cmake/unity_robotics_demo_msgs__rosidl_generator_cExport-noconfig.cmake
[5.509s] -- Up-to-date: /home/jetson/Desktop/workspace_2/install/unity_robotics_demo_msgs/share/unity_robotics_demo_msgs/cmake/unity_robotics_demo_msgs__rosidl_typesupport_introspection_cExport.cmake
[5.516s] -- Up-to-date: /home/jetson/Desktop/workspace_2/install/unity_robotics_demo_msgs/share/unity_robotics_demo_msgs/cmake/unity_robotics_demo_msgs__rosidl_typesupport_introspection_cExport-noconfig.cmake
[5.518s] -- Up-to-date: /home/jetson/Desktop/workspace_2/install/unity_robotics_demo_msgs/share/unity_robotics_demo_msgs/cmake/unity_robotics_demo_msgs__rosidl_typesupport_cExport.cmake
[5.519s] -- Up-to-date: /home/jetson/Desktop/workspace_2/install/unity_robotics_demo_msgs/share/unity_robotics_demo_msgs/cmake/unity_robotics_demo_msgs__rosidl_typesupport_cExport-noconfig.cmake
[5.520s] -- Up-to-date: /home/jetson/Desktop/workspace_2/install/unity_robotics_demo_msgs/share/unity_robotics_demo_msgs/cmake/unity_robotics_demo_msgs__rosidl_generator_cppExport.cmake
[5.520s] -- Up-to-date: /home/jetson/Desktop/workspace_2/install/unity_robotics_demo_msgs/share/unity_robotics_demo_msgs/cmake/unity_robotics_demo_msgs__rosidl_typesupport_introspection_cppExport.cmake
[5.521s] -- Up-to-date: /home/jetson/Desktop/workspace_2/install/unity_robotics_demo_msgs/share/unity_robotics_demo_msgs/cmake/unity_robotics_demo_msgs__rosidl_typesupport_introspection_cppExport-noconfig.cmake
[5.524s] -- Up-to-date: /home/jetson/Desktop/workspace_2/install/unity_robotics_demo_msgs/share/unity_robotics_demo_msgs/cmake/unity_robotics_demo_msgs__rosidl_typesupport_cppExport.cmake
[5.525s] -- Up-to-date: /home/jetson/Desktop/workspace_2/install/unity_robotics_demo_msgs/share/unity_robotics_demo_msgs/cmake/unity_robotics_demo_msgs__rosidl_typesupport_cppExport-noconfig.cmake
[5.526s] -- Up-to-date: /home/jetson/Desktop/workspace_2/install/unity_robotics_demo_msgs/share/unity_robotics_demo_msgs/cmake/rosidl_cmake-extras.cmake
[5.526s] -- Up-to-date: /home/jetson/Desktop/workspace_2/install/unity_robotics_demo_msgs/share/unity_robotics_demo_msgs/cmake/ament_cmake_export_dependencies-extras.cmake
[5.527s] -- Up-to-date: /home/jetson/Desktop/workspace_2/install/unity_robotics_demo_msgs/share/unity_robotics_demo_msgs/cmake/ament_cmake_export_libraries-extras.cmake
[5.527s] -- Up-to-date: /home/jetson/Desktop/workspace_2/install/unity_robotics_demo_msgs/share/unity_robotics_demo_msgs/cmake/ament_cmake_export_targets-extras.cmake
[5.537s] -- Up-to-date: /home/jetson/Desktop/workspace_2/install/unity_robotics_demo_msgs/share/unity_robotics_demo_msgs/cmake/ament_cmake_export_include_directories-extras.cmake
[5.545s] -- Up-to-date: /home/jetson/Desktop/workspace_2/install/unity_robotics_demo_msgs/share/unity_robotics_demo_msgs/cmake/rosidl_cmake_export_typesupport_libraries-extras.cmake
[5.545s] -- Up-to-date: /home/jetson/Desktop/workspace_2/install/unity_robotics_demo_msgs/share/unity_robotics_demo_msgs/cmake/rosidl_cmake_export_typesupport_targets-extras.cmake
[5.549s] -- Up-to-date: /home/jetson/Desktop/workspace_2/install/unity_robotics_demo_msgs/share/unity_robotics_demo_msgs/cmake/unity_robotics_demo_msgsConfig.cmake
[5.550s] -- Up-to-date: /home/jetson/Desktop/workspace_2/install/unity_robotics_demo_msgs/share/unity_robotics_demo_msgs/cmake/unity_robotics_demo_msgsConfig-version.cmake
[5.550s] -- Up-to-date: /home/jetson/Desktop/workspace_2/install/unity_robotics_demo_msgs/share/unity_robotics_demo_msgs/package.xml
[5.702s] Invoked command in '/home/jetson/Desktop/workspace_2/build/unity_robotics_demo_msgs' returned '0': CMAKE_PREFIX_PATH=${CMAKE_PREFIX_PATH}:/home/jetson/Desktop/workspace_2/install/unity_slam_example:/home/jetson/Desktop/workspace_2/install/unity_robotics_demo:/home/jetson/Desktop/workspace_2/install/ros_tcp_endpoint:/home/jetson/Desktop/workspace_2/install/project_2:/opt/ros/foxy /usr/bin/cmake --install /home/jetson/Desktop/workspace_2/build/unity_robotics_demo_msgs
