[3.823s] Invoking command in '/home/jetson/Desktop/workspace_2/src/project_2': PYTHONPATH=/home/jetson/Desktop/workspace_2/install/project_2/lib/python3.8/site-packages:${PYTHONPATH} /usr/bin/python3 setup.py egg_info --egg-base ../../build/project_2 build --build-base /home/jetson/Desktop/workspace_2/build/project_2/build install --prefix /home/jetson/Desktop/workspace_2/install/project_2 --record /home/jetson/Desktop/workspace_2/build/project_2/install.log --single-version-externally-managed
[4.967s] /usr/local/lib/python3.8/dist-packages/setuptools/dist.py:717: UserWarning: Usage of dash-separated 'script-dir' will not be supported in future versions. Please use the underscore name 'script_dir' instead
[4.969s]   warnings.warn(
[4.969s] /usr/local/lib/python3.8/dist-packages/setuptools/dist.py:717: UserWarning: Usage of dash-separated 'install-scripts' will not be supported in future versions. Please use the underscore name 'install_scripts' instead
[4.970s]   warnings.warn(
[5.114s] running egg_info
[5.116s] creating ../../build/project_2/project_2.egg-info
[5.117s] writing ../../build/project_2/project_2.egg-info/PKG-INFO
[5.117s] writing dependency_links to ../../build/project_2/project_2.egg-info/dependency_links.txt
[5.118s] writing entry points to ../../build/project_2/project_2.egg-info/entry_points.txt
[5.119s] writing requirements to ../../build/project_2/project_2.egg-info/requires.txt
[5.119s] writing top-level names to ../../build/project_2/project_2.egg-info/top_level.txt
[5.130s] writing manifest file '../../build/project_2/project_2.egg-info/SOURCES.txt'
[5.137s] reading manifest file '../../build/project_2/project_2.egg-info/SOURCES.txt'
[5.141s] writing manifest file '../../build/project_2/project_2.egg-info/SOURCES.txt'
[5.142s] running build
[5.142s] running build_py
[5.142s] creating /home/jetson/Desktop/workspace_2/build/project_2/build
[5.143s] creating /home/jetson/Desktop/workspace_2/build/project_2/build/lib
[5.143s] creating /home/jetson/Desktop/workspace_2/build/project_2/build/lib/project_2
[5.144s] copying project_2/test_service.py -> /home/jetson/Desktop/workspace_2/build/project_2/build/lib/project_2
[5.144s] copying project_2/test_sub.py -> /home/jetson/Desktop/workspace_2/build/project_2/build/lib/project_2
[5.145s] copying project_2/test_pub.py -> /home/jetson/Desktop/workspace_2/build/project_2/build/lib/project_2
[5.146s] copying project_2/__init__.py -> /home/jetson/Desktop/workspace_2/build/project_2/build/lib/project_2
[5.147s] copying project_2/test_client.py -> /home/jetson/Desktop/workspace_2/build/project_2/build/lib/project_2
[5.149s] running install
[5.152s] running install_lib
[5.158s] running install_data
[5.161s] copying package.xml -> /home/jetson/Desktop/workspace_2/install/project_2/share/project_2
[5.161s] running install_egg_info
[5.167s] removing '/home/jetson/Desktop/workspace_2/install/project_2/lib/python3.8/site-packages/project_2-0.0.0-py3.8.egg-info' (and everything under it)
[5.168s] Copying ../../build/project_2/project_2.egg-info to /home/jetson/Desktop/workspace_2/install/project_2/lib/python3.8/site-packages/project_2-0.0.0-py3.8.egg-info
[5.172s] running install_scripts
[5.252s] Installing client script to /home/jetson/Desktop/workspace_2/install/project_2/lib/project_2
[5.252s] Installing listener script to /home/jetson/Desktop/workspace_2/install/project_2/lib/project_2
[5.253s] Installing service script to /home/jetson/Desktop/workspace_2/install/project_2/lib/project_2
[5.253s] Installing talker script to /home/jetson/Desktop/workspace_2/install/project_2/lib/project_2
[5.255s] writing list of installed files to '/home/jetson/Desktop/workspace_2/build/project_2/install.log'
[5.359s] Invoked command in '/home/jetson/Desktop/workspace_2/src/project_2' returned '0': PYTHONPATH=/home/jetson/Desktop/workspace_2/install/project_2/lib/python3.8/site-packages:${PYTHONPATH} /usr/bin/python3 setup.py egg_info --egg-base ../../build/project_2 build --build-base /home/jetson/Desktop/workspace_2/build/project_2/build install --prefix /home/jetson/Desktop/workspace_2/install/project_2 --record /home/jetson/Desktop/workspace_2/build/project_2/install.log --single-version-externally-managed
