[4.020s] Invoking command in '/home/jetson/Desktop/workspace_2/src/project_2': CMAKE_PREFIX_PATH=/home/jetson/Desktop/workspace_2/install/msg_manage:/home/jetson/Desktop/workspace_2/install/unity_robotics_demo_msgs:/home/jetson/ros2_foxy/ros2-linux LD_LIBRARY_PATH=/home/jetson/Desktop/workspace_2/install/msg_manage/lib:/home/jetson/Desktop/workspace_2/install/unity_robotics_demo_msgs/lib:/opt/ros/foxy/opt/yaml_cpp_vendor/lib:/opt/ros/foxy/opt/rviz_ogre_vendor/lib:/opt/ros/foxy/lib/aarch64-linux-gnu:/opt/ros/foxy/lib:/home/jetson/ros2_foxy/ros2-linux/opt/yaml_cpp_vendor/lib:/home/jetson/ros2_foxy/ros2-linux/opt/rviz_ogre_vendor/lib:/home/jetson/ros2_foxy/ros2-linux/lib PYTHONPATH=/home/jetson/Desktop/workspace_2/install/project_2/lib/python3.8/site-packages:/home/jetson/Desktop/workspace_2/install/msg_manage/lib/python3.8/site-packages:/home/jetson/Desktop/workspace_2/install/unity_slam_example/lib/python3.8/site-packages:/home/jetson/Desktop/workspace_2/install/unity_robotics_demo_msgs/lib/python3.8/site-packages:/home/jetson/Desktop/workspace_2/install/unity_robotics_demo/lib/python3.8/site-packages:/home/jetson/Desktop/workspace_2/install/ros_tcp_endpoint/lib/python3.8/site-packages:/home/jetson/Desktop/workspace_2/install/project_2/lib/python3.8/site-packages:/opt/ros/foxy/lib/python3.8/site-packages:/home/jetson/ros2_foxy/ros2-linux/lib/python3.8/site-packages /usr/bin/python3 setup.py egg_info --egg-base ../../build/project_2 build --build-base /home/jetson/Desktop/workspace_2/build/project_2/build install --prefix /home/jetson/Desktop/workspace_2/install/project_2 --record /home/jetson/Desktop/workspace_2/build/project_2/install.log --single-version-externally-managed
[5.411s] running egg_info
[5.414s] writing ../../build/project_2/project_2.egg-info/PKG-INFO
[5.415s] writing dependency_links to ../../build/project_2/project_2.egg-info/dependency_links.txt
[5.416s] writing entry points to ../../build/project_2/project_2.egg-info/entry_points.txt
[5.416s] writing requirements to ../../build/project_2/project_2.egg-info/requires.txt
[5.417s] writing top-level names to ../../build/project_2/project_2.egg-info/top_level.txt
[5.429s] reading manifest file '../../build/project_2/project_2.egg-info/SOURCES.txt'
[5.436s] writing manifest file '../../build/project_2/project_2.egg-info/SOURCES.txt'
[5.436s] running build
[5.437s] running build_py
[5.442s] copying project_2/img_processor.py -> /home/jetson/Desktop/workspace_2/build/project_2/build/lib/project_2
[5.442s] running install
[5.446s] running install_lib
[5.450s] copying /home/jetson/Desktop/workspace_2/build/project_2/build/lib/project_2/img_processor.py -> /home/jetson/Desktop/workspace_2/install/project_2/lib/python3.8/site-packages/project_2
[5.454s] byte-compiling /home/jetson/Desktop/workspace_2/install/project_2/lib/python3.8/site-packages/project_2/img_processor.py to img_processor.cpython-38.pyc
[5.459s] running install_data
[5.462s] running install_egg_info
[5.469s] removing '/home/jetson/Desktop/workspace_2/install/project_2/lib/python3.8/site-packages/project_2-0.0.0-py3.8.egg-info' (and everything under it)
[5.470s] Copying ../../build/project_2/project_2.egg-info to /home/jetson/Desktop/workspace_2/install/project_2/lib/python3.8/site-packages/project_2-0.0.0-py3.8.egg-info
[5.473s] running install_scripts
[5.553s] Installing client script to /home/jetson/Desktop/workspace_2/install/project_2/lib/project_2
[5.554s] Installing client2 script to /home/jetson/Desktop/workspace_2/install/project_2/lib/project_2
[5.554s] Installing img_processor script to /home/jetson/Desktop/workspace_2/install/project_2/lib/project_2
[5.555s] Installing listener script to /home/jetson/Desktop/workspace_2/install/project_2/lib/project_2
[5.556s] Installing listener2 script to /home/jetson/Desktop/workspace_2/install/project_2/lib/project_2
[5.556s] Installing motor_cmd script to /home/jetson/Desktop/workspace_2/install/project_2/lib/project_2
[5.557s] Installing param_test script to /home/jetson/Desktop/workspace_2/install/project_2/lib/project_2
[5.558s] Installing service script to /home/jetson/Desktop/workspace_2/install/project_2/lib/project_2
[5.558s] Installing service2 script to /home/jetson/Desktop/workspace_2/install/project_2/lib/project_2
[5.559s] Installing slam_navigation script to /home/jetson/Desktop/workspace_2/install/project_2/lib/project_2
[5.560s] Installing talker script to /home/jetson/Desktop/workspace_2/install/project_2/lib/project_2
[5.561s] Installing talker2 script to /home/jetson/Desktop/workspace_2/install/project_2/lib/project_2
[5.562s] writing list of installed files to '/home/jetson/Desktop/workspace_2/build/project_2/install.log'
[5.669s] Invoked command in '/home/jetson/Desktop/workspace_2/src/project_2' returned '0': CMAKE_PREFIX_PATH=/home/jetson/Desktop/workspace_2/install/msg_manage:/home/jetson/Desktop/workspace_2/install/unity_robotics_demo_msgs:/home/jetson/ros2_foxy/ros2-linux LD_LIBRARY_PATH=/home/jetson/Desktop/workspace_2/install/msg_manage/lib:/home/jetson/Desktop/workspace_2/install/unity_robotics_demo_msgs/lib:/opt/ros/foxy/opt/yaml_cpp_vendor/lib:/opt/ros/foxy/opt/rviz_ogre_vendor/lib:/opt/ros/foxy/lib/aarch64-linux-gnu:/opt/ros/foxy/lib:/home/jetson/ros2_foxy/ros2-linux/opt/yaml_cpp_vendor/lib:/home/jetson/ros2_foxy/ros2-linux/opt/rviz_ogre_vendor/lib:/home/jetson/ros2_foxy/ros2-linux/lib PYTHONPATH=/home/jetson/Desktop/workspace_2/install/project_2/lib/python3.8/site-packages:/home/jetson/Desktop/workspace_2/install/msg_manage/lib/python3.8/site-packages:/home/jetson/Desktop/workspace_2/install/unity_slam_example/lib/python3.8/site-packages:/home/jetson/Desktop/workspace_2/install/unity_robotics_demo_msgs/lib/python3.8/site-packages:/home/jetson/Desktop/workspace_2/install/unity_robotics_demo/lib/python3.8/site-packages:/home/jetson/Desktop/workspace_2/install/ros_tcp_endpoint/lib/python3.8/site-packages:/home/jetson/Desktop/workspace_2/install/project_2/lib/python3.8/site-packages:/opt/ros/foxy/lib/python3.8/site-packages:/home/jetson/ros2_foxy/ros2-linux/lib/python3.8/site-packages /usr/bin/python3 setup.py egg_info --egg-base ../../build/project_2 build --build-base /home/jetson/Desktop/workspace_2/build/project_2/build install --prefix /home/jetson/Desktop/workspace_2/install/project_2 --record /home/jetson/Desktop/workspace_2/build/project_2/install.log --single-version-externally-managed
