[4.140s] Invoking command in '/home/jetson/Desktop/workspace_2/src/project_2': PYTHONPATH=/home/jetson/Desktop/workspace_2/install/project_2/lib/python3.8/site-packages:${PYTHONPATH} /usr/bin/python3 setup.py egg_info --egg-base ../../build/project_2 build --build-base /home/jetson/Desktop/workspace_2/build/project_2/build install --prefix /home/jetson/Desktop/workspace_2/install/project_2 --record /home/jetson/Desktop/workspace_2/build/project_2/install.log --single-version-externally-managed
[5.216s] /usr/local/lib/python3.8/dist-packages/setuptools/dist.py:717: UserWarning: Usage of dash-separated 'script-dir' will not be supported in future versions. Please use the underscore name 'script_dir' instead
[5.216s]   warnings.warn(
[5.218s] /usr/local/lib/python3.8/dist-packages/setuptools/dist.py:717: UserWarning: Usage of dash-separated 'install-scripts' will not be supported in future versions. Please use the underscore name 'install_scripts' instead
[5.218s]   warnings.warn(
[5.379s] running egg_info
[5.383s] writing ../../build/project_2/project_2.egg-info/PKG-INFO
[5.384s] writing dependency_links to ../../build/project_2/project_2.egg-info/dependency_links.txt
[5.385s] writing entry points to ../../build/project_2/project_2.egg-info/entry_points.txt
[5.386s] writing requirements to ../../build/project_2/project_2.egg-info/requires.txt
[5.386s] writing top-level names to ../../build/project_2/project_2.egg-info/top_level.txt
[5.405s] reading manifest file '../../build/project_2/project_2.egg-info/SOURCES.txt'
[5.411s] writing manifest file '../../build/project_2/project_2.egg-info/SOURCES.txt'
[5.412s] running build
[5.412s] running build_py
[5.415s] running install
[5.419s] running install_lib
[5.428s] running install_data
[5.431s] running install_egg_info
[5.437s] removing '/home/jetson/Desktop/workspace_2/install/project_2/lib/python3.8/site-packages/project_2-0.0.0-py3.8.egg-info' (and everything under it)
[5.439s] Copying ../../build/project_2/project_2.egg-info to /home/jetson/Desktop/workspace_2/install/project_2/lib/python3.8/site-packages/project_2-0.0.0-py3.8.egg-info
[5.444s] running install_scripts
[5.529s] Installing client script to /home/jetson/Desktop/workspace_2/install/project_2/lib/project_2
[5.531s] Installing client2 script to /home/jetson/Desktop/workspace_2/install/project_2/lib/project_2
[5.532s] Installing listener script to /home/jetson/Desktop/workspace_2/install/project_2/lib/project_2
[5.533s] Installing listener2 script to /home/jetson/Desktop/workspace_2/install/project_2/lib/project_2
[5.533s] Installing param_test script to /home/jetson/Desktop/workspace_2/install/project_2/lib/project_2
[5.534s] Installing service script to /home/jetson/Desktop/workspace_2/install/project_2/lib/project_2
[5.535s] Installing service2 script to /home/jetson/Desktop/workspace_2/install/project_2/lib/project_2
[5.535s] Installing talker script to /home/jetson/Desktop/workspace_2/install/project_2/lib/project_2
[5.536s] Installing talker2 script to /home/jetson/Desktop/workspace_2/install/project_2/lib/project_2
[5.538s] writing list of installed files to '/home/jetson/Desktop/workspace_2/build/project_2/install.log'
[5.651s] Invoked command in '/home/jetson/Desktop/workspace_2/src/project_2' returned '0': PYTHONPATH=/home/jetson/Desktop/workspace_2/install/project_2/lib/python3.8/site-packages:${PYTHONPATH} /usr/bin/python3 setup.py egg_info --egg-base ../../build/project_2 build --build-base /home/jetson/Desktop/workspace_2/build/project_2/build install --prefix /home/jetson/Desktop/workspace_2/install/project_2 --record /home/jetson/Desktop/workspace_2/build/project_2/install.log --single-version-externally-managed
