[0.294s] Invoking command in '/home/jetson/Desktop/workspace_2/build/msg_manage': CMAKE_PREFIX_PATH=${CMAKE_PREFIX_PATH}:/home/jetson/Desktop/workspace_2/install/unity_slam_example:/home/jetson/Desktop/workspace_2/install/unity_robotics_demo:/home/jetson/Desktop/workspace_2/install/ros_tcp_endpoint:/home/jetson/Desktop/workspace_2/install/project_2:/opt/ros/foxy /usr/bin/cmake --build /home/jetson/Desktop/workspace_2/build/msg_manage -- -j4 -l4
[3.288s] -- Found ament_cmake: 0.9.9 (/home/jetson/ros2_foxy/ros2-linux/share/ament_cmake/cmake)
[3.289s] -- Found PythonInterp: /usr/bin/python3 (found suitable version "3.8.10", minimum required is "3") 
[3.290s] -- Using PYTHON_EXECUTABLE: /usr/bin/python3
[3.291s] -- Found ament_lint_auto: 0.9.6 (/home/jetson/ros2_foxy/ros2-linux/share/ament_lint_auto/cmake)
[3.292s] -- Found rosidl_default_generators: 1.0.1 (/home/jetson/ros2_foxy/ros2-linux/share/rosidl_default_generators/cmake)
[3.292s] -- Using all available rosidl_typesupport_c: rosidl_typesupport_fastrtps_c;rosidl_typesupport_introspection_c
[3.293s] -- Found rosidl_adapter: 1.2.1 (/home/jetson/ros2_foxy/ros2-linux/share/rosidl_adapter/cmake)
[3.294s] -- Using all available rosidl_typesupport_cpp: rosidl_typesupport_fastrtps_cpp;rosidl_typesupport_introspection_cpp
[3.300s] -- Found PythonInterp: /usr/bin/python3 (found version "3.8.10") 
[3.532s] -- Found ament_cmake_ros: 0.9.2 (/home/jetson/ros2_foxy/ros2-linux/share/ament_cmake_ros/cmake)
[4.313s] -- Using all available rosidl_typesupport_c: rosidl_typesupport_fastrtps_c;rosidl_typesupport_introspection_c
[4.456s] -- Using all available rosidl_typesupport_cpp: rosidl_typesupport_fastrtps_cpp;rosidl_typesupport_introspection_cpp
[4.662s] -- Found PythonInterp: /usr/bin/python3 (found suitable version "3.8.10", minimum required is "3.5") 
[4.666s] -- Found python_cmake_module: 0.8.1 (/home/jetson/ros2_foxy/ros2-linux/share/python_cmake_module/cmake)
[4.846s] -- Using PYTHON_EXECUTABLE: /usr/bin/python3
[4.848s] -- Using PYTHON_INCLUDE_DIRS: /usr/include/python3.8
[4.848s] -- Using PYTHON_LIBRARIES: /usr/lib/aarch64-linux-gnu/libpython3.8.so
[5.023s] -- Added test 'copyright' to check source files copyright and LICENSE
[5.039s] -- Added test 'lint_cmake' to check CMake code style
[5.048s] -- Added test 'xmllint' to check XML markup files
[5.078s] -- Configuring done
[5.380s] -- Generating done
[5.399s] -- Build files have been written to: /home/jetson/Desktop/workspace_2/build/msg_manage
[5.546s] [  1%] [34m[1mGenerating C code for ROS interfaces[0m
[5.631s] [  2%] [34m[1mGenerating C++ code for ROS interfaces[0m
[9.346s] [  2%] Built target msg_manage__cpp
[9.406s] [  4%] [34m[1mGenerating C++ introspection for ROS interfaces[0m
[9.787s] [35m[1mScanning dependencies of target msg_manage__rosidl_generator_c[0m
[9.788s] [  7%] [34m[1mGenerating C++ type support dispatch for ROS interfaces[0m
[9.788s] [  7%] [34m[1mGenerating C++ type support for eProsima Fast-RTPS[0m
[10.064s] [  8%] [32mBuilding C object CMakeFiles/msg_manage__rosidl_generator_c.dir/rosidl_generator_c/msg_manage/msg/detail/num__functions.c.o[0m
[10.506s] [  9%] [32mBuilding C object CMakeFiles/msg_manage__rosidl_generator_c.dir/rosidl_generator_c/msg_manage/msg/detail/motor2__functions.c.o[0m
[10.906s] [ 11%] [32mBuilding C object CMakeFiles/msg_manage__rosidl_generator_c.dir/rosidl_generator_c/msg_manage/srv/detail/add_three_ints__functions.c.o[0m
[11.380s] [ 12%] [32mBuilding C object CMakeFiles/msg_manage__rosidl_generator_c.dir/rosidl_generator_c/msg_manage/srv/detail/twist_srv__functions.c.o[0m
[11.803s] [ 14%] [32mBuilding C object CMakeFiles/msg_manage__rosidl_generator_c.dir/rosidl_generator_c/msg_manage/action/detail/testaction__functions.c.o[0m
[12.279s] [35m[1mScanning dependencies of target msg_manage__rosidl_typesupport_cpp[0m
[12.320s] [ 15%] [32mBuilding C object CMakeFiles/msg_manage__rosidl_generator_c.dir/rosidl_generator_c/msg_manage/msg/detail/vehicle__functions.c.o[0m
[12.356s] [ 16%] [32mBuilding CXX object CMakeFiles/msg_manage__rosidl_typesupport_cpp.dir/rosidl_typesupport_cpp/msg_manage/msg/num__type_support.cpp.o[0m
[12.729s] [ 18%] [32m[1mLinking C shared library libmsg_manage__rosidl_generator_c.so[0m
[12.926s] [35m[1mScanning dependencies of target msg_manage__rosidl_typesupport_introspection_cpp[0m
[13.003s] [ 19%] [32mBuilding CXX object CMakeFiles/msg_manage__rosidl_typesupport_introspection_cpp.dir/rosidl_typesupport_introspection_cpp/msg_manage/msg/detail/num__type_support.cpp.o[0m
[13.168s] [ 19%] Built target msg_manage__rosidl_generator_c
[13.275s] [ 21%] [32mBuilding CXX object CMakeFiles/msg_manage__rosidl_typesupport_cpp.dir/rosidl_typesupport_cpp/msg_manage/msg/motor2__type_support.cpp.o[0m
[14.148s] [ 22%] [32mBuilding CXX object CMakeFiles/msg_manage__rosidl_typesupport_cpp.dir/rosidl_typesupport_cpp/msg_manage/srv/add_three_ints__type_support.cpp.o[0m
[14.239s] [ 23%] [32mBuilding CXX object CMakeFiles/msg_manage__rosidl_typesupport_introspection_cpp.dir/rosidl_typesupport_introspection_cpp/msg_manage/msg/detail/motor2__type_support.cpp.o[0m
[14.461s] [ 25%] [32mBuilding CXX object CMakeFiles/msg_manage__rosidl_typesupport_cpp.dir/rosidl_typesupport_cpp/msg_manage/srv/twist_srv__type_support.cpp.o[0m
[14.737s] [35m[1mScanning dependencies of target msg_manage__rosidl_typesupport_fastrtps_cpp[0m
[14.935s] [ 26%] [32mBuilding CXX object CMakeFiles/msg_manage__rosidl_typesupport_fastrtps_cpp.dir/rosidl_typesupport_fastrtps_cpp/msg_manage/msg/detail/dds_fastrtps/num__type_support.cpp.o[0m
[15.365s] [ 28%] [32mBuilding CXX object CMakeFiles/msg_manage__rosidl_typesupport_cpp.dir/rosidl_typesupport_cpp/msg_manage/action/testaction__type_support.cpp.o[0m
[15.521s] [ 29%] [32mBuilding CXX object CMakeFiles/msg_manage__rosidl_typesupport_introspection_cpp.dir/rosidl_typesupport_introspection_cpp/msg_manage/srv/detail/add_three_ints__type_support.cpp.o[0m
[15.989s] [ 30%] [32mBuilding CXX object CMakeFiles/msg_manage__rosidl_typesupport_introspection_cpp.dir/rosidl_typesupport_introspection_cpp/msg_manage/srv/detail/twist_srv__type_support.cpp.o[0m
[16.721s] [ 32%] [32mBuilding CXX object CMakeFiles/msg_manage__rosidl_typesupport_fastrtps_cpp.dir/rosidl_typesupport_fastrtps_cpp/msg_manage/msg/detail/dds_fastrtps/motor2__type_support.cpp.o[0m
[16.891s] [ 33%] [32mBuilding CXX object CMakeFiles/msg_manage__rosidl_typesupport_cpp.dir/rosidl_typesupport_cpp/msg_manage/msg/vehicle__type_support.cpp.o[0m
[16.891s] [ 35%] [32mBuilding CXX object CMakeFiles/msg_manage__rosidl_typesupport_introspection_cpp.dir/rosidl_typesupport_introspection_cpp/msg_manage/action/detail/testaction__type_support.cpp.o[0m
[17.123s] [ 36%] [32mBuilding CXX object CMakeFiles/msg_manage__rosidl_typesupport_introspection_cpp.dir/rosidl_typesupport_introspection_cpp/msg_manage/msg/detail/vehicle__type_support.cpp.o[0m
[17.975s] [ 38%] [32m[1mLinking CXX shared library libmsg_manage__rosidl_typesupport_cpp.so[0m
[18.169s] [ 38%] Built target msg_manage__rosidl_typesupport_cpp
[18.213s] [ 39%] [32mBuilding CXX object CMakeFiles/msg_manage__rosidl_typesupport_fastrtps_cpp.dir/rosidl_typesupport_fastrtps_cpp/msg_manage/srv/detail/dds_fastrtps/add_three_ints__type_support.cpp.o[0m
[18.263s] [ 40%] [32mBuilding CXX object CMakeFiles/msg_manage__rosidl_typesupport_fastrtps_cpp.dir/rosidl_typesupport_fastrtps_cpp/msg_manage/srv/detail/dds_fastrtps/twist_srv__type_support.cpp.o[0m
[18.330s] [ 42%] [32m[1mLinking CXX shared library libmsg_manage__rosidl_typesupport_introspection_cpp.so[0m
[18.333s] [ 43%] [32mBuilding CXX object CMakeFiles/msg_manage__rosidl_typesupport_fastrtps_cpp.dir/rosidl_typesupport_fastrtps_cpp/msg_manage/action/detail/dds_fastrtps/testaction__type_support.cpp.o[0m
[18.638s] [ 43%] Built target msg_manage__rosidl_typesupport_introspection_cpp
[18.678s] [ 45%] [32mBuilding CXX object CMakeFiles/msg_manage__rosidl_typesupport_fastrtps_cpp.dir/rosidl_typesupport_fastrtps_cpp/msg_manage/msg/detail/dds_fastrtps/vehicle__type_support.cpp.o[0m
[20.046s] [ 46%] [34m[1mGenerating C introspection for ROS interfaces[0m
[20.048s] [ 47%] [34m[1mGenerating C type support dispatch for ROS interfaces[0m
[20.455s] [ 49%] [32m[1mLinking CXX shared library libmsg_manage__rosidl_typesupport_fastrtps_cpp.so[0m
[20.871s] [ 49%] Built target msg_manage__rosidl_typesupport_fastrtps_cpp
[20.942s] [ 50%] [34m[1mGenerating C type support for eProsima Fast-RTPS[0m
[22.117s] [35m[1mScanning dependencies of target msg_manage__rosidl_typesupport_c[0m
[22.182s] [ 52%] [32mBuilding CXX object CMakeFiles/msg_manage__rosidl_typesupport_c.dir/rosidl_typesupport_c/msg_manage/msg/num__type_support.cpp.o[0m
[22.184s] [ 53%] [32mBuilding CXX object CMakeFiles/msg_manage__rosidl_typesupport_c.dir/rosidl_typesupport_c/msg_manage/msg/motor2__type_support.cpp.o[0m
[22.310s] [ 54%] [32mBuilding CXX object CMakeFiles/msg_manage__rosidl_typesupport_c.dir/rosidl_typesupport_c/msg_manage/srv/add_three_ints__type_support.cpp.o[0m
[22.318s] [ 56%] [32mBuilding CXX object CMakeFiles/msg_manage__rosidl_typesupport_c.dir/rosidl_typesupport_c/msg_manage/srv/twist_srv__type_support.cpp.o[0m
[22.439s] [ 57%] [32mBuilding CXX object CMakeFiles/msg_manage__rosidl_typesupport_c.dir/rosidl_typesupport_c/msg_manage/action/testaction__type_support.cpp.o[0m
[22.452s] [ 59%] [32mBuilding CXX object CMakeFiles/msg_manage__rosidl_typesupport_c.dir/rosidl_typesupport_c/msg_manage/msg/vehicle__type_support.cpp.o[0m
[22.650s] [ 60%] [32m[1mLinking CXX shared library libmsg_manage__rosidl_typesupport_c.so[0m
[22.820s] [ 60%] Built target msg_manage__rosidl_typesupport_c
[22.939s] [35m[1mScanning dependencies of target msg_manage__rosidl_typesupport_introspection_c[0m
[23.015s] [ 61%] [32mBuilding C object CMakeFiles/msg_manage__rosidl_typesupport_introspection_c.dir/rosidl_typesupport_introspection_c/msg_manage/msg/detail/num__type_support.c.o[0m
[23.020s] [ 63%] [32mBuilding C object CMakeFiles/msg_manage__rosidl_typesupport_introspection_c.dir/rosidl_typesupport_introspection_c/msg_manage/msg/detail/motor2__type_support.c.o[0m
[23.022s] [ 64%] [32mBuilding C object CMakeFiles/msg_manage__rosidl_typesupport_introspection_c.dir/rosidl_typesupport_introspection_c/msg_manage/srv/detail/add_three_ints__type_support.c.o[0m
[23.155s] [ 66%] [32mBuilding C object CMakeFiles/msg_manage__rosidl_typesupport_introspection_c.dir/rosidl_typesupport_introspection_c/msg_manage/action/detail/testaction__type_support.c.o[0m
[23.169s] [ 67%] [32mBuilding C object CMakeFiles/msg_manage__rosidl_typesupport_introspection_c.dir/rosidl_typesupport_introspection_c/msg_manage/srv/detail/twist_srv__type_support.c.o[0m
[23.184s] [ 69%] [32mBuilding C object CMakeFiles/msg_manage__rosidl_typesupport_introspection_c.dir/rosidl_typesupport_introspection_c/msg_manage/msg/detail/vehicle__type_support.c.o[0m
[23.355s] [ 70%] [32m[1mLinking C shared library libmsg_manage__rosidl_typesupport_introspection_c.so[0m
[23.479s] [ 70%] Built target msg_manage__rosidl_typesupport_introspection_c
[24.378s] [35m[1mScanning dependencies of target msg_manage__rosidl_typesupport_fastrtps_c[0m
[24.581s] [ 73%] [32mBuilding CXX object CMakeFiles/msg_manage__rosidl_typesupport_fastrtps_c.dir/rosidl_typesupport_fastrtps_c/msg_manage/msg/detail/motor2__type_support_c.cpp.o[0m
[24.582s] [ 73%] [32mBuilding CXX object CMakeFiles/msg_manage__rosidl_typesupport_fastrtps_c.dir/rosidl_typesupport_fastrtps_c/msg_manage/msg/detail/num__type_support_c.cpp.o[0m
[24.587s] [ 74%] [32mBuilding CXX object CMakeFiles/msg_manage__rosidl_typesupport_fastrtps_c.dir/rosidl_typesupport_fastrtps_c/msg_manage/srv/detail/add_three_ints__type_support_c.cpp.o[0m
[24.601s] [ 76%] [32mBuilding CXX object CMakeFiles/msg_manage__rosidl_typesupport_fastrtps_c.dir/rosidl_typesupport_fastrtps_c/msg_manage/srv/detail/twist_srv__type_support_c.cpp.o[0m
[25.922s] [ 77%] [32mBuilding CXX object CMakeFiles/msg_manage__rosidl_typesupport_fastrtps_c.dir/rosidl_typesupport_fastrtps_c/msg_manage/action/detail/testaction__type_support_c.cpp.o[0m
[25.955s] [ 78%] [32mBuilding CXX object CMakeFiles/msg_manage__rosidl_typesupport_fastrtps_c.dir/rosidl_typesupport_fastrtps_c/msg_manage/msg/detail/vehicle__type_support_c.cpp.o[0m
[27.376s] [ 80%] [32m[1mLinking CXX shared library libmsg_manage__rosidl_typesupport_fastrtps_c.so[0m
[27.730s] [ 80%] Built target msg_manage__rosidl_typesupport_fastrtps_c
[27.814s] [ 80%] Built target msg_manage
[27.857s] [35m[1mScanning dependencies of target msg_manage__py[0m
[27.927s] [ 81%] [34m[1mGenerating Python code for ROS interfaces[0m
[35.092s] [ 81%] Built target msg_manage__py
[35.143s] [35m[1mScanning dependencies of target msg_manage__python[0m
[35.244s] [ 83%] [32mBuilding C object CMakeFiles/msg_manage__python.dir/rosidl_generator_py/msg_manage/msg/_num_s.c.o[0m
[35.245s] [ 85%] [32mBuilding C object CMakeFiles/msg_manage__python.dir/rosidl_generator_py/msg_manage/srv/_twist_srv_s.c.o[0m
[35.246s] [ 85%] [32mBuilding C object CMakeFiles/msg_manage__python.dir/rosidl_generator_py/msg_manage/msg/_motor2_s.c.o[0m
[35.247s] [ 87%] [32mBuilding C object CMakeFiles/msg_manage__python.dir/rosidl_generator_py/msg_manage/srv/_add_three_ints_s.c.o[0m
[35.700s] [ 88%] [32mBuilding C object CMakeFiles/msg_manage__python.dir/rosidl_generator_py/msg_manage/action/_testaction_s.c.o[0m
[35.733s] [ 90%] [32mBuilding C object CMakeFiles/msg_manage__python.dir/rosidl_generator_py/msg_manage/msg/_vehicle_s.c.o[0m
[36.297s] [ 91%] [32m[1mLinking C shared library rosidl_generator_py/msg_manage/libmsg_manage__python.so[0m
[36.476s] [ 91%] Built target msg_manage__python
[36.524s] [35m[1mScanning dependencies of target msg_manage__rosidl_typesupport_fastrtps_c__pyext[0m
[36.533s] [35m[1mScanning dependencies of target msg_manage__rosidl_typesupport_c__pyext[0m
[36.542s] [35m[1mScanning dependencies of target msg_manage__rosidl_typesupport_introspection_c__pyext[0m
[36.625s] [ 94%] [32mBuilding C object CMakeFiles/msg_manage__rosidl_typesupport_introspection_c__pyext.dir/rosidl_generator_py/msg_manage/_msg_manage_s.ep.rosidl_typesupport_introspection_c.c.o[0m
[36.626s] [ 94%] [32mBuilding C object CMakeFiles/msg_manage__rosidl_typesupport_c__pyext.dir/rosidl_generator_py/msg_manage/_msg_manage_s.ep.rosidl_typesupport_c.c.o[0m
[36.631s] [ 95%] [32mBuilding C object CMakeFiles/msg_manage__rosidl_typesupport_fastrtps_c__pyext.dir/rosidl_generator_py/msg_manage/_msg_manage_s.ep.rosidl_typesupport_fastrtps_c.c.o[0m
[37.128s] [ 97%] [32m[1mLinking C shared library rosidl_generator_py/msg_manage/msg_manage_s__rosidl_typesupport_c.cpython-38-aarch64-linux-gnu.so[0m
[37.143s] [ 98%] [32m[1mLinking C shared library rosidl_generator_py/msg_manage/msg_manage_s__rosidl_typesupport_introspection_c.cpython-38-aarch64-linux-gnu.so[0m
[37.160s] [100%] [32m[1mLinking CXX shared library rosidl_generator_py/msg_manage/msg_manage_s__rosidl_typesupport_fastrtps_c.cpython-38-aarch64-linux-gnu.so[0m
[37.312s] [100%] Built target msg_manage__rosidl_typesupport_c__pyext
[37.328s] [100%] Built target msg_manage__rosidl_typesupport_introspection_c__pyext
[37.457s] [100%] Built target msg_manage__rosidl_typesupport_fastrtps_c__pyext
[37.503s] Invoked command in '/home/jetson/Desktop/workspace_2/build/msg_manage' returned '0': CMAKE_PREFIX_PATH=${CMAKE_PREFIX_PATH}:/home/jetson/Desktop/workspace_2/install/unity_slam_example:/home/jetson/Desktop/workspace_2/install/unity_robotics_demo:/home/jetson/Desktop/workspace_2/install/ros_tcp_endpoint:/home/jetson/Desktop/workspace_2/install/project_2:/opt/ros/foxy /usr/bin/cmake --build /home/jetson/Desktop/workspace_2/build/msg_manage -- -j4 -l4
[38.045s] Invoking command in '/home/jetson/Desktop/workspace_2/build/msg_manage': CMAKE_PREFIX_PATH=${CMAKE_PREFIX_PATH}:/home/jetson/Desktop/workspace_2/install/unity_slam_example:/home/jetson/Desktop/workspace_2/install/unity_robotics_demo:/home/jetson/Desktop/workspace_2/install/ros_tcp_endpoint:/home/jetson/Desktop/workspace_2/install/project_2:/opt/ros/foxy /usr/bin/cmake --install /home/jetson/Desktop/workspace_2/build/msg_manage
[38.084s] -- Install configuration: ""
[38.087s] -- Installing: /home/jetson/Desktop/workspace_2/install/msg_manage/share/ament_index/resource_index/rosidl_interfaces/msg_manage
[38.088s] -- Up-to-date: /home/jetson/Desktop/workspace_2/install/msg_manage/include/msg_manage
[38.088s] -- Up-to-date: /home/jetson/Desktop/workspace_2/install/msg_manage/include/msg_manage/srv
[38.089s] -- Installing: /home/jetson/Desktop/workspace_2/install/msg_manage/include/msg_manage/srv/add_three_ints.h
[38.090s] -- Up-to-date: /home/jetson/Desktop/workspace_2/install/msg_manage/include/msg_manage/srv/detail
[38.090s] -- Installing: /home/jetson/Desktop/workspace_2/install/msg_manage/include/msg_manage/srv/detail/twist_srv__functions.c
[38.091s] -- Installing: /home/jetson/Desktop/workspace_2/install/msg_manage/include/msg_manage/srv/detail/add_three_ints__type_support.h
[38.091s] -- Installing: /home/jetson/Desktop/workspace_2/install/msg_manage/include/msg_manage/srv/detail/twist_srv__struct.h
[38.092s] -- Installing: /home/jetson/Desktop/workspace_2/install/msg_manage/include/msg_manage/srv/detail/twist_srv__type_support.h
[38.093s] -- Installing: /home/jetson/Desktop/workspace_2/install/msg_manage/include/msg_manage/srv/detail/add_three_ints__struct.h
[38.093s] -- Installing: /home/jetson/Desktop/workspace_2/install/msg_manage/include/msg_manage/srv/detail/add_three_ints__functions.c
[38.094s] -- Installing: /home/jetson/Desktop/workspace_2/install/msg_manage/include/msg_manage/srv/detail/add_three_ints__functions.h
[38.094s] -- Installing: /home/jetson/Desktop/workspace_2/install/msg_manage/include/msg_manage/srv/detail/twist_srv__functions.h
[38.095s] -- Installing: /home/jetson/Desktop/workspace_2/install/msg_manage/include/msg_manage/srv/twist_srv.h
[38.096s] -- Up-to-date: /home/jetson/Desktop/workspace_2/install/msg_manage/include/msg_manage/action
[38.096s] -- Up-to-date: /home/jetson/Desktop/workspace_2/install/msg_manage/include/msg_manage/action/detail
[38.097s] -- Installing: /home/jetson/Desktop/workspace_2/install/msg_manage/include/msg_manage/action/detail/testaction__functions.h
[38.097s] -- Installing: /home/jetson/Desktop/workspace_2/install/msg_manage/include/msg_manage/action/detail/testaction__struct.h
[38.098s] -- Installing: /home/jetson/Desktop/workspace_2/install/msg_manage/include/msg_manage/action/detail/testaction__type_support.h
[38.098s] -- Installing: /home/jetson/Desktop/workspace_2/install/msg_manage/include/msg_manage/action/detail/testaction__functions.c
[38.099s] -- Installing: /home/jetson/Desktop/workspace_2/install/msg_manage/include/msg_manage/action/testaction.h
[38.099s] -- Up-to-date: /home/jetson/Desktop/workspace_2/install/msg_manage/include/msg_manage/msg
[38.100s] -- Up-to-date: /home/jetson/Desktop/workspace_2/install/msg_manage/include/msg_manage/msg/detail
[38.100s] -- Installing: /home/jetson/Desktop/workspace_2/install/msg_manage/include/msg_manage/msg/detail/vehicle__type_support.h
[38.101s] -- Installing: /home/jetson/Desktop/workspace_2/install/msg_manage/include/msg_manage/msg/detail/num__struct.h
[38.101s] -- Installing: /home/jetson/Desktop/workspace_2/install/msg_manage/include/msg_manage/msg/detail/num__type_support.h
[38.102s] -- Installing: /home/jetson/Desktop/workspace_2/install/msg_manage/include/msg_manage/msg/detail/motor2__struct.h
[38.102s] -- Installing: /home/jetson/Desktop/workspace_2/install/msg_manage/include/msg_manage/msg/detail/motor2__type_support.h
[38.102s] -- Installing: /home/jetson/Desktop/workspace_2/install/msg_manage/include/msg_manage/msg/detail/vehicle__functions.c
[38.103s] -- Installing: /home/jetson/Desktop/workspace_2/install/msg_manage/include/msg_manage/msg/detail/motor2__functions.h
[38.104s] -- Installing: /home/jetson/Desktop/workspace_2/install/msg_manage/include/msg_manage/msg/detail/num__functions.c
[38.104s] -- Installing: /home/jetson/Desktop/workspace_2/install/msg_manage/include/msg_manage/msg/detail/vehicle__struct.h
[38.105s] -- Installing: /home/jetson/Desktop/workspace_2/install/msg_manage/include/msg_manage/msg/detail/vehicle__functions.h
[38.105s] -- Installing: /home/jetson/Desktop/workspace_2/install/msg_manage/include/msg_manage/msg/detail/motor2__functions.c
[38.106s] -- Installing: /home/jetson/Desktop/workspace_2/install/msg_manage/include/msg_manage/msg/detail/num__functions.h
[38.108s] -- Installing: /home/jetson/Desktop/workspace_2/install/msg_manage/include/msg_manage/msg/vehicle.h
[38.108s] -- Installing: /home/jetson/Desktop/workspace_2/install/msg_manage/include/msg_manage/msg/motor2.h
[38.109s] -- Installing: /home/jetson/Desktop/workspace_2/install/msg_manage/include/msg_manage/msg/num.h
[38.109s] -- Up-to-date: /home/jetson/Desktop/workspace_2/install/msg_manage/include/msg_manage/msg/rosidl_generator_c__visibility_control.h
[38.109s] -- Up-to-date: /home/jetson/Desktop/workspace_2/install/msg_manage/share/msg_manage/environment/library_path.sh
[38.110s] -- Installing: /home/jetson/Desktop/workspace_2/install/msg_manage/share/msg_manage/environment/library_path.dsv
[38.110s] -- Installing: /home/jetson/Desktop/workspace_2/install/msg_manage/lib/libmsg_manage__rosidl_generator_c.so
[38.111s] -- Set runtime path of "/home/jetson/Desktop/workspace_2/install/msg_manage/lib/libmsg_manage__rosidl_generator_c.so" to ""
[38.112s] -- Up-to-date: /home/jetson/Desktop/workspace_2/install/msg_manage/include/msg_manage
[38.112s] -- Up-to-date: /home/jetson/Desktop/workspace_2/install/msg_manage/include/msg_manage/srv
[38.113s] -- Up-to-date: /home/jetson/Desktop/workspace_2/install/msg_manage/include/msg_manage/srv/detail
[38.113s] -- Installing: /home/jetson/Desktop/workspace_2/install/msg_manage/include/msg_manage/srv/detail/add_three_ints__rosidl_typesupport_fastrtps_c.h
[38.113s] -- Installing: /home/jetson/Desktop/workspace_2/install/msg_manage/include/msg_manage/srv/detail/twist_srv__rosidl_typesupport_fastrtps_c.h
[38.114s] -- Up-to-date: /home/jetson/Desktop/workspace_2/install/msg_manage/include/msg_manage/action
[38.114s] -- Up-to-date: /home/jetson/Desktop/workspace_2/install/msg_manage/include/msg_manage/action/detail
[38.115s] -- Installing: /home/jetson/Desktop/workspace_2/install/msg_manage/include/msg_manage/action/detail/testaction__rosidl_typesupport_fastrtps_c.h
[38.115s] -- Up-to-date: /home/jetson/Desktop/workspace_2/install/msg_manage/include/msg_manage/msg
[38.115s] -- Up-to-date: /home/jetson/Desktop/workspace_2/install/msg_manage/include/msg_manage/msg/detail
[38.116s] -- Installing: /home/jetson/Desktop/workspace_2/install/msg_manage/include/msg_manage/msg/detail/vehicle__rosidl_typesupport_fastrtps_c.h
[38.116s] -- Installing: /home/jetson/Desktop/workspace_2/install/msg_manage/include/msg_manage/msg/detail/num__rosidl_typesupport_fastrtps_c.h
[38.116s] -- Installing: /home/jetson/Desktop/workspace_2/install/msg_manage/include/msg_manage/msg/detail/motor2__rosidl_typesupport_fastrtps_c.h
[38.117s] -- Up-to-date: /home/jetson/Desktop/workspace_2/install/msg_manage/include/msg_manage/msg/rosidl_typesupport_fastrtps_c__visibility_control.h
[38.118s] -- Installing: /home/jetson/Desktop/workspace_2/install/msg_manage/lib/libmsg_manage__rosidl_typesupport_fastrtps_c.so
[38.120s] -- Set runtime path of "/home/jetson/Desktop/workspace_2/install/msg_manage/lib/libmsg_manage__rosidl_typesupport_fastrtps_c.so" to ""
[38.121s] -- Up-to-date: /home/jetson/Desktop/workspace_2/install/msg_manage/include/msg_manage
[38.121s] -- Up-to-date: /home/jetson/Desktop/workspace_2/install/msg_manage/include/msg_manage/srv
[38.122s] -- Up-to-date: /home/jetson/Desktop/workspace_2/install/msg_manage/include/msg_manage/srv/detail
[38.122s] -- Installing: /home/jetson/Desktop/workspace_2/install/msg_manage/include/msg_manage/srv/detail/twist_srv__rosidl_typesupport_fastrtps_cpp.hpp
[38.122s] -- Up-to-date: /home/jetson/Desktop/workspace_2/install/msg_manage/include/msg_manage/srv/detail/dds_fastrtps
[38.123s] -- Installing: /home/jetson/Desktop/workspace_2/install/msg_manage/include/msg_manage/srv/detail/add_three_ints__rosidl_typesupport_fastrtps_cpp.hpp
[38.123s] -- Up-to-date: /home/jetson/Desktop/workspace_2/install/msg_manage/include/msg_manage/action
[38.124s] -- Up-to-date: /home/jetson/Desktop/workspace_2/install/msg_manage/include/msg_manage/action/detail
[38.124s] -- Installing: /home/jetson/Desktop/workspace_2/install/msg_manage/include/msg_manage/action/detail/testaction__rosidl_typesupport_fastrtps_cpp.hpp
[38.124s] -- Up-to-date: /home/jetson/Desktop/workspace_2/install/msg_manage/include/msg_manage/action/detail/dds_fastrtps
[38.125s] -- Up-to-date: /home/jetson/Desktop/workspace_2/install/msg_manage/include/msg_manage/msg
[38.125s] -- Up-to-date: /home/jetson/Desktop/workspace_2/install/msg_manage/include/msg_manage/msg/detail
[38.126s] -- Installing: /home/jetson/Desktop/workspace_2/install/msg_manage/include/msg_manage/msg/detail/num__rosidl_typesupport_fastrtps_cpp.hpp
[38.126s] -- Installing: /home/jetson/Desktop/workspace_2/install/msg_manage/include/msg_manage/msg/detail/vehicle__rosidl_typesupport_fastrtps_cpp.hpp
[38.126s] -- Installing: /home/jetson/Desktop/workspace_2/install/msg_manage/include/msg_manage/msg/detail/motor2__rosidl_typesupport_fastrtps_cpp.hpp
[38.127s] -- Up-to-date: /home/jetson/Desktop/workspace_2/install/msg_manage/include/msg_manage/msg/detail/dds_fastrtps
[38.127s] -- Up-to-date: /home/jetson/Desktop/workspace_2/install/msg_manage/include/msg_manage/msg/rosidl_typesupport_fastrtps_cpp__visibility_control.h
[38.128s] -- Installing: /home/jetson/Desktop/workspace_2/install/msg_manage/lib/libmsg_manage__rosidl_typesupport_fastrtps_cpp.so
[38.130s] -- Set runtime path of "/home/jetson/Desktop/workspace_2/install/msg_manage/lib/libmsg_manage__rosidl_typesupport_fastrtps_cpp.so" to ""
[38.131s] -- Up-to-date: /home/jetson/Desktop/workspace_2/install/msg_manage/include/msg_manage
[38.131s] -- Up-to-date: /home/jetson/Desktop/workspace_2/install/msg_manage/include/msg_manage/srv
[38.131s] -- Up-to-date: /home/jetson/Desktop/workspace_2/install/msg_manage/include/msg_manage/srv/detail
[38.132s] -- Installing: /home/jetson/Desktop/workspace_2/install/msg_manage/include/msg_manage/srv/detail/add_three_ints__rosidl_typesupport_introspection_c.h
[38.132s] -- Installing: /home/jetson/Desktop/workspace_2/install/msg_manage/include/msg_manage/srv/detail/twist_srv__rosidl_typesupport_introspection_c.h
[38.132s] -- Installing: /home/jetson/Desktop/workspace_2/install/msg_manage/include/msg_manage/srv/detail/add_three_ints__type_support.c
[38.133s] -- Installing: /home/jetson/Desktop/workspace_2/install/msg_manage/include/msg_manage/srv/detail/twist_srv__type_support.c
[38.133s] -- Up-to-date: /home/jetson/Desktop/workspace_2/install/msg_manage/include/msg_manage/action
[38.134s] -- Up-to-date: /home/jetson/Desktop/workspace_2/install/msg_manage/include/msg_manage/action/detail
[38.134s] -- Installing: /home/jetson/Desktop/workspace_2/install/msg_manage/include/msg_manage/action/detail/testaction__rosidl_typesupport_introspection_c.h
[38.134s] -- Installing: /home/jetson/Desktop/workspace_2/install/msg_manage/include/msg_manage/action/detail/testaction__type_support.c
[38.135s] -- Up-to-date: /home/jetson/Desktop/workspace_2/install/msg_manage/include/msg_manage/msg
[38.135s] -- Up-to-date: /home/jetson/Desktop/workspace_2/install/msg_manage/include/msg_manage/msg/detail
[38.136s] -- Installing: /home/jetson/Desktop/workspace_2/install/msg_manage/include/msg_manage/msg/detail/vehicle__type_support.c
[38.136s] -- Installing: /home/jetson/Desktop/workspace_2/install/msg_manage/include/msg_manage/msg/detail/vehicle__rosidl_typesupport_introspection_c.h
[38.137s] -- Installing: /home/jetson/Desktop/workspace_2/install/msg_manage/include/msg_manage/msg/detail/motor2__rosidl_typesupport_introspection_c.h
[38.137s] -- Installing: /home/jetson/Desktop/workspace_2/install/msg_manage/include/msg_manage/msg/detail/num__rosidl_typesupport_introspection_c.h
[38.138s] -- Installing: /home/jetson/Desktop/workspace_2/install/msg_manage/include/msg_manage/msg/detail/motor2__type_support.c
[38.138s] -- Installing: /home/jetson/Desktop/workspace_2/install/msg_manage/include/msg_manage/msg/detail/num__type_support.c
[38.138s] -- Up-to-date: /home/jetson/Desktop/workspace_2/install/msg_manage/include/msg_manage/msg/rosidl_typesupport_introspection_c__visibility_control.h
[38.140s] -- Installing: /home/jetson/Desktop/workspace_2/install/msg_manage/lib/libmsg_manage__rosidl_typesupport_introspection_c.so
[38.141s] -- Set runtime path of "/home/jetson/Desktop/workspace_2/install/msg_manage/lib/libmsg_manage__rosidl_typesupport_introspection_c.so" to ""
[38.144s] -- Installing: /home/jetson/Desktop/workspace_2/install/msg_manage/lib/libmsg_manage__rosidl_typesupport_c.so
[38.145s] -- Set runtime path of "/home/jetson/Desktop/workspace_2/install/msg_manage/lib/libmsg_manage__rosidl_typesupport_c.so" to ""
[38.146s] -- Up-to-date: /home/jetson/Desktop/workspace_2/install/msg_manage/include/msg_manage
[38.146s] -- Up-to-date: /home/jetson/Desktop/workspace_2/install/msg_manage/include/msg_manage/srv
[38.146s] -- Up-to-date: /home/jetson/Desktop/workspace_2/install/msg_manage/include/msg_manage/srv/detail
[38.147s] -- Installing: /home/jetson/Desktop/workspace_2/install/msg_manage/include/msg_manage/srv/detail/twist_srv__struct.hpp
[38.147s] -- Installing: /home/jetson/Desktop/workspace_2/install/msg_manage/include/msg_manage/srv/detail/twist_srv__builder.hpp
[38.148s] -- Installing: /home/jetson/Desktop/workspace_2/install/msg_manage/include/msg_manage/srv/detail/add_three_ints__traits.hpp
[38.148s] -- Installing: /home/jetson/Desktop/workspace_2/install/msg_manage/include/msg_manage/srv/detail/twist_srv__traits.hpp
[38.149s] -- Installing: /home/jetson/Desktop/workspace_2/install/msg_manage/include/msg_manage/srv/detail/add_three_ints__builder.hpp
[38.149s] -- Installing: /home/jetson/Desktop/workspace_2/install/msg_manage/include/msg_manage/srv/detail/add_three_ints__struct.hpp
[38.149s] -- Installing: /home/jetson/Desktop/workspace_2/install/msg_manage/include/msg_manage/srv/add_three_ints.hpp
[38.150s] -- Installing: /home/jetson/Desktop/workspace_2/install/msg_manage/include/msg_manage/srv/twist_srv.hpp
[38.150s] -- Up-to-date: /home/jetson/Desktop/workspace_2/install/msg_manage/include/msg_manage/action
[38.150s] -- Up-to-date: /home/jetson/Desktop/workspace_2/install/msg_manage/include/msg_manage/action/detail
[38.151s] -- Installing: /home/jetson/Desktop/workspace_2/install/msg_manage/include/msg_manage/action/detail/testaction__traits.hpp
[38.151s] -- Installing: /home/jetson/Desktop/workspace_2/install/msg_manage/include/msg_manage/action/detail/testaction__struct.hpp
[38.152s] -- Installing: /home/jetson/Desktop/workspace_2/install/msg_manage/include/msg_manage/action/detail/testaction__builder.hpp
[38.152s] -- Installing: /home/jetson/Desktop/workspace_2/install/msg_manage/include/msg_manage/action/testaction.hpp
[38.152s] -- Up-to-date: /home/jetson/Desktop/workspace_2/install/msg_manage/include/msg_manage/msg
[38.153s] -- Installing: /home/jetson/Desktop/workspace_2/install/msg_manage/include/msg_manage/msg/num.hpp
[38.153s] -- Up-to-date: /home/jetson/Desktop/workspace_2/install/msg_manage/include/msg_manage/msg/detail
[38.153s] -- Installing: /home/jetson/Desktop/workspace_2/install/msg_manage/include/msg_manage/msg/detail/vehicle__traits.hpp
[38.154s] -- Installing: /home/jetson/Desktop/workspace_2/install/msg_manage/include/msg_manage/msg/detail/num__builder.hpp
[38.154s] -- Installing: /home/jetson/Desktop/workspace_2/install/msg_manage/include/msg_manage/msg/detail/num__traits.hpp
[38.154s] -- Installing: /home/jetson/Desktop/workspace_2/install/msg_manage/include/msg_manage/msg/detail/motor2__builder.hpp
[38.155s] -- Installing: /home/jetson/Desktop/workspace_2/install/msg_manage/include/msg_manage/msg/detail/vehicle__struct.hpp
[38.155s] -- Installing: /home/jetson/Desktop/workspace_2/install/msg_manage/include/msg_manage/msg/detail/num__struct.hpp
[38.156s] -- Installing: /home/jetson/Desktop/workspace_2/install/msg_manage/include/msg_manage/msg/detail/vehicle__builder.hpp
[38.156s] -- Installing: /home/jetson/Desktop/workspace_2/install/msg_manage/include/msg_manage/msg/detail/motor2__traits.hpp
[38.157s] -- Installing: /home/jetson/Desktop/workspace_2/install/msg_manage/include/msg_manage/msg/detail/motor2__struct.hpp
[38.157s] -- Installing: /home/jetson/Desktop/workspace_2/install/msg_manage/include/msg_manage/msg/vehicle.hpp
[38.158s] -- Installing: /home/jetson/Desktop/workspace_2/install/msg_manage/include/msg_manage/msg/motor2.hpp
[38.158s] -- Up-to-date: /home/jetson/Desktop/workspace_2/install/msg_manage/include/msg_manage
[38.159s] -- Up-to-date: /home/jetson/Desktop/workspace_2/install/msg_manage/include/msg_manage/srv
[38.159s] -- Up-to-date: /home/jetson/Desktop/workspace_2/install/msg_manage/include/msg_manage/srv/detail
[38.160s] -- Installing: /home/jetson/Desktop/workspace_2/install/msg_manage/include/msg_manage/srv/detail/twist_srv__rosidl_typesupport_introspection_cpp.hpp
[38.160s] -- Installing: /home/jetson/Desktop/workspace_2/install/msg_manage/include/msg_manage/srv/detail/add_three_ints__type_support.cpp
[38.160s] -- Installing: /home/jetson/Desktop/workspace_2/install/msg_manage/include/msg_manage/srv/detail/twist_srv__type_support.cpp
[38.161s] -- Installing: /home/jetson/Desktop/workspace_2/install/msg_manage/include/msg_manage/srv/detail/add_three_ints__rosidl_typesupport_introspection_cpp.hpp
[38.161s] -- Up-to-date: /home/jetson/Desktop/workspace_2/install/msg_manage/include/msg_manage/action
[38.161s] -- Up-to-date: /home/jetson/Desktop/workspace_2/install/msg_manage/include/msg_manage/action/detail
[38.162s] -- Installing: /home/jetson/Desktop/workspace_2/install/msg_manage/include/msg_manage/action/detail/testaction__type_support.cpp
[38.162s] -- Installing: /home/jetson/Desktop/workspace_2/install/msg_manage/include/msg_manage/action/detail/testaction__rosidl_typesupport_introspection_cpp.hpp
[38.163s] -- Up-to-date: /home/jetson/Desktop/workspace_2/install/msg_manage/include/msg_manage/msg
[38.163s] -- Up-to-date: /home/jetson/Desktop/workspace_2/install/msg_manage/include/msg_manage/msg/detail
[38.164s] -- Installing: /home/jetson/Desktop/workspace_2/install/msg_manage/include/msg_manage/msg/detail/num__rosidl_typesupport_introspection_cpp.hpp
[38.164s] -- Installing: /home/jetson/Desktop/workspace_2/install/msg_manage/include/msg_manage/msg/detail/motor2__rosidl_typesupport_introspection_cpp.hpp
[38.165s] -- Installing: /home/jetson/Desktop/workspace_2/install/msg_manage/include/msg_manage/msg/detail/vehicle__type_support.cpp
[38.165s] -- Installing: /home/jetson/Desktop/workspace_2/install/msg_manage/include/msg_manage/msg/detail/motor2__type_support.cpp
[38.166s] -- Installing: /home/jetson/Desktop/workspace_2/install/msg_manage/include/msg_manage/msg/detail/vehicle__rosidl_typesupport_introspection_cpp.hpp
[38.167s] -- Installing: /home/jetson/Desktop/workspace_2/install/msg_manage/include/msg_manage/msg/detail/num__type_support.cpp
[38.170s] -- Installing: /home/jetson/Desktop/workspace_2/install/msg_manage/lib/libmsg_manage__rosidl_typesupport_introspection_cpp.so
[38.172s] -- Set runtime path of "/home/jetson/Desktop/workspace_2/install/msg_manage/lib/libmsg_manage__rosidl_typesupport_introspection_cpp.so" to ""
[38.174s] -- Installing: /home/jetson/Desktop/workspace_2/install/msg_manage/lib/libmsg_manage__rosidl_typesupport_cpp.so
[38.176s] -- Set runtime path of "/home/jetson/Desktop/workspace_2/install/msg_manage/lib/libmsg_manage__rosidl_typesupport_cpp.so" to ""
[38.176s] -- Up-to-date: /home/jetson/Desktop/workspace_2/install/msg_manage/share/msg_manage/environment/pythonpath.sh
[38.176s] -- Installing: /home/jetson/Desktop/workspace_2/install/msg_manage/share/msg_manage/environment/pythonpath.dsv
[38.177s] -- Installing: /home/jetson/Desktop/workspace_2/install/msg_manage/lib/python3.8/site-packages/msg_manage/__init__.py
[38.337s] Compiling '/home/jetson/Desktop/workspace_2/install/msg_manage/lib/python3.8/site-packages/msg_manage/__init__.py'...
[38.361s] -- Up-to-date: /home/jetson/Desktop/workspace_2/install/msg_manage/lib/python3.8/site-packages/msg_manage/msg
[38.361s] -- Installing: /home/jetson/Desktop/workspace_2/install/msg_manage/lib/python3.8/site-packages/msg_manage/msg/_vehicle.py
[38.362s] -- Installing: /home/jetson/Desktop/workspace_2/install/msg_manage/lib/python3.8/site-packages/msg_manage/msg/_motor2_s.c
[38.362s] -- Installing: /home/jetson/Desktop/workspace_2/install/msg_manage/lib/python3.8/site-packages/msg_manage/msg/_vehicle_s.c
[38.363s] -- Installing: /home/jetson/Desktop/workspace_2/install/msg_manage/lib/python3.8/site-packages/msg_manage/msg/__init__.py
[38.363s] -- Installing: /home/jetson/Desktop/workspace_2/install/msg_manage/lib/python3.8/site-packages/msg_manage/msg/_motor2.py
[38.364s] -- Installing: /home/jetson/Desktop/workspace_2/install/msg_manage/lib/python3.8/site-packages/msg_manage/msg/_num.py
[38.364s] -- Installing: /home/jetson/Desktop/workspace_2/install/msg_manage/lib/python3.8/site-packages/msg_manage/msg/_num_s.c
[38.365s] -- Up-to-date: /home/jetson/Desktop/workspace_2/install/msg_manage/lib/python3.8/site-packages/msg_manage/srv
[38.366s] -- Installing: /home/jetson/Desktop/workspace_2/install/msg_manage/lib/python3.8/site-packages/msg_manage/srv/_twist_srv.py
[38.367s] -- Installing: /home/jetson/Desktop/workspace_2/install/msg_manage/lib/python3.8/site-packages/msg_manage/srv/_add_three_ints_s.c
[38.368s] -- Installing: /home/jetson/Desktop/workspace_2/install/msg_manage/lib/python3.8/site-packages/msg_manage/srv/_twist_srv_s.c
[38.368s] -- Installing: /home/jetson/Desktop/workspace_2/install/msg_manage/lib/python3.8/site-packages/msg_manage/srv/__init__.py
[38.369s] -- Installing: /home/jetson/Desktop/workspace_2/install/msg_manage/lib/python3.8/site-packages/msg_manage/srv/_add_three_ints.py
[38.369s] -- Up-to-date: /home/jetson/Desktop/workspace_2/install/msg_manage/lib/python3.8/site-packages/msg_manage/action
[38.370s] -- Installing: /home/jetson/Desktop/workspace_2/install/msg_manage/lib/python3.8/site-packages/msg_manage/action/_testaction_s.c
[38.371s] -- Installing: /home/jetson/Desktop/workspace_2/install/msg_manage/lib/python3.8/site-packages/msg_manage/action/__init__.py
[38.371s] -- Installing: /home/jetson/Desktop/workspace_2/install/msg_manage/lib/python3.8/site-packages/msg_manage/action/_testaction.py
[38.374s] -- Installing: /home/jetson/Desktop/workspace_2/install/msg_manage/lib/python3.8/site-packages/msg_manage/msg_manage_s__rosidl_typesupport_fastrtps_c.cpython-38-aarch64-linux-gnu.so
[38.376s] -- Set runtime path of "/home/jetson/Desktop/workspace_2/install/msg_manage/lib/python3.8/site-packages/msg_manage/msg_manage_s__rosidl_typesupport_fastrtps_c.cpython-38-aarch64-linux-gnu.so" to ""
[38.379s] -- Installing: /home/jetson/Desktop/workspace_2/install/msg_manage/lib/python3.8/site-packages/msg_manage/msg_manage_s__rosidl_typesupport_introspection_c.cpython-38-aarch64-linux-gnu.so
[38.381s] -- Set runtime path of "/home/jetson/Desktop/workspace_2/install/msg_manage/lib/python3.8/site-packages/msg_manage/msg_manage_s__rosidl_typesupport_introspection_c.cpython-38-aarch64-linux-gnu.so" to ""
[38.384s] -- Installing: /home/jetson/Desktop/workspace_2/install/msg_manage/lib/python3.8/site-packages/msg_manage/msg_manage_s__rosidl_typesupport_c.cpython-38-aarch64-linux-gnu.so
[38.386s] -- Set runtime path of "/home/jetson/Desktop/workspace_2/install/msg_manage/lib/python3.8/site-packages/msg_manage/msg_manage_s__rosidl_typesupport_c.cpython-38-aarch64-linux-gnu.so" to ""
[38.388s] -- Installing: /home/jetson/Desktop/workspace_2/install/msg_manage/lib/libmsg_manage__python.so
[38.390s] -- Set runtime path of "/home/jetson/Desktop/workspace_2/install/msg_manage/lib/libmsg_manage__python.so" to ""
[38.391s] -- Up-to-date: /home/jetson/Desktop/workspace_2/install/msg_manage/share/msg_manage/msg/Num.idl
[38.392s] -- Up-to-date: /home/jetson/Desktop/workspace_2/install/msg_manage/share/msg_manage/msg/Motor2.idl
[38.392s] -- Up-to-date: /home/jetson/Desktop/workspace_2/install/msg_manage/share/msg_manage/srv/AddThreeInts.idl
[38.393s] -- Up-to-date: /home/jetson/Desktop/workspace_2/install/msg_manage/share/msg_manage/srv/TwistSrv.idl
[38.393s] -- Up-to-date: /home/jetson/Desktop/workspace_2/install/msg_manage/share/msg_manage/action/Testaction.idl
[38.394s] -- Installing: /home/jetson/Desktop/workspace_2/install/msg_manage/share/msg_manage/msg/Vehicle.idl
[38.394s] -- Up-to-date: /home/jetson/Desktop/workspace_2/install/msg_manage/share/msg_manage/msg/Num.msg
[38.395s] -- Up-to-date: /home/jetson/Desktop/workspace_2/install/msg_manage/share/msg_manage/msg/Motor2.msg
[38.395s] -- Up-to-date: /home/jetson/Desktop/workspace_2/install/msg_manage/share/msg_manage/srv/AddThreeInts.srv
[38.396s] -- Up-to-date: /home/jetson/Desktop/workspace_2/install/msg_manage/share/msg_manage/srv/AddThreeInts_Request.msg
[38.397s] -- Up-to-date: /home/jetson/Desktop/workspace_2/install/msg_manage/share/msg_manage/srv/AddThreeInts_Response.msg
[38.397s] -- Up-to-date: /home/jetson/Desktop/workspace_2/install/msg_manage/share/msg_manage/srv/TwistSrv.srv
[38.398s] -- Up-to-date: /home/jetson/Desktop/workspace_2/install/msg_manage/share/msg_manage/srv/TwistSrv_Request.msg
[38.398s] -- Up-to-date: /home/jetson/Desktop/workspace_2/install/msg_manage/share/msg_manage/srv/TwistSrv_Response.msg
[38.399s] -- Up-to-date: /home/jetson/Desktop/workspace_2/install/msg_manage/share/msg_manage/action/Testaction.action
[38.399s] -- Installing: /home/jetson/Desktop/workspace_2/install/msg_manage/share/msg_manage/msg/Vehicle.msg
[38.400s] -- Up-to-date: /home/jetson/Desktop/workspace_2/install/msg_manage/share/ament_index/resource_index/package_run_dependencies/msg_manage
[38.400s] -- Up-to-date: /home/jetson/Desktop/workspace_2/install/msg_manage/share/ament_index/resource_index/parent_prefix_path/msg_manage
[38.401s] -- Up-to-date: /home/jetson/Desktop/workspace_2/install/msg_manage/share/msg_manage/environment/ament_prefix_path.sh
[38.401s] -- Installing: /home/jetson/Desktop/workspace_2/install/msg_manage/share/msg_manage/environment/ament_prefix_path.dsv
[38.402s] -- Up-to-date: /home/jetson/Desktop/workspace_2/install/msg_manage/share/msg_manage/environment/path.sh
[38.402s] -- Installing: /home/jetson/Desktop/workspace_2/install/msg_manage/share/msg_manage/environment/path.dsv
[38.402s] -- Up-to-date: /home/jetson/Desktop/workspace_2/install/msg_manage/share/msg_manage/local_setup.bash
[38.403s] -- Up-to-date: /home/jetson/Desktop/workspace_2/install/msg_manage/share/msg_manage/local_setup.sh
[38.403s] -- Up-to-date: /home/jetson/Desktop/workspace_2/install/msg_manage/share/msg_manage/local_setup.zsh
[38.404s] -- Installing: /home/jetson/Desktop/workspace_2/install/msg_manage/share/msg_manage/local_setup.dsv
[38.404s] -- Installing: /home/jetson/Desktop/workspace_2/install/msg_manage/share/msg_manage/package.dsv
[38.405s] -- Up-to-date: /home/jetson/Desktop/workspace_2/install/msg_manage/share/ament_index/resource_index/packages/msg_manage
[38.405s] -- Up-to-date: /home/jetson/Desktop/workspace_2/install/msg_manage/share/msg_manage/cmake/msg_manage__rosidl_generator_cExport.cmake
[38.406s] -- Installing: /home/jetson/Desktop/workspace_2/install/msg_manage/share/msg_manage/cmake/msg_manage__rosidl_generator_cExport-noconfig.cmake
[38.406s] -- Up-to-date: /home/jetson/Desktop/workspace_2/install/msg_manage/share/msg_manage/cmake/msg_manage__rosidl_typesupport_introspection_cExport.cmake
[38.407s] -- Installing: /home/jetson/Desktop/workspace_2/install/msg_manage/share/msg_manage/cmake/msg_manage__rosidl_typesupport_introspection_cExport-noconfig.cmake
[38.408s] -- Up-to-date: /home/jetson/Desktop/workspace_2/install/msg_manage/share/msg_manage/cmake/msg_manage__rosidl_typesupport_cExport.cmake
[38.408s] -- Installing: /home/jetson/Desktop/workspace_2/install/msg_manage/share/msg_manage/cmake/msg_manage__rosidl_typesupport_cExport-noconfig.cmake
[38.410s] -- Up-to-date: /home/jetson/Desktop/workspace_2/install/msg_manage/share/msg_manage/cmake/msg_manage__rosidl_generator_cppExport.cmake
[38.411s] -- Up-to-date: /home/jetson/Desktop/workspace_2/install/msg_manage/share/msg_manage/cmake/msg_manage__rosidl_typesupport_introspection_cppExport.cmake
[38.411s] -- Installing: /home/jetson/Desktop/workspace_2/install/msg_manage/share/msg_manage/cmake/msg_manage__rosidl_typesupport_introspection_cppExport-noconfig.cmake
[38.413s] -- Up-to-date: /home/jetson/Desktop/workspace_2/install/msg_manage/share/msg_manage/cmake/msg_manage__rosidl_typesupport_cppExport.cmake
[38.414s] -- Installing: /home/jetson/Desktop/workspace_2/install/msg_manage/share/msg_manage/cmake/msg_manage__rosidl_typesupport_cppExport-noconfig.cmake
[38.414s] -- Installing: /home/jetson/Desktop/workspace_2/install/msg_manage/share/msg_manage/cmake/rosidl_cmake-extras.cmake
[38.415s] -- Up-to-date: /home/jetson/Desktop/workspace_2/install/msg_manage/share/msg_manage/cmake/ament_cmake_export_dependencies-extras.cmake
[38.415s] -- Up-to-date: /home/jetson/Desktop/workspace_2/install/msg_manage/share/msg_manage/cmake/ament_cmake_export_libraries-extras.cmake
[38.416s] -- Up-to-date: /home/jetson/Desktop/workspace_2/install/msg_manage/share/msg_manage/cmake/ament_cmake_export_targets-extras.cmake
[38.416s] -- Up-to-date: /home/jetson/Desktop/workspace_2/install/msg_manage/share/msg_manage/cmake/ament_cmake_export_include_directories-extras.cmake
[38.417s] -- Up-to-date: /home/jetson/Desktop/workspace_2/install/msg_manage/share/msg_manage/cmake/rosidl_cmake_export_typesupport_libraries-extras.cmake
[38.417s] -- Up-to-date: /home/jetson/Desktop/workspace_2/install/msg_manage/share/msg_manage/cmake/rosidl_cmake_export_typesupport_targets-extras.cmake
[38.418s] -- Up-to-date: /home/jetson/Desktop/workspace_2/install/msg_manage/share/msg_manage/cmake/msg_manageConfig.cmake
[38.418s] -- Up-to-date: /home/jetson/Desktop/workspace_2/install/msg_manage/share/msg_manage/cmake/msg_manageConfig-version.cmake
[38.418s] -- Up-to-date: /home/jetson/Desktop/workspace_2/install/msg_manage/share/msg_manage/package.xml
[38.424s] Invoked command in '/home/jetson/Desktop/workspace_2/build/msg_manage' returned '0': CMAKE_PREFIX_PATH=${CMAKE_PREFIX_PATH}:/home/jetson/Desktop/workspace_2/install/unity_slam_example:/home/jetson/Desktop/workspace_2/install/unity_robotics_demo:/home/jetson/Desktop/workspace_2/install/ros_tcp_endpoint:/home/jetson/Desktop/workspace_2/install/project_2:/opt/ros/foxy /usr/bin/cmake --install /home/jetson/Desktop/workspace_2/build/msg_manage
