[5.726s] Invoking command in '/home/jetson/Desktop/workspace_2/src/unity_robotics_demo': PYTHONPATH=/home/jetson/Desktop/workspace_2/install/unity_robotics_demo/lib/python3.8/site-packages:${PYTHONPATH} /usr/bin/python3 setup.py egg_info --egg-base ../../build/unity_robotics_demo build --build-base /home/jetson/Desktop/workspace_2/build/unity_robotics_demo/build install --prefix /home/jetson/Desktop/workspace_2/install/unity_robotics_demo --record /home/jetson/Desktop/workspace_2/build/unity_robotics_demo/install.log --single-version-externally-managed
[7.188s] running egg_info
[7.191s] creating ../../build/unity_robotics_demo/unity_robotics_demo.egg-info
[7.192s] writing ../../build/unity_robotics_demo/unity_robotics_demo.egg-info/PKG-INFO
[7.196s] writing dependency_links to ../../build/unity_robotics_demo/unity_robotics_demo.egg-info/dependency_links.txt
[7.197s] writing entry points to ../../build/unity_robotics_demo/unity_robotics_demo.egg-info/entry_points.txt
[7.198s] writing requirements to ../../build/unity_robotics_demo/unity_robotics_demo.egg-info/requires.txt
[7.199s] writing top-level names to ../../build/unity_robotics_demo/unity_robotics_demo.egg-info/top_level.txt
[7.205s] writing manifest file '../../build/unity_robotics_demo/unity_robotics_demo.egg-info/SOURCES.txt'
[7.227s] reading manifest file '../../build/unity_robotics_demo/unity_robotics_demo.egg-info/SOURCES.txt'
[7.229s] writing manifest file '../../build/unity_robotics_demo/unity_robotics_demo.egg-info/SOURCES.txt'
[7.231s] running build
[7.232s] running build_py
[7.235s] creating /home/jetson/Desktop/workspace_2/build/unity_robotics_demo/build
[7.236s] creating /home/jetson/Desktop/workspace_2/build/unity_robotics_demo/build/lib
[7.236s] creating /home/jetson/Desktop/workspace_2/build/unity_robotics_demo/build/lib/unity_robotics_demo
[7.237s] copying unity_robotics_demo/position_service.py -> /home/jetson/Desktop/workspace_2/build/unity_robotics_demo/build/lib/unity_robotics_demo
[7.238s] copying unity_robotics_demo/color_publisher.py -> /home/jetson/Desktop/workspace_2/build/unity_robotics_demo/build/lib/unity_robotics_demo
[7.239s] copying unity_robotics_demo/__init__.py -> /home/jetson/Desktop/workspace_2/build/unity_robotics_demo/build/lib/unity_robotics_demo
[7.239s] running install
[7.242s] running install_lib
[7.247s] creating /home/jetson/Desktop/workspace_2/install/unity_robotics_demo/lib/python3.8/site-packages/unity_robotics_demo
[7.248s] copying /home/jetson/Desktop/workspace_2/build/unity_robotics_demo/build/lib/unity_robotics_demo/position_service.py -> /home/jetson/Desktop/workspace_2/install/unity_robotics_demo/lib/python3.8/site-packages/unity_robotics_demo
[7.248s] copying /home/jetson/Desktop/workspace_2/build/unity_robotics_demo/build/lib/unity_robotics_demo/color_publisher.py -> /home/jetson/Desktop/workspace_2/install/unity_robotics_demo/lib/python3.8/site-packages/unity_robotics_demo
[7.249s] copying /home/jetson/Desktop/workspace_2/build/unity_robotics_demo/build/lib/unity_robotics_demo/__init__.py -> /home/jetson/Desktop/workspace_2/install/unity_robotics_demo/lib/python3.8/site-packages/unity_robotics_demo
[7.256s] byte-compiling /home/jetson/Desktop/workspace_2/install/unity_robotics_demo/lib/python3.8/site-packages/unity_robotics_demo/position_service.py to position_service.cpython-38.pyc
[7.262s] byte-compiling /home/jetson/Desktop/workspace_2/install/unity_robotics_demo/lib/python3.8/site-packages/unity_robotics_demo/color_publisher.py to color_publisher.cpython-38.pyc
[7.266s] byte-compiling /home/jetson/Desktop/workspace_2/install/unity_robotics_demo/lib/python3.8/site-packages/unity_robotics_demo/__init__.py to __init__.cpython-38.pyc
[7.271s] running install_data
[7.274s] creating /home/jetson/Desktop/workspace_2/install/unity_robotics_demo/share/ament_index
[7.274s] creating /home/jetson/Desktop/workspace_2/install/unity_robotics_demo/share/ament_index/resource_index
[7.275s] creating /home/jetson/Desktop/workspace_2/install/unity_robotics_demo/share/ament_index/resource_index/packages
[7.275s] copying resource/unity_robotics_demo -> /home/jetson/Desktop/workspace_2/install/unity_robotics_demo/share/ament_index/resource_index/packages
[7.276s] copying package.xml -> /home/jetson/Desktop/workspace_2/install/unity_robotics_demo/share/unity_robotics_demo
[7.276s] running install_egg_info
[7.277s] Copying ../../build/unity_robotics_demo/unity_robotics_demo.egg-info to /home/jetson/Desktop/workspace_2/install/unity_robotics_demo/lib/python3.8/site-packages/unity_robotics_demo-0.0.1-py3.8.egg-info
[7.284s] running install_scripts
[7.359s] Installing color_publisher script to /home/jetson/Desktop/workspace_2/install/unity_robotics_demo/lib/unity_robotics_demo
[7.360s] Installing position_service script to /home/jetson/Desktop/workspace_2/install/unity_robotics_demo/lib/unity_robotics_demo
[7.361s] writing list of installed files to '/home/jetson/Desktop/workspace_2/build/unity_robotics_demo/install.log'
[7.663s] Invoked command in '/home/jetson/Desktop/workspace_2/src/unity_robotics_demo' returned '0': PYTHONPATH=/home/jetson/Desktop/workspace_2/install/unity_robotics_demo/lib/python3.8/site-packages:${PYTHONPATH} /usr/bin/python3 setup.py egg_info --egg-base ../../build/unity_robotics_demo build --build-base /home/jetson/Desktop/workspace_2/build/unity_robotics_demo/build install --prefix /home/jetson/Desktop/workspace_2/install/unity_robotics_demo --record /home/jetson/Desktop/workspace_2/build/unity_robotics_demo/install.log --single-version-externally-managed
