[3.581s] Invoking command in '/home/jetson/Desktop/workspace_2/src/project_2': CMAKE_PREFIX_PATH=/home/jetson/Desktop/workspace_2/install/msg_manage:/home/jetson/Desktop/workspace_2/install/unity_robotics_demo_msgs:/home/jetson/ros2_foxy/ros2-linux LD_LIBRARY_PATH=/home/jetson/Desktop/workspace_2/install/msg_manage/lib:/home/jetson/Desktop/workspace_2/install/unity_robotics_demo_msgs/lib:/opt/ros/foxy/opt/yaml_cpp_vendor/lib:/opt/ros/foxy/opt/rviz_ogre_vendor/lib:/opt/ros/foxy/lib/aarch64-linux-gnu:/opt/ros/foxy/lib:/home/jetson/ros2_foxy/ros2-linux/opt/yaml_cpp_vendor/lib:/home/jetson/ros2_foxy/ros2-linux/opt/rviz_ogre_vendor/lib:/home/jetson/ros2_foxy/ros2-linux/lib PYTHONPATH=/home/jetson/Desktop/workspace_2/install/project_2/lib/python3.8/site-packages:/home/jetson/Desktop/workspace_2/install/msg_manage/lib/python3.8/site-packages:/home/jetson/Desktop/workspace_2/install/unity_slam_example/lib/python3.8/site-packages:/home/jetson/Desktop/workspace_2/install/unity_robotics_demo_msgs/lib/python3.8/site-packages:/home/jetson/Desktop/workspace_2/install/unity_robotics_demo/lib/python3.8/site-packages:/home/jetson/Desktop/workspace_2/install/ros_tcp_endpoint/lib/python3.8/site-packages:/home/jetson/Desktop/workspace_2/install/project_2/lib/python3.8/site-packages:/opt/ros/foxy/lib/python3.8/site-packages:/home/jetson/ros2_foxy/ros2-linux/lib/python3.8/site-packages /usr/bin/python3 setup.py egg_info --egg-base ../../build/project_2 build --build-base /home/jetson/Desktop/workspace_2/build/project_2/build install --prefix /home/jetson/Desktop/workspace_2/install/project_2 --record /home/jetson/Desktop/workspace_2/build/project_2/install.log --single-version-externally-managed
[4.884s] running egg_info
[4.886s] writing ../../build/project_2/project_2.egg-info/PKG-INFO
[4.888s] writing dependency_links to ../../build/project_2/project_2.egg-info/dependency_links.txt
[4.889s] writing entry points to ../../build/project_2/project_2.egg-info/entry_points.txt
[4.889s] writing requirements to ../../build/project_2/project_2.egg-info/requires.txt
[4.889s] writing top-level names to ../../build/project_2/project_2.egg-info/top_level.txt
[4.903s] reading manifest file '../../build/project_2/project_2.egg-info/SOURCES.txt'
[4.908s] writing manifest file '../../build/project_2/project_2.egg-info/SOURCES.txt'
[4.908s] running build
[4.909s] running build_py
[4.910s] copying project_2/slam_navigation.py -> /home/jetson/Desktop/workspace_2/build/project_2/build/lib/project_2
[4.913s] running install
[4.917s] running install_lib
[4.921s] copying /home/jetson/Desktop/workspace_2/build/project_2/build/lib/project_2/slam_navigation.py -> /home/jetson/Desktop/workspace_2/install/project_2/lib/python3.8/site-packages/project_2
[4.925s] byte-compiling /home/jetson/Desktop/workspace_2/install/project_2/lib/python3.8/site-packages/project_2/slam_navigation.py to slam_navigation.cpython-38.pyc
[4.934s] running install_data
[4.938s] running install_egg_info
[4.943s] removing '/home/jetson/Desktop/workspace_2/install/project_2/lib/python3.8/site-packages/project_2-0.0.0-py3.8.egg-info' (and everything under it)
[4.944s] Copying ../../build/project_2/project_2.egg-info to /home/jetson/Desktop/workspace_2/install/project_2/lib/python3.8/site-packages/project_2-0.0.0-py3.8.egg-info
[4.948s] running install_scripts
[5.026s] Installing client script to /home/jetson/Desktop/workspace_2/install/project_2/lib/project_2
[5.028s] Installing client2 script to /home/jetson/Desktop/workspace_2/install/project_2/lib/project_2
[5.028s] Installing listener script to /home/jetson/Desktop/workspace_2/install/project_2/lib/project_2
[5.029s] Installing listener2 script to /home/jetson/Desktop/workspace_2/install/project_2/lib/project_2
[5.029s] Installing motor_cmd script to /home/jetson/Desktop/workspace_2/install/project_2/lib/project_2
[5.030s] Installing param_test script to /home/jetson/Desktop/workspace_2/install/project_2/lib/project_2
[5.030s] Installing service script to /home/jetson/Desktop/workspace_2/install/project_2/lib/project_2
[5.030s] Installing service2 script to /home/jetson/Desktop/workspace_2/install/project_2/lib/project_2
[5.031s] Installing slam_navigation script to /home/jetson/Desktop/workspace_2/install/project_2/lib/project_2
[5.031s] Installing talker script to /home/jetson/Desktop/workspace_2/install/project_2/lib/project_2
[5.031s] Installing talker2 script to /home/jetson/Desktop/workspace_2/install/project_2/lib/project_2
[5.033s] writing list of installed files to '/home/jetson/Desktop/workspace_2/build/project_2/install.log'
[5.140s] Invoked command in '/home/jetson/Desktop/workspace_2/src/project_2' returned '0': CMAKE_PREFIX_PATH=/home/jetson/Desktop/workspace_2/install/msg_manage:/home/jetson/Desktop/workspace_2/install/unity_robotics_demo_msgs:/home/jetson/ros2_foxy/ros2-linux LD_LIBRARY_PATH=/home/jetson/Desktop/workspace_2/install/msg_manage/lib:/home/jetson/Desktop/workspace_2/install/unity_robotics_demo_msgs/lib:/opt/ros/foxy/opt/yaml_cpp_vendor/lib:/opt/ros/foxy/opt/rviz_ogre_vendor/lib:/opt/ros/foxy/lib/aarch64-linux-gnu:/opt/ros/foxy/lib:/home/jetson/ros2_foxy/ros2-linux/opt/yaml_cpp_vendor/lib:/home/jetson/ros2_foxy/ros2-linux/opt/rviz_ogre_vendor/lib:/home/jetson/ros2_foxy/ros2-linux/lib PYTHONPATH=/home/jetson/Desktop/workspace_2/install/project_2/lib/python3.8/site-packages:/home/jetson/Desktop/workspace_2/install/msg_manage/lib/python3.8/site-packages:/home/jetson/Desktop/workspace_2/install/unity_slam_example/lib/python3.8/site-packages:/home/jetson/Desktop/workspace_2/install/unity_robotics_demo_msgs/lib/python3.8/site-packages:/home/jetson/Desktop/workspace_2/install/unity_robotics_demo/lib/python3.8/site-packages:/home/jetson/Desktop/workspace_2/install/ros_tcp_endpoint/lib/python3.8/site-packages:/home/jetson/Desktop/workspace_2/install/project_2/lib/python3.8/site-packages:/opt/ros/foxy/lib/python3.8/site-packages:/home/jetson/ros2_foxy/ros2-linux/lib/python3.8/site-packages /usr/bin/python3 setup.py egg_info --egg-base ../../build/project_2 build --build-base /home/jetson/Desktop/workspace_2/build/project_2/build install --prefix /home/jetson/Desktop/workspace_2/install/project_2 --record /home/jetson/Desktop/workspace_2/build/project_2/install.log --single-version-externally-managed
