[5.715s] Invoking command in '/home/jetson/Desktop/workspace_2/src/ROS-TCP-Endpoint': PYTHONPATH=/home/jetson/Desktop/workspace_2/install/ros_tcp_endpoint/lib/python3.8/site-packages:${PYTHONPATH} /usr/bin/python3 setup.py egg_info --egg-base ../../build/ros_tcp_endpoint build --build-base /home/jetson/Desktop/workspace_2/build/ros_tcp_endpoint/build install --prefix /home/jetson/Desktop/workspace_2/install/ros_tcp_endpoint --record /home/jetson/Desktop/workspace_2/build/ros_tcp_endpoint/install.log --single-version-externally-managed
[6.976s] /usr/local/lib/python3.8/dist-packages/setuptools/dist.py:717: UserWarning: Usage of dash-separated 'script-dir' will not be supported in future versions. Please use the underscore name 'script_dir' instead
[6.976s]   warnings.warn(
[6.977s] /usr/local/lib/python3.8/dist-packages/setuptools/dist.py:717: UserWarning: Usage of dash-separated 'install-scripts' will not be supported in future versions. Please use the underscore name 'install_scripts' instead
[6.978s]   warnings.warn(
[7.138s] running egg_info
[7.141s] creating ../../build/ros_tcp_endpoint/ros_tcp_endpoint.egg-info
[7.142s] writing ../../build/ros_tcp_endpoint/ros_tcp_endpoint.egg-info/PKG-INFO
[7.144s] writing dependency_links to ../../build/ros_tcp_endpoint/ros_tcp_endpoint.egg-info/dependency_links.txt
[7.146s] writing entry points to ../../build/ros_tcp_endpoint/ros_tcp_endpoint.egg-info/entry_points.txt
[7.147s] writing requirements to ../../build/ros_tcp_endpoint/ros_tcp_endpoint.egg-info/requires.txt
[7.148s] writing top-level names to ../../build/ros_tcp_endpoint/ros_tcp_endpoint.egg-info/top_level.txt
[7.162s] writing manifest file '../../build/ros_tcp_endpoint/ros_tcp_endpoint.egg-info/SOURCES.txt'
[7.173s] reading manifest file '../../build/ros_tcp_endpoint/ros_tcp_endpoint.egg-info/SOURCES.txt'
[7.175s] adding license file 'LICENSE'
[7.180s] writing manifest file '../../build/ros_tcp_endpoint/ros_tcp_endpoint.egg-info/SOURCES.txt'
[7.181s] running build
[7.182s] running build_py
[7.184s] creating /home/jetson/Desktop/workspace_2/build/ros_tcp_endpoint/build
[7.185s] creating /home/jetson/Desktop/workspace_2/build/ros_tcp_endpoint/build/lib
[7.186s] creating /home/jetson/Desktop/workspace_2/build/ros_tcp_endpoint/build/lib/ros_tcp_endpoint
[7.187s] copying ros_tcp_endpoint/communication.py -> /home/jetson/Desktop/workspace_2/build/ros_tcp_endpoint/build/lib/ros_tcp_endpoint
[7.189s] copying ros_tcp_endpoint/tcp_sender.py -> /home/jetson/Desktop/workspace_2/build/ros_tcp_endpoint/build/lib/ros_tcp_endpoint
[7.191s] copying ros_tcp_endpoint/client.py -> /home/jetson/Desktop/workspace_2/build/ros_tcp_endpoint/build/lib/ros_tcp_endpoint
[7.194s] copying ros_tcp_endpoint/thread_pauser.py -> /home/jetson/Desktop/workspace_2/build/ros_tcp_endpoint/build/lib/ros_tcp_endpoint
[7.196s] copying ros_tcp_endpoint/publisher.py -> /home/jetson/Desktop/workspace_2/build/ros_tcp_endpoint/build/lib/ros_tcp_endpoint
[7.198s] copying ros_tcp_endpoint/service.py -> /home/jetson/Desktop/workspace_2/build/ros_tcp_endpoint/build/lib/ros_tcp_endpoint
[7.200s] copying ros_tcp_endpoint/server.py -> /home/jetson/Desktop/workspace_2/build/ros_tcp_endpoint/build/lib/ros_tcp_endpoint
[7.203s] copying ros_tcp_endpoint/exceptions.py -> /home/jetson/Desktop/workspace_2/build/ros_tcp_endpoint/build/lib/ros_tcp_endpoint
[7.206s] copying ros_tcp_endpoint/unity_service.py -> /home/jetson/Desktop/workspace_2/build/ros_tcp_endpoint/build/lib/ros_tcp_endpoint
[7.208s] copying ros_tcp_endpoint/subscriber.py -> /home/jetson/Desktop/workspace_2/build/ros_tcp_endpoint/build/lib/ros_tcp_endpoint
[7.210s] copying ros_tcp_endpoint/__init__.py -> /home/jetson/Desktop/workspace_2/build/ros_tcp_endpoint/build/lib/ros_tcp_endpoint
[7.212s] copying ros_tcp_endpoint/default_server_endpoint.py -> /home/jetson/Desktop/workspace_2/build/ros_tcp_endpoint/build/lib/ros_tcp_endpoint
[7.215s] running install
[7.219s] running install_lib
[7.224s] creating /home/jetson/Desktop/workspace_2/install/ros_tcp_endpoint/lib/python3.8/site-packages/ros_tcp_endpoint
[7.225s] copying /home/jetson/Desktop/workspace_2/build/ros_tcp_endpoint/build/lib/ros_tcp_endpoint/communication.py -> /home/jetson/Desktop/workspace_2/install/ros_tcp_endpoint/lib/python3.8/site-packages/ros_tcp_endpoint
[7.226s] copying /home/jetson/Desktop/workspace_2/build/ros_tcp_endpoint/build/lib/ros_tcp_endpoint/tcp_sender.py -> /home/jetson/Desktop/workspace_2/install/ros_tcp_endpoint/lib/python3.8/site-packages/ros_tcp_endpoint
[7.226s] copying /home/jetson/Desktop/workspace_2/build/ros_tcp_endpoint/build/lib/ros_tcp_endpoint/client.py -> /home/jetson/Desktop/workspace_2/install/ros_tcp_endpoint/lib/python3.8/site-packages/ros_tcp_endpoint
[7.227s] copying /home/jetson/Desktop/workspace_2/build/ros_tcp_endpoint/build/lib/ros_tcp_endpoint/thread_pauser.py -> /home/jetson/Desktop/workspace_2/install/ros_tcp_endpoint/lib/python3.8/site-packages/ros_tcp_endpoint
[7.227s] copying /home/jetson/Desktop/workspace_2/build/ros_tcp_endpoint/build/lib/ros_tcp_endpoint/publisher.py -> /home/jetson/Desktop/workspace_2/install/ros_tcp_endpoint/lib/python3.8/site-packages/ros_tcp_endpoint
[7.228s] copying /home/jetson/Desktop/workspace_2/build/ros_tcp_endpoint/build/lib/ros_tcp_endpoint/service.py -> /home/jetson/Desktop/workspace_2/install/ros_tcp_endpoint/lib/python3.8/site-packages/ros_tcp_endpoint
[7.229s] copying /home/jetson/Desktop/workspace_2/build/ros_tcp_endpoint/build/lib/ros_tcp_endpoint/server.py -> /home/jetson/Desktop/workspace_2/install/ros_tcp_endpoint/lib/python3.8/site-packages/ros_tcp_endpoint
[7.229s] copying /home/jetson/Desktop/workspace_2/build/ros_tcp_endpoint/build/lib/ros_tcp_endpoint/exceptions.py -> /home/jetson/Desktop/workspace_2/install/ros_tcp_endpoint/lib/python3.8/site-packages/ros_tcp_endpoint
[7.230s] copying /home/jetson/Desktop/workspace_2/build/ros_tcp_endpoint/build/lib/ros_tcp_endpoint/unity_service.py -> /home/jetson/Desktop/workspace_2/install/ros_tcp_endpoint/lib/python3.8/site-packages/ros_tcp_endpoint
[7.231s] copying /home/jetson/Desktop/workspace_2/build/ros_tcp_endpoint/build/lib/ros_tcp_endpoint/subscriber.py -> /home/jetson/Desktop/workspace_2/install/ros_tcp_endpoint/lib/python3.8/site-packages/ros_tcp_endpoint
[7.231s] copying /home/jetson/Desktop/workspace_2/build/ros_tcp_endpoint/build/lib/ros_tcp_endpoint/__init__.py -> /home/jetson/Desktop/workspace_2/install/ros_tcp_endpoint/lib/python3.8/site-packages/ros_tcp_endpoint
[7.232s] copying /home/jetson/Desktop/workspace_2/build/ros_tcp_endpoint/build/lib/ros_tcp_endpoint/default_server_endpoint.py -> /home/jetson/Desktop/workspace_2/install/ros_tcp_endpoint/lib/python3.8/site-packages/ros_tcp_endpoint
[7.238s] byte-compiling /home/jetson/Desktop/workspace_2/install/ros_tcp_endpoint/lib/python3.8/site-packages/ros_tcp_endpoint/communication.py to communication.cpython-38.pyc
[7.249s] byte-compiling /home/jetson/Desktop/workspace_2/install/ros_tcp_endpoint/lib/python3.8/site-packages/ros_tcp_endpoint/tcp_sender.py to tcp_sender.cpython-38.pyc
[7.250s] byte-compiling /home/jetson/Desktop/workspace_2/install/ros_tcp_endpoint/lib/python3.8/site-packages/ros_tcp_endpoint/client.py to client.cpython-38.pyc
[7.250s] byte-compiling /home/jetson/Desktop/workspace_2/install/ros_tcp_endpoint/lib/python3.8/site-packages/ros_tcp_endpoint/thread_pauser.py to thread_pauser.cpython-38.pyc
[7.251s] byte-compiling /home/jetson/Desktop/workspace_2/install/ros_tcp_endpoint/lib/python3.8/site-packages/ros_tcp_endpoint/publisher.py to publisher.cpython-38.pyc
[7.253s] byte-compiling /home/jetson/Desktop/workspace_2/install/ros_tcp_endpoint/lib/python3.8/site-packages/ros_tcp_endpoint/service.py to service.cpython-38.pyc
[7.256s] byte-compiling /home/jetson/Desktop/workspace_2/install/ros_tcp_endpoint/lib/python3.8/site-packages/ros_tcp_endpoint/server.py to server.cpython-38.pyc
[7.263s] byte-compiling /home/jetson/Desktop/workspace_2/install/ros_tcp_endpoint/lib/python3.8/site-packages/ros_tcp_endpoint/exceptions.py to exceptions.cpython-38.pyc
[7.264s] byte-compiling /home/jetson/Desktop/workspace_2/install/ros_tcp_endpoint/lib/python3.8/site-packages/ros_tcp_endpoint/unity_service.py to unity_service.cpython-38.pyc
[7.266s] byte-compiling /home/jetson/Desktop/workspace_2/install/ros_tcp_endpoint/lib/python3.8/site-packages/ros_tcp_endpoint/subscriber.py to subscriber.cpython-38.pyc
[7.268s] byte-compiling /home/jetson/Desktop/workspace_2/install/ros_tcp_endpoint/lib/python3.8/site-packages/ros_tcp_endpoint/__init__.py to __init__.cpython-38.pyc
[7.270s] byte-compiling /home/jetson/Desktop/workspace_2/install/ros_tcp_endpoint/lib/python3.8/site-packages/ros_tcp_endpoint/default_server_endpoint.py to default_server_endpoint.cpython-38.pyc
[7.271s] running install_data
[7.279s] creating /home/jetson/Desktop/workspace_2/install/ros_tcp_endpoint/share/ament_index
[7.280s] creating /home/jetson/Desktop/workspace_2/install/ros_tcp_endpoint/share/ament_index/resource_index
[7.280s] creating /home/jetson/Desktop/workspace_2/install/ros_tcp_endpoint/share/ament_index/resource_index/packages
[7.281s] copying resource/ros_tcp_endpoint -> /home/jetson/Desktop/workspace_2/install/ros_tcp_endpoint/share/ament_index/resource_index/packages
[7.291s] copying package.xml -> /home/jetson/Desktop/workspace_2/install/ros_tcp_endpoint/share/ros_tcp_endpoint
[7.291s] creating /home/jetson/Desktop/workspace_2/install/ros_tcp_endpoint/share/ros_tcp_endpoint/launch
[7.292s] copying launch/endpoint.py -> /home/jetson/Desktop/workspace_2/install/ros_tcp_endpoint/share/ros_tcp_endpoint/launch
[7.295s] running install_egg_info
[7.298s] Copying ../../build/ros_tcp_endpoint/ros_tcp_endpoint.egg-info to /home/jetson/Desktop/workspace_2/install/ros_tcp_endpoint/lib/python3.8/site-packages/ros_tcp_endpoint-0.0.1-py3.8.egg-info
[7.300s] running install_scripts
[7.388s] Installing default_server_endpoint script to /home/jetson/Desktop/workspace_2/install/ros_tcp_endpoint/lib/ros_tcp_endpoint
[7.392s] writing list of installed files to '/home/jetson/Desktop/workspace_2/build/ros_tcp_endpoint/install.log'
[7.511s] Invoked command in '/home/jetson/Desktop/workspace_2/src/ROS-TCP-Endpoint' returned '0': PYTHONPATH=/home/jetson/Desktop/workspace_2/install/ros_tcp_endpoint/lib/python3.8/site-packages:${PYTHONPATH} /usr/bin/python3 setup.py egg_info --egg-base ../../build/ros_tcp_endpoint build --build-base /home/jetson/Desktop/workspace_2/build/ros_tcp_endpoint/build install --prefix /home/jetson/Desktop/workspace_2/install/ros_tcp_endpoint --record /home/jetson/Desktop/workspace_2/build/ros_tcp_endpoint/install.log --single-version-externally-managed
