/usr/local/lib/python3.8/dist-packages/setuptools/dist.py:717: UserWarning: Usage of dash-separated 'script-dir' will not be supported in future versions. Please use the underscore name 'script_dir' instead
  warnings.warn(
/usr/local/lib/python3.8/dist-packages/setuptools/dist.py:717: UserWarning: Usage of dash-separated 'install-scripts' will not be supported in future versions. Please use the underscore name 'install_scripts' instead
  warnings.warn(
running egg_info
creating ../../build/project_2/project_2.egg-info
writing ../../build/project_2/project_2.egg-info/PKG-INFO
writing dependency_links to ../../build/project_2/project_2.egg-info/dependency_links.txt
writing entry points to ../../build/project_2/project_2.egg-info/entry_points.txt
writing requirements to ../../build/project_2/project_2.egg-info/requires.txt
writing top-level names to ../../build/project_2/project_2.egg-info/top_level.txt
writing manifest file '../../build/project_2/project_2.egg-info/SOURCES.txt'
reading manifest file '../../build/project_2/project_2.egg-info/SOURCES.txt'
writing manifest file '../../build/project_2/project_2.egg-info/SOURCES.txt'
running build
running build_py
creating /home/jetson/Desktop/workspace_2/build/project_2/build
creating /home/jetson/Desktop/workspace_2/build/project_2/build/lib
creating /home/jetson/Desktop/workspace_2/build/project_2/build/lib/project_2
copying project_2/__init__.py -> /home/jetson/Desktop/workspace_2/build/project_2/build/lib/project_2
running install
running install_lib
creating /home/jetson/Desktop/workspace_2/install/project_2/lib/python3.8/site-packages/project_2
copying /home/jetson/Desktop/workspace_2/build/project_2/build/lib/project_2/__init__.py -> /home/jetson/Desktop/workspace_2/install/project_2/lib/python3.8/site-packages/project_2
byte-compiling /home/jetson/Desktop/workspace_2/install/project_2/lib/python3.8/site-packages/project_2/__init__.py to __init__.cpython-38.pyc
running install_data
creating /home/jetson/Desktop/workspace_2/install/project_2/share/ament_index
creating /home/jetson/Desktop/workspace_2/install/project_2/share/ament_index/resource_index
creating /home/jetson/Desktop/workspace_2/install/project_2/share/ament_index/resource_index/packages
copying resource/project_2 -> /home/jetson/Desktop/workspace_2/install/project_2/share/ament_index/resource_index/packages
copying package.xml -> /home/jetson/Desktop/workspace_2/install/project_2/share/project_2
running install_egg_info
Copying ../../build/project_2/project_2.egg-info to /home/jetson/Desktop/workspace_2/install/project_2/lib/python3.8/site-packages/project_2-0.0.0-py3.8.egg-info
running install_scripts
writing list of installed files to '/home/jetson/Desktop/workspace_2/build/project_2/install.log'
