[0.000000] (-) TimerEvent: {}
[0.000639] (-) JobUnselected: {'identifier': 'msg_manage'}
[0.000781] (-) JobUnselected: {'identifier': 'ros_tcp_endpoint'}
[0.000884] (-) JobUnselected: {'identifier': 'unity_robotics_demo'}
[0.001023] (-) JobUnselected: {'identifier': 'unity_robotics_demo_msgs'}
[0.001151] (-) JobUnselected: {'identifier': 'unity_slam_example'}
[0.001267] (project_2) JobQueued: {'identifier': 'project_2', 'dependencies': OrderedDict([('msg_manage', '/home/jetson/Desktop/workspace_2/install/msg_manage')])}
[0.001400] (project_2) JobStarted: {'identifier': 'project_2'}
[0.063506] (-) TimerEvent: {}
[0.173392] (-) TimerEvent: {}
[0.281681] (-) TimerEvent: {}
[0.383602] (-) TimerEvent: {}
[0.484569] (-) TimerEvent: {}
[0.587412] (-) TimerEvent: {}
[0.688843] (-) TimerEvent: {}
[0.789472] (-) TimerEvent: {}
[0.890068] (-) TimerEvent: {}
[0.991135] (-) TimerEvent: {}
[1.091759] (-) TimerEvent: {}
[1.192367] (-) TimerEvent: {}
[1.293044] (-) TimerEvent: {}
[1.393660] (-) TimerEvent: {}
[1.494256] (-) TimerEvent: {}
[1.596175] (project_2) JobEnded: {'identifier': 'project_2', 'rc': 0}
[1.597823] (-) TimerEvent: {}
[1.607661] (-) EventReactorShutdown: {}
