[4.078s] Invoking command in '/home/jetson/Desktop/workspace_2/src/project_2': CMAKE_PREFIX_PATH=/home/jetson/Desktop/workspace_2/install/msg_manage:/home/jetson/Desktop/workspace_2/install/unity_robotics_demo_msgs:/home/jetson/ros2_foxy/ros2-linux LD_LIBRARY_PATH=/home/jetson/Desktop/workspace_2/install/msg_manage/lib:/home/jetson/Desktop/workspace_2/install/unity_robotics_demo_msgs/lib:/opt/ros/foxy/opt/yaml_cpp_vendor/lib:/opt/ros/foxy/opt/rviz_ogre_vendor/lib:/opt/ros/foxy/lib/aarch64-linux-gnu:/opt/ros/foxy/lib:/home/jetson/ros2_foxy/ros2-linux/opt/yaml_cpp_vendor/lib:/home/jetson/ros2_foxy/ros2-linux/opt/rviz_ogre_vendor/lib:/home/jetson/ros2_foxy/ros2-linux/lib PYTHONPATH=/home/jetson/Desktop/workspace_2/install/project_2/lib/python3.8/site-packages:/home/jetson/Desktop/workspace_2/install/msg_manage/lib/python3.8/site-packages:/home/jetson/Desktop/workspace_2/install/unity_slam_example/lib/python3.8/site-packages:/home/jetson/Desktop/workspace_2/install/unity_robotics_demo_msgs/lib/python3.8/site-packages:/home/jetson/Desktop/workspace_2/install/unity_robotics_demo/lib/python3.8/site-packages:/home/jetson/Desktop/workspace_2/install/ros_tcp_endpoint/lib/python3.8/site-packages:/home/jetson/Desktop/workspace_2/install/project_2/lib/python3.8/site-packages:/opt/ros/foxy/lib/python3.8/site-packages:/home/jetson/ros2_foxy/ros2-linux/lib/python3.8/site-packages /usr/bin/python3 setup.py egg_info --egg-base ../../build/project_2 build --build-base /home/jetson/Desktop/workspace_2/build/project_2/build install --prefix /home/jetson/Desktop/workspace_2/install/project_2 --record /home/jetson/Desktop/workspace_2/build/project_2/install.log --single-version-externally-managed
[5.303s] running egg_info
[5.305s] creating ../../build/project_2/project_2.egg-info
[5.306s] writing ../../build/project_2/project_2.egg-info/PKG-INFO
[5.307s] writing dependency_links to ../../build/project_2/project_2.egg-info/dependency_links.txt
[5.307s] writing entry points to ../../build/project_2/project_2.egg-info/entry_points.txt
[5.308s] writing requirements to ../../build/project_2/project_2.egg-info/requires.txt
[5.308s] writing top-level names to ../../build/project_2/project_2.egg-info/top_level.txt
[5.319s] writing manifest file '../../build/project_2/project_2.egg-info/SOURCES.txt'
[5.326s] reading manifest file '../../build/project_2/project_2.egg-info/SOURCES.txt'
[5.330s] writing manifest file '../../build/project_2/project_2.egg-info/SOURCES.txt'
[5.331s] running build
[5.331s] running build_py
[5.332s] creating /home/jetson/Desktop/workspace_2/build/project_2/build
[5.332s] creating /home/jetson/Desktop/workspace_2/build/project_2/build/lib
[5.333s] creating /home/jetson/Desktop/workspace_2/build/project_2/build/lib/project_2
[5.333s] copying project_2/slam_navigation.py -> /home/jetson/Desktop/workspace_2/build/project_2/build/lib/project_2
[5.336s] copying project_2/gps_reader.py -> /home/jetson/Desktop/workspace_2/build/project_2/build/lib/project_2
[5.337s] copying project_2/imu_reader.py -> /home/jetson/Desktop/workspace_2/build/project_2/build/lib/project_2
[5.338s] copying project_2/img_processor.py -> /home/jetson/Desktop/workspace_2/build/project_2/build/lib/project_2
[5.339s] copying project_2/motor_cmd.py -> /home/jetson/Desktop/workspace_2/build/project_2/build/lib/project_2
[5.340s] copying project_2/joy_motor.py -> /home/jetson/Desktop/workspace_2/build/project_2/build/lib/project_2
[5.340s] copying project_2/arduino_reader.py -> /home/jetson/Desktop/workspace_2/build/project_2/build/lib/project_2
[5.340s] copying project_2/__init__.py -> /home/jetson/Desktop/workspace_2/build/project_2/build/lib/project_2
[5.341s] running install
[5.345s] running install_lib
[5.348s] creating /home/jetson/Desktop/workspace_2/install/project_2/lib/python3.8/site-packages/project_2
[5.349s] copying /home/jetson/Desktop/workspace_2/build/project_2/build/lib/project_2/slam_navigation.py -> /home/jetson/Desktop/workspace_2/install/project_2/lib/python3.8/site-packages/project_2
[5.349s] copying /home/jetson/Desktop/workspace_2/build/project_2/build/lib/project_2/gps_reader.py -> /home/jetson/Desktop/workspace_2/install/project_2/lib/python3.8/site-packages/project_2
[5.350s] copying /home/jetson/Desktop/workspace_2/build/project_2/build/lib/project_2/imu_reader.py -> /home/jetson/Desktop/workspace_2/install/project_2/lib/python3.8/site-packages/project_2
[5.350s] copying /home/jetson/Desktop/workspace_2/build/project_2/build/lib/project_2/img_processor.py -> /home/jetson/Desktop/workspace_2/install/project_2/lib/python3.8/site-packages/project_2
[5.350s] copying /home/jetson/Desktop/workspace_2/build/project_2/build/lib/project_2/motor_cmd.py -> /home/jetson/Desktop/workspace_2/install/project_2/lib/python3.8/site-packages/project_2
[5.351s] copying /home/jetson/Desktop/workspace_2/build/project_2/build/lib/project_2/joy_motor.py -> /home/jetson/Desktop/workspace_2/install/project_2/lib/python3.8/site-packages/project_2
[5.351s] copying /home/jetson/Desktop/workspace_2/build/project_2/build/lib/project_2/arduino_reader.py -> /home/jetson/Desktop/workspace_2/install/project_2/lib/python3.8/site-packages/project_2
[5.352s] copying /home/jetson/Desktop/workspace_2/build/project_2/build/lib/project_2/__init__.py -> /home/jetson/Desktop/workspace_2/install/project_2/lib/python3.8/site-packages/project_2
[5.354s] byte-compiling /home/jetson/Desktop/workspace_2/install/project_2/lib/python3.8/site-packages/project_2/slam_navigation.py to slam_navigation.cpython-38.pyc
[5.367s] byte-compiling /home/jetson/Desktop/workspace_2/install/project_2/lib/python3.8/site-packages/project_2/gps_reader.py to gps_reader.cpython-38.pyc
[5.368s] byte-compiling /home/jetson/Desktop/workspace_2/install/project_2/lib/python3.8/site-packages/project_2/imu_reader.py to imu_reader.cpython-38.pyc
[5.372s] byte-compiling /home/jetson/Desktop/workspace_2/install/project_2/lib/python3.8/site-packages/project_2/img_processor.py to img_processor.cpython-38.pyc
[5.375s] byte-compiling /home/jetson/Desktop/workspace_2/install/project_2/lib/python3.8/site-packages/project_2/motor_cmd.py to motor_cmd.cpython-38.pyc
[5.378s] byte-compiling /home/jetson/Desktop/workspace_2/install/project_2/lib/python3.8/site-packages/project_2/joy_motor.py to joy_motor.cpython-38.pyc
[5.379s] byte-compiling /home/jetson/Desktop/workspace_2/install/project_2/lib/python3.8/site-packages/project_2/arduino_reader.py to arduino_reader.cpython-38.pyc
[5.381s] byte-compiling /home/jetson/Desktop/workspace_2/install/project_2/lib/python3.8/site-packages/project_2/__init__.py to __init__.cpython-38.pyc
[5.381s] running install_data
[5.384s] creating /home/jetson/Desktop/workspace_2/install/project_2/share/ament_index
[5.384s] creating /home/jetson/Desktop/workspace_2/install/project_2/share/ament_index/resource_index
[5.385s] creating /home/jetson/Desktop/workspace_2/install/project_2/share/ament_index/resource_index/packages
[5.385s] copying resource/project_2 -> /home/jetson/Desktop/workspace_2/install/project_2/share/ament_index/resource_index/packages
[5.386s] copying package.xml -> /home/jetson/Desktop/workspace_2/install/project_2/share/project_2
[5.386s] copying launch/test_launch.py -> /home/jetson/Desktop/workspace_2/install/project_2/share/project_2
[5.387s] copying rviz/nav2_unity.rviz -> /home/jetson/Desktop/workspace_2/install/project_2/share/project_2
[5.388s] copying launch/slam_tcp.py -> /home/jetson/Desktop/workspace_2/install/project_2/share/project_2
[5.390s] copying launch/slam_launch.py -> /home/jetson/Desktop/workspace_2/install/project_2/share/project_2
[5.391s] copying launch/offline_launch.py -> /home/jetson/Desktop/workspace_2/install/project_2/share/project_2
[5.392s] copying launch/online_sync_launch.py -> /home/jetson/Desktop/workspace_2/install/project_2/share/project_2
[5.393s] copying params/nav2_params.yaml -> /home/jetson/Desktop/workspace_2/install/project_2/share/project_2
[5.394s] copying params/mapper_params_offline.yaml -> /home/jetson/Desktop/workspace_2/install/project_2/share/project_2
[5.395s] running install_egg_info
[5.401s] Copying ../../build/project_2/project_2.egg-info to /home/jetson/Desktop/workspace_2/install/project_2/lib/python3.8/site-packages/project_2-0.0.0-py3.8.egg-info
[5.404s] running install_scripts
[5.477s] Installing img_processor script to /home/jetson/Desktop/workspace_2/install/project_2/lib/project_2
[5.478s] Installing imu_reader script to /home/jetson/Desktop/workspace_2/install/project_2/lib/project_2
[5.478s] Installing motor_cmd script to /home/jetson/Desktop/workspace_2/install/project_2/lib/project_2
[5.479s] Installing slam_navigation script to /home/jetson/Desktop/workspace_2/install/project_2/lib/project_2
[5.480s] writing list of installed files to '/home/jetson/Desktop/workspace_2/build/project_2/install.log'
[5.582s] Invoked command in '/home/jetson/Desktop/workspace_2/src/project_2' returned '0': CMAKE_PREFIX_PATH=/home/jetson/Desktop/workspace_2/install/msg_manage:/home/jetson/Desktop/workspace_2/install/unity_robotics_demo_msgs:/home/jetson/ros2_foxy/ros2-linux LD_LIBRARY_PATH=/home/jetson/Desktop/workspace_2/install/msg_manage/lib:/home/jetson/Desktop/workspace_2/install/unity_robotics_demo_msgs/lib:/opt/ros/foxy/opt/yaml_cpp_vendor/lib:/opt/ros/foxy/opt/rviz_ogre_vendor/lib:/opt/ros/foxy/lib/aarch64-linux-gnu:/opt/ros/foxy/lib:/home/jetson/ros2_foxy/ros2-linux/opt/yaml_cpp_vendor/lib:/home/jetson/ros2_foxy/ros2-linux/opt/rviz_ogre_vendor/lib:/home/jetson/ros2_foxy/ros2-linux/lib PYTHONPATH=/home/jetson/Desktop/workspace_2/install/project_2/lib/python3.8/site-packages:/home/jetson/Desktop/workspace_2/install/msg_manage/lib/python3.8/site-packages:/home/jetson/Desktop/workspace_2/install/unity_slam_example/lib/python3.8/site-packages:/home/jetson/Desktop/workspace_2/install/unity_robotics_demo_msgs/lib/python3.8/site-packages:/home/jetson/Desktop/workspace_2/install/unity_robotics_demo/lib/python3.8/site-packages:/home/jetson/Desktop/workspace_2/install/ros_tcp_endpoint/lib/python3.8/site-packages:/home/jetson/Desktop/workspace_2/install/project_2/lib/python3.8/site-packages:/opt/ros/foxy/lib/python3.8/site-packages:/home/jetson/ros2_foxy/ros2-linux/lib/python3.8/site-packages /usr/bin/python3 setup.py egg_info --egg-base ../../build/project_2 build --build-base /home/jetson/Desktop/workspace_2/build/project_2/build install --prefix /home/jetson/Desktop/workspace_2/install/project_2 --record /home/jetson/Desktop/workspace_2/build/project_2/install.log --single-version-externally-managed
