[3.926s] Invoking command in '/home/jetson/Desktop/workspace_2/src/project_2': CMAKE_PREFIX_PATH=/home/jetson/Desktop/workspace_2/install/msg_manage:/home/jetson/Desktop/workspace_2/install/unity_robotics_demo_msgs:/home/jetson/ros2_foxy/ros2-linux LD_LIBRARY_PATH=/home/jetson/Desktop/workspace_2/install/msg_manage/lib:/home/jetson/Desktop/workspace_2/install/unity_robotics_demo_msgs/lib:/opt/ros/foxy/opt/yaml_cpp_vendor/lib:/opt/ros/foxy/opt/rviz_ogre_vendor/lib:/opt/ros/foxy/lib/aarch64-linux-gnu:/opt/ros/foxy/lib:/home/jetson/ros2_foxy/ros2-linux/opt/yaml_cpp_vendor/lib:/home/jetson/ros2_foxy/ros2-linux/opt/rviz_ogre_vendor/lib:/home/jetson/ros2_foxy/ros2-linux/lib PYTHONPATH=/home/jetson/Desktop/workspace_2/install/project_2/lib/python3.8/site-packages:/home/jetson/Desktop/workspace_2/install/msg_manage/lib/python3.8/site-packages:/home/jetson/Desktop/workspace_2/install/unity_slam_example/lib/python3.8/site-packages:/home/jetson/Desktop/workspace_2/install/unity_robotics_demo_msgs/lib/python3.8/site-packages:/home/jetson/Desktop/workspace_2/install/unity_robotics_demo/lib/python3.8/site-packages:/home/jetson/Desktop/workspace_2/install/ros_tcp_endpoint/lib/python3.8/site-packages:/home/jetson/Desktop/workspace_2/install/project_2/lib/python3.8/site-packages:/opt/ros/foxy/lib/python3.8/site-packages:/home/jetson/ros2_foxy/ros2-linux/lib/python3.8/site-packages /usr/bin/python3 setup.py egg_info --egg-base ../../build/project_2 build --build-base /home/jetson/Desktop/workspace_2/build/project_2/build install --prefix /home/jetson/Desktop/workspace_2/install/project_2 --record /home/jetson/Desktop/workspace_2/build/project_2/install.log --single-version-externally-managed
[5.316s] running egg_info
[5.319s] writing ../../build/project_2/project_2.egg-info/PKG-INFO
[5.319s] writing dependency_links to ../../build/project_2/project_2.egg-info/dependency_links.txt
[5.320s] writing entry points to ../../build/project_2/project_2.egg-info/entry_points.txt
[5.321s] writing requirements to ../../build/project_2/project_2.egg-info/requires.txt
[5.322s] writing top-level names to ../../build/project_2/project_2.egg-info/top_level.txt
[5.343s] reading manifest file '../../build/project_2/project_2.egg-info/SOURCES.txt'
[5.349s] writing manifest file '../../build/project_2/project_2.egg-info/SOURCES.txt'
[5.349s] running build
[5.350s] running build_py
[5.352s] copying project_2/motor_cmd.py -> /home/jetson/Desktop/workspace_2/build/project_2/build/lib/project_2
[5.355s] running install
[5.358s] running install_lib
[5.364s] copying /home/jetson/Desktop/workspace_2/build/project_2/build/lib/project_2/motor_cmd.py -> /home/jetson/Desktop/workspace_2/install/project_2/lib/python3.8/site-packages/project_2
[5.368s] byte-compiling /home/jetson/Desktop/workspace_2/install/project_2/lib/python3.8/site-packages/project_2/motor_cmd.py to motor_cmd.cpython-38.pyc
[5.372s] running install_data
[5.375s] running install_egg_info
[5.382s] removing '/home/jetson/Desktop/workspace_2/install/project_2/lib/python3.8/site-packages/project_2-0.0.0-py3.8.egg-info' (and everything under it)
[5.383s] Copying ../../build/project_2/project_2.egg-info to /home/jetson/Desktop/workspace_2/install/project_2/lib/python3.8/site-packages/project_2-0.0.0-py3.8.egg-info
[5.387s] running install_scripts
[5.474s] Installing client script to /home/jetson/Desktop/workspace_2/install/project_2/lib/project_2
[5.475s] Installing client2 script to /home/jetson/Desktop/workspace_2/install/project_2/lib/project_2
[5.476s] Installing listener script to /home/jetson/Desktop/workspace_2/install/project_2/lib/project_2
[5.477s] Installing listener2 script to /home/jetson/Desktop/workspace_2/install/project_2/lib/project_2
[5.477s] Installing motor_cmd script to /home/jetson/Desktop/workspace_2/install/project_2/lib/project_2
[5.478s] Installing param_test script to /home/jetson/Desktop/workspace_2/install/project_2/lib/project_2
[5.479s] Installing service script to /home/jetson/Desktop/workspace_2/install/project_2/lib/project_2
[5.480s] Installing service2 script to /home/jetson/Desktop/workspace_2/install/project_2/lib/project_2
[5.480s] Installing slam_navigation script to /home/jetson/Desktop/workspace_2/install/project_2/lib/project_2
[5.480s] Installing talker script to /home/jetson/Desktop/workspace_2/install/project_2/lib/project_2
[5.481s] Installing talker2 script to /home/jetson/Desktop/workspace_2/install/project_2/lib/project_2
[5.482s] writing list of installed files to '/home/jetson/Desktop/workspace_2/build/project_2/install.log'
[5.591s] Invoked command in '/home/jetson/Desktop/workspace_2/src/project_2' returned '0': CMAKE_PREFIX_PATH=/home/jetson/Desktop/workspace_2/install/msg_manage:/home/jetson/Desktop/workspace_2/install/unity_robotics_demo_msgs:/home/jetson/ros2_foxy/ros2-linux LD_LIBRARY_PATH=/home/jetson/Desktop/workspace_2/install/msg_manage/lib:/home/jetson/Desktop/workspace_2/install/unity_robotics_demo_msgs/lib:/opt/ros/foxy/opt/yaml_cpp_vendor/lib:/opt/ros/foxy/opt/rviz_ogre_vendor/lib:/opt/ros/foxy/lib/aarch64-linux-gnu:/opt/ros/foxy/lib:/home/jetson/ros2_foxy/ros2-linux/opt/yaml_cpp_vendor/lib:/home/jetson/ros2_foxy/ros2-linux/opt/rviz_ogre_vendor/lib:/home/jetson/ros2_foxy/ros2-linux/lib PYTHONPATH=/home/jetson/Desktop/workspace_2/install/project_2/lib/python3.8/site-packages:/home/jetson/Desktop/workspace_2/install/msg_manage/lib/python3.8/site-packages:/home/jetson/Desktop/workspace_2/install/unity_slam_example/lib/python3.8/site-packages:/home/jetson/Desktop/workspace_2/install/unity_robotics_demo_msgs/lib/python3.8/site-packages:/home/jetson/Desktop/workspace_2/install/unity_robotics_demo/lib/python3.8/site-packages:/home/jetson/Desktop/workspace_2/install/ros_tcp_endpoint/lib/python3.8/site-packages:/home/jetson/Desktop/workspace_2/install/project_2/lib/python3.8/site-packages:/opt/ros/foxy/lib/python3.8/site-packages:/home/jetson/ros2_foxy/ros2-linux/lib/python3.8/site-packages /usr/bin/python3 setup.py egg_info --egg-base ../../build/project_2 build --build-base /home/jetson/Desktop/workspace_2/build/project_2/build install --prefix /home/jetson/Desktop/workspace_2/install/project_2 --record /home/jetson/Desktop/workspace_2/build/project_2/install.log --single-version-externally-managed
