[2.958s] Invoking command in '/home/jetson/Desktop/workspace_2/build/unity_robotics_demo_msgs': CMAKE_PREFIX_PATH=${CMAKE_PREFIX_PATH}:/home/jetson/Desktop/workspace_2/install/unity_slam_example:/home/jetson/Desktop/workspace_2/install/unity_robotics_demo:/home/jetson/Desktop/workspace_2/install/ros_tcp_endpoint:/home/jetson/Desktop/workspace_2/install/project_2:/opt/ros/foxy /usr/bin/cmake --build /home/jetson/Desktop/workspace_2/build/unity_robotics_demo_msgs -- -j4 -l4
[3.238s] [  5%] Built target unity_robotics_demo_msgs__cpp
[3.239s] [ 12%] Built target unity_robotics_demo_msgs__rosidl_generator_c
[3.441s] [ 32%] Built target unity_robotics_demo_msgs__rosidl_typesupport_introspection_cpp
[3.447s] [ 43%] Built target unity_robotics_demo_msgs__rosidl_typesupport_cpp
[3.451s] [ 45%] Built target unity_robotics_demo_msgs__rosidl_typesupport_fastrtps_cpp
[3.583s] [ 56%] Built target unity_robotics_demo_msgs__rosidl_typesupport_introspection_c
[3.587s] [ 67%] Built target unity_robotics_demo_msgs__rosidl_typesupport_c
[3.732s] [ 78%] Built target unity_robotics_demo_msgs__rosidl_typesupport_fastrtps_c
[3.828s] [ 78%] Built target unity_robotics_demo_msgs
[3.925s] [ 80%] Built target unity_robotics_demo_msgs__py
[4.142s] [ 89%] Built target unity_robotics_demo_msgs__python
[4.362s] [ 92%] Built target unity_robotics_demo_msgs__rosidl_typesupport_c__pyext
[4.455s] [ 96%] Built target unity_robotics_demo_msgs__rosidl_typesupport_introspection_c__pyext
[4.456s] [100%] Built target unity_robotics_demo_msgs__rosidl_typesupport_fastrtps_c__pyext
[4.514s] Invoked command in '/home/jetson/Desktop/workspace_2/build/unity_robotics_demo_msgs' returned '0': CMAKE_PREFIX_PATH=${CMAKE_PREFIX_PATH}:/home/jetson/Desktop/workspace_2/install/unity_slam_example:/home/jetson/Desktop/workspace_2/install/unity_robotics_demo:/home/jetson/Desktop/workspace_2/install/ros_tcp_endpoint:/home/jetson/Desktop/workspace_2/install/project_2:/opt/ros/foxy /usr/bin/cmake --build /home/jetson/Desktop/workspace_2/build/unity_robotics_demo_msgs -- -j4 -l4
[5.097s] Invoking command in '/home/jetson/Desktop/workspace_2/build/unity_robotics_demo_msgs': CMAKE_PREFIX_PATH=${CMAKE_PREFIX_PATH}:/home/jetson/Desktop/workspace_2/install/unity_slam_example:/home/jetson/Desktop/workspace_2/install/unity_robotics_demo:/home/jetson/Desktop/workspace_2/install/ros_tcp_endpoint:/home/jetson/Desktop/workspace_2/install/project_2:/opt/ros/foxy /usr/bin/cmake --install /home/jetson/Desktop/workspace_2/build/unity_robotics_demo_msgs
[5.154s] -- Install configuration: ""
[5.155s] -- Up-to-date: /home/jetson/Desktop/workspace_2/install/unity_robotics_demo_msgs/share/ament_index/resource_index/rosidl_interfaces/unity_robotics_demo_msgs
[5.155s] -- Up-to-date: /home/jetson/Desktop/workspace_2/install/unity_robotics_demo_msgs/include/unity_robotics_demo_msgs
[5.156s] -- Up-to-date: /home/jetson/Desktop/workspace_2/install/unity_robotics_demo_msgs/include/unity_robotics_demo_msgs/srv
[5.157s] -- Up-to-date: /home/jetson/Desktop/workspace_2/install/unity_robotics_demo_msgs/include/unity_robotics_demo_msgs/srv/detail
[5.157s] -- Up-to-date: /home/jetson/Desktop/workspace_2/install/unity_robotics_demo_msgs/include/unity_robotics_demo_msgs/srv/detail/position_service__functions.h
[5.158s] -- Up-to-date: /home/jetson/Desktop/workspace_2/install/unity_robotics_demo_msgs/include/unity_robotics_demo_msgs/srv/detail/object_pose_service__functions.c
[5.159s] -- Up-to-date: /home/jetson/Desktop/workspace_2/install/unity_robotics_demo_msgs/include/unity_robotics_demo_msgs/srv/detail/position_service__type_support.h
[5.160s] -- Up-to-date: /home/jetson/Desktop/workspace_2/install/unity_robotics_demo_msgs/include/unity_robotics_demo_msgs/srv/detail/object_pose_service__struct.h
[5.161s] -- Up-to-date: /home/jetson/Desktop/workspace_2/install/unity_robotics_demo_msgs/include/unity_robotics_demo_msgs/srv/detail/object_pose_service__type_support.h
[5.161s] -- Up-to-date: /home/jetson/Desktop/workspace_2/install/unity_robotics_demo_msgs/include/unity_robotics_demo_msgs/srv/detail/object_pose_service__functions.h
[5.168s] -- Up-to-date: /home/jetson/Desktop/workspace_2/install/unity_robotics_demo_msgs/include/unity_robotics_demo_msgs/srv/detail/position_service__functions.c
[5.169s] -- Up-to-date: /home/jetson/Desktop/workspace_2/install/unity_robotics_demo_msgs/include/unity_robotics_demo_msgs/srv/detail/position_service__struct.h
[5.170s] -- Up-to-date: /home/jetson/Desktop/workspace_2/install/unity_robotics_demo_msgs/include/unity_robotics_demo_msgs/srv/position_service.h
[5.170s] -- Up-to-date: /home/jetson/Desktop/workspace_2/install/unity_robotics_demo_msgs/include/unity_robotics_demo_msgs/srv/object_pose_service.h
[5.171s] -- Up-to-date: /home/jetson/Desktop/workspace_2/install/unity_robotics_demo_msgs/include/unity_robotics_demo_msgs/msg
[5.172s] -- Up-to-date: /home/jetson/Desktop/workspace_2/install/unity_robotics_demo_msgs/include/unity_robotics_demo_msgs/msg/detail
[5.173s] -- Up-to-date: /home/jetson/Desktop/workspace_2/install/unity_robotics_demo_msgs/include/unity_robotics_demo_msgs/msg/detail/unity_color__functions.c
[5.174s] -- Up-to-date: /home/jetson/Desktop/workspace_2/install/unity_robotics_demo_msgs/include/unity_robotics_demo_msgs/msg/detail/pos_rot__functions.h
[5.175s] -- Up-to-date: /home/jetson/Desktop/workspace_2/install/unity_robotics_demo_msgs/include/unity_robotics_demo_msgs/msg/detail/unity_color__type_support.h
[5.177s] -- Up-to-date: /home/jetson/Desktop/workspace_2/install/unity_robotics_demo_msgs/include/unity_robotics_demo_msgs/msg/detail/pos_rot__struct.h
[5.178s] -- Up-to-date: /home/jetson/Desktop/workspace_2/install/unity_robotics_demo_msgs/include/unity_robotics_demo_msgs/msg/detail/pos_rot__type_support.h
[5.181s] -- Up-to-date: /home/jetson/Desktop/workspace_2/install/unity_robotics_demo_msgs/include/unity_robotics_demo_msgs/msg/detail/unity_color__struct.h
[5.181s] -- Up-to-date: /home/jetson/Desktop/workspace_2/install/unity_robotics_demo_msgs/include/unity_robotics_demo_msgs/msg/detail/unity_color__functions.h
[5.182s] -- Up-to-date: /home/jetson/Desktop/workspace_2/install/unity_robotics_demo_msgs/include/unity_robotics_demo_msgs/msg/detail/pos_rot__functions.c
[5.183s] -- Up-to-date: /home/jetson/Desktop/workspace_2/install/unity_robotics_demo_msgs/include/unity_robotics_demo_msgs/msg/unity_color.h
[5.188s] -- Up-to-date: /home/jetson/Desktop/workspace_2/install/unity_robotics_demo_msgs/include/unity_robotics_demo_msgs/msg/rosidl_generator_c__visibility_control.h
[5.189s] -- Up-to-date: /home/jetson/Desktop/workspace_2/install/unity_robotics_demo_msgs/include/unity_robotics_demo_msgs/msg/pos_rot.h
[5.191s] -- Up-to-date: /home/jetson/Desktop/workspace_2/install/unity_robotics_demo_msgs/share/unity_robotics_demo_msgs/environment/library_path.sh
[5.192s] -- Up-to-date: /home/jetson/Desktop/workspace_2/install/unity_robotics_demo_msgs/share/unity_robotics_demo_msgs/environment/library_path.dsv
[5.192s] -- Up-to-date: /home/jetson/Desktop/workspace_2/install/unity_robotics_demo_msgs/lib/libunity_robotics_demo_msgs__rosidl_generator_c.so
[5.193s] -- Up-to-date: /home/jetson/Desktop/workspace_2/install/unity_robotics_demo_msgs/include/unity_robotics_demo_msgs
[5.193s] -- Up-to-date: /home/jetson/Desktop/workspace_2/install/unity_robotics_demo_msgs/include/unity_robotics_demo_msgs/srv
[5.194s] -- Up-to-date: /home/jetson/Desktop/workspace_2/install/unity_robotics_demo_msgs/include/unity_robotics_demo_msgs/srv/detail
[5.195s] -- Up-to-date: /home/jetson/Desktop/workspace_2/install/unity_robotics_demo_msgs/include/unity_robotics_demo_msgs/srv/detail/position_service__rosidl_typesupport_fastrtps_c.h
[5.195s] -- Up-to-date: /home/jetson/Desktop/workspace_2/install/unity_robotics_demo_msgs/include/unity_robotics_demo_msgs/srv/detail/object_pose_service__rosidl_typesupport_fastrtps_c.h
[5.196s] -- Up-to-date: /home/jetson/Desktop/workspace_2/install/unity_robotics_demo_msgs/include/unity_robotics_demo_msgs/msg
[5.197s] -- Up-to-date: /home/jetson/Desktop/workspace_2/install/unity_robotics_demo_msgs/include/unity_robotics_demo_msgs/msg/detail
[5.197s] -- Up-to-date: /home/jetson/Desktop/workspace_2/install/unity_robotics_demo_msgs/include/unity_robotics_demo_msgs/msg/detail/unity_color__rosidl_typesupport_fastrtps_c.h
[5.198s] -- Up-to-date: /home/jetson/Desktop/workspace_2/install/unity_robotics_demo_msgs/include/unity_robotics_demo_msgs/msg/detail/pos_rot__rosidl_typesupport_fastrtps_c.h
[5.198s] -- Up-to-date: /home/jetson/Desktop/workspace_2/install/unity_robotics_demo_msgs/include/unity_robotics_demo_msgs/msg/rosidl_typesupport_fastrtps_c__visibility_control.h
[5.199s] -- Up-to-date: /home/jetson/Desktop/workspace_2/install/unity_robotics_demo_msgs/lib/libunity_robotics_demo_msgs__rosidl_typesupport_fastrtps_c.so
[5.212s] -- Up-to-date: /home/jetson/Desktop/workspace_2/install/unity_robotics_demo_msgs/include/unity_robotics_demo_msgs
[5.213s] -- Up-to-date: /home/jetson/Desktop/workspace_2/install/unity_robotics_demo_msgs/include/unity_robotics_demo_msgs/srv
[5.213s] -- Up-to-date: /home/jetson/Desktop/workspace_2/install/unity_robotics_demo_msgs/include/unity_robotics_demo_msgs/srv/detail
[5.214s] -- Up-to-date: /home/jetson/Desktop/workspace_2/install/unity_robotics_demo_msgs/include/unity_robotics_demo_msgs/srv/detail/object_pose_service__rosidl_typesupport_fastrtps_cpp.hpp
[5.215s] -- Up-to-date: /home/jetson/Desktop/workspace_2/install/unity_robotics_demo_msgs/include/unity_robotics_demo_msgs/srv/detail/position_service__rosidl_typesupport_fastrtps_cpp.hpp
[5.215s] -- Up-to-date: /home/jetson/Desktop/workspace_2/install/unity_robotics_demo_msgs/include/unity_robotics_demo_msgs/srv/detail/dds_fastrtps
[5.216s] -- Up-to-date: /home/jetson/Desktop/workspace_2/install/unity_robotics_demo_msgs/include/unity_robotics_demo_msgs/msg
[5.216s] -- Up-to-date: /home/jetson/Desktop/workspace_2/install/unity_robotics_demo_msgs/include/unity_robotics_demo_msgs/msg/detail
[5.217s] -- Up-to-date: /home/jetson/Desktop/workspace_2/install/unity_robotics_demo_msgs/include/unity_robotics_demo_msgs/msg/detail/unity_color__rosidl_typesupport_fastrtps_cpp.hpp
[5.217s] -- Up-to-date: /home/jetson/Desktop/workspace_2/install/unity_robotics_demo_msgs/include/unity_robotics_demo_msgs/msg/detail/pos_rot__rosidl_typesupport_fastrtps_cpp.hpp
[5.218s] -- Up-to-date: /home/jetson/Desktop/workspace_2/install/unity_robotics_demo_msgs/include/unity_robotics_demo_msgs/msg/detail/dds_fastrtps
[5.219s] -- Up-to-date: /home/jetson/Desktop/workspace_2/install/unity_robotics_demo_msgs/include/unity_robotics_demo_msgs/msg/rosidl_typesupport_fastrtps_cpp__visibility_control.h
[5.219s] -- Up-to-date: /home/jetson/Desktop/workspace_2/install/unity_robotics_demo_msgs/lib/libunity_robotics_demo_msgs__rosidl_typesupport_fastrtps_cpp.so
[5.220s] -- Up-to-date: /home/jetson/Desktop/workspace_2/install/unity_robotics_demo_msgs/include/unity_robotics_demo_msgs
[5.221s] -- Up-to-date: /home/jetson/Desktop/workspace_2/install/unity_robotics_demo_msgs/include/unity_robotics_demo_msgs/srv
[5.221s] -- Up-to-date: /home/jetson/Desktop/workspace_2/install/unity_robotics_demo_msgs/include/unity_robotics_demo_msgs/srv/detail
[5.243s] -- Up-to-date: /home/jetson/Desktop/workspace_2/install/unity_robotics_demo_msgs/include/unity_robotics_demo_msgs/srv/detail/object_pose_service__rosidl_typesupport_introspection_c.h
[5.243s] -- Up-to-date: /home/jetson/Desktop/workspace_2/install/unity_robotics_demo_msgs/include/unity_robotics_demo_msgs/srv/detail/object_pose_service__type_support.c
[5.244s] -- Up-to-date: /home/jetson/Desktop/workspace_2/install/unity_robotics_demo_msgs/include/unity_robotics_demo_msgs/srv/detail/position_service__rosidl_typesupport_introspection_c.h
[5.244s] -- Up-to-date: /home/jetson/Desktop/workspace_2/install/unity_robotics_demo_msgs/include/unity_robotics_demo_msgs/srv/detail/position_service__type_support.c
[5.245s] -- Up-to-date: /home/jetson/Desktop/workspace_2/install/unity_robotics_demo_msgs/include/unity_robotics_demo_msgs/msg
[5.246s] -- Up-to-date: /home/jetson/Desktop/workspace_2/install/unity_robotics_demo_msgs/include/unity_robotics_demo_msgs/msg/detail
[5.246s] -- Up-to-date: /home/jetson/Desktop/workspace_2/install/unity_robotics_demo_msgs/include/unity_robotics_demo_msgs/msg/detail/pos_rot__type_support.c
[5.247s] -- Up-to-date: /home/jetson/Desktop/workspace_2/install/unity_robotics_demo_msgs/include/unity_robotics_demo_msgs/msg/detail/unity_color__type_support.c
[5.247s] -- Up-to-date: /home/jetson/Desktop/workspace_2/install/unity_robotics_demo_msgs/include/unity_robotics_demo_msgs/msg/detail/unity_color__rosidl_typesupport_introspection_c.h
[5.248s] -- Up-to-date: /home/jetson/Desktop/workspace_2/install/unity_robotics_demo_msgs/include/unity_robotics_demo_msgs/msg/detail/pos_rot__rosidl_typesupport_introspection_c.h
[5.249s] -- Up-to-date: /home/jetson/Desktop/workspace_2/install/unity_robotics_demo_msgs/include/unity_robotics_demo_msgs/msg/rosidl_typesupport_introspection_c__visibility_control.h
[5.249s] -- Up-to-date: /home/jetson/Desktop/workspace_2/install/unity_robotics_demo_msgs/lib/libunity_robotics_demo_msgs__rosidl_typesupport_introspection_c.so
[5.250s] -- Up-to-date: /home/jetson/Desktop/workspace_2/install/unity_robotics_demo_msgs/lib/libunity_robotics_demo_msgs__rosidl_typesupport_c.so
[5.250s] -- Up-to-date: /home/jetson/Desktop/workspace_2/install/unity_robotics_demo_msgs/include/unity_robotics_demo_msgs
[5.251s] -- Up-to-date: /home/jetson/Desktop/workspace_2/install/unity_robotics_demo_msgs/include/unity_robotics_demo_msgs/srv
[5.251s] -- Up-to-date: /home/jetson/Desktop/workspace_2/install/unity_robotics_demo_msgs/include/unity_robotics_demo_msgs/srv/detail
[5.252s] -- Up-to-date: /home/jetson/Desktop/workspace_2/install/unity_robotics_demo_msgs/include/unity_robotics_demo_msgs/srv/detail/object_pose_service__traits.hpp
[5.253s] -- Up-to-date: /home/jetson/Desktop/workspace_2/install/unity_robotics_demo_msgs/include/unity_robotics_demo_msgs/srv/detail/position_service__struct.hpp
[5.253s] -- Up-to-date: /home/jetson/Desktop/workspace_2/install/unity_robotics_demo_msgs/include/unity_robotics_demo_msgs/srv/detail/position_service__traits.hpp
[5.254s] -- Up-to-date: /home/jetson/Desktop/workspace_2/install/unity_robotics_demo_msgs/include/unity_robotics_demo_msgs/srv/detail/position_service__builder.hpp
[5.255s] -- Up-to-date: /home/jetson/Desktop/workspace_2/install/unity_robotics_demo_msgs/include/unity_robotics_demo_msgs/srv/detail/object_pose_service__struct.hpp
[5.255s] -- Up-to-date: /home/jetson/Desktop/workspace_2/install/unity_robotics_demo_msgs/include/unity_robotics_demo_msgs/srv/detail/object_pose_service__builder.hpp
[5.256s] -- Up-to-date: /home/jetson/Desktop/workspace_2/install/unity_robotics_demo_msgs/include/unity_robotics_demo_msgs/srv/object_pose_service.hpp
[5.256s] -- Up-to-date: /home/jetson/Desktop/workspace_2/install/unity_robotics_demo_msgs/include/unity_robotics_demo_msgs/srv/position_service.hpp
[5.257s] -- Up-to-date: /home/jetson/Desktop/workspace_2/install/unity_robotics_demo_msgs/include/unity_robotics_demo_msgs/msg
[5.278s] -- Up-to-date: /home/jetson/Desktop/workspace_2/install/unity_robotics_demo_msgs/include/unity_robotics_demo_msgs/msg/unity_color.hpp
[5.278s] -- Up-to-date: /home/jetson/Desktop/workspace_2/install/unity_robotics_demo_msgs/include/unity_robotics_demo_msgs/msg/detail
[5.279s] -- Up-to-date: /home/jetson/Desktop/workspace_2/install/unity_robotics_demo_msgs/include/unity_robotics_demo_msgs/msg/detail/unity_color__traits.hpp
[5.279s] -- Up-to-date: /home/jetson/Desktop/workspace_2/install/unity_robotics_demo_msgs/include/unity_robotics_demo_msgs/msg/detail/unity_color__struct.hpp
[5.280s] -- Up-to-date: /home/jetson/Desktop/workspace_2/install/unity_robotics_demo_msgs/include/unity_robotics_demo_msgs/msg/detail/pos_rot__builder.hpp
[5.281s] -- Up-to-date: /home/jetson/Desktop/workspace_2/install/unity_robotics_demo_msgs/include/unity_robotics_demo_msgs/msg/detail/pos_rot__struct.hpp
[5.281s] -- Up-to-date: /home/jetson/Desktop/workspace_2/install/unity_robotics_demo_msgs/include/unity_robotics_demo_msgs/msg/detail/unity_color__builder.hpp
[5.282s] -- Up-to-date: /home/jetson/Desktop/workspace_2/install/unity_robotics_demo_msgs/include/unity_robotics_demo_msgs/msg/detail/pos_rot__traits.hpp
[5.282s] -- Up-to-date: /home/jetson/Desktop/workspace_2/install/unity_robotics_demo_msgs/include/unity_robotics_demo_msgs/msg/pos_rot.hpp
[5.283s] -- Up-to-date: /home/jetson/Desktop/workspace_2/install/unity_robotics_demo_msgs/include/unity_robotics_demo_msgs
[5.284s] -- Up-to-date: /home/jetson/Desktop/workspace_2/install/unity_robotics_demo_msgs/include/unity_robotics_demo_msgs/srv
[5.284s] -- Up-to-date: /home/jetson/Desktop/workspace_2/install/unity_robotics_demo_msgs/include/unity_robotics_demo_msgs/srv/detail
[5.285s] -- Up-to-date: /home/jetson/Desktop/workspace_2/install/unity_robotics_demo_msgs/include/unity_robotics_demo_msgs/srv/detail/object_pose_service__rosidl_typesupport_introspection_cpp.hpp
[5.285s] -- Up-to-date: /home/jetson/Desktop/workspace_2/install/unity_robotics_demo_msgs/include/unity_robotics_demo_msgs/srv/detail/object_pose_service__type_support.cpp
[5.286s] -- Up-to-date: /home/jetson/Desktop/workspace_2/install/unity_robotics_demo_msgs/include/unity_robotics_demo_msgs/srv/detail/position_service__rosidl_typesupport_introspection_cpp.hpp
[5.287s] -- Up-to-date: /home/jetson/Desktop/workspace_2/install/unity_robotics_demo_msgs/include/unity_robotics_demo_msgs/srv/detail/position_service__type_support.cpp
[5.287s] -- Up-to-date: /home/jetson/Desktop/workspace_2/install/unity_robotics_demo_msgs/include/unity_robotics_demo_msgs/msg
[5.288s] -- Up-to-date: /home/jetson/Desktop/workspace_2/install/unity_robotics_demo_msgs/include/unity_robotics_demo_msgs/msg/detail
[5.288s] -- Up-to-date: /home/jetson/Desktop/workspace_2/install/unity_robotics_demo_msgs/include/unity_robotics_demo_msgs/msg/detail/pos_rot__rosidl_typesupport_introspection_cpp.hpp
[5.289s] -- Up-to-date: /home/jetson/Desktop/workspace_2/install/unity_robotics_demo_msgs/include/unity_robotics_demo_msgs/msg/detail/unity_color__type_support.cpp
[5.290s] -- Up-to-date: /home/jetson/Desktop/workspace_2/install/unity_robotics_demo_msgs/include/unity_robotics_demo_msgs/msg/detail/pos_rot__type_support.cpp
[5.290s] -- Up-to-date: /home/jetson/Desktop/workspace_2/install/unity_robotics_demo_msgs/include/unity_robotics_demo_msgs/msg/detail/unity_color__rosidl_typesupport_introspection_cpp.hpp
[5.291s] -- Up-to-date: /home/jetson/Desktop/workspace_2/install/unity_robotics_demo_msgs/lib/libunity_robotics_demo_msgs__rosidl_typesupport_introspection_cpp.so
[5.291s] -- Up-to-date: /home/jetson/Desktop/workspace_2/install/unity_robotics_demo_msgs/lib/libunity_robotics_demo_msgs__rosidl_typesupport_cpp.so
[5.292s] -- Up-to-date: /home/jetson/Desktop/workspace_2/install/unity_robotics_demo_msgs/share/unity_robotics_demo_msgs/environment/pythonpath.sh
[5.292s] -- Up-to-date: /home/jetson/Desktop/workspace_2/install/unity_robotics_demo_msgs/share/unity_robotics_demo_msgs/environment/pythonpath.dsv
[5.293s] -- Up-to-date: /home/jetson/Desktop/workspace_2/install/unity_robotics_demo_msgs/lib/python3.8/site-packages/unity_robotics_demo_msgs/__init__.py
[5.434s] -- Up-to-date: /home/jetson/Desktop/workspace_2/install/unity_robotics_demo_msgs/lib/python3.8/site-packages/unity_robotics_demo_msgs/msg
[5.435s] -- Up-to-date: /home/jetson/Desktop/workspace_2/install/unity_robotics_demo_msgs/lib/python3.8/site-packages/unity_robotics_demo_msgs/msg/_pos_rot.py
[5.435s] -- Up-to-date: /home/jetson/Desktop/workspace_2/install/unity_robotics_demo_msgs/lib/python3.8/site-packages/unity_robotics_demo_msgs/msg/_unity_color_s.c
[5.436s] -- Up-to-date: /home/jetson/Desktop/workspace_2/install/unity_robotics_demo_msgs/lib/python3.8/site-packages/unity_robotics_demo_msgs/msg/_unity_color.py
[5.438s] -- Up-to-date: /home/jetson/Desktop/workspace_2/install/unity_robotics_demo_msgs/lib/python3.8/site-packages/unity_robotics_demo_msgs/msg/__init__.py
[5.438s] -- Up-to-date: /home/jetson/Desktop/workspace_2/install/unity_robotics_demo_msgs/lib/python3.8/site-packages/unity_robotics_demo_msgs/msg/_pos_rot_s.c
[5.439s] -- Up-to-date: /home/jetson/Desktop/workspace_2/install/unity_robotics_demo_msgs/lib/python3.8/site-packages/unity_robotics_demo_msgs/srv
[5.439s] -- Up-to-date: /home/jetson/Desktop/workspace_2/install/unity_robotics_demo_msgs/lib/python3.8/site-packages/unity_robotics_demo_msgs/srv/_position_service.py
[5.440s] -- Up-to-date: /home/jetson/Desktop/workspace_2/install/unity_robotics_demo_msgs/lib/python3.8/site-packages/unity_robotics_demo_msgs/srv/_object_pose_service_s.c
[5.440s] -- Up-to-date: /home/jetson/Desktop/workspace_2/install/unity_robotics_demo_msgs/lib/python3.8/site-packages/unity_robotics_demo_msgs/srv/_object_pose_service.py
[5.441s] -- Up-to-date: /home/jetson/Desktop/workspace_2/install/unity_robotics_demo_msgs/lib/python3.8/site-packages/unity_robotics_demo_msgs/srv/__init__.py
[5.442s] -- Up-to-date: /home/jetson/Desktop/workspace_2/install/unity_robotics_demo_msgs/lib/python3.8/site-packages/unity_robotics_demo_msgs/srv/_position_service_s.c
[5.442s] -- Up-to-date: /home/jetson/Desktop/workspace_2/install/unity_robotics_demo_msgs/lib/python3.8/site-packages/unity_robotics_demo_msgs/unity_robotics_demo_msgs_s__rosidl_typesupport_fastrtps_c.cpython-38-aarch64-linux-gnu.so
[5.446s] -- Up-to-date: /home/jetson/Desktop/workspace_2/install/unity_robotics_demo_msgs/lib/python3.8/site-packages/unity_robotics_demo_msgs/unity_robotics_demo_msgs_s__rosidl_typesupport_introspection_c.cpython-38-aarch64-linux-gnu.so
[5.447s] -- Up-to-date: /home/jetson/Desktop/workspace_2/install/unity_robotics_demo_msgs/lib/python3.8/site-packages/unity_robotics_demo_msgs/unity_robotics_demo_msgs_s__rosidl_typesupport_c.cpython-38-aarch64-linux-gnu.so
[5.450s] -- Up-to-date: /home/jetson/Desktop/workspace_2/install/unity_robotics_demo_msgs/lib/libunity_robotics_demo_msgs__python.so
[5.452s] -- Up-to-date: /home/jetson/Desktop/workspace_2/install/unity_robotics_demo_msgs/share/unity_robotics_demo_msgs/msg/PosRot.idl
[5.453s] -- Up-to-date: /home/jetson/Desktop/workspace_2/install/unity_robotics_demo_msgs/share/unity_robotics_demo_msgs/msg/UnityColor.idl
[5.455s] -- Up-to-date: /home/jetson/Desktop/workspace_2/install/unity_robotics_demo_msgs/share/unity_robotics_demo_msgs/srv/PositionService.idl
[5.456s] -- Up-to-date: /home/jetson/Desktop/workspace_2/install/unity_robotics_demo_msgs/share/unity_robotics_demo_msgs/srv/ObjectPoseService.idl
[5.457s] -- Up-to-date: /home/jetson/Desktop/workspace_2/install/unity_robotics_demo_msgs/share/unity_robotics_demo_msgs/msg/PosRot.msg
[5.458s] -- Up-to-date: /home/jetson/Desktop/workspace_2/install/unity_robotics_demo_msgs/share/unity_robotics_demo_msgs/msg/UnityColor.msg
[5.458s] -- Up-to-date: /home/jetson/Desktop/workspace_2/install/unity_robotics_demo_msgs/share/unity_robotics_demo_msgs/srv/PositionService.srv
[5.459s] -- Up-to-date: /home/jetson/Desktop/workspace_2/install/unity_robotics_demo_msgs/share/unity_robotics_demo_msgs/srv/PositionService_Request.msg
[5.460s] -- Up-to-date: /home/jetson/Desktop/workspace_2/install/unity_robotics_demo_msgs/share/unity_robotics_demo_msgs/srv/PositionService_Response.msg
[5.464s] -- Up-to-date: /home/jetson/Desktop/workspace_2/install/unity_robotics_demo_msgs/share/unity_robotics_demo_msgs/srv/ObjectPoseService.srv
[5.465s] -- Up-to-date: /home/jetson/Desktop/workspace_2/install/unity_robotics_demo_msgs/share/unity_robotics_demo_msgs/srv/ObjectPoseService_Request.msg
[5.469s] -- Up-to-date: /home/jetson/Desktop/workspace_2/install/unity_robotics_demo_msgs/share/unity_robotics_demo_msgs/srv/ObjectPoseService_Response.msg
[5.470s] -- Up-to-date: /home/jetson/Desktop/workspace_2/install/unity_robotics_demo_msgs/share/ament_index/resource_index/package_run_dependencies/unity_robotics_demo_msgs
[5.471s] -- Up-to-date: /home/jetson/Desktop/workspace_2/install/unity_robotics_demo_msgs/share/ament_index/resource_index/parent_prefix_path/unity_robotics_demo_msgs
[5.472s] -- Up-to-date: /home/jetson/Desktop/workspace_2/install/unity_robotics_demo_msgs/share/unity_robotics_demo_msgs/environment/ament_prefix_path.sh
[5.473s] -- Up-to-date: /home/jetson/Desktop/workspace_2/install/unity_robotics_demo_msgs/share/unity_robotics_demo_msgs/environment/ament_prefix_path.dsv
[5.474s] -- Up-to-date: /home/jetson/Desktop/workspace_2/install/unity_robotics_demo_msgs/share/unity_robotics_demo_msgs/environment/path.sh
[5.485s] -- Up-to-date: /home/jetson/Desktop/workspace_2/install/unity_robotics_demo_msgs/share/unity_robotics_demo_msgs/environment/path.dsv
[5.498s] -- Up-to-date: /home/jetson/Desktop/workspace_2/install/unity_robotics_demo_msgs/share/unity_robotics_demo_msgs/local_setup.bash
[5.499s] -- Up-to-date: /home/jetson/Desktop/workspace_2/install/unity_robotics_demo_msgs/share/unity_robotics_demo_msgs/local_setup.sh
[5.502s] -- Up-to-date: /home/jetson/Desktop/workspace_2/install/unity_robotics_demo_msgs/share/unity_robotics_demo_msgs/local_setup.zsh
[5.502s] -- Up-to-date: /home/jetson/Desktop/workspace_2/install/unity_robotics_demo_msgs/share/unity_robotics_demo_msgs/local_setup.dsv
[5.503s] -- Installing: /home/jetson/Desktop/workspace_2/install/unity_robotics_demo_msgs/share/unity_robotics_demo_msgs/package.dsv
[5.503s] -- Up-to-date: /home/jetson/Desktop/workspace_2/install/unity_robotics_demo_msgs/share/ament_index/resource_index/packages/unity_robotics_demo_msgs
[5.504s] -- Up-to-date: /home/jetson/Desktop/workspace_2/install/unity_robotics_demo_msgs/share/unity_robotics_demo_msgs/cmake/unity_robotics_demo_msgs__rosidl_generator_cExport.cmake
[5.504s] -- Up-to-date: /home/jetson/Desktop/workspace_2/install/unity_robotics_demo_msgs/share/unity_robotics_demo_msgs/cmake/unity_robotics_demo_msgs__rosidl_generator_cExport-noconfig.cmake
[5.504s] -- Up-to-date: /home/jetson/Desktop/workspace_2/install/unity_robotics_demo_msgs/share/unity_robotics_demo_msgs/cmake/unity_robotics_demo_msgs__rosidl_typesupport_introspection_cExport.cmake
[5.505s] -- Up-to-date: /home/jetson/Desktop/workspace_2/install/unity_robotics_demo_msgs/share/unity_robotics_demo_msgs/cmake/unity_robotics_demo_msgs__rosidl_typesupport_introspection_cExport-noconfig.cmake
[5.506s] -- Up-to-date: /home/jetson/Desktop/workspace_2/install/unity_robotics_demo_msgs/share/unity_robotics_demo_msgs/cmake/unity_robotics_demo_msgs__rosidl_typesupport_cExport.cmake
[5.506s] -- Up-to-date: /home/jetson/Desktop/workspace_2/install/unity_robotics_demo_msgs/share/unity_robotics_demo_msgs/cmake/unity_robotics_demo_msgs__rosidl_typesupport_cExport-noconfig.cmake
[5.506s] -- Up-to-date: /home/jetson/Desktop/workspace_2/install/unity_robotics_demo_msgs/share/unity_robotics_demo_msgs/cmake/unity_robotics_demo_msgs__rosidl_generator_cppExport.cmake
[5.507s] -- Up-to-date: /home/jetson/Desktop/workspace_2/install/unity_robotics_demo_msgs/share/unity_robotics_demo_msgs/cmake/unity_robotics_demo_msgs__rosidl_typesupport_introspection_cppExport.cmake
[5.507s] -- Up-to-date: /home/jetson/Desktop/workspace_2/install/unity_robotics_demo_msgs/share/unity_robotics_demo_msgs/cmake/unity_robotics_demo_msgs__rosidl_typesupport_introspection_cppExport-noconfig.cmake
[5.508s] -- Up-to-date: /home/jetson/Desktop/workspace_2/install/unity_robotics_demo_msgs/share/unity_robotics_demo_msgs/cmake/unity_robotics_demo_msgs__rosidl_typesupport_cppExport.cmake
[5.508s] -- Up-to-date: /home/jetson/Desktop/workspace_2/install/unity_robotics_demo_msgs/share/unity_robotics_demo_msgs/cmake/unity_robotics_demo_msgs__rosidl_typesupport_cppExport-noconfig.cmake
[5.509s] -- Up-to-date: /home/jetson/Desktop/workspace_2/install/unity_robotics_demo_msgs/share/unity_robotics_demo_msgs/cmake/rosidl_cmake-extras.cmake
[5.509s] -- Up-to-date: /home/jetson/Desktop/workspace_2/install/unity_robotics_demo_msgs/share/unity_robotics_demo_msgs/cmake/ament_cmake_export_dependencies-extras.cmake
[5.510s] -- Up-to-date: /home/jetson/Desktop/workspace_2/install/unity_robotics_demo_msgs/share/unity_robotics_demo_msgs/cmake/ament_cmake_export_libraries-extras.cmake
[5.510s] -- Up-to-date: /home/jetson/Desktop/workspace_2/install/unity_robotics_demo_msgs/share/unity_robotics_demo_msgs/cmake/ament_cmake_export_targets-extras.cmake
[5.511s] -- Up-to-date: /home/jetson/Desktop/workspace_2/install/unity_robotics_demo_msgs/share/unity_robotics_demo_msgs/cmake/ament_cmake_export_include_directories-extras.cmake
[5.512s] -- Up-to-date: /home/jetson/Desktop/workspace_2/install/unity_robotics_demo_msgs/share/unity_robotics_demo_msgs/cmake/rosidl_cmake_export_typesupport_libraries-extras.cmake
[5.513s] -- Up-to-date: /home/jetson/Desktop/workspace_2/install/unity_robotics_demo_msgs/share/unity_robotics_demo_msgs/cmake/rosidl_cmake_export_typesupport_targets-extras.cmake
[5.514s] -- Up-to-date: /home/jetson/Desktop/workspace_2/install/unity_robotics_demo_msgs/share/unity_robotics_demo_msgs/cmake/unity_robotics_demo_msgsConfig.cmake
[5.514s] -- Up-to-date: /home/jetson/Desktop/workspace_2/install/unity_robotics_demo_msgs/share/unity_robotics_demo_msgs/cmake/unity_robotics_demo_msgsConfig-version.cmake
[5.515s] -- Up-to-date: /home/jetson/Desktop/workspace_2/install/unity_robotics_demo_msgs/share/unity_robotics_demo_msgs/package.xml
[7.054s] Invoked command in '/home/jetson/Desktop/workspace_2/build/unity_robotics_demo_msgs' returned '0': CMAKE_PREFIX_PATH=${CMAKE_PREFIX_PATH}:/home/jetson/Desktop/workspace_2/install/unity_slam_example:/home/jetson/Desktop/workspace_2/install/unity_robotics_demo:/home/jetson/Desktop/workspace_2/install/ros_tcp_endpoint:/home/jetson/Desktop/workspace_2/install/project_2:/opt/ros/foxy /usr/bin/cmake --install /home/jetson/Desktop/workspace_2/build/unity_robotics_demo_msgs
