[5.150s] Invoking command in '/home/jetson/Desktop/workspace_2/src/my_package2': PYTHONPATH=/home/jetson/Desktop/workspace_2/install/my_package2/lib/python3.8/site-packages:${PYTHONPATH} /usr/bin/python3 setup.py egg_info --egg-base ../../build/my_package2 build --build-base /home/jetson/Desktop/workspace_2/build/my_package2/build install --prefix /home/jetson/Desktop/workspace_2/install/my_package2 --record /home/jetson/Desktop/workspace_2/build/my_package2/install.log --single-version-externally-managed
[6.328s] /usr/local/lib/python3.8/dist-packages/setuptools/dist.py:717: UserWarning: Usage of dash-separated 'script-dir' will not be supported in future versions. Please use the underscore name 'script_dir' instead
[6.330s]   warnings.warn(
[6.330s] /usr/local/lib/python3.8/dist-packages/setuptools/dist.py:717: UserWarning: Usage of dash-separated 'install-scripts' will not be supported in future versions. Please use the underscore name 'install_scripts' instead
[6.330s]   warnings.warn(
[6.470s] running egg_info
[6.472s] writing ../../build/my_package2/my_package2.egg-info/PKG-INFO
[6.473s] writing dependency_links to ../../build/my_package2/my_package2.egg-info/dependency_links.txt
[6.474s] writing entry points to ../../build/my_package2/my_package2.egg-info/entry_points.txt
[6.475s] writing requirements to ../../build/my_package2/my_package2.egg-info/requires.txt
[6.476s] writing top-level names to ../../build/my_package2/my_package2.egg-info/top_level.txt
[6.488s] reading manifest file '../../build/my_package2/my_package2.egg-info/SOURCES.txt'
[6.492s] writing manifest file '../../build/my_package2/my_package2.egg-info/SOURCES.txt'
[6.493s] running build
[6.493s] running build_py
[6.494s] running install
[6.497s] running install_lib
[6.503s] running install_data
[6.505s] running install_egg_info
[6.512s] removing '/home/jetson/Desktop/workspace_2/install/my_package2/lib/python3.8/site-packages/my_package2-0.0.0-py3.8.egg-info' (and everything under it)
[6.513s] Copying ../../build/my_package2/my_package2.egg-info to /home/jetson/Desktop/workspace_2/install/my_package2/lib/python3.8/site-packages/my_package2-0.0.0-py3.8.egg-info
[6.516s] running install_scripts
[6.601s] Installing my_node_py script to /home/jetson/Desktop/workspace_2/install/my_package2/lib/my_package2
[6.602s] writing list of installed files to '/home/jetson/Desktop/workspace_2/build/my_package2/install.log'
[6.746s] Invoked command in '/home/jetson/Desktop/workspace_2/src/my_package2' returned '0': PYTHONPATH=/home/jetson/Desktop/workspace_2/install/my_package2/lib/python3.8/site-packages:${PYTHONPATH} /usr/bin/python3 setup.py egg_info --egg-base ../../build/my_package2 build --build-base /home/jetson/Desktop/workspace_2/build/my_package2/build install --prefix /home/jetson/Desktop/workspace_2/install/my_package2 --record /home/jetson/Desktop/workspace_2/build/my_package2/install.log --single-version-externally-managed
