[5.495s] Invoking command in '/home/jetson/Desktop/workspace_2/src/ROS-TCP-Endpoint': PYTHONPATH=/home/jetson/Desktop/workspace_2/install/ros_tcp_endpoint/lib/python3.8/site-packages:${PYTHONPATH} /usr/bin/python3 setup.py egg_info --egg-base ../../build/ros_tcp_endpoint build --build-base /home/jetson/Desktop/workspace_2/build/ros_tcp_endpoint/build install --prefix /home/jetson/Desktop/workspace_2/install/ros_tcp_endpoint --record /home/jetson/Desktop/workspace_2/build/ros_tcp_endpoint/install.log --single-version-externally-managed
[7.049s] /usr/local/lib/python3.8/dist-packages/setuptools/dist.py:717: UserWarning: Usage of dash-separated 'script-dir' will not be supported in future versions. Please use the underscore name 'script_dir' instead
[7.050s]   warnings.warn(
[7.053s] /usr/local/lib/python3.8/dist-packages/setuptools/dist.py:717: UserWarning: Usage of dash-separated 'install-scripts' will not be supported in future versions. Please use the underscore name 'install_scripts' instead
[7.053s]   warnings.warn(
[7.216s] running egg_info
[7.219s] writing ../../build/ros_tcp_endpoint/ros_tcp_endpoint.egg-info/PKG-INFO
[7.221s] writing dependency_links to ../../build/ros_tcp_endpoint/ros_tcp_endpoint.egg-info/dependency_links.txt
[7.222s] writing entry points to ../../build/ros_tcp_endpoint/ros_tcp_endpoint.egg-info/entry_points.txt
[7.222s] writing requirements to ../../build/ros_tcp_endpoint/ros_tcp_endpoint.egg-info/requires.txt
[7.223s] writing top-level names to ../../build/ros_tcp_endpoint/ros_tcp_endpoint.egg-info/top_level.txt
[7.237s] reading manifest file '../../build/ros_tcp_endpoint/ros_tcp_endpoint.egg-info/SOURCES.txt'
[7.238s] adding license file 'LICENSE'
[7.242s] writing manifest file '../../build/ros_tcp_endpoint/ros_tcp_endpoint.egg-info/SOURCES.txt'
[7.243s] running build
[7.243s] running build_py
[7.247s] running install
[7.251s] running install_lib
[7.260s] running install_data
[7.263s] running install_egg_info
[7.270s] removing '/home/jetson/Desktop/workspace_2/install/ros_tcp_endpoint/lib/python3.8/site-packages/ros_tcp_endpoint-0.0.1-py3.8.egg-info' (and everything under it)
[7.271s] Copying ../../build/ros_tcp_endpoint/ros_tcp_endpoint.egg-info to /home/jetson/Desktop/workspace_2/install/ros_tcp_endpoint/lib/python3.8/site-packages/ros_tcp_endpoint-0.0.1-py3.8.egg-info
[7.275s] running install_scripts
[7.370s] Installing default_server_endpoint script to /home/jetson/Desktop/workspace_2/install/ros_tcp_endpoint/lib/ros_tcp_endpoint
[7.372s] writing list of installed files to '/home/jetson/Desktop/workspace_2/build/ros_tcp_endpoint/install.log'
[7.491s] Invoked command in '/home/jetson/Desktop/workspace_2/src/ROS-TCP-Endpoint' returned '0': PYTHONPATH=/home/jetson/Desktop/workspace_2/install/ros_tcp_endpoint/lib/python3.8/site-packages:${PYTHONPATH} /usr/bin/python3 setup.py egg_info --egg-base ../../build/ros_tcp_endpoint build --build-base /home/jetson/Desktop/workspace_2/build/ros_tcp_endpoint/build install --prefix /home/jetson/Desktop/workspace_2/install/ros_tcp_endpoint --record /home/jetson/Desktop/workspace_2/build/ros_tcp_endpoint/install.log --single-version-externally-managed
