[6.054s] Invoking command in '/home/jetson/Desktop/workspace_2/src/ROS-TCP-Endpoint': PYTHONPATH=/home/jetson/Desktop/workspace_2/install/ros_tcp_endpoint/lib/python3.8/site-packages:${PYTHONPATH} /usr/bin/python3 setup.py egg_info --egg-base ../../build/ros_tcp_endpoint build --build-base /home/jetson/Desktop/workspace_2/build/ros_tcp_endpoint/build install --prefix /home/jetson/Desktop/workspace_2/install/ros_tcp_endpoint --record /home/jetson/Desktop/workspace_2/build/ros_tcp_endpoint/install.log --single-version-externally-managed
[7.654s] running egg_info
[7.658s] writing ../../build/ros_tcp_endpoint/ros_tcp_endpoint.egg-info/PKG-INFO
[7.661s] writing dependency_links to ../../build/ros_tcp_endpoint/ros_tcp_endpoint.egg-info/dependency_links.txt
[7.663s] writing entry points to ../../build/ros_tcp_endpoint/ros_tcp_endpoint.egg-info/entry_points.txt
[7.669s] writing requirements to ../../build/ros_tcp_endpoint/ros_tcp_endpoint.egg-info/requires.txt
[7.669s] writing top-level names to ../../build/ros_tcp_endpoint/ros_tcp_endpoint.egg-info/top_level.txt
[7.699s] reading manifest file '../../build/ros_tcp_endpoint/ros_tcp_endpoint.egg-info/SOURCES.txt'
[7.701s] adding license file 'LICENSE'
[7.706s] writing manifest file '../../build/ros_tcp_endpoint/ros_tcp_endpoint.egg-info/SOURCES.txt'
[7.707s] running build
[7.708s] running build_py
[7.712s] running install
[7.720s] running install_lib
[7.728s] running install_data
[7.731s] running install_egg_info
[7.748s] removing '/home/jetson/Desktop/workspace_2/install/ros_tcp_endpoint/lib/python3.8/site-packages/ros_tcp_endpoint-0.0.1-py3.8.egg-info' (and everything under it)
[7.749s] Copying ../../build/ros_tcp_endpoint/ros_tcp_endpoint.egg-info to /home/jetson/Desktop/workspace_2/install/ros_tcp_endpoint/lib/python3.8/site-packages/ros_tcp_endpoint-0.0.1-py3.8.egg-info
[7.749s] running install_scripts
[7.833s] Installing default_server_endpoint script to /home/jetson/Desktop/workspace_2/install/ros_tcp_endpoint/lib/ros_tcp_endpoint
[7.836s] writing list of installed files to '/home/jetson/Desktop/workspace_2/build/ros_tcp_endpoint/install.log'
[8.006s] Invoked command in '/home/jetson/Desktop/workspace_2/src/ROS-TCP-Endpoint' returned '0': PYTHONPATH=/home/jetson/Desktop/workspace_2/install/ros_tcp_endpoint/lib/python3.8/site-packages:${PYTHONPATH} /usr/bin/python3 setup.py egg_info --egg-base ../../build/ros_tcp_endpoint build --build-base /home/jetson/Desktop/workspace_2/build/ros_tcp_endpoint/build install --prefix /home/jetson/Desktop/workspace_2/install/ros_tcp_endpoint --record /home/jetson/Desktop/workspace_2/build/ros_tcp_endpoint/install.log --single-version-externally-managed
