In file included from [01m[K/home/jetson/Desktop/workspace_2/build/msg_manage/rosidl_generator_c/msg_manage/msg/detail/vehicle__functions.h:19[m[K,
                 from [01m[K/home/jetson/Desktop/workspace_2/build/msg_manage/rosidl_generator_c/msg_manage/msg/detail/vehicle__functions.c:4[m[K:
[01m[K/home/jetson/Desktop/workspace_2/build/msg_manage/rosidl_generator_c/msg_manage/msg/detail/vehicle__struct.h:22:10:[m[K [01;31m[Kfatal error: [m[Kmsg_manage/msg/detail/header__struct.h: No such file or directory
 #include [01;31m[K"msg_manage/msg/detail/header__struct.h"[m[K
          [01;31m[K^~~~~~~~~~~~~~~~~~~~~~~~~~~~~~~~~~~~~~~~[m[K
compilation terminated.
make[2]: *** [CMakeFiles/msg_manage__rosidl_generator_c.dir/build.make:244: CMakeFiles/msg_manage__rosidl_generator_c.dir/rosidl_generator_c/msg_manage/msg/detail/vehicle__functions.c.o] Error 1
make[1]: *** [CMakeFiles/Makefile2:271: CMakeFiles/msg_manage__rosidl_generator_c.dir/all] Error 2
make[1]: *** Waiting for unfinished jobs....
In file included from [01m[K/home/jetson/Desktop/workspace_2/build/msg_manage/rosidl_typesupport_introspection_cpp/msg_manage/msg/detail/vehicle__type_support.cpp:12[m[K:
[01m[K/home/jetson/Desktop/workspace_2/build/msg_manage/rosidl_generator_cpp/msg_manage/msg/detail/vehicle__struct.hpp:19:10:[m[K [01;31m[Kfatal error: [m[Kmsg_manage/msg/detail/header__struct.hpp: No such file or directory
 #include [01;31m[K"msg_manage/msg/detail/header__struct.hpp"[m[K
          [01;31m[K^~~~~~~~~~~~~~~~~~~~~~~~~~~~~~~~~~~~~~~~~~[m[K
compilation terminated.
make[2]: *** [CMakeFiles/msg_manage__rosidl_typesupport_introspection_cpp.dir/build.make:185: CMakeFiles/msg_manage__rosidl_typesupport_introspection_cpp.dir/rosidl_typesupport_introspection_cpp/msg_manage/msg/detail/vehicle__type_support.cpp.o] Error 1
make[2]: *** Waiting for unfinished jobs....
make[1]: *** [CMakeFiles/Makefile2:526: CMakeFiles/msg_manage__rosidl_typesupport_introspection_cpp.dir/all] Error 2
In file included from [01m[K/home/jetson/Desktop/workspace_2/build/msg_manage/rosidl_typesupport_cpp/msg_manage/msg/vehicle__type_support.cpp:7[m[K:
[01m[K/home/jetson/Desktop/workspace_2/build/msg_manage/rosidl_generator_cpp/msg_manage/msg/detail/vehicle__struct.hpp:19:10:[m[K [01;31m[Kfatal error: [m[Kmsg_manage/msg/detail/header__struct.hpp: No such file or directory
 #include [01;31m[K"msg_manage/msg/detail/header__struct.hpp"[m[K
          [01;31m[K^~~~~~~~~~~~~~~~~~~~~~~~~~~~~~~~~~~~~~~~~~[m[K
compilation terminated.
make[2]: *** [CMakeFiles/msg_manage__rosidl_typesupport_cpp.dir/build.make:165: CMakeFiles/msg_manage__rosidl_typesupport_cpp.dir/rosidl_typesupport_cpp/msg_manage/msg/vehicle__type_support.cpp.o] Error 1
make[2]: *** Waiting for unfinished jobs....
In file included from [01m[K/home/jetson/Desktop/workspace_2/build/msg_manage/rosidl_typesupport_fastrtps_cpp/msg_manage/msg/detail/vehicle__rosidl_typesupport_fastrtps_cpp.hpp:11[m[K,
                 from [01m[K/home/jetson/Desktop/workspace_2/build/msg_manage/rosidl_typesupport_fastrtps_cpp/msg_manage/msg/detail/dds_fastrtps/vehicle__type_support.cpp:4[m[K:
[01m[K/home/jetson/Desktop/workspace_2/build/msg_manage/rosidl_generator_cpp/msg_manage/msg/detail/vehicle__struct.hpp:19:10:[m[K [01;31m[Kfatal error: [m[Kmsg_manage/msg/detail/header__struct.hpp: No such file or directory
 #include [01;31m[K"msg_manage/msg/detail/header__struct.hpp"[m[K
          [01;31m[K^~~~~~~~~~~~~~~~~~~~~~~~~~~~~~~~~~~~~~~~~~[m[K
compilation terminated.
make[2]: *** [CMakeFiles/msg_manage__rosidl_typesupport_fastrtps_cpp.dir/build.make:185: CMakeFiles/msg_manage__rosidl_typesupport_fastrtps_cpp.dir/rosidl_typesupport_fastrtps_cpp/msg_manage/msg/detail/dds_fastrtps/vehicle__type_support.cpp.o] Error 1
make[2]: *** Waiting for unfinished jobs....
make[1]: *** [CMakeFiles/Makefile2:499: CMakeFiles/msg_manage__rosidl_typesupport_cpp.dir/all] Error 2
make[1]: *** [CMakeFiles/Makefile2:418: CMakeFiles/msg_manage__rosidl_typesupport_fastrtps_cpp.dir/all] Error 2
make: *** [Makefile:141: all] Error 2
