[0.324s] Invoking command in '/home/jetson/Desktop/workspace_2/build/msg_manage': CMAKE_PREFIX_PATH=${CMAKE_PREFIX_PATH}:/home/jetson/Desktop/workspace_2/install/unity_slam_example:/home/jetson/Desktop/workspace_2/install/unity_robotics_demo:/home/jetson/Desktop/workspace_2/install/ros_tcp_endpoint:/home/jetson/Desktop/workspace_2/install/project_2:/opt/ros/foxy /usr/bin/cmake --build /home/jetson/Desktop/workspace_2/build/msg_manage -- -j4 -l4
[3.315s] -- Found ament_cmake: 0.9.9 (/home/jetson/ros2_foxy/ros2-linux/share/ament_cmake/cmake)
[3.315s] -- Found PythonInterp: /usr/bin/python3 (found suitable version "3.8.10", minimum required is "3") 
[3.316s] -- Using PYTHON_EXECUTABLE: /usr/bin/python3
[3.324s] -- Found ament_lint_auto: 0.9.6 (/home/jetson/ros2_foxy/ros2-linux/share/ament_lint_auto/cmake)
[3.324s] -- Found rosidl_default_generators: 1.0.1 (/home/jetson/ros2_foxy/ros2-linux/share/rosidl_default_generators/cmake)
[3.325s] -- Using all available rosidl_typesupport_c: rosidl_typesupport_fastrtps_c;rosidl_typesupport_introspection_c
[3.325s] -- Found rosidl_adapter: 1.2.1 (/home/jetson/ros2_foxy/ros2-linux/share/rosidl_adapter/cmake)
[3.326s] -- Using all available rosidl_typesupport_cpp: rosidl_typesupport_fastrtps_cpp;rosidl_typesupport_introspection_cpp
[3.326s] -- Found PythonInterp: /usr/bin/python3 (found version "3.8.10") 
[4.450s] -- Found ament_cmake_ros: 0.9.2 (/home/jetson/ros2_foxy/ros2-linux/share/ament_cmake_ros/cmake)
[5.346s] -- Using all available rosidl_typesupport_c: rosidl_typesupport_fastrtps_c;rosidl_typesupport_introspection_c
[5.507s] -- Using all available rosidl_typesupport_cpp: rosidl_typesupport_fastrtps_cpp;rosidl_typesupport_introspection_cpp
[5.674s] -- Found PythonInterp: /usr/bin/python3 (found suitable version "3.8.10", minimum required is "3.5") 
[5.678s] -- Found python_cmake_module: 0.8.1 (/home/jetson/ros2_foxy/ros2-linux/share/python_cmake_module/cmake)
[5.807s] -- Using PYTHON_EXECUTABLE: /usr/bin/python3
[5.808s] -- Using PYTHON_INCLUDE_DIRS: /usr/include/python3.8
[5.808s] -- Using PYTHON_LIBRARIES: /usr/lib/aarch64-linux-gnu/libpython3.8.so
[6.005s] -- Added test 'copyright' to check source files copyright and LICENSE
[6.025s] -- Added test 'lint_cmake' to check CMake code style
[6.037s] -- Added test 'xmllint' to check XML markup files
[6.120s] -- Configuring done
[6.592s] -- Generating done
[6.609s] -- Build files have been written to: /home/jetson/Desktop/workspace_2/build/msg_manage
[6.725s] [35m[1mScanning dependencies of target msg_manage__cpp[0m
[6.734s] [  1%] [34m[1mGenerating C code for ROS interfaces[0m
[6.800s] [  2%] [34m[1mGenerating C++ code for ROS interfaces[0m
[10.517s] [  2%] Built target msg_manage__cpp
[10.748s] [  4%] [34m[1mGenerating C++ introspection for ROS interfaces[0m
[10.753s] [  5%] [34m[1mGenerating C++ type support for eProsima Fast-RTPS[0m
[10.779s] [  7%] [34m[1mGenerating C++ type support dispatch for ROS interfaces[0m
[10.789s] [35m[1mScanning dependencies of target msg_manage__rosidl_generator_c[0m
[10.936s] [  8%] [32mBuilding C object CMakeFiles/msg_manage__rosidl_generator_c.dir/rosidl_generator_c/msg_manage/msg/detail/num__functions.c.o[0m
[11.636s] [  9%] [32mBuilding C object CMakeFiles/msg_manage__rosidl_generator_c.dir/rosidl_generator_c/msg_manage/msg/detail/motor2__functions.c.o[0m
[11.926s] [ 11%] [32mBuilding C object CMakeFiles/msg_manage__rosidl_generator_c.dir/rosidl_generator_c/msg_manage/srv/detail/add_three_ints__functions.c.o[0m
[12.232s] [ 12%] [32mBuilding C object CMakeFiles/msg_manage__rosidl_generator_c.dir/rosidl_generator_c/msg_manage/srv/detail/twist_srv__functions.c.o[0m
[12.581s] [ 14%] [32mBuilding C object CMakeFiles/msg_manage__rosidl_generator_c.dir/rosidl_generator_c/msg_manage/action/detail/testaction__functions.c.o[0m
[13.331s] [ 15%] [32mBuilding C object CMakeFiles/msg_manage__rosidl_generator_c.dir/rosidl_generator_c/msg_manage/msg/detail/vehicle__functions.c.o[0m
[13.457s] In file included from [01m[K/home/jetson/Desktop/workspace_2/build/msg_manage/rosidl_generator_c/msg_manage/msg/detail/vehicle__functions.h:19[m[K,
[13.458s]                  from [01m[K/home/jetson/Desktop/workspace_2/build/msg_manage/rosidl_generator_c/msg_manage/msg/detail/vehicle__functions.c:4[m[K:
[13.458s] [01m[K/home/jetson/Desktop/workspace_2/build/msg_manage/rosidl_generator_c/msg_manage/msg/detail/vehicle__struct.h:22:10:[m[K [01;31m[Kfatal error: [m[Kmsg_manage/msg/detail/header__struct.h: No such file or directory
[13.459s]  #include [01;31m[K"msg_manage/msg/detail/header__struct.h"[m[K
[13.459s]           [01;31m[K^~~~~~~~~~~~~~~~~~~~~~~~~~~~~~~~~~~~~~~~[m[K
[13.459s] compilation terminated.
[13.461s] make[2]: *** [CMakeFiles/msg_manage__rosidl_generator_c.dir/build.make:244: CMakeFiles/msg_manage__rosidl_generator_c.dir/rosidl_generator_c/msg_manage/msg/detail/vehicle__functions.c.o] Error 1
[13.462s] make[1]: *** [CMakeFiles/Makefile2:271: CMakeFiles/msg_manage__rosidl_generator_c.dir/all] Error 2
[13.462s] make[1]: *** Waiting for unfinished jobs....
[14.144s] [35m[1mScanning dependencies of target msg_manage__rosidl_typesupport_introspection_cpp[0m
[14.181s] [35m[1mScanning dependencies of target msg_manage__rosidl_typesupport_cpp[0m
[14.223s] [ 16%] [32mBuilding CXX object CMakeFiles/msg_manage__rosidl_typesupport_introspection_cpp.dir/rosidl_typesupport_introspection_cpp/msg_manage/msg/detail/num__type_support.cpp.o[0m
[14.241s] [ 18%] [32mBuilding CXX object CMakeFiles/msg_manage__rosidl_typesupport_introspection_cpp.dir/rosidl_typesupport_introspection_cpp/msg_manage/msg/detail/motor2__type_support.cpp.o[0m
[14.263s] [ 19%] [32mBuilding CXX object CMakeFiles/msg_manage__rosidl_typesupport_cpp.dir/rosidl_typesupport_cpp/msg_manage/msg/num__type_support.cpp.o[0m
[14.866s] [35m[1mScanning dependencies of target msg_manage__rosidl_typesupport_fastrtps_cpp[0m
[14.994s] [ 21%] [32mBuilding CXX object CMakeFiles/msg_manage__rosidl_typesupport_fastrtps_cpp.dir/rosidl_typesupport_fastrtps_cpp/msg_manage/msg/detail/dds_fastrtps/num__type_support.cpp.o[0m
[15.640s] [ 22%] [32mBuilding CXX object CMakeFiles/msg_manage__rosidl_typesupport_introspection_cpp.dir/rosidl_typesupport_introspection_cpp/msg_manage/srv/detail/add_three_ints__type_support.cpp.o[0m
[15.646s] [ 25%] [32mBuilding CXX object CMakeFiles/msg_manage__rosidl_typesupport_introspection_cpp.dir/rosidl_typesupport_introspection_cpp/msg_manage/srv/detail/twist_srv__type_support.cpp.o[0m
[15.647s] [ 25%] [32mBuilding CXX object CMakeFiles/msg_manage__rosidl_typesupport_cpp.dir/rosidl_typesupport_cpp/msg_manage/msg/motor2__type_support.cpp.o[0m
[16.684s] [ 26%] [32mBuilding CXX object CMakeFiles/msg_manage__rosidl_typesupport_cpp.dir/rosidl_typesupport_cpp/msg_manage/srv/add_three_ints__type_support.cpp.o[0m
[16.691s] [ 29%] [32mBuilding CXX object CMakeFiles/msg_manage__rosidl_typesupport_fastrtps_cpp.dir/rosidl_typesupport_fastrtps_cpp/msg_manage/msg/detail/dds_fastrtps/motor2__type_support.cpp.o[0m
[16.692s] [ 29%] [32mBuilding CXX object CMakeFiles/msg_manage__rosidl_typesupport_introspection_cpp.dir/rosidl_typesupport_introspection_cpp/msg_manage/action/detail/testaction__type_support.cpp.o[0m
[16.722s] [ 30%] [32mBuilding CXX object CMakeFiles/msg_manage__rosidl_typesupport_introspection_cpp.dir/rosidl_typesupport_introspection_cpp/msg_manage/msg/detail/vehicle__type_support.cpp.o[0m
[16.884s] In file included from [01m[K/home/jetson/Desktop/workspace_2/build/msg_manage/rosidl_typesupport_introspection_cpp/msg_manage/msg/detail/vehicle__type_support.cpp:12[m[K:
[16.885s] [01m[K/home/jetson/Desktop/workspace_2/build/msg_manage/rosidl_generator_cpp/msg_manage/msg/detail/vehicle__struct.hpp:19:10:[m[K [01;31m[Kfatal error: [m[Kmsg_manage/msg/detail/header__struct.hpp: No such file or directory
[16.885s]  #include [01;31m[K"msg_manage/msg/detail/header__struct.hpp"[m[K
[16.886s]           [01;31m[K^~~~~~~~~~~~~~~~~~~~~~~~~~~~~~~~~~~~~~~~~~[m[K
[16.886s] compilation terminated.
[16.890s] make[2]: *** [CMakeFiles/msg_manage__rosidl_typesupport_introspection_cpp.dir/build.make:185: CMakeFiles/msg_manage__rosidl_typesupport_introspection_cpp.dir/rosidl_typesupport_introspection_cpp/msg_manage/msg/detail/vehicle__type_support.cpp.o] Error 1
[16.891s] make[2]: *** Waiting for unfinished jobs....
[16.928s] [ 32%] [32mBuilding CXX object CMakeFiles/msg_manage__rosidl_typesupport_fastrtps_cpp.dir/rosidl_typesupport_fastrtps_cpp/msg_manage/srv/detail/dds_fastrtps/add_three_ints__type_support.cpp.o[0m
[17.739s] [ 33%] [32mBuilding CXX object CMakeFiles/msg_manage__rosidl_typesupport_cpp.dir/rosidl_typesupport_cpp/msg_manage/srv/twist_srv__type_support.cpp.o[0m
[18.108s] make[1]: *** [CMakeFiles/Makefile2:526: CMakeFiles/msg_manage__rosidl_typesupport_introspection_cpp.dir/all] Error 2
[18.151s] [ 35%] [32mBuilding CXX object CMakeFiles/msg_manage__rosidl_typesupport_cpp.dir/rosidl_typesupport_cpp/msg_manage/action/testaction__type_support.cpp.o[0m
[18.265s] [ 36%] [32mBuilding CXX object CMakeFiles/msg_manage__rosidl_typesupport_fastrtps_cpp.dir/rosidl_typesupport_fastrtps_cpp/msg_manage/srv/detail/dds_fastrtps/twist_srv__type_support.cpp.o[0m
[18.593s] [ 38%] [32mBuilding CXX object CMakeFiles/msg_manage__rosidl_typesupport_fastrtps_cpp.dir/rosidl_typesupport_fastrtps_cpp/msg_manage/action/detail/dds_fastrtps/testaction__type_support.cpp.o[0m
[18.838s] [ 39%] [32mBuilding CXX object CMakeFiles/msg_manage__rosidl_typesupport_cpp.dir/rosidl_typesupport_cpp/msg_manage/msg/vehicle__type_support.cpp.o[0m
[19.000s] In file included from [01m[K/home/jetson/Desktop/workspace_2/build/msg_manage/rosidl_typesupport_cpp/msg_manage/msg/vehicle__type_support.cpp:7[m[K:
[19.000s] [01m[K/home/jetson/Desktop/workspace_2/build/msg_manage/rosidl_generator_cpp/msg_manage/msg/detail/vehicle__struct.hpp:19:10:[m[K [01;31m[Kfatal error: [m[Kmsg_manage/msg/detail/header__struct.hpp: No such file or directory
[19.002s]  #include [01;31m[K"msg_manage/msg/detail/header__struct.hpp"[m[K
[19.003s]           [01;31m[K^~~~~~~~~~~~~~~~~~~~~~~~~~~~~~~~~~~~~~~~~~[m[K
[19.004s] compilation terminated.
[19.013s] make[2]: *** [CMakeFiles/msg_manage__rosidl_typesupport_cpp.dir/build.make:165: CMakeFiles/msg_manage__rosidl_typesupport_cpp.dir/rosidl_typesupport_cpp/msg_manage/msg/vehicle__type_support.cpp.o] Error 1
[19.015s] make[2]: *** Waiting for unfinished jobs....
[19.074s] [ 40%] [32mBuilding CXX object CMakeFiles/msg_manage__rosidl_typesupport_fastrtps_cpp.dir/rosidl_typesupport_fastrtps_cpp/msg_manage/msg/detail/dds_fastrtps/vehicle__type_support.cpp.o[0m
[19.259s] In file included from [01m[K/home/jetson/Desktop/workspace_2/build/msg_manage/rosidl_typesupport_fastrtps_cpp/msg_manage/msg/detail/vehicle__rosidl_typesupport_fastrtps_cpp.hpp:11[m[K,
[19.260s]                  from [01m[K/home/jetson/Desktop/workspace_2/build/msg_manage/rosidl_typesupport_fastrtps_cpp/msg_manage/msg/detail/dds_fastrtps/vehicle__type_support.cpp:4[m[K:
[19.261s] [01m[K/home/jetson/Desktop/workspace_2/build/msg_manage/rosidl_generator_cpp/msg_manage/msg/detail/vehicle__struct.hpp:19:10:[m[K [01;31m[Kfatal error: [m[Kmsg_manage/msg/detail/header__struct.hpp: No such file or directory
[19.262s]  #include [01;31m[K"msg_manage/msg/detail/header__struct.hpp"[m[K
[19.262s]           [01;31m[K^~~~~~~~~~~~~~~~~~~~~~~~~~~~~~~~~~~~~~~~~~[m[K
[19.263s] compilation terminated.
[19.272s] make[2]: *** [CMakeFiles/msg_manage__rosidl_typesupport_fastrtps_cpp.dir/build.make:185: CMakeFiles/msg_manage__rosidl_typesupport_fastrtps_cpp.dir/rosidl_typesupport_fastrtps_cpp/msg_manage/msg/detail/dds_fastrtps/vehicle__type_support.cpp.o] Error 1
[19.273s] make[2]: *** Waiting for unfinished jobs....
[19.359s] make[1]: *** [CMakeFiles/Makefile2:499: CMakeFiles/msg_manage__rosidl_typesupport_cpp.dir/all] Error 2
[20.525s] make[1]: *** [CMakeFiles/Makefile2:418: CMakeFiles/msg_manage__rosidl_typesupport_fastrtps_cpp.dir/all] Error 2
[20.526s] make: *** [Makefile:141: all] Error 2
[20.532s] Invoked command in '/home/jetson/Desktop/workspace_2/build/msg_manage' returned '2': CMAKE_PREFIX_PATH=${CMAKE_PREFIX_PATH}:/home/jetson/Desktop/workspace_2/install/unity_slam_example:/home/jetson/Desktop/workspace_2/install/unity_robotics_demo:/home/jetson/Desktop/workspace_2/install/ros_tcp_endpoint:/home/jetson/Desktop/workspace_2/install/project_2:/opt/ros/foxy /usr/bin/cmake --build /home/jetson/Desktop/workspace_2/build/msg_manage -- -j4 -l4
