[3.414s] Invoking command in '/home/jetson/Desktop/workspace_2/src/project_2': PYTHONPATH=/home/jetson/Desktop/workspace_2/install/project_2/lib/python3.8/site-packages:${PYTHONPATH} /usr/bin/python3 setup.py egg_info --egg-base ../../build/project_2 build --build-base /home/jetson/Desktop/workspace_2/build/project_2/build install --prefix /home/jetson/Desktop/workspace_2/install/project_2 --record /home/jetson/Desktop/workspace_2/build/project_2/install.log --single-version-externally-managed
[4.546s] /usr/local/lib/python3.8/dist-packages/setuptools/dist.py:717: UserWarning: Usage of dash-separated 'script-dir' will not be supported in future versions. Please use the underscore name 'script_dir' instead
[4.547s]   warnings.warn(
[4.548s] /usr/local/lib/python3.8/dist-packages/setuptools/dist.py:717: UserWarning: Usage of dash-separated 'install-scripts' will not be supported in future versions. Please use the underscore name 'install_scripts' instead
[4.548s]   warnings.warn(
[4.686s] running egg_info
[4.691s] writing ../../build/project_2/project_2.egg-info/PKG-INFO
[4.691s] writing dependency_links to ../../build/project_2/project_2.egg-info/dependency_links.txt
[4.692s] writing entry points to ../../build/project_2/project_2.egg-info/entry_points.txt
[4.692s] writing requirements to ../../build/project_2/project_2.egg-info/requires.txt
[4.693s] writing top-level names to ../../build/project_2/project_2.egg-info/top_level.txt
[4.705s] reading manifest file '../../build/project_2/project_2.egg-info/SOURCES.txt'
[4.710s] writing manifest file '../../build/project_2/project_2.egg-info/SOURCES.txt'
[4.711s] running build
[4.711s] running build_py
[4.713s] running install
[4.716s] running install_lib
[4.724s] running install_data
[4.727s] running install_egg_info
[4.733s] removing '/home/jetson/Desktop/workspace_2/install/project_2/lib/python3.8/site-packages/project_2-0.0.0-py3.8.egg-info' (and everything under it)
[4.734s] Copying ../../build/project_2/project_2.egg-info to /home/jetson/Desktop/workspace_2/install/project_2/lib/python3.8/site-packages/project_2-0.0.0-py3.8.egg-info
[4.738s] running install_scripts
[4.816s] Installing client script to /home/jetson/Desktop/workspace_2/install/project_2/lib/project_2
[4.817s] Installing client2 script to /home/jetson/Desktop/workspace_2/install/project_2/lib/project_2
[4.817s] Installing listener script to /home/jetson/Desktop/workspace_2/install/project_2/lib/project_2
[4.818s] Installing listener2 script to /home/jetson/Desktop/workspace_2/install/project_2/lib/project_2
[4.819s] Installing param_test script to /home/jetson/Desktop/workspace_2/install/project_2/lib/project_2
[4.819s] Installing service script to /home/jetson/Desktop/workspace_2/install/project_2/lib/project_2
[4.819s] Installing service2 script to /home/jetson/Desktop/workspace_2/install/project_2/lib/project_2
[4.820s] Installing talker script to /home/jetson/Desktop/workspace_2/install/project_2/lib/project_2
[4.821s] Installing talker2 script to /home/jetson/Desktop/workspace_2/install/project_2/lib/project_2
[4.821s] writing list of installed files to '/home/jetson/Desktop/workspace_2/build/project_2/install.log'
[4.927s] Invoked command in '/home/jetson/Desktop/workspace_2/src/project_2' returned '0': PYTHONPATH=/home/jetson/Desktop/workspace_2/install/project_2/lib/python3.8/site-packages:${PYTHONPATH} /usr/bin/python3 setup.py egg_info --egg-base ../../build/project_2 build --build-base /home/jetson/Desktop/workspace_2/build/project_2/build install --prefix /home/jetson/Desktop/workspace_2/install/project_2 --record /home/jetson/Desktop/workspace_2/build/project_2/install.log --single-version-externally-managed
