[0.090s] Invoking command in '/home/jetson/Desktop/workspace_2/build/msg_manage': CMAKE_PREFIX_PATH=${CMAKE_PREFIX_PATH}:/home/jetson/Desktop/workspace_2/install/unity_slam_example:/home/jetson/Desktop/workspace_2/install/unity_robotics_demo:/home/jetson/Desktop/workspace_2/install/ros_tcp_endpoint:/home/jetson/Desktop/workspace_2/install/project_2:/opt/ros/foxy /usr/bin/cmake --build /home/jetson/Desktop/workspace_2/build/msg_manage -- -j4 -l4
[0.212s] -- Found ament_cmake: 0.9.9 (/home/jetson/ros2_foxy/ros2-linux/share/ament_cmake/cmake)
[0.313s] -- Found PythonInterp: /usr/bin/python3 (found suitable version "3.8.10", minimum required is "3") 
[0.313s] -- Using PYTHON_EXECUTABLE: /usr/bin/python3
[1.386s] -- Found ament_lint_auto: 0.9.6 (/home/jetson/ros2_foxy/ros2-linux/share/ament_lint_auto/cmake)
[1.668s] -- Found rosidl_default_generators: 1.0.1 (/home/jetson/ros2_foxy/ros2-linux/share/rosidl_default_generators/cmake)
[1.682s] -- Using all available rosidl_typesupport_c: rosidl_typesupport_fastrtps_c;rosidl_typesupport_introspection_c
[1.698s] -- Found rosidl_adapter: 1.2.1 (/home/jetson/ros2_foxy/ros2-linux/share/rosidl_adapter/cmake)
[2.293s] -- Using all available rosidl_typesupport_cpp: rosidl_typesupport_fastrtps_cpp;rosidl_typesupport_introspection_cpp
[2.499s] -- Found PythonInterp: /usr/bin/python3 (found version "3.8.10") 
[3.177s] -- Found ament_cmake_ros: 0.9.2 (/home/jetson/ros2_foxy/ros2-linux/share/ament_cmake_ros/cmake)
[3.768s] -- Using all available rosidl_typesupport_c: rosidl_typesupport_fastrtps_c;rosidl_typesupport_introspection_c
[3.893s] -- Using all available rosidl_typesupport_cpp: rosidl_typesupport_fastrtps_cpp;rosidl_typesupport_introspection_cpp
[4.014s] -- Found PythonInterp: /usr/bin/python3 (found suitable version "3.8.10", minimum required is "3.5") 
[4.015s] -- Found python_cmake_module: 0.8.1 (/home/jetson/ros2_foxy/ros2-linux/share/python_cmake_module/cmake)
[4.122s] -- Using PYTHON_EXECUTABLE: /usr/bin/python3
[4.123s] -- Using PYTHON_INCLUDE_DIRS: /usr/include/python3.8
[4.123s] -- Using PYTHON_LIBRARIES: /usr/lib/aarch64-linux-gnu/libpython3.8.so
[4.250s] -- Added test 'copyright' to check source files copyright and LICENSE
[4.263s] -- Added test 'lint_cmake' to check CMake code style
[4.270s] -- Added test 'xmllint' to check XML markup files
[4.296s] -- Configuring done
[4.538s] -- Generating done
[4.554s] -- Build files have been written to: /home/jetson/Desktop/workspace_2/build/msg_manage
[4.676s] [  1%] [34m[1mGenerating C code for ROS interfaces[0m
[4.717s] [  3%] [34m[1mGenerating C++ code for ROS interfaces[0m
[7.443s] [  3%] Built target msg_manage__cpp
[7.504s] [  5%] [34m[1mGenerating C++ type support for eProsima Fast-RTPS[0m
[7.517s] [  7%] [34m[1mGenerating C++ introspection for ROS interfaces[0m
[7.534s] [35m[1mScanning dependencies of target msg_manage__rosidl_generator_c[0m
[7.536s] [  9%] [34m[1mGenerating C++ type support dispatch for ROS interfaces[0m
[7.590s] [ 10%] [32mBuilding C object CMakeFiles/msg_manage__rosidl_generator_c.dir/rosidl_generator_c/msg_manage/msg/detail/num__functions.c.o[0m
[7.751s] [ 12%] [32mBuilding C object CMakeFiles/msg_manage__rosidl_generator_c.dir/rosidl_generator_c/msg_manage/msg/detail/motor2__functions.c.o[0m
[7.805s] In file included from [01m[K/home/jetson/Desktop/workspace_2/build/msg_manage/rosidl_generator_c/msg_manage/msg/detail/motor2__functions.h:19[m[K,
[7.806s]                  from [01m[K/home/jetson/Desktop/workspace_2/build/msg_manage/rosidl_generator_c/msg_manage/msg/detail/motor2__functions.c:4[m[K:
[7.806s] [01m[K/home/jetson/Desktop/workspace_2/build/msg_manage/rosidl_generator_c/msg_manage/msg/detail/motor2__struct.h:22:10:[m[K [01;31m[Kfatal error: [m[Kmsg_manage/msg/detail/time__struct.h: No such file or directory
[7.807s]  #include [01;31m[K"msg_manage/msg/detail/time__struct.h"[m[K
[7.807s]           [01;31m[K^~~~~~~~~~~~~~~~~~~~~~~~~~~~~~~~~~~~~~[m[K
[7.808s] compilation terminated.
[7.811s] make[2]: *** [CMakeFiles/msg_manage__rosidl_generator_c.dir/build.make:160: CMakeFiles/msg_manage__rosidl_generator_c.dir/rosidl_generator_c/msg_manage/msg/detail/motor2__functions.c.o] Error 1
[7.812s] make[1]: *** [CMakeFiles/Makefile2:271: CMakeFiles/msg_manage__rosidl_generator_c.dir/all] Error 2
[7.812s] make[1]: *** Waiting for unfinished jobs....
[9.332s] [35m[1mScanning dependencies of target msg_manage__rosidl_typesupport_cpp[0m
[9.391s] [ 14%] [32mBuilding CXX object CMakeFiles/msg_manage__rosidl_typesupport_cpp.dir/rosidl_typesupport_cpp/msg_manage/msg/motor2__type_support.cpp.o[0m
[9.400s] [ 16%] [32mBuilding CXX object CMakeFiles/msg_manage__rosidl_typesupport_cpp.dir/rosidl_typesupport_cpp/msg_manage/msg/num__type_support.cpp.o[0m
[9.570s] In file included from [01m[K/home/jetson/Desktop/workspace_2/build/msg_manage/rosidl_typesupport_cpp/msg_manage/msg/motor2__type_support.cpp:7[m[K:
[9.571s] [01m[K/home/jetson/Desktop/workspace_2/build/msg_manage/rosidl_generator_cpp/msg_manage/msg/detail/motor2__struct.hpp:19:10:[m[K [01;31m[Kfatal error: [m[Kmsg_manage/msg/detail/time__struct.hpp: No such file or directory
[9.571s]  #include [01;31m[K"msg_manage/msg/detail/time__struct.hpp"[m[K
[9.572s]           [01;31m[K^~~~~~~~~~~~~~~~~~~~~~~~~~~~~~~~~~~~~~~~[m[K
[9.572s] compilation terminated.
[9.578s] make[2]: *** [CMakeFiles/msg_manage__rosidl_typesupport_cpp.dir/build.make:105: CMakeFiles/msg_manage__rosidl_typesupport_cpp.dir/rosidl_typesupport_cpp/msg_manage/msg/motor2__type_support.cpp.o] Error 1
[9.579s] make[2]: *** Waiting for unfinished jobs....
[9.748s] [35m[1mScanning dependencies of target msg_manage__rosidl_typesupport_introspection_cpp[0m
[9.813s] [ 18%] [32mBuilding CXX object CMakeFiles/msg_manage__rosidl_typesupport_introspection_cpp.dir/rosidl_typesupport_introspection_cpp/msg_manage/msg/detail/motor2__type_support.cpp.o[0m
[9.821s] [ 20%] [32mBuilding CXX object CMakeFiles/msg_manage__rosidl_typesupport_introspection_cpp.dir/rosidl_typesupport_introspection_cpp/msg_manage/msg/detail/num__type_support.cpp.o[0m
[9.998s] In file included from [01m[K/home/jetson/Desktop/workspace_2/build/msg_manage/rosidl_typesupport_introspection_cpp/msg_manage/msg/detail/motor2__type_support.cpp:12[m[K:
[9.999s] [01m[K/home/jetson/Desktop/workspace_2/build/msg_manage/rosidl_generator_cpp/msg_manage/msg/detail/motor2__struct.hpp:19:10:[m[K [01;31m[Kfatal error: [m[Kmsg_manage/msg/detail/time__struct.hpp: No such file or directory
[10.000s]  #include [01;31m[K"msg_manage/msg/detail/time__struct.hpp"[m[K
[10.000s]           [01;31m[K^~~~~~~~~~~~~~~~~~~~~~~~~~~~~~~~~~~~~~~~[m[K
[10.001s] compilation terminated.
[10.006s] make[2]: *** [CMakeFiles/msg_manage__rosidl_typesupport_introspection_cpp.dir/build.make:119: CMakeFiles/msg_manage__rosidl_typesupport_introspection_cpp.dir/rosidl_typesupport_introspection_cpp/msg_manage/msg/detail/motor2__type_support.cpp.o] Error 1
[10.007s] make[2]: *** Waiting for unfinished jobs....
[10.338s] [35m[1mScanning dependencies of target msg_manage__rosidl_typesupport_fastrtps_cpp[0m
[10.419s] [ 21%] [32mBuilding CXX object CMakeFiles/msg_manage__rosidl_typesupport_fastrtps_cpp.dir/rosidl_typesupport_fastrtps_cpp/msg_manage/msg/detail/dds_fastrtps/motor2__type_support.cpp.o[0m
[10.422s] [ 23%] [32mBuilding CXX object CMakeFiles/msg_manage__rosidl_typesupport_fastrtps_cpp.dir/rosidl_typesupport_fastrtps_cpp/msg_manage/msg/detail/dds_fastrtps/num__type_support.cpp.o[0m
[10.523s] make[1]: *** [CMakeFiles/Makefile2:499: CMakeFiles/msg_manage__rosidl_typesupport_cpp.dir/all] Error 2
[10.562s] [ 25%] [32mBuilding CXX object CMakeFiles/msg_manage__rosidl_typesupport_fastrtps_cpp.dir/rosidl_typesupport_fastrtps_cpp/msg_manage/srv/detail/dds_fastrtps/add_three_ints__type_support.cpp.o[0m
[10.599s] In file included from [01m[K/home/jetson/Desktop/workspace_2/build/msg_manage/rosidl_typesupport_fastrtps_cpp/msg_manage/msg/detail/motor2__rosidl_typesupport_fastrtps_cpp.hpp:11[m[K,
[10.600s]                  from [01m[K/home/jetson/Desktop/workspace_2/build/msg_manage/rosidl_typesupport_fastrtps_cpp/msg_manage/msg/detail/dds_fastrtps/motor2__type_support.cpp:4[m[K:
[10.600s] [01m[K/home/jetson/Desktop/workspace_2/build/msg_manage/rosidl_generator_cpp/msg_manage/msg/detail/motor2__struct.hpp:19:10:[m[K [01;31m[Kfatal error: [m[Kmsg_manage/msg/detail/time__struct.hpp: No such file or directory
[10.601s]  #include [01;31m[K"msg_manage/msg/detail/time__struct.hpp"[m[K
[10.601s]           [01;31m[K^~~~~~~~~~~~~~~~~~~~~~~~~~~~~~~~~~~~~~~~[m[K
[10.602s] compilation terminated.
[10.605s] make[2]: *** [CMakeFiles/msg_manage__rosidl_typesupport_fastrtps_cpp.dir/build.make:119: CMakeFiles/msg_manage__rosidl_typesupport_fastrtps_cpp.dir/rosidl_typesupport_fastrtps_cpp/msg_manage/msg/detail/dds_fastrtps/motor2__type_support.cpp.o] Error 1
[10.606s] make[2]: *** Waiting for unfinished jobs....
[10.900s] make[1]: *** [CMakeFiles/Makefile2:526: CMakeFiles/msg_manage__rosidl_typesupport_introspection_cpp.dir/all] Error 2
[12.112s] make[1]: *** [CMakeFiles/Makefile2:418: CMakeFiles/msg_manage__rosidl_typesupport_fastrtps_cpp.dir/all] Error 2
[12.114s] make: *** [Makefile:141: all] Error 2
[12.121s] Invoked command in '/home/jetson/Desktop/workspace_2/build/msg_manage' returned '2': CMAKE_PREFIX_PATH=${CMAKE_PREFIX_PATH}:/home/jetson/Desktop/workspace_2/install/unity_slam_example:/home/jetson/Desktop/workspace_2/install/unity_robotics_demo:/home/jetson/Desktop/workspace_2/install/ros_tcp_endpoint:/home/jetson/Desktop/workspace_2/install/project_2:/opt/ros/foxy /usr/bin/cmake --build /home/jetson/Desktop/workspace_2/build/msg_manage -- -j4 -l4
