[0.106s] Invoking command in '/home/jetson/Desktop/workspace_2/build/msg_manage': CMAKE_PREFIX_PATH=${CMAKE_PREFIX_PATH}:/home/jetson/Desktop/workspace_2/install/unity_slam_example:/home/jetson/Desktop/workspace_2/install/unity_robotics_demo:/home/jetson/Desktop/workspace_2/install/ros_tcp_endpoint:/home/jetson/Desktop/workspace_2/install/project_2:/opt/ros/foxy /usr/bin/cmake --build /home/jetson/Desktop/workspace_2/build/msg_manage -- -j4 -l4
[0.214s] -- Found ament_cmake: 0.9.9 (/home/jetson/ros2_foxy/ros2-linux/share/ament_cmake/cmake)
[0.314s] -- Found PythonInterp: /usr/bin/python3 (found suitable version "3.8.10", minimum required is "3") 
[0.315s] -- Using PYTHON_EXECUTABLE: /usr/bin/python3
[1.307s] -- Found ament_lint_auto: 0.9.6 (/home/jetson/ros2_foxy/ros2-linux/share/ament_lint_auto/cmake)
[1.587s] -- Found rosidl_default_generators: 1.0.1 (/home/jetson/ros2_foxy/ros2-linux/share/rosidl_default_generators/cmake)
[1.600s] -- Using all available rosidl_typesupport_c: rosidl_typesupport_fastrtps_c;rosidl_typesupport_introspection_c
[1.616s] -- Found rosidl_adapter: 1.2.1 (/home/jetson/ros2_foxy/ros2-linux/share/rosidl_adapter/cmake)
[2.214s] -- Using all available rosidl_typesupport_cpp: rosidl_typesupport_fastrtps_cpp;rosidl_typesupport_introspection_cpp
[2.416s] -- Found PythonInterp: /usr/bin/python3 (found version "3.8.10") 
[3.123s] -- Found ament_cmake_ros: 0.9.2 (/home/jetson/ros2_foxy/ros2-linux/share/ament_cmake_ros/cmake)
[3.717s] -- Using all available rosidl_typesupport_c: rosidl_typesupport_fastrtps_c;rosidl_typesupport_introspection_c
[3.844s] -- Using all available rosidl_typesupport_cpp: rosidl_typesupport_fastrtps_cpp;rosidl_typesupport_introspection_cpp
[3.966s] -- Found PythonInterp: /usr/bin/python3 (found suitable version "3.8.10", minimum required is "3.5") 
[3.969s] -- Found python_cmake_module: 0.8.1 (/home/jetson/ros2_foxy/ros2-linux/share/python_cmake_module/cmake)
[4.079s] -- Using PYTHON_EXECUTABLE: /usr/bin/python3
[4.079s] -- Using PYTHON_INCLUDE_DIRS: /usr/include/python3.8
[4.080s] -- Using PYTHON_LIBRARIES: /usr/lib/aarch64-linux-gnu/libpython3.8.so
[4.216s] -- Added test 'copyright' to check source files copyright and LICENSE
[4.229s] -- Added test 'lint_cmake' to check CMake code style
[4.237s] -- Added test 'xmllint' to check XML markup files
[4.277s] -- Configuring done
[4.593s] -- Generating done
[4.607s] -- Build files have been written to: /home/jetson/Desktop/workspace_2/build/msg_manage
[4.719s] [35m[1mScanning dependencies of target msg_manage__cpp[0m
[4.721s] [  1%] [34m[1mGenerating C code for ROS interfaces[0m
[4.764s] [  3%] [34m[1mGenerating C++ code for ROS interfaces[0m
[7.490s] [  3%] Built target msg_manage__cpp
[7.539s] [  7%] [34m[1mGenerating C++ introspection for ROS interfaces[0m
[7.539s] [  7%] [34m[1mGenerating C++ type support for eProsima Fast-RTPS[0m
[7.543s] [35m[1mScanning dependencies of target msg_manage__rosidl_generator_c[0m
[7.549s] [  9%] [34m[1mGenerating C++ type support dispatch for ROS interfaces[0m
[7.606s] [ 10%] [32mBuilding C object CMakeFiles/msg_manage__rosidl_generator_c.dir/rosidl_generator_c/msg_manage/msg/detail/num__functions.c.o[0m
[8.180s] [ 12%] [32mBuilding C object CMakeFiles/msg_manage__rosidl_generator_c.dir/rosidl_generator_c/msg_manage/msg/detail/motor2__functions.c.o[0m
[8.356s] [ 14%] [32mBuilding C object CMakeFiles/msg_manage__rosidl_generator_c.dir/rosidl_generator_c/msg_manage/srv/detail/add_three_ints__functions.c.o[0m
[8.544s] [ 16%] [32mBuilding C object CMakeFiles/msg_manage__rosidl_generator_c.dir/rosidl_generator_c/msg_manage/action/detail/testaction__functions.c.o[0m
[8.916s] [ 18%] [32m[1mLinking C shared library libmsg_manage__rosidl_generator_c.so[0m
[9.183s] [ 18%] Built target msg_manage__rosidl_generator_c
[9.235s] [ 20%] [34m[1mGenerating C introspection for ROS interfaces[0m
[9.524s] [35m[1mScanning dependencies of target msg_manage__rosidl_typesupport_cpp[0m
[9.583s] [ 21%] [32mBuilding CXX object CMakeFiles/msg_manage__rosidl_typesupport_cpp.dir/rosidl_typesupport_cpp/msg_manage/msg/num__type_support.cpp.o[0m
[9.947s] [35m[1mScanning dependencies of target msg_manage__rosidl_typesupport_introspection_cpp[0m
[10.030s] [ 23%] [32mBuilding CXX object CMakeFiles/msg_manage__rosidl_typesupport_introspection_cpp.dir/rosidl_typesupport_introspection_cpp/msg_manage/msg/detail/num__type_support.cpp.o[0m
[10.563s] [35m[1mScanning dependencies of target msg_manage__rosidl_typesupport_fastrtps_cpp[0m
[10.651s] [ 25%] [32mBuilding CXX object CMakeFiles/msg_manage__rosidl_typesupport_fastrtps_cpp.dir/rosidl_typesupport_fastrtps_cpp/msg_manage/msg/detail/dds_fastrtps/num__type_support.cpp.o[0m
[11.137s] [ 27%] [32mBuilding CXX object CMakeFiles/msg_manage__rosidl_typesupport_cpp.dir/rosidl_typesupport_cpp/msg_manage/msg/motor2__type_support.cpp.o[0m
[11.262s] [ 29%] [32mBuilding CXX object CMakeFiles/msg_manage__rosidl_typesupport_introspection_cpp.dir/rosidl_typesupport_introspection_cpp/msg_manage/msg/detail/motor2__type_support.cpp.o[0m
[11.872s] [35m[1mScanning dependencies of target msg_manage__rosidl_typesupport_introspection_c[0m
[12.037s] [ 30%] [32mBuilding C object CMakeFiles/msg_manage__rosidl_typesupport_introspection_c.dir/rosidl_typesupport_introspection_c/msg_manage/msg/detail/num__type_support.c.o[0m
[12.221s] [ 32%] [32mBuilding C object CMakeFiles/msg_manage__rosidl_typesupport_introspection_c.dir/rosidl_typesupport_introspection_c/msg_manage/msg/detail/motor2__type_support.c.o[0m
[12.268s] [ 34%] [32mBuilding CXX object CMakeFiles/msg_manage__rosidl_typesupport_cpp.dir/rosidl_typesupport_cpp/msg_manage/srv/add_three_ints__type_support.cpp.o[0m
[12.369s] [ 36%] [32mBuilding C object CMakeFiles/msg_manage__rosidl_typesupport_introspection_c.dir/rosidl_typesupport_introspection_c/msg_manage/srv/detail/add_three_ints__type_support.c.o[0m
[12.381s] [ 38%] [32mBuilding CXX object CMakeFiles/msg_manage__rosidl_typesupport_introspection_cpp.dir/rosidl_typesupport_introspection_cpp/msg_manage/srv/detail/add_three_ints__type_support.cpp.o[0m
[12.429s] [ 40%] [32mBuilding CXX object CMakeFiles/msg_manage__rosidl_typesupport_fastrtps_cpp.dir/rosidl_typesupport_fastrtps_cpp/msg_manage/msg/detail/dds_fastrtps/motor2__type_support.cpp.o[0m
[12.526s] [ 41%] [32mBuilding C object CMakeFiles/msg_manage__rosidl_typesupport_introspection_c.dir/rosidl_typesupport_introspection_c/msg_manage/action/detail/testaction__type_support.c.o[0m
[12.727s] [ 43%] [32m[1mLinking C shared library libmsg_manage__rosidl_typesupport_introspection_c.so[0m
[12.886s] [ 43%] Built target msg_manage__rosidl_typesupport_introspection_c
[12.926s] [ 45%] [32mBuilding CXX object CMakeFiles/msg_manage__rosidl_typesupport_fastrtps_cpp.dir/rosidl_typesupport_fastrtps_cpp/msg_manage/srv/detail/dds_fastrtps/add_three_ints__type_support.cpp.o[0m
[13.381s] [ 47%] [32mBuilding CXX object CMakeFiles/msg_manage__rosidl_typesupport_cpp.dir/rosidl_typesupport_cpp/msg_manage/action/testaction__type_support.cpp.o[0m
[13.489s] [ 49%] [32mBuilding CXX object CMakeFiles/msg_manage__rosidl_typesupport_introspection_cpp.dir/rosidl_typesupport_introspection_cpp/msg_manage/action/detail/testaction__type_support.cpp.o[0m
[14.058s] [ 50%] [34m[1mGenerating C type support dispatch for ROS interfaces[0m
[14.665s] [ 52%] [32mBuilding CXX object CMakeFiles/msg_manage__rosidl_typesupport_fastrtps_cpp.dir/rosidl_typesupport_fastrtps_cpp/msg_manage/action/detail/dds_fastrtps/testaction__type_support.cpp.o[0m
[14.716s] [ 54%] [32m[1mLinking CXX shared library libmsg_manage__rosidl_typesupport_cpp.so[0m
[14.929s] [ 54%] Built target msg_manage__rosidl_typesupport_cpp
[14.991s] [ 56%] [32m[1mLinking CXX shared library libmsg_manage__rosidl_typesupport_introspection_cpp.so[0m
[15.290s] [ 56%] Built target msg_manage__rosidl_typesupport_introspection_cpp
[15.953s] [35m[1mScanning dependencies of target msg_manage__rosidl_typesupport_c[0m
[16.015s] [ 58%] [32mBuilding CXX object CMakeFiles/msg_manage__rosidl_typesupport_c.dir/rosidl_typesupport_c/msg_manage/srv/add_three_ints__type_support.cpp.o[0m
[16.019s] [ 60%] [32mBuilding CXX object CMakeFiles/msg_manage__rosidl_typesupport_c.dir/rosidl_typesupport_c/msg_manage/msg/num__type_support.cpp.o[0m
[16.030s] [ 61%] [32mBuilding CXX object CMakeFiles/msg_manage__rosidl_typesupport_c.dir/rosidl_typesupport_c/msg_manage/msg/motor2__type_support.cpp.o[0m
[16.187s] [ 63%] [32mBuilding CXX object CMakeFiles/msg_manage__rosidl_typesupport_c.dir/rosidl_typesupport_c/msg_manage/action/testaction__type_support.cpp.o[0m
[16.410s] [ 65%] [32m[1mLinking CXX shared library libmsg_manage__rosidl_typesupport_c.so[0m
[16.571s] [ 65%] Built target msg_manage__rosidl_typesupport_c
[16.742s] [ 67%] [32m[1mLinking CXX shared library libmsg_manage__rosidl_typesupport_fastrtps_cpp.so[0m
[17.156s] [ 67%] Built target msg_manage__rosidl_typesupport_fastrtps_cpp
[17.202s] [ 69%] [34m[1mGenerating C type support for eProsima Fast-RTPS[0m
[19.639s] [35m[1mScanning dependencies of target msg_manage__rosidl_typesupport_fastrtps_c[0m
[19.729s] [ 70%] [32mBuilding CXX object CMakeFiles/msg_manage__rosidl_typesupport_fastrtps_c.dir/rosidl_typesupport_fastrtps_c/msg_manage/msg/detail/num__type_support_c.cpp.o[0m
[19.739s] [ 72%] [32mBuilding CXX object CMakeFiles/msg_manage__rosidl_typesupport_fastrtps_c.dir/rosidl_typesupport_fastrtps_c/msg_manage/msg/detail/motor2__type_support_c.cpp.o[0m
[19.742s] [ 76%] [32mBuilding CXX object CMakeFiles/msg_manage__rosidl_typesupport_fastrtps_c.dir/rosidl_typesupport_fastrtps_c/msg_manage/srv/detail/add_three_ints__type_support_c.cpp.o[0m
[19.742s] [ 76%] [32mBuilding CXX object CMakeFiles/msg_manage__rosidl_typesupport_fastrtps_c.dir/rosidl_typesupport_fastrtps_c/msg_manage/action/detail/testaction__type_support_c.cpp.o[0m
[21.534s] [ 78%] [32m[1mLinking CXX shared library libmsg_manage__rosidl_typesupport_fastrtps_c.so[0m
[21.888s] [ 78%] Built target msg_manage__rosidl_typesupport_fastrtps_c
[21.999s] [ 78%] Built target msg_manage
[22.052s] [35m[1mScanning dependencies of target msg_manage__py[0m
[22.117s] [ 80%] [34m[1mGenerating Python code for ROS interfaces[0m
[29.122s] [ 80%] Built target msg_manage__py
[29.180s] [35m[1mScanning dependencies of target msg_manage__python[0m
[29.276s] [ 81%] [32mBuilding C object CMakeFiles/msg_manage__python.dir/rosidl_generator_py/msg_manage/msg/_num_s.c.o[0m
[29.291s] [ 83%] [32mBuilding C object CMakeFiles/msg_manage__python.dir/rosidl_generator_py/msg_manage/msg/_motor2_s.c.o[0m
[29.303s] [ 85%] [32mBuilding C object CMakeFiles/msg_manage__python.dir/rosidl_generator_py/msg_manage/srv/_add_three_ints_s.c.o[0m
[29.316s] [ 87%] [32mBuilding C object CMakeFiles/msg_manage__python.dir/rosidl_generator_py/msg_manage/action/_testaction_s.c.o[0m
[30.036s] [ 89%] [32m[1mLinking C shared library rosidl_generator_py/msg_manage/libmsg_manage__python.so[0m
[30.249s] [ 89%] Built target msg_manage__python
[30.320s] [35m[1mScanning dependencies of target msg_manage__rosidl_typesupport_introspection_c__pyext[0m
[30.341s] [35m[1mScanning dependencies of target msg_manage__rosidl_typesupport_c__pyext[0m
[30.369s] [35m[1mScanning dependencies of target msg_manage__rosidl_typesupport_fastrtps_c__pyext[0m
[30.446s] [ 90%] [32mBuilding C object CMakeFiles/msg_manage__rosidl_typesupport_introspection_c__pyext.dir/rosidl_generator_py/msg_manage/_msg_manage_s.ep.rosidl_typesupport_introspection_c.c.o[0m
[30.470s] [ 92%] [32mBuilding C object CMakeFiles/msg_manage__rosidl_typesupport_c__pyext.dir/rosidl_generator_py/msg_manage/_msg_manage_s.ep.rosidl_typesupport_c.c.o[0m
[30.557s] [ 94%] [32mBuilding C object CMakeFiles/msg_manage__rosidl_typesupport_fastrtps_c__pyext.dir/rosidl_generator_py/msg_manage/_msg_manage_s.ep.rosidl_typesupport_fastrtps_c.c.o[0m
[31.167s] [ 96%] [32m[1mLinking C shared library rosidl_generator_py/msg_manage/msg_manage_s__rosidl_typesupport_introspection_c.cpython-38-aarch64-linux-gnu.so[0m
[31.277s] [ 98%] [32m[1mLinking C shared library rosidl_generator_py/msg_manage/msg_manage_s__rosidl_typesupport_c.cpython-38-aarch64-linux-gnu.so[0m
[31.347s] [100%] [32m[1mLinking CXX shared library rosidl_generator_py/msg_manage/msg_manage_s__rosidl_typesupport_fastrtps_c.cpython-38-aarch64-linux-gnu.so[0m
[31.490s] [100%] Built target msg_manage__rosidl_typesupport_introspection_c__pyext
[31.586s] [100%] Built target msg_manage__rosidl_typesupport_c__pyext
[31.835s] [100%] Built target msg_manage__rosidl_typesupport_fastrtps_c__pyext
[31.906s] Invoked command in '/home/jetson/Desktop/workspace_2/build/msg_manage' returned '0': CMAKE_PREFIX_PATH=${CMAKE_PREFIX_PATH}:/home/jetson/Desktop/workspace_2/install/unity_slam_example:/home/jetson/Desktop/workspace_2/install/unity_robotics_demo:/home/jetson/Desktop/workspace_2/install/ros_tcp_endpoint:/home/jetson/Desktop/workspace_2/install/project_2:/opt/ros/foxy /usr/bin/cmake --build /home/jetson/Desktop/workspace_2/build/msg_manage -- -j4 -l4
[32.513s] Invoking command in '/home/jetson/Desktop/workspace_2/build/msg_manage': CMAKE_PREFIX_PATH=${CMAKE_PREFIX_PATH}:/home/jetson/Desktop/workspace_2/install/unity_slam_example:/home/jetson/Desktop/workspace_2/install/unity_robotics_demo:/home/jetson/Desktop/workspace_2/install/ros_tcp_endpoint:/home/jetson/Desktop/workspace_2/install/project_2:/opt/ros/foxy /usr/bin/cmake --install /home/jetson/Desktop/workspace_2/build/msg_manage
[32.565s] -- Install configuration: ""
[32.566s] -- Installing: /home/jetson/Desktop/workspace_2/install/msg_manage/share/ament_index/resource_index/rosidl_interfaces/msg_manage
[32.567s] -- Up-to-date: /home/jetson/Desktop/workspace_2/install/msg_manage/include/msg_manage
[32.567s] -- Up-to-date: /home/jetson/Desktop/workspace_2/install/msg_manage/include/msg_manage/srv
[32.568s] -- Installing: /home/jetson/Desktop/workspace_2/install/msg_manage/include/msg_manage/srv/add_three_ints.h
[32.568s] -- Up-to-date: /home/jetson/Desktop/workspace_2/install/msg_manage/include/msg_manage/srv/detail
[32.569s] -- Installing: /home/jetson/Desktop/workspace_2/install/msg_manage/include/msg_manage/srv/detail/add_three_ints__type_support.h
[32.570s] -- Installing: /home/jetson/Desktop/workspace_2/install/msg_manage/include/msg_manage/srv/detail/add_three_ints__struct.h
[32.570s] -- Installing: /home/jetson/Desktop/workspace_2/install/msg_manage/include/msg_manage/srv/detail/add_three_ints__functions.c
[32.572s] -- Installing: /home/jetson/Desktop/workspace_2/install/msg_manage/include/msg_manage/srv/detail/add_three_ints__functions.h
[32.572s] -- Up-to-date: /home/jetson/Desktop/workspace_2/install/msg_manage/include/msg_manage/action
[32.573s] -- Up-to-date: /home/jetson/Desktop/workspace_2/install/msg_manage/include/msg_manage/action/detail
[32.574s] -- Installing: /home/jetson/Desktop/workspace_2/install/msg_manage/include/msg_manage/action/detail/testaction__functions.h
[32.574s] -- Installing: /home/jetson/Desktop/workspace_2/install/msg_manage/include/msg_manage/action/detail/testaction__struct.h
[32.575s] -- Installing: /home/jetson/Desktop/workspace_2/install/msg_manage/include/msg_manage/action/detail/testaction__type_support.h
[32.575s] -- Installing: /home/jetson/Desktop/workspace_2/install/msg_manage/include/msg_manage/action/detail/testaction__functions.c
[32.575s] -- Installing: /home/jetson/Desktop/workspace_2/install/msg_manage/include/msg_manage/action/testaction.h
[32.576s] -- Up-to-date: /home/jetson/Desktop/workspace_2/install/msg_manage/include/msg_manage/msg
[32.576s] -- Up-to-date: /home/jetson/Desktop/workspace_2/install/msg_manage/include/msg_manage/msg/detail
[32.578s] -- Installing: /home/jetson/Desktop/workspace_2/install/msg_manage/include/msg_manage/msg/detail/num__struct.h
[32.578s] -- Installing: /home/jetson/Desktop/workspace_2/install/msg_manage/include/msg_manage/msg/detail/num__type_support.h
[32.579s] -- Installing: /home/jetson/Desktop/workspace_2/install/msg_manage/include/msg_manage/msg/detail/motor2__struct.h
[32.580s] -- Installing: /home/jetson/Desktop/workspace_2/install/msg_manage/include/msg_manage/msg/detail/motor2__type_support.h
[32.581s] -- Installing: /home/jetson/Desktop/workspace_2/install/msg_manage/include/msg_manage/msg/detail/motor2__functions.h
[32.582s] -- Installing: /home/jetson/Desktop/workspace_2/install/msg_manage/include/msg_manage/msg/detail/num__functions.c
[32.583s] -- Installing: /home/jetson/Desktop/workspace_2/install/msg_manage/include/msg_manage/msg/detail/motor2__functions.c
[32.584s] -- Installing: /home/jetson/Desktop/workspace_2/install/msg_manage/include/msg_manage/msg/detail/num__functions.h
[32.585s] -- Installing: /home/jetson/Desktop/workspace_2/install/msg_manage/include/msg_manage/msg/motor2.h
[32.586s] -- Installing: /home/jetson/Desktop/workspace_2/install/msg_manage/include/msg_manage/msg/num.h
[32.586s] -- Up-to-date: /home/jetson/Desktop/workspace_2/install/msg_manage/include/msg_manage/msg/rosidl_generator_c__visibility_control.h
[32.587s] -- Up-to-date: /home/jetson/Desktop/workspace_2/install/msg_manage/share/msg_manage/environment/library_path.sh
[32.588s] -- Installing: /home/jetson/Desktop/workspace_2/install/msg_manage/share/msg_manage/environment/library_path.dsv
[32.588s] -- Installing: /home/jetson/Desktop/workspace_2/install/msg_manage/lib/libmsg_manage__rosidl_generator_c.so
[32.589s] -- Set runtime path of "/home/jetson/Desktop/workspace_2/install/msg_manage/lib/libmsg_manage__rosidl_generator_c.so" to ""
[32.590s] -- Up-to-date: /home/jetson/Desktop/workspace_2/install/msg_manage/include/msg_manage
[32.590s] -- Up-to-date: /home/jetson/Desktop/workspace_2/install/msg_manage/include/msg_manage/srv
[32.591s] -- Up-to-date: /home/jetson/Desktop/workspace_2/install/msg_manage/include/msg_manage/srv/detail
[32.591s] -- Installing: /home/jetson/Desktop/workspace_2/install/msg_manage/include/msg_manage/srv/detail/add_three_ints__rosidl_typesupport_fastrtps_c.h
[32.591s] -- Up-to-date: /home/jetson/Desktop/workspace_2/install/msg_manage/include/msg_manage/action
[32.592s] -- Up-to-date: /home/jetson/Desktop/workspace_2/install/msg_manage/include/msg_manage/action/detail
[32.592s] -- Installing: /home/jetson/Desktop/workspace_2/install/msg_manage/include/msg_manage/action/detail/testaction__rosidl_typesupport_fastrtps_c.h
[32.594s] -- Up-to-date: /home/jetson/Desktop/workspace_2/install/msg_manage/include/msg_manage/msg
[32.594s] -- Up-to-date: /home/jetson/Desktop/workspace_2/install/msg_manage/include/msg_manage/msg/detail
[32.595s] -- Installing: /home/jetson/Desktop/workspace_2/install/msg_manage/include/msg_manage/msg/detail/num__rosidl_typesupport_fastrtps_c.h
[32.596s] -- Installing: /home/jetson/Desktop/workspace_2/install/msg_manage/include/msg_manage/msg/detail/motor2__rosidl_typesupport_fastrtps_c.h
[32.597s] -- Up-to-date: /home/jetson/Desktop/workspace_2/install/msg_manage/include/msg_manage/msg/rosidl_typesupport_fastrtps_c__visibility_control.h
[32.598s] -- Installing: /home/jetson/Desktop/workspace_2/install/msg_manage/lib/libmsg_manage__rosidl_typesupport_fastrtps_c.so
[32.598s] -- Set runtime path of "/home/jetson/Desktop/workspace_2/install/msg_manage/lib/libmsg_manage__rosidl_typesupport_fastrtps_c.so" to ""
[32.599s] -- Up-to-date: /home/jetson/Desktop/workspace_2/install/msg_manage/include/msg_manage
[32.600s] -- Up-to-date: /home/jetson/Desktop/workspace_2/install/msg_manage/include/msg_manage/srv
[32.600s] -- Up-to-date: /home/jetson/Desktop/workspace_2/install/msg_manage/include/msg_manage/srv/detail
[32.602s] -- Up-to-date: /home/jetson/Desktop/workspace_2/install/msg_manage/include/msg_manage/srv/detail/dds_fastrtps
[32.602s] -- Installing: /home/jetson/Desktop/workspace_2/install/msg_manage/include/msg_manage/srv/detail/add_three_ints__rosidl_typesupport_fastrtps_cpp.hpp
[32.603s] -- Up-to-date: /home/jetson/Desktop/workspace_2/install/msg_manage/include/msg_manage/action
[32.603s] -- Up-to-date: /home/jetson/Desktop/workspace_2/install/msg_manage/include/msg_manage/action/detail
[32.604s] -- Installing: /home/jetson/Desktop/workspace_2/install/msg_manage/include/msg_manage/action/detail/testaction__rosidl_typesupport_fastrtps_cpp.hpp
[32.604s] -- Up-to-date: /home/jetson/Desktop/workspace_2/install/msg_manage/include/msg_manage/action/detail/dds_fastrtps
[32.605s] -- Up-to-date: /home/jetson/Desktop/workspace_2/install/msg_manage/include/msg_manage/msg
[32.605s] -- Up-to-date: /home/jetson/Desktop/workspace_2/install/msg_manage/include/msg_manage/msg/detail
[32.607s] -- Installing: /home/jetson/Desktop/workspace_2/install/msg_manage/include/msg_manage/msg/detail/num__rosidl_typesupport_fastrtps_cpp.hpp
[32.607s] -- Installing: /home/jetson/Desktop/workspace_2/install/msg_manage/include/msg_manage/msg/detail/motor2__rosidl_typesupport_fastrtps_cpp.hpp
[32.608s] -- Up-to-date: /home/jetson/Desktop/workspace_2/install/msg_manage/include/msg_manage/msg/detail/dds_fastrtps
[32.609s] -- Up-to-date: /home/jetson/Desktop/workspace_2/install/msg_manage/include/msg_manage/msg/rosidl_typesupport_fastrtps_cpp__visibility_control.h
[32.610s] -- Installing: /home/jetson/Desktop/workspace_2/install/msg_manage/lib/libmsg_manage__rosidl_typesupport_fastrtps_cpp.so
[32.611s] -- Set runtime path of "/home/jetson/Desktop/workspace_2/install/msg_manage/lib/libmsg_manage__rosidl_typesupport_fastrtps_cpp.so" to ""
[32.612s] -- Up-to-date: /home/jetson/Desktop/workspace_2/install/msg_manage/include/msg_manage
[32.613s] -- Up-to-date: /home/jetson/Desktop/workspace_2/install/msg_manage/include/msg_manage/srv
[32.614s] -- Up-to-date: /home/jetson/Desktop/workspace_2/install/msg_manage/include/msg_manage/srv/detail
[32.614s] -- Installing: /home/jetson/Desktop/workspace_2/install/msg_manage/include/msg_manage/srv/detail/add_three_ints__rosidl_typesupport_introspection_c.h
[32.618s] -- Installing: /home/jetson/Desktop/workspace_2/install/msg_manage/include/msg_manage/srv/detail/add_three_ints__type_support.c
[32.620s] -- Up-to-date: /home/jetson/Desktop/workspace_2/install/msg_manage/include/msg_manage/action
[32.620s] -- Up-to-date: /home/jetson/Desktop/workspace_2/install/msg_manage/include/msg_manage/action/detail
[32.621s] -- Installing: /home/jetson/Desktop/workspace_2/install/msg_manage/include/msg_manage/action/detail/testaction__rosidl_typesupport_introspection_c.h
[32.622s] -- Installing: /home/jetson/Desktop/workspace_2/install/msg_manage/include/msg_manage/action/detail/testaction__type_support.c
[32.623s] -- Up-to-date: /home/jetson/Desktop/workspace_2/install/msg_manage/include/msg_manage/msg
[32.623s] -- Up-to-date: /home/jetson/Desktop/workspace_2/install/msg_manage/include/msg_manage/msg/detail
[32.624s] -- Installing: /home/jetson/Desktop/workspace_2/install/msg_manage/include/msg_manage/msg/detail/motor2__rosidl_typesupport_introspection_c.h
[32.624s] -- Installing: /home/jetson/Desktop/workspace_2/install/msg_manage/include/msg_manage/msg/detail/num__rosidl_typesupport_introspection_c.h
[32.625s] -- Installing: /home/jetson/Desktop/workspace_2/install/msg_manage/include/msg_manage/msg/detail/motor2__type_support.c
[32.627s] -- Installing: /home/jetson/Desktop/workspace_2/install/msg_manage/include/msg_manage/msg/detail/num__type_support.c
[32.628s] -- Up-to-date: /home/jetson/Desktop/workspace_2/install/msg_manage/include/msg_manage/msg/rosidl_typesupport_introspection_c__visibility_control.h
[32.628s] -- Installing: /home/jetson/Desktop/workspace_2/install/msg_manage/lib/libmsg_manage__rosidl_typesupport_introspection_c.so
[32.629s] -- Set runtime path of "/home/jetson/Desktop/workspace_2/install/msg_manage/lib/libmsg_manage__rosidl_typesupport_introspection_c.so" to ""
[32.631s] -- Installing: /home/jetson/Desktop/workspace_2/install/msg_manage/lib/libmsg_manage__rosidl_typesupport_c.so
[32.632s] -- Set runtime path of "/home/jetson/Desktop/workspace_2/install/msg_manage/lib/libmsg_manage__rosidl_typesupport_c.so" to ""
[32.634s] -- Up-to-date: /home/jetson/Desktop/workspace_2/install/msg_manage/include/msg_manage
[32.634s] -- Up-to-date: /home/jetson/Desktop/workspace_2/install/msg_manage/include/msg_manage/srv
[32.635s] -- Up-to-date: /home/jetson/Desktop/workspace_2/install/msg_manage/include/msg_manage/srv/detail
[32.636s] -- Installing: /home/jetson/Desktop/workspace_2/install/msg_manage/include/msg_manage/srv/detail/add_three_ints__traits.hpp
[32.637s] -- Installing: /home/jetson/Desktop/workspace_2/install/msg_manage/include/msg_manage/srv/detail/add_three_ints__builder.hpp
[32.639s] -- Installing: /home/jetson/Desktop/workspace_2/install/msg_manage/include/msg_manage/srv/detail/add_three_ints__struct.hpp
[32.640s] -- Installing: /home/jetson/Desktop/workspace_2/install/msg_manage/include/msg_manage/srv/add_three_ints.hpp
[32.640s] -- Up-to-date: /home/jetson/Desktop/workspace_2/install/msg_manage/include/msg_manage/action
[32.648s] -- Up-to-date: /home/jetson/Desktop/workspace_2/install/msg_manage/include/msg_manage/action/detail
[32.650s] -- Installing: /home/jetson/Desktop/workspace_2/install/msg_manage/include/msg_manage/action/detail/testaction__traits.hpp
[32.651s] -- Installing: /home/jetson/Desktop/workspace_2/install/msg_manage/include/msg_manage/action/detail/testaction__struct.hpp
[32.652s] -- Installing: /home/jetson/Desktop/workspace_2/install/msg_manage/include/msg_manage/action/detail/testaction__builder.hpp
[32.652s] -- Installing: /home/jetson/Desktop/workspace_2/install/msg_manage/include/msg_manage/action/testaction.hpp
[32.653s] -- Up-to-date: /home/jetson/Desktop/workspace_2/install/msg_manage/include/msg_manage/msg
[32.653s] -- Installing: /home/jetson/Desktop/workspace_2/install/msg_manage/include/msg_manage/msg/num.hpp
[32.654s] -- Up-to-date: /home/jetson/Desktop/workspace_2/install/msg_manage/include/msg_manage/msg/detail
[32.654s] -- Installing: /home/jetson/Desktop/workspace_2/install/msg_manage/include/msg_manage/msg/detail/num__builder.hpp
[32.655s] -- Installing: /home/jetson/Desktop/workspace_2/install/msg_manage/include/msg_manage/msg/detail/num__traits.hpp
[32.656s] -- Installing: /home/jetson/Desktop/workspace_2/install/msg_manage/include/msg_manage/msg/detail/motor2__builder.hpp
[32.656s] -- Installing: /home/jetson/Desktop/workspace_2/install/msg_manage/include/msg_manage/msg/detail/num__struct.hpp
[32.657s] -- Installing: /home/jetson/Desktop/workspace_2/install/msg_manage/include/msg_manage/msg/detail/motor2__traits.hpp
[32.659s] -- Installing: /home/jetson/Desktop/workspace_2/install/msg_manage/include/msg_manage/msg/detail/motor2__struct.hpp
[32.659s] -- Installing: /home/jetson/Desktop/workspace_2/install/msg_manage/include/msg_manage/msg/motor2.hpp
[32.660s] -- Up-to-date: /home/jetson/Desktop/workspace_2/install/msg_manage/include/msg_manage
[32.660s] -- Up-to-date: /home/jetson/Desktop/workspace_2/install/msg_manage/include/msg_manage/srv
[32.661s] -- Up-to-date: /home/jetson/Desktop/workspace_2/install/msg_manage/include/msg_manage/srv/detail
[32.662s] -- Installing: /home/jetson/Desktop/workspace_2/install/msg_manage/include/msg_manage/srv/detail/add_three_ints__type_support.cpp
[32.690s] -- Installing: /home/jetson/Desktop/workspace_2/install/msg_manage/include/msg_manage/srv/detail/add_three_ints__rosidl_typesupport_introspection_cpp.hpp
[32.692s] -- Up-to-date: /home/jetson/Desktop/workspace_2/install/msg_manage/include/msg_manage/action
[32.696s] -- Up-to-date: /home/jetson/Desktop/workspace_2/install/msg_manage/include/msg_manage/action/detail
[32.697s] -- Installing: /home/jetson/Desktop/workspace_2/install/msg_manage/include/msg_manage/action/detail/testaction__type_support.cpp
[32.698s] -- Installing: /home/jetson/Desktop/workspace_2/install/msg_manage/include/msg_manage/action/detail/testaction__rosidl_typesupport_introspection_cpp.hpp
[32.698s] -- Up-to-date: /home/jetson/Desktop/workspace_2/install/msg_manage/include/msg_manage/msg
[32.699s] -- Up-to-date: /home/jetson/Desktop/workspace_2/install/msg_manage/include/msg_manage/msg/detail
[32.700s] -- Installing: /home/jetson/Desktop/workspace_2/install/msg_manage/include/msg_manage/msg/detail/num__rosidl_typesupport_introspection_cpp.hpp
[32.700s] -- Installing: /home/jetson/Desktop/workspace_2/install/msg_manage/include/msg_manage/msg/detail/motor2__rosidl_typesupport_introspection_cpp.hpp
[32.701s] -- Installing: /home/jetson/Desktop/workspace_2/install/msg_manage/include/msg_manage/msg/detail/motor2__type_support.cpp
[32.708s] -- Installing: /home/jetson/Desktop/workspace_2/install/msg_manage/include/msg_manage/msg/detail/num__type_support.cpp
[32.708s] -- Installing: /home/jetson/Desktop/workspace_2/install/msg_manage/lib/libmsg_manage__rosidl_typesupport_introspection_cpp.so
[32.709s] -- Set runtime path of "/home/jetson/Desktop/workspace_2/install/msg_manage/lib/libmsg_manage__rosidl_typesupport_introspection_cpp.so" to ""
[32.710s] -- Installing: /home/jetson/Desktop/workspace_2/install/msg_manage/lib/libmsg_manage__rosidl_typesupport_cpp.so
[32.732s] -- Set runtime path of "/home/jetson/Desktop/workspace_2/install/msg_manage/lib/libmsg_manage__rosidl_typesupport_cpp.so" to ""
[32.733s] -- Up-to-date: /home/jetson/Desktop/workspace_2/install/msg_manage/share/msg_manage/environment/pythonpath.sh
[32.734s] -- Installing: /home/jetson/Desktop/workspace_2/install/msg_manage/share/msg_manage/environment/pythonpath.dsv
[32.734s] -- Installing: /home/jetson/Desktop/workspace_2/install/msg_manage/lib/python3.8/site-packages/msg_manage/__init__.py
[32.960s] Compiling '/home/jetson/Desktop/workspace_2/install/msg_manage/lib/python3.8/site-packages/msg_manage/__init__.py'...
[33.004s] -- Up-to-date: /home/jetson/Desktop/workspace_2/install/msg_manage/lib/python3.8/site-packages/msg_manage/msg
[33.007s] -- Installing: /home/jetson/Desktop/workspace_2/install/msg_manage/lib/python3.8/site-packages/msg_manage/msg/_motor2_s.c
[33.013s] -- Installing: /home/jetson/Desktop/workspace_2/install/msg_manage/lib/python3.8/site-packages/msg_manage/msg/__init__.py
[33.017s] -- Installing: /home/jetson/Desktop/workspace_2/install/msg_manage/lib/python3.8/site-packages/msg_manage/msg/_motor2.py
[33.018s] -- Installing: /home/jetson/Desktop/workspace_2/install/msg_manage/lib/python3.8/site-packages/msg_manage/msg/_num.py
[33.019s] -- Installing: /home/jetson/Desktop/workspace_2/install/msg_manage/lib/python3.8/site-packages/msg_manage/msg/_num_s.c
[33.019s] -- Up-to-date: /home/jetson/Desktop/workspace_2/install/msg_manage/lib/python3.8/site-packages/msg_manage/srv
[33.020s] -- Installing: /home/jetson/Desktop/workspace_2/install/msg_manage/lib/python3.8/site-packages/msg_manage/srv/_add_three_ints_s.c
[33.020s] -- Installing: /home/jetson/Desktop/workspace_2/install/msg_manage/lib/python3.8/site-packages/msg_manage/srv/__init__.py
[33.021s] -- Installing: /home/jetson/Desktop/workspace_2/install/msg_manage/lib/python3.8/site-packages/msg_manage/srv/_add_three_ints.py
[33.022s] -- Up-to-date: /home/jetson/Desktop/workspace_2/install/msg_manage/lib/python3.8/site-packages/msg_manage/action
[33.022s] -- Installing: /home/jetson/Desktop/workspace_2/install/msg_manage/lib/python3.8/site-packages/msg_manage/action/_testaction_s.c
[33.023s] -- Installing: /home/jetson/Desktop/workspace_2/install/msg_manage/lib/python3.8/site-packages/msg_manage/action/__init__.py
[33.027s] -- Installing: /home/jetson/Desktop/workspace_2/install/msg_manage/lib/python3.8/site-packages/msg_manage/action/_testaction.py
[33.043s] -- Installing: /home/jetson/Desktop/workspace_2/install/msg_manage/lib/python3.8/site-packages/msg_manage/msg_manage_s__rosidl_typesupport_fastrtps_c.cpython-38-aarch64-linux-gnu.so
[33.049s] -- Set runtime path of "/home/jetson/Desktop/workspace_2/install/msg_manage/lib/python3.8/site-packages/msg_manage/msg_manage_s__rosidl_typesupport_fastrtps_c.cpython-38-aarch64-linux-gnu.so" to ""
[33.050s] -- Installing: /home/jetson/Desktop/workspace_2/install/msg_manage/lib/python3.8/site-packages/msg_manage/msg_manage_s__rosidl_typesupport_introspection_c.cpython-38-aarch64-linux-gnu.so
[33.055s] -- Set runtime path of "/home/jetson/Desktop/workspace_2/install/msg_manage/lib/python3.8/site-packages/msg_manage/msg_manage_s__rosidl_typesupport_introspection_c.cpython-38-aarch64-linux-gnu.so" to ""
[33.055s] -- Installing: /home/jetson/Desktop/workspace_2/install/msg_manage/lib/python3.8/site-packages/msg_manage/msg_manage_s__rosidl_typesupport_c.cpython-38-aarch64-linux-gnu.so
[33.056s] -- Set runtime path of "/home/jetson/Desktop/workspace_2/install/msg_manage/lib/python3.8/site-packages/msg_manage/msg_manage_s__rosidl_typesupport_c.cpython-38-aarch64-linux-gnu.so" to ""
[33.057s] -- Installing: /home/jetson/Desktop/workspace_2/install/msg_manage/lib/libmsg_manage__python.so
[33.067s] -- Set runtime path of "/home/jetson/Desktop/workspace_2/install/msg_manage/lib/libmsg_manage__python.so" to ""
[33.072s] -- Up-to-date: /home/jetson/Desktop/workspace_2/install/msg_manage/share/msg_manage/msg/Num.idl
[33.073s] -- Installing: /home/jetson/Desktop/workspace_2/install/msg_manage/share/msg_manage/msg/Motor2.idl
[33.074s] -- Up-to-date: /home/jetson/Desktop/workspace_2/install/msg_manage/share/msg_manage/srv/AddThreeInts.idl
[33.075s] -- Up-to-date: /home/jetson/Desktop/workspace_2/install/msg_manage/share/msg_manage/action/Testaction.idl
[33.076s] -- Up-to-date: /home/jetson/Desktop/workspace_2/install/msg_manage/share/msg_manage/msg/Num.msg
[33.076s] -- Installing: /home/jetson/Desktop/workspace_2/install/msg_manage/share/msg_manage/msg/Motor2.msg
[33.077s] -- Up-to-date: /home/jetson/Desktop/workspace_2/install/msg_manage/share/msg_manage/srv/AddThreeInts.srv
[33.079s] -- Up-to-date: /home/jetson/Desktop/workspace_2/install/msg_manage/share/msg_manage/srv/AddThreeInts_Request.msg
[33.079s] -- Up-to-date: /home/jetson/Desktop/workspace_2/install/msg_manage/share/msg_manage/srv/AddThreeInts_Response.msg
[33.080s] -- Up-to-date: /home/jetson/Desktop/workspace_2/install/msg_manage/share/msg_manage/action/Testaction.action
[33.081s] -- Up-to-date: /home/jetson/Desktop/workspace_2/install/msg_manage/share/ament_index/resource_index/package_run_dependencies/msg_manage
[33.081s] -- Up-to-date: /home/jetson/Desktop/workspace_2/install/msg_manage/share/ament_index/resource_index/parent_prefix_path/msg_manage
[33.082s] -- Up-to-date: /home/jetson/Desktop/workspace_2/install/msg_manage/share/msg_manage/environment/ament_prefix_path.sh
[33.082s] -- Installing: /home/jetson/Desktop/workspace_2/install/msg_manage/share/msg_manage/environment/ament_prefix_path.dsv
[33.083s] -- Up-to-date: /home/jetson/Desktop/workspace_2/install/msg_manage/share/msg_manage/environment/path.sh
[33.084s] -- Installing: /home/jetson/Desktop/workspace_2/install/msg_manage/share/msg_manage/environment/path.dsv
[33.084s] -- Up-to-date: /home/jetson/Desktop/workspace_2/install/msg_manage/share/msg_manage/local_setup.bash
[33.086s] -- Up-to-date: /home/jetson/Desktop/workspace_2/install/msg_manage/share/msg_manage/local_setup.sh
[33.087s] -- Up-to-date: /home/jetson/Desktop/workspace_2/install/msg_manage/share/msg_manage/local_setup.zsh
[33.088s] -- Installing: /home/jetson/Desktop/workspace_2/install/msg_manage/share/msg_manage/local_setup.dsv
[33.089s] -- Installing: /home/jetson/Desktop/workspace_2/install/msg_manage/share/msg_manage/package.dsv
[33.090s] -- Up-to-date: /home/jetson/Desktop/workspace_2/install/msg_manage/share/ament_index/resource_index/packages/msg_manage
[33.090s] -- Up-to-date: /home/jetson/Desktop/workspace_2/install/msg_manage/share/msg_manage/cmake/msg_manage__rosidl_generator_cExport.cmake
[33.091s] -- Installing: /home/jetson/Desktop/workspace_2/install/msg_manage/share/msg_manage/cmake/msg_manage__rosidl_generator_cExport-noconfig.cmake
[33.092s] -- Up-to-date: /home/jetson/Desktop/workspace_2/install/msg_manage/share/msg_manage/cmake/msg_manage__rosidl_typesupport_introspection_cExport.cmake
[33.093s] -- Installing: /home/jetson/Desktop/workspace_2/install/msg_manage/share/msg_manage/cmake/msg_manage__rosidl_typesupport_introspection_cExport-noconfig.cmake
[33.093s] -- Up-to-date: /home/jetson/Desktop/workspace_2/install/msg_manage/share/msg_manage/cmake/msg_manage__rosidl_typesupport_cExport.cmake
[33.098s] -- Installing: /home/jetson/Desktop/workspace_2/install/msg_manage/share/msg_manage/cmake/msg_manage__rosidl_typesupport_cExport-noconfig.cmake
[33.099s] -- Up-to-date: /home/jetson/Desktop/workspace_2/install/msg_manage/share/msg_manage/cmake/msg_manage__rosidl_generator_cppExport.cmake
[33.099s] -- Up-to-date: /home/jetson/Desktop/workspace_2/install/msg_manage/share/msg_manage/cmake/msg_manage__rosidl_typesupport_introspection_cppExport.cmake
[33.100s] -- Installing: /home/jetson/Desktop/workspace_2/install/msg_manage/share/msg_manage/cmake/msg_manage__rosidl_typesupport_introspection_cppExport-noconfig.cmake
[33.114s] -- Up-to-date: /home/jetson/Desktop/workspace_2/install/msg_manage/share/msg_manage/cmake/msg_manage__rosidl_typesupport_cppExport.cmake
[33.115s] -- Installing: /home/jetson/Desktop/workspace_2/install/msg_manage/share/msg_manage/cmake/msg_manage__rosidl_typesupport_cppExport-noconfig.cmake
[33.117s] -- Installing: /home/jetson/Desktop/workspace_2/install/msg_manage/share/msg_manage/cmake/rosidl_cmake-extras.cmake
[33.118s] -- Up-to-date: /home/jetson/Desktop/workspace_2/install/msg_manage/share/msg_manage/cmake/ament_cmake_export_dependencies-extras.cmake
[33.118s] -- Up-to-date: /home/jetson/Desktop/workspace_2/install/msg_manage/share/msg_manage/cmake/ament_cmake_export_libraries-extras.cmake
[33.119s] -- Up-to-date: /home/jetson/Desktop/workspace_2/install/msg_manage/share/msg_manage/cmake/ament_cmake_export_targets-extras.cmake
[33.119s] -- Up-to-date: /home/jetson/Desktop/workspace_2/install/msg_manage/share/msg_manage/cmake/ament_cmake_export_include_directories-extras.cmake
[33.120s] -- Up-to-date: /home/jetson/Desktop/workspace_2/install/msg_manage/share/msg_manage/cmake/rosidl_cmake_export_typesupport_libraries-extras.cmake
[33.120s] -- Up-to-date: /home/jetson/Desktop/workspace_2/install/msg_manage/share/msg_manage/cmake/rosidl_cmake_export_typesupport_targets-extras.cmake
[33.121s] -- Up-to-date: /home/jetson/Desktop/workspace_2/install/msg_manage/share/msg_manage/cmake/msg_manageConfig.cmake
[33.121s] -- Up-to-date: /home/jetson/Desktop/workspace_2/install/msg_manage/share/msg_manage/cmake/msg_manageConfig-version.cmake
[33.122s] -- Up-to-date: /home/jetson/Desktop/workspace_2/install/msg_manage/share/msg_manage/package.xml
[33.133s] Invoked command in '/home/jetson/Desktop/workspace_2/build/msg_manage' returned '0': CMAKE_PREFIX_PATH=${CMAKE_PREFIX_PATH}:/home/jetson/Desktop/workspace_2/install/unity_slam_example:/home/jetson/Desktop/workspace_2/install/unity_robotics_demo:/home/jetson/Desktop/workspace_2/install/ros_tcp_endpoint:/home/jetson/Desktop/workspace_2/install/project_2:/opt/ros/foxy /usr/bin/cmake --install /home/jetson/Desktop/workspace_2/build/msg_manage
