[1.454s] DEBUG:colcon:Command line arguments: ['/usr/bin/colcon', 'build', '--packages-select', 'project_2', '--allow-overriding', 'project_2']
[1.455s] DEBUG:colcon:Parsed command line arguments: Namespace(allow_overriding=['project_2'], ament_cmake_args=None, base_paths=['.'], build_base='build', catkin_cmake_args=None, catkin_skip_building_tests=False, cmake_args=None, cmake_clean_cache=False, cmake_clean_first=False, cmake_force_configure=False, cmake_target=None, cmake_target_skip_unavailable=False, continue_on_error=False, event_handlers=None, executor='parallel', ignore_user_meta=False, install_base='install', log_base=None, log_level=None, main=<bound method BuildVerb.main of <colcon_core.verb.build.BuildVerb object at 0x7f93cb5a60>>, merge_install=False, metas=['./colcon.meta'], packages_above=None, packages_above_and_dependencies=None, packages_above_depth=None, packages_end=None, packages_ignore=None, packages_ignore_regex=None, packages_select=['project_2'], packages_select_build_failed=False, packages_select_by_dep=None, packages_select_regex=None, packages_select_test_failures=False, packages_skip=None, packages_skip_build_finished=False, packages_skip_by_dep=None, packages_skip_regex=None, packages_skip_test_passed=False, packages_skip_up_to=None, packages_start=None, packages_up_to=None, packages_up_to_regex=None, parallel_workers=4, paths=None, symlink_install=False, test_result_base=None, verb_extension=<colcon_core.verb.build.BuildVerb object at 0x7f93cb5a60>, verb_name='build', verb_parser=<colcon_defaults.argument_parser.defaults.DefaultArgumentsDecorator object at 0x7f93cc4040>)
[1.518s] Level 1:colcon.colcon_core.package_discovery:discover_packages(colcon_meta) check parameters
[1.518s] Level 1:colcon.colcon_core.package_discovery:discover_packages(recursive) check parameters
[1.519s] Level 1:colcon.colcon_core.package_discovery:discover_packages(ignore) check parameters
[1.519s] Level 1:colcon.colcon_core.package_discovery:discover_packages(path) check parameters
[1.519s] Level 1:colcon.colcon_core.package_discovery:discover_packages(colcon_meta) discover
[1.519s] Level 1:colcon.colcon_core.package_discovery:discover_packages(recursive) discover
[1.519s] INFO:colcon.colcon_core.package_discovery:Crawling recursively for packages in '/home/jetson/Desktop/workspace_2'
[1.520s] Level 1:colcon.colcon_core.package_identification:_identify(.) by extensions ['ignore', 'ignore_ament_install']
[1.520s] Level 1:colcon.colcon_core.package_identification:_identify(.) by extension 'ignore'
[1.520s] Level 1:colcon.colcon_core.package_identification:_identify(.) by extension 'ignore_ament_install'
[1.521s] Level 1:colcon.colcon_core.package_identification:_identify(.) by extensions ['colcon_pkg']
[1.521s] Level 1:colcon.colcon_core.package_identification:_identify(.) by extension 'colcon_pkg'
[1.521s] Level 1:colcon.colcon_core.package_identification:_identify(.) by extensions ['colcon_meta']
[1.521s] Level 1:colcon.colcon_core.package_identification:_identify(.) by extension 'colcon_meta'
[1.521s] Level 1:colcon.colcon_core.package_identification:_identify(.) by extensions ['ros']
[1.522s] Level 1:colcon.colcon_core.package_identification:_identify(.) by extension 'ros'
[1.614s] Level 1:colcon.colcon_core.package_identification:_identify(.) by extensions ['cmake', 'python']
[1.614s] Level 1:colcon.colcon_core.package_identification:_identify(.) by extension 'cmake'
[1.615s] Level 1:colcon.colcon_core.package_identification:_identify(.) by extension 'python'
[1.615s] Level 1:colcon.colcon_core.package_identification:_identify(.) by extensions ['python_setup_py']
[1.615s] Level 1:colcon.colcon_core.package_identification:_identify(.) by extension 'python_setup_py'
[1.616s] Level 1:colcon.colcon_core.package_identification:_identify(build) by extensions ['ignore', 'ignore_ament_install']
[1.616s] Level 1:colcon.colcon_core.package_identification:_identify(build) by extension 'ignore'
[1.616s] Level 1:colcon.colcon_core.package_identification:_identify(build) ignored
[1.617s] Level 1:colcon.colcon_core.package_identification:_identify(install) by extensions ['ignore', 'ignore_ament_install']
[1.617s] Level 1:colcon.colcon_core.package_identification:_identify(install) by extension 'ignore'
[1.618s] Level 1:colcon.colcon_core.package_identification:_identify(install) ignored
[1.630s] Level 1:colcon.colcon_core.package_identification:_identify(log) by extensions ['ignore', 'ignore_ament_install']
[1.631s] Level 1:colcon.colcon_core.package_identification:_identify(log) by extension 'ignore'
[1.631s] Level 1:colcon.colcon_core.package_identification:_identify(log) ignored
[1.639s] Level 1:colcon.colcon_core.package_identification:_identify(src) by extensions ['ignore', 'ignore_ament_install']
[1.639s] Level 1:colcon.colcon_core.package_identification:_identify(src) by extension 'ignore'
[1.640s] Level 1:colcon.colcon_core.package_identification:_identify(src) by extension 'ignore_ament_install'
[1.640s] Level 1:colcon.colcon_core.package_identification:_identify(src) by extensions ['colcon_pkg']
[1.641s] Level 1:colcon.colcon_core.package_identification:_identify(src) by extension 'colcon_pkg'
[1.641s] Level 1:colcon.colcon_core.package_identification:_identify(src) by extensions ['colcon_meta']
[1.641s] Level 1:colcon.colcon_core.package_identification:_identify(src) by extension 'colcon_meta'
[1.642s] Level 1:colcon.colcon_core.package_identification:_identify(src) by extensions ['ros']
[1.642s] Level 1:colcon.colcon_core.package_identification:_identify(src) by extension 'ros'
[1.642s] Level 1:colcon.colcon_core.package_identification:_identify(src) by extensions ['cmake', 'python']
[1.643s] Level 1:colcon.colcon_core.package_identification:_identify(src) by extension 'cmake'
[1.643s] Level 1:colcon.colcon_core.package_identification:_identify(src) by extension 'python'
[1.644s] Level 1:colcon.colcon_core.package_identification:_identify(src) by extensions ['python_setup_py']
[1.644s] Level 1:colcon.colcon_core.package_identification:_identify(src) by extension 'python_setup_py'
[1.652s] Level 1:colcon.colcon_core.package_identification:_identify(src/ROS-TCP-Endpoint) by extensions ['ignore', 'ignore_ament_install']
[1.653s] Level 1:colcon.colcon_core.package_identification:_identify(src/ROS-TCP-Endpoint) by extension 'ignore'
[1.653s] Level 1:colcon.colcon_core.package_identification:_identify(src/ROS-TCP-Endpoint) by extension 'ignore_ament_install'
[1.653s] Level 1:colcon.colcon_core.package_identification:_identify(src/ROS-TCP-Endpoint) by extensions ['colcon_pkg']
[1.653s] Level 1:colcon.colcon_core.package_identification:_identify(src/ROS-TCP-Endpoint) by extension 'colcon_pkg'
[1.654s] Level 1:colcon.colcon_core.package_identification:_identify(src/ROS-TCP-Endpoint) by extensions ['colcon_meta']
[1.654s] Level 1:colcon.colcon_core.package_identification:_identify(src/ROS-TCP-Endpoint) by extension 'colcon_meta'
[1.654s] Level 1:colcon.colcon_core.package_identification:_identify(src/ROS-TCP-Endpoint) by extensions ['ros']
[1.654s] Level 1:colcon.colcon_core.package_identification:_identify(src/ROS-TCP-Endpoint) by extension 'ros'
[1.679s] DEBUG:colcon.colcon_core.package_identification:Package 'src/ROS-TCP-Endpoint' with type 'ros.ament_python' and name 'ros_tcp_endpoint'
[1.680s] Level 1:colcon.colcon_core.package_identification:_identify(src/msg_manage) by extensions ['ignore', 'ignore_ament_install']
[1.681s] Level 1:colcon.colcon_core.package_identification:_identify(src/msg_manage) by extension 'ignore'
[1.681s] Level 1:colcon.colcon_core.package_identification:_identify(src/msg_manage) by extension 'ignore_ament_install'
[1.681s] Level 1:colcon.colcon_core.package_identification:_identify(src/msg_manage) by extensions ['colcon_pkg']
[1.681s] Level 1:colcon.colcon_core.package_identification:_identify(src/msg_manage) by extension 'colcon_pkg'
[1.682s] Level 1:colcon.colcon_core.package_identification:_identify(src/msg_manage) by extensions ['colcon_meta']
[1.682s] Level 1:colcon.colcon_core.package_identification:_identify(src/msg_manage) by extension 'colcon_meta'
[1.682s] Level 1:colcon.colcon_core.package_identification:_identify(src/msg_manage) by extensions ['ros']
[1.682s] Level 1:colcon.colcon_core.package_identification:_identify(src/msg_manage) by extension 'ros'
[1.686s] DEBUG:colcon.colcon_core.package_identification:Package 'src/msg_manage' with type 'ros.ament_cmake' and name 'msg_manage'
[1.688s] Level 1:colcon.colcon_core.package_identification:_identify(src/project_2) by extensions ['ignore', 'ignore_ament_install']
[1.688s] Level 1:colcon.colcon_core.package_identification:_identify(src/project_2) by extension 'ignore'
[1.689s] Level 1:colcon.colcon_core.package_identification:_identify(src/project_2) by extension 'ignore_ament_install'
[1.689s] Level 1:colcon.colcon_core.package_identification:_identify(src/project_2) by extensions ['colcon_pkg']
[1.689s] Level 1:colcon.colcon_core.package_identification:_identify(src/project_2) by extension 'colcon_pkg'
[1.689s] Level 1:colcon.colcon_core.package_identification:_identify(src/project_2) by extensions ['colcon_meta']
[1.690s] Level 1:colcon.colcon_core.package_identification:_identify(src/project_2) by extension 'colcon_meta'
[1.690s] Level 1:colcon.colcon_core.package_identification:_identify(src/project_2) by extensions ['ros']
[1.690s] Level 1:colcon.colcon_core.package_identification:_identify(src/project_2) by extension 'ros'
[1.694s] DEBUG:colcon.colcon_core.package_identification:Package 'src/project_2' with type 'ros.ament_python' and name 'project_2'
[1.705s] Level 1:colcon.colcon_core.package_identification:_identify(src/unity_robotics_demo) by extensions ['ignore', 'ignore_ament_install']
[1.706s] Level 1:colcon.colcon_core.package_identification:_identify(src/unity_robotics_demo) by extension 'ignore'
[1.706s] Level 1:colcon.colcon_core.package_identification:_identify(src/unity_robotics_demo) by extension 'ignore_ament_install'
[1.706s] Level 1:colcon.colcon_core.package_identification:_identify(src/unity_robotics_demo) by extensions ['colcon_pkg']
[1.707s] Level 1:colcon.colcon_core.package_identification:_identify(src/unity_robotics_demo) by extension 'colcon_pkg'
[1.707s] Level 1:colcon.colcon_core.package_identification:_identify(src/unity_robotics_demo) by extensions ['colcon_meta']
[1.707s] Level 1:colcon.colcon_core.package_identification:_identify(src/unity_robotics_demo) by extension 'colcon_meta'
[1.707s] Level 1:colcon.colcon_core.package_identification:_identify(src/unity_robotics_demo) by extensions ['ros']
[1.707s] Level 1:colcon.colcon_core.package_identification:_identify(src/unity_robotics_demo) by extension 'ros'
[1.712s] DEBUG:colcon.colcon_core.package_identification:Package 'src/unity_robotics_demo' with type 'ros.ament_python' and name 'unity_robotics_demo'
[1.719s] Level 1:colcon.colcon_core.package_identification:_identify(src/unity_robotics_demo_msgs) by extensions ['ignore', 'ignore_ament_install']
[1.720s] Level 1:colcon.colcon_core.package_identification:_identify(src/unity_robotics_demo_msgs) by extension 'ignore'
[1.720s] Level 1:colcon.colcon_core.package_identification:_identify(src/unity_robotics_demo_msgs) by extension 'ignore_ament_install'
[1.721s] Level 1:colcon.colcon_core.package_identification:_identify(src/unity_robotics_demo_msgs) by extensions ['colcon_pkg']
[1.721s] Level 1:colcon.colcon_core.package_identification:_identify(src/unity_robotics_demo_msgs) by extension 'colcon_pkg'
[1.721s] Level 1:colcon.colcon_core.package_identification:_identify(src/unity_robotics_demo_msgs) by extensions ['colcon_meta']
[1.721s] Level 1:colcon.colcon_core.package_identification:_identify(src/unity_robotics_demo_msgs) by extension 'colcon_meta'
[1.722s] Level 1:colcon.colcon_core.package_identification:_identify(src/unity_robotics_demo_msgs) by extensions ['ros']
[1.722s] Level 1:colcon.colcon_core.package_identification:_identify(src/unity_robotics_demo_msgs) by extension 'ros'
[1.725s] DEBUG:colcon.colcon_core.package_identification:Package 'src/unity_robotics_demo_msgs' with type 'ros.ament_cmake' and name 'unity_robotics_demo_msgs'
[1.727s] Level 1:colcon.colcon_core.package_identification:_identify(src/unity_slam_example) by extensions ['ignore', 'ignore_ament_install']
[1.727s] Level 1:colcon.colcon_core.package_identification:_identify(src/unity_slam_example) by extension 'ignore'
[1.727s] Level 1:colcon.colcon_core.package_identification:_identify(src/unity_slam_example) by extension 'ignore_ament_install'
[1.728s] Level 1:colcon.colcon_core.package_identification:_identify(src/unity_slam_example) by extensions ['colcon_pkg']
[1.728s] Level 1:colcon.colcon_core.package_identification:_identify(src/unity_slam_example) by extension 'colcon_pkg'
[1.728s] Level 1:colcon.colcon_core.package_identification:_identify(src/unity_slam_example) by extensions ['colcon_meta']
[1.728s] Level 1:colcon.colcon_core.package_identification:_identify(src/unity_slam_example) by extension 'colcon_meta'
[1.728s] Level 1:colcon.colcon_core.package_identification:_identify(src/unity_slam_example) by extensions ['ros']
[1.728s] Level 1:colcon.colcon_core.package_identification:_identify(src/unity_slam_example) by extension 'ros'
[1.731s] DEBUG:colcon.colcon_core.package_identification:Package 'src/unity_slam_example' with type 'ros.ament_python' and name 'unity_slam_example'
[1.732s] Level 1:colcon.colcon_core.package_discovery:discover_packages(recursive) using defaults
[1.732s] Level 1:colcon.colcon_core.package_discovery:discover_packages(ignore) discover
[1.732s] Level 1:colcon.colcon_core.package_discovery:discover_packages(ignore) using defaults
[1.732s] Level 1:colcon.colcon_core.package_discovery:discover_packages(path) discover
[1.732s] Level 1:colcon.colcon_core.package_discovery:discover_packages(path) using defaults
[1.904s] INFO:colcon.colcon_core.package_selection:Skipping not selected package 'msg_manage' in 'src/msg_manage'
[1.904s] INFO:colcon.colcon_core.package_selection:Skipping not selected package 'ros_tcp_endpoint' in 'src/ROS-TCP-Endpoint'
[1.904s] INFO:colcon.colcon_core.package_selection:Skipping not selected package 'unity_robotics_demo' in 'src/unity_robotics_demo'
[1.904s] INFO:colcon.colcon_core.package_selection:Skipping not selected package 'unity_robotics_demo_msgs' in 'src/unity_robotics_demo_msgs'
[1.904s] INFO:colcon.colcon_core.package_selection:Skipping not selected package 'unity_slam_example' in 'src/unity_slam_example'
[1.909s] Level 5:colcon.colcon_core.verb:set package 'project_2' build argument 'cmake_args' from command line to 'None'
[1.909s] Level 5:colcon.colcon_core.verb:set package 'project_2' build argument 'cmake_target' from command line to 'None'
[1.909s] Level 5:colcon.colcon_core.verb:set package 'project_2' build argument 'cmake_target_skip_unavailable' from command line to 'False'
[1.909s] Level 5:colcon.colcon_core.verb:set package 'project_2' build argument 'cmake_clean_cache' from command line to 'False'
[1.910s] Level 5:colcon.colcon_core.verb:set package 'project_2' build argument 'cmake_clean_first' from command line to 'False'
[1.910s] Level 5:colcon.colcon_core.verb:set package 'project_2' build argument 'cmake_force_configure' from command line to 'False'
[1.910s] Level 5:colcon.colcon_core.verb:set package 'project_2' build argument 'ament_cmake_args' from command line to 'None'
[1.910s] Level 5:colcon.colcon_core.verb:set package 'project_2' build argument 'catkin_cmake_args' from command line to 'None'
[1.910s] Level 5:colcon.colcon_core.verb:set package 'project_2' build argument 'catkin_skip_building_tests' from command line to 'False'
[1.910s] DEBUG:colcon.colcon_core.verb:Building package 'project_2' with the following arguments: {'ament_cmake_args': None, 'build_base': '/home/jetson/Desktop/workspace_2/build/project_2', 'catkin_cmake_args': None, 'catkin_skip_building_tests': False, 'cmake_args': None, 'cmake_clean_cache': False, 'cmake_clean_first': False, 'cmake_force_configure': False, 'cmake_target': None, 'cmake_target_skip_unavailable': False, 'install_base': '/home/jetson/Desktop/workspace_2/install/project_2', 'merge_install': False, 'path': '/home/jetson/Desktop/workspace_2/src/project_2', 'symlink_install': False, 'test_result_base': None}
[2.040s] INFO:colcon.colcon_core.executor:Executing jobs using 'parallel' executor
[2.053s] DEBUG:colcon.colcon_parallel_executor.executor.parallel:run_until_complete
[2.054s] INFO:colcon.colcon_ros.task.ament_python.build:Building ROS package in '/home/jetson/Desktop/workspace_2/src/project_2' with build type 'ament_python'
[2.055s] Level 1:colcon.colcon_core.shell:create_environment_hook('project_2', 'ament_prefix_path')
[2.097s] INFO:colcon.colcon_core.plugin_system:Skipping extension 'colcon_core.shell.bat': Not used on non-Windows systems
[2.098s] INFO:colcon.colcon_core.shell:Creating environment hook '/home/jetson/Desktop/workspace_2/install/project_2/share/project_2/hook/ament_prefix_path.ps1'
[2.105s] INFO:colcon.colcon_core.shell:Creating environment descriptor '/home/jetson/Desktop/workspace_2/install/project_2/share/project_2/hook/ament_prefix_path.dsv'
[2.108s] INFO:colcon.colcon_core.shell:Creating environment hook '/home/jetson/Desktop/workspace_2/install/project_2/share/project_2/hook/ament_prefix_path.sh'
[2.115s] INFO:colcon.colcon_core.shell:Skip shell extension 'powershell' for command environment: Not usable outside of PowerShell
[2.115s] DEBUG:colcon.colcon_core.shell:Skip shell extension 'dsv' for command environment
[3.717s] INFO:colcon.colcon_core.task.python.build:Building Python package in '/home/jetson/Desktop/workspace_2/src/project_2'
[3.721s] INFO:colcon.colcon_core.shell:Skip shell extension 'powershell' for command environment: Not usable outside of PowerShell
[3.722s] DEBUG:colcon.colcon_core.shell:Skip shell extension 'dsv' for command environment
[6.353s] DEBUG:colcon.colcon_core.event_handler.log_command:Invoking command in '/home/jetson/Desktop/workspace_2/src/project_2': CMAKE_PREFIX_PATH=/home/jetson/Desktop/workspace_2/install/msg_manage:/home/jetson/Desktop/workspace_2/install/unity_robotics_demo_msgs:/home/jetson/ros2_foxy/ros2-linux LD_LIBRARY_PATH=/home/jetson/Desktop/workspace_2/install/msg_manage/lib:/home/jetson/Desktop/workspace_2/install/unity_robotics_demo_msgs/lib:/opt/ros/foxy/opt/yaml_cpp_vendor/lib:/opt/ros/foxy/opt/rviz_ogre_vendor/lib:/opt/ros/foxy/lib/aarch64-linux-gnu:/opt/ros/foxy/lib:/home/jetson/ros2_foxy/ros2-linux/opt/yaml_cpp_vendor/lib:/home/jetson/ros2_foxy/ros2-linux/opt/rviz_ogre_vendor/lib:/home/jetson/ros2_foxy/ros2-linux/lib PYTHONPATH=/home/jetson/Desktop/workspace_2/install/project_2/lib/python3.8/site-packages:/home/jetson/Desktop/workspace_2/install/msg_manage/lib/python3.8/site-packages:/home/jetson/Desktop/workspace_2/install/unity_slam_example/lib/python3.8/site-packages:/home/jetson/Desktop/workspace_2/install/unity_robotics_demo_msgs/lib/python3.8/site-packages:/home/jetson/Desktop/workspace_2/install/unity_robotics_demo/lib/python3.8/site-packages:/home/jetson/Desktop/workspace_2/install/ros_tcp_endpoint/lib/python3.8/site-packages:/home/jetson/Desktop/workspace_2/install/project_2/lib/python3.8/site-packages:/opt/ros/foxy/lib/python3.8/site-packages:/home/jetson/ros2_foxy/ros2-linux/lib/python3.8/site-packages /usr/bin/python3 setup.py egg_info --egg-base ../../build/project_2 build --build-base /home/jetson/Desktop/workspace_2/build/project_2/build install --prefix /home/jetson/Desktop/workspace_2/install/project_2 --record /home/jetson/Desktop/workspace_2/build/project_2/install.log --single-version-externally-managed
[8.182s] DEBUG:colcon.colcon_core.event_handler.log_command:Invoked command in '/home/jetson/Desktop/workspace_2/src/project_2' returned '0': CMAKE_PREFIX_PATH=/home/jetson/Desktop/workspace_2/install/msg_manage:/home/jetson/Desktop/workspace_2/install/unity_robotics_demo_msgs:/home/jetson/ros2_foxy/ros2-linux LD_LIBRARY_PATH=/home/jetson/Desktop/workspace_2/install/msg_manage/lib:/home/jetson/Desktop/workspace_2/install/unity_robotics_demo_msgs/lib:/opt/ros/foxy/opt/yaml_cpp_vendor/lib:/opt/ros/foxy/opt/rviz_ogre_vendor/lib:/opt/ros/foxy/lib/aarch64-linux-gnu:/opt/ros/foxy/lib:/home/jetson/ros2_foxy/ros2-linux/opt/yaml_cpp_vendor/lib:/home/jetson/ros2_foxy/ros2-linux/opt/rviz_ogre_vendor/lib:/home/jetson/ros2_foxy/ros2-linux/lib PYTHONPATH=/home/jetson/Desktop/workspace_2/install/project_2/lib/python3.8/site-packages:/home/jetson/Desktop/workspace_2/install/msg_manage/lib/python3.8/site-packages:/home/jetson/Desktop/workspace_2/install/unity_slam_example/lib/python3.8/site-packages:/home/jetson/Desktop/workspace_2/install/unity_robotics_demo_msgs/lib/python3.8/site-packages:/home/jetson/Desktop/workspace_2/install/unity_robotics_demo/lib/python3.8/site-packages:/home/jetson/Desktop/workspace_2/install/ros_tcp_endpoint/lib/python3.8/site-packages:/home/jetson/Desktop/workspace_2/install/project_2/lib/python3.8/site-packages:/opt/ros/foxy/lib/python3.8/site-packages:/home/jetson/ros2_foxy/ros2-linux/lib/python3.8/site-packages /usr/bin/python3 setup.py egg_info --egg-base ../../build/project_2 build --build-base /home/jetson/Desktop/workspace_2/build/project_2/build install --prefix /home/jetson/Desktop/workspace_2/install/project_2 --record /home/jetson/Desktop/workspace_2/build/project_2/install.log --single-version-externally-managed
[8.219s] Level 1:colcon.colcon_core.environment:checking '/home/jetson/Desktop/workspace_2/install/project_2' for CMake module files
[8.222s] Level 1:colcon.colcon_core.environment:checking '/home/jetson/Desktop/workspace_2/install/project_2' for CMake config files
[8.227s] Level 1:colcon.colcon_core.environment:checking '/home/jetson/Desktop/workspace_2/install/project_2/lib'
[8.227s] Level 1:colcon.colcon_core.environment:checking '/home/jetson/Desktop/workspace_2/install/project_2/bin'
[8.228s] Level 1:colcon.colcon_core.environment:checking '/home/jetson/Desktop/workspace_2/install/project_2/lib/pkgconfig/project_2.pc'
[8.228s] Level 1:colcon.colcon_core.environment:checking '/home/jetson/Desktop/workspace_2/install/project_2/lib/python3.8/site-packages'
[8.228s] Level 1:colcon.colcon_core.shell:create_environment_hook('project_2', 'pythonpath')
[8.232s] INFO:colcon.colcon_core.shell:Creating environment hook '/home/jetson/Desktop/workspace_2/install/project_2/share/project_2/hook/pythonpath.ps1'
[8.234s] INFO:colcon.colcon_core.shell:Creating environment descriptor '/home/jetson/Desktop/workspace_2/install/project_2/share/project_2/hook/pythonpath.dsv'
[8.235s] INFO:colcon.colcon_core.shell:Creating environment hook '/home/jetson/Desktop/workspace_2/install/project_2/share/project_2/hook/pythonpath.sh'
[8.237s] Level 1:colcon.colcon_core.environment:create_environment_scripts_only(project_2)
[8.240s] INFO:colcon.colcon_core.shell:Creating package script '/home/jetson/Desktop/workspace_2/install/project_2/share/project_2/package.ps1'
[8.245s] INFO:colcon.colcon_core.shell:Creating package descriptor '/home/jetson/Desktop/workspace_2/install/project_2/share/project_2/package.dsv'
[8.252s] INFO:colcon.colcon_core.shell:Creating package script '/home/jetson/Desktop/workspace_2/install/project_2/share/project_2/package.sh'
[8.256s] INFO:colcon.colcon_core.shell:Creating package script '/home/jetson/Desktop/workspace_2/install/project_2/share/project_2/package.bash'
[8.260s] INFO:colcon.colcon_core.shell:Creating package script '/home/jetson/Desktop/workspace_2/install/project_2/share/project_2/package.zsh'
[8.265s] Level 1:colcon.colcon_core.environment:create_file_with_runtime_dependencies(/home/jetson/Desktop/workspace_2/install/project_2/share/colcon-core/packages/project_2)
[8.267s] DEBUG:colcon.colcon_parallel_executor.executor.parallel:closing loop
[8.268s] DEBUG:colcon.colcon_parallel_executor.executor.parallel:loop closed
[8.268s] DEBUG:colcon.colcon_parallel_executor.executor.parallel:run_until_complete finished with '0'
[8.270s] DEBUG:colcon.colcon_core.event_reactor:joining thread
[8.340s] INFO:colcon.colcon_core.plugin_system:Skipping extension 'colcon_notification.desktop_notification.terminal_notifier': Not used on non-Darwin systems
[8.340s] INFO:colcon.colcon_core.plugin_system:Skipping extension 'colcon_notification.desktop_notification.win32': Not used on non-Windows systems
[8.341s] INFO:colcon.colcon_notification.desktop_notification:Sending desktop notification using 'notify2'
[8.423s] DEBUG:colcon.colcon_core.event_reactor:joined thread
[8.426s] INFO:colcon.colcon_core.shell:Creating prefix script '/home/jetson/Desktop/workspace_2/install/local_setup.ps1'
[8.431s] INFO:colcon.colcon_core.shell:Creating prefix util module '/home/jetson/Desktop/workspace_2/install/_local_setup_util_ps1.py'
[8.440s] INFO:colcon.colcon_core.shell:Creating prefix chain script '/home/jetson/Desktop/workspace_2/install/setup.ps1'
[8.448s] INFO:colcon.colcon_core.shell:Creating prefix script '/home/jetson/Desktop/workspace_2/install/local_setup.sh'
[8.451s] INFO:colcon.colcon_core.shell:Creating prefix util module '/home/jetson/Desktop/workspace_2/install/_local_setup_util_sh.py'
[8.454s] INFO:colcon.colcon_core.shell:Creating prefix chain script '/home/jetson/Desktop/workspace_2/install/setup.sh'
[8.466s] INFO:colcon.colcon_core.shell:Creating prefix script '/home/jetson/Desktop/workspace_2/install/local_setup.bash'
[8.469s] INFO:colcon.colcon_core.shell:Creating prefix chain script '/home/jetson/Desktop/workspace_2/install/setup.bash'
[8.477s] INFO:colcon.colcon_core.shell:Creating prefix script '/home/jetson/Desktop/workspace_2/install/local_setup.zsh'
[8.482s] INFO:colcon.colcon_core.shell:Creating prefix chain script '/home/jetson/Desktop/workspace_2/install/setup.zsh'
