[3.431s] Invoking command in '/home/jetson/Desktop/workspace_2/src/project_2': CMAKE_PREFIX_PATH=/home/jetson/Desktop/workspace_2/install/msg_manage:/home/jetson/Desktop/workspace_2/install/unity_robotics_demo_msgs:/home/jetson/ros2_foxy/ros2-linux LD_LIBRARY_PATH=/home/jetson/Desktop/workspace_2/install/msg_manage/lib:/home/jetson/Desktop/workspace_2/install/unity_robotics_demo_msgs/lib:/opt/ros/foxy/opt/yaml_cpp_vendor/lib:/opt/ros/foxy/opt/rviz_ogre_vendor/lib:/opt/ros/foxy/lib/aarch64-linux-gnu:/opt/ros/foxy/lib:/home/jetson/ros2_foxy/ros2-linux/opt/yaml_cpp_vendor/lib:/home/jetson/ros2_foxy/ros2-linux/opt/rviz_ogre_vendor/lib:/home/jetson/ros2_foxy/ros2-linux/lib PYTHONPATH=/home/jetson/Desktop/workspace_2/install/project_2/lib/python3.8/site-packages:/home/jetson/Desktop/workspace_2/install/msg_manage/lib/python3.8/site-packages:/home/jetson/Desktop/workspace_2/install/unity_slam_example/lib/python3.8/site-packages:/home/jetson/Desktop/workspace_2/install/unity_robotics_demo_msgs/lib/python3.8/site-packages:/home/jetson/Desktop/workspace_2/install/unity_robotics_demo/lib/python3.8/site-packages:/home/jetson/Desktop/workspace_2/install/ros_tcp_endpoint/lib/python3.8/site-packages:/home/jetson/Desktop/workspace_2/install/project_2/lib/python3.8/site-packages:/opt/ros/foxy/lib/python3.8/site-packages:/home/jetson/ros2_foxy/ros2-linux/lib/python3.8/site-packages /usr/bin/python3 setup.py egg_info --egg-base ../../build/project_2 build --build-base /home/jetson/Desktop/workspace_2/build/project_2/build install --prefix /home/jetson/Desktop/workspace_2/install/project_2 --record /home/jetson/Desktop/workspace_2/build/project_2/install.log --single-version-externally-managed
[4.678s] running egg_info
[4.680s] writing ../../build/project_2/project_2.egg-info/PKG-INFO
[4.681s] writing dependency_links to ../../build/project_2/project_2.egg-info/dependency_links.txt
[4.682s] writing entry points to ../../build/project_2/project_2.egg-info/entry_points.txt
[4.683s] writing requirements to ../../build/project_2/project_2.egg-info/requires.txt
[4.683s] writing top-level names to ../../build/project_2/project_2.egg-info/top_level.txt
[4.696s] reading manifest file '../../build/project_2/project_2.egg-info/SOURCES.txt'
[4.700s] writing manifest file '../../build/project_2/project_2.egg-info/SOURCES.txt'
[4.701s] running build
[4.701s] running build_py
[4.705s] running install
[4.708s] running install_lib
[4.712s] creating /home/jetson/Desktop/workspace_2/install/project_2/lib/python3.8/site-packages/project_2
[4.712s] copying /home/jetson/Desktop/workspace_2/build/project_2/build/lib/project_2/test_service.py -> /home/jetson/Desktop/workspace_2/install/project_2/lib/python3.8/site-packages/project_2
[4.713s] copying /home/jetson/Desktop/workspace_2/build/project_2/build/lib/project_2/test_parm.py -> /home/jetson/Desktop/workspace_2/install/project_2/lib/python3.8/site-packages/project_2
[4.714s] copying /home/jetson/Desktop/workspace_2/build/project_2/build/lib/project_2/slam_navigation.py -> /home/jetson/Desktop/workspace_2/install/project_2/lib/python3.8/site-packages/project_2
[4.718s] copying /home/jetson/Desktop/workspace_2/build/project_2/build/lib/project_2/test_mysrv2.py -> /home/jetson/Desktop/workspace_2/install/project_2/lib/python3.8/site-packages/project_2
[4.719s] copying /home/jetson/Desktop/workspace_2/build/project_2/build/lib/project_2/test_action_server.py -> /home/jetson/Desktop/workspace_2/install/project_2/lib/python3.8/site-packages/project_2
[4.721s] copying /home/jetson/Desktop/workspace_2/build/project_2/build/lib/project_2/motor_run.py -> /home/jetson/Desktop/workspace_2/install/project_2/lib/python3.8/site-packages/project_2
[4.722s] copying /home/jetson/Desktop/workspace_2/build/project_2/build/lib/project_2/test_mymsg2.py -> /home/jetson/Desktop/workspace_2/install/project_2/lib/python3.8/site-packages/project_2
[4.722s] copying /home/jetson/Desktop/workspace_2/build/project_2/build/lib/project_2/test_sub.py -> /home/jetson/Desktop/workspace_2/install/project_2/lib/python3.8/site-packages/project_2
[4.723s] copying /home/jetson/Desktop/workspace_2/build/project_2/build/lib/project_2/motor_cmd.py -> /home/jetson/Desktop/workspace_2/install/project_2/lib/python3.8/site-packages/project_2
[4.723s] copying /home/jetson/Desktop/workspace_2/build/project_2/build/lib/project_2/test_pub.py -> /home/jetson/Desktop/workspace_2/install/project_2/lib/python3.8/site-packages/project_2
[4.724s] copying /home/jetson/Desktop/workspace_2/build/project_2/build/lib/project_2/test_mymsg.py -> /home/jetson/Desktop/workspace_2/install/project_2/lib/python3.8/site-packages/project_2
[4.725s] copying /home/jetson/Desktop/workspace_2/build/project_2/build/lib/project_2/test_mysrv.py -> /home/jetson/Desktop/workspace_2/install/project_2/lib/python3.8/site-packages/project_2
[4.725s] copying /home/jetson/Desktop/workspace_2/build/project_2/build/lib/project_2/__init__.py -> /home/jetson/Desktop/workspace_2/install/project_2/lib/python3.8/site-packages/project_2
[4.726s] copying /home/jetson/Desktop/workspace_2/build/project_2/build/lib/project_2/test_client.py -> /home/jetson/Desktop/workspace_2/install/project_2/lib/python3.8/site-packages/project_2
[4.727s] copying /home/jetson/Desktop/workspace_2/build/project_2/build/lib/project_2/test_action_client.py -> /home/jetson/Desktop/workspace_2/install/project_2/lib/python3.8/site-packages/project_2
[4.729s] byte-compiling /home/jetson/Desktop/workspace_2/install/project_2/lib/python3.8/site-packages/project_2/test_service.py to test_service.cpython-38.pyc
[4.731s] byte-compiling /home/jetson/Desktop/workspace_2/install/project_2/lib/python3.8/site-packages/project_2/test_parm.py to test_parm.cpython-38.pyc
[4.732s] byte-compiling /home/jetson/Desktop/workspace_2/install/project_2/lib/python3.8/site-packages/project_2/slam_navigation.py to slam_navigation.cpython-38.pyc
[4.735s] byte-compiling /home/jetson/Desktop/workspace_2/install/project_2/lib/python3.8/site-packages/project_2/test_mysrv2.py to test_mysrv2.cpython-38.pyc
[4.736s] byte-compiling /home/jetson/Desktop/workspace_2/install/project_2/lib/python3.8/site-packages/project_2/test_action_server.py to test_action_server.cpython-38.pyc
[4.737s] byte-compiling /home/jetson/Desktop/workspace_2/install/project_2/lib/python3.8/site-packages/project_2/motor_run.py to motor_run.cpython-38.pyc
[4.740s] byte-compiling /home/jetson/Desktop/workspace_2/install/project_2/lib/python3.8/site-packages/project_2/test_mymsg2.py to test_mymsg2.cpython-38.pyc
[4.741s] byte-compiling /home/jetson/Desktop/workspace_2/install/project_2/lib/python3.8/site-packages/project_2/test_sub.py to test_sub.cpython-38.pyc
[4.742s] byte-compiling /home/jetson/Desktop/workspace_2/install/project_2/lib/python3.8/site-packages/project_2/motor_cmd.py to motor_cmd.cpython-38.pyc
[4.744s] byte-compiling /home/jetson/Desktop/workspace_2/install/project_2/lib/python3.8/site-packages/project_2/test_pub.py to test_pub.cpython-38.pyc
[4.745s] byte-compiling /home/jetson/Desktop/workspace_2/install/project_2/lib/python3.8/site-packages/project_2/test_mymsg.py to test_mymsg.cpython-38.pyc
[4.747s] byte-compiling /home/jetson/Desktop/workspace_2/install/project_2/lib/python3.8/site-packages/project_2/test_mysrv.py to test_mysrv.cpython-38.pyc
[4.748s] byte-compiling /home/jetson/Desktop/workspace_2/install/project_2/lib/python3.8/site-packages/project_2/__init__.py to __init__.cpython-38.pyc
[4.748s] byte-compiling /home/jetson/Desktop/workspace_2/install/project_2/lib/python3.8/site-packages/project_2/test_client.py to test_client.cpython-38.pyc
[4.749s] byte-compiling /home/jetson/Desktop/workspace_2/install/project_2/lib/python3.8/site-packages/project_2/test_action_client.py to test_action_client.cpython-38.pyc
[4.751s] running install_data
[4.753s] creating /home/jetson/Desktop/workspace_2/install/project_2/share/ament_index
[4.754s] creating /home/jetson/Desktop/workspace_2/install/project_2/share/ament_index/resource_index
[4.754s] creating /home/jetson/Desktop/workspace_2/install/project_2/share/ament_index/resource_index/packages
[4.755s] copying resource/project_2 -> /home/jetson/Desktop/workspace_2/install/project_2/share/ament_index/resource_index/packages
[4.755s] copying package.xml -> /home/jetson/Desktop/workspace_2/install/project_2/share/project_2
[4.756s] copying launch/test_launch.py -> /home/jetson/Desktop/workspace_2/install/project_2/share/project_2
[4.756s] copying rviz/nav2_unity.rviz -> /home/jetson/Desktop/workspace_2/install/project_2/share/project_2
[4.757s] copying launch/slam_tcp.py -> /home/jetson/Desktop/workspace_2/install/project_2/share/project_2
[4.758s] running install_egg_info
[4.764s] Copying ../../build/project_2/project_2.egg-info to /home/jetson/Desktop/workspace_2/install/project_2/lib/python3.8/site-packages/project_2-0.0.0-py3.8.egg-info
[4.769s] running install_scripts
[4.844s] Installing client script to /home/jetson/Desktop/workspace_2/install/project_2/lib/project_2
[4.844s] Installing client2 script to /home/jetson/Desktop/workspace_2/install/project_2/lib/project_2
[4.845s] Installing listener script to /home/jetson/Desktop/workspace_2/install/project_2/lib/project_2
[4.845s] Installing listener2 script to /home/jetson/Desktop/workspace_2/install/project_2/lib/project_2
[4.846s] Installing motor_cmd script to /home/jetson/Desktop/workspace_2/install/project_2/lib/project_2
[4.846s] Installing param_test script to /home/jetson/Desktop/workspace_2/install/project_2/lib/project_2
[4.846s] Installing service script to /home/jetson/Desktop/workspace_2/install/project_2/lib/project_2
[4.847s] Installing service2 script to /home/jetson/Desktop/workspace_2/install/project_2/lib/project_2
[4.847s] Installing slam_navigation script to /home/jetson/Desktop/workspace_2/install/project_2/lib/project_2
[4.847s] Installing talker script to /home/jetson/Desktop/workspace_2/install/project_2/lib/project_2
[4.848s] Installing talker2 script to /home/jetson/Desktop/workspace_2/install/project_2/lib/project_2
[4.849s] writing list of installed files to '/home/jetson/Desktop/workspace_2/build/project_2/install.log'
[4.951s] Invoked command in '/home/jetson/Desktop/workspace_2/src/project_2' returned '0': CMAKE_PREFIX_PATH=/home/jetson/Desktop/workspace_2/install/msg_manage:/home/jetson/Desktop/workspace_2/install/unity_robotics_demo_msgs:/home/jetson/ros2_foxy/ros2-linux LD_LIBRARY_PATH=/home/jetson/Desktop/workspace_2/install/msg_manage/lib:/home/jetson/Desktop/workspace_2/install/unity_robotics_demo_msgs/lib:/opt/ros/foxy/opt/yaml_cpp_vendor/lib:/opt/ros/foxy/opt/rviz_ogre_vendor/lib:/opt/ros/foxy/lib/aarch64-linux-gnu:/opt/ros/foxy/lib:/home/jetson/ros2_foxy/ros2-linux/opt/yaml_cpp_vendor/lib:/home/jetson/ros2_foxy/ros2-linux/opt/rviz_ogre_vendor/lib:/home/jetson/ros2_foxy/ros2-linux/lib PYTHONPATH=/home/jetson/Desktop/workspace_2/install/project_2/lib/python3.8/site-packages:/home/jetson/Desktop/workspace_2/install/msg_manage/lib/python3.8/site-packages:/home/jetson/Desktop/workspace_2/install/unity_slam_example/lib/python3.8/site-packages:/home/jetson/Desktop/workspace_2/install/unity_robotics_demo_msgs/lib/python3.8/site-packages:/home/jetson/Desktop/workspace_2/install/unity_robotics_demo/lib/python3.8/site-packages:/home/jetson/Desktop/workspace_2/install/ros_tcp_endpoint/lib/python3.8/site-packages:/home/jetson/Desktop/workspace_2/install/project_2/lib/python3.8/site-packages:/opt/ros/foxy/lib/python3.8/site-packages:/home/jetson/ros2_foxy/ros2-linux/lib/python3.8/site-packages /usr/bin/python3 setup.py egg_info --egg-base ../../build/project_2 build --build-base /home/jetson/Desktop/workspace_2/build/project_2/build install --prefix /home/jetson/Desktop/workspace_2/install/project_2 --record /home/jetson/Desktop/workspace_2/build/project_2/install.log --single-version-externally-managed
