[5.548s] Invoking command in '/home/jetson/Desktop/workspace_2/src/unity_robotics_demo': PYTHONPATH=/home/jetson/Desktop/workspace_2/install/unity_robotics_demo/lib/python3.8/site-packages:${PYTHONPATH} /usr/bin/python3 setup.py egg_info --egg-base ../../build/unity_robotics_demo build --build-base /home/jetson/Desktop/workspace_2/build/unity_robotics_demo/build install --prefix /home/jetson/Desktop/workspace_2/install/unity_robotics_demo --record /home/jetson/Desktop/workspace_2/build/unity_robotics_demo/install.log --single-version-externally-managed
[7.005s] running egg_info
[7.008s] creating ../../build/unity_robotics_demo/unity_robotics_demo.egg-info
[7.010s] writing ../../build/unity_robotics_demo/unity_robotics_demo.egg-info/PKG-INFO
[7.011s] writing dependency_links to ../../build/unity_robotics_demo/unity_robotics_demo.egg-info/dependency_links.txt
[7.013s] writing entry points to ../../build/unity_robotics_demo/unity_robotics_demo.egg-info/entry_points.txt
[7.014s] writing requirements to ../../build/unity_robotics_demo/unity_robotics_demo.egg-info/requires.txt
[7.015s] writing top-level names to ../../build/unity_robotics_demo/unity_robotics_demo.egg-info/top_level.txt
[7.023s] writing manifest file '../../build/unity_robotics_demo/unity_robotics_demo.egg-info/SOURCES.txt'
[7.031s] reading manifest file '../../build/unity_robotics_demo/unity_robotics_demo.egg-info/SOURCES.txt'
[7.035s] writing manifest file '../../build/unity_robotics_demo/unity_robotics_demo.egg-info/SOURCES.txt'
[7.036s] running build
[7.037s] running build_py
[7.038s] creating /home/jetson/Desktop/workspace_2/build/unity_robotics_demo/build
[7.039s] creating /home/jetson/Desktop/workspace_2/build/unity_robotics_demo/build/lib
[7.040s] creating /home/jetson/Desktop/workspace_2/build/unity_robotics_demo/build/lib/unity_robotics_demo
[7.041s] copying unity_robotics_demo/position_service.py -> /home/jetson/Desktop/workspace_2/build/unity_robotics_demo/build/lib/unity_robotics_demo
[7.043s] copying unity_robotics_demo/color_publisher.py -> /home/jetson/Desktop/workspace_2/build/unity_robotics_demo/build/lib/unity_robotics_demo
[7.044s] copying unity_robotics_demo/__init__.py -> /home/jetson/Desktop/workspace_2/build/unity_robotics_demo/build/lib/unity_robotics_demo
[7.046s] running install
[7.050s] running install_lib
[7.055s] creating /home/jetson/Desktop/workspace_2/install/unity_robotics_demo/lib/python3.8/site-packages/unity_robotics_demo
[7.056s] copying /home/jetson/Desktop/workspace_2/build/unity_robotics_demo/build/lib/unity_robotics_demo/position_service.py -> /home/jetson/Desktop/workspace_2/install/unity_robotics_demo/lib/python3.8/site-packages/unity_robotics_demo
[7.058s] copying /home/jetson/Desktop/workspace_2/build/unity_robotics_demo/build/lib/unity_robotics_demo/color_publisher.py -> /home/jetson/Desktop/workspace_2/install/unity_robotics_demo/lib/python3.8/site-packages/unity_robotics_demo
[7.059s] copying /home/jetson/Desktop/workspace_2/build/unity_robotics_demo/build/lib/unity_robotics_demo/__init__.py -> /home/jetson/Desktop/workspace_2/install/unity_robotics_demo/lib/python3.8/site-packages/unity_robotics_demo
[7.062s] byte-compiling /home/jetson/Desktop/workspace_2/install/unity_robotics_demo/lib/python3.8/site-packages/unity_robotics_demo/position_service.py to position_service.cpython-38.pyc
[7.065s] byte-compiling /home/jetson/Desktop/workspace_2/install/unity_robotics_demo/lib/python3.8/site-packages/unity_robotics_demo/color_publisher.py to color_publisher.cpython-38.pyc
[7.068s] byte-compiling /home/jetson/Desktop/workspace_2/install/unity_robotics_demo/lib/python3.8/site-packages/unity_robotics_demo/__init__.py to __init__.cpython-38.pyc
[7.070s] running install_data
[7.073s] creating /home/jetson/Desktop/workspace_2/install/unity_robotics_demo/share/ament_index
[7.074s] creating /home/jetson/Desktop/workspace_2/install/unity_robotics_demo/share/ament_index/resource_index
[7.075s] creating /home/jetson/Desktop/workspace_2/install/unity_robotics_demo/share/ament_index/resource_index/packages
[7.076s] copying resource/unity_robotics_demo -> /home/jetson/Desktop/workspace_2/install/unity_robotics_demo/share/ament_index/resource_index/packages
[7.077s] copying package.xml -> /home/jetson/Desktop/workspace_2/install/unity_robotics_demo/share/unity_robotics_demo
[7.078s] running install_egg_info
[7.085s] Copying ../../build/unity_robotics_demo/unity_robotics_demo.egg-info to /home/jetson/Desktop/workspace_2/install/unity_robotics_demo/lib/python3.8/site-packages/unity_robotics_demo-0.0.1-py3.8.egg-info
[7.091s] running install_scripts
[7.176s] Installing color_publisher script to /home/jetson/Desktop/workspace_2/install/unity_robotics_demo/lib/unity_robotics_demo
[7.177s] Installing position_service script to /home/jetson/Desktop/workspace_2/install/unity_robotics_demo/lib/unity_robotics_demo
[7.179s] writing list of installed files to '/home/jetson/Desktop/workspace_2/build/unity_robotics_demo/install.log'
[7.295s] Invoked command in '/home/jetson/Desktop/workspace_2/src/unity_robotics_demo' returned '0': PYTHONPATH=/home/jetson/Desktop/workspace_2/install/unity_robotics_demo/lib/python3.8/site-packages:${PYTHONPATH} /usr/bin/python3 setup.py egg_info --egg-base ../../build/unity_robotics_demo build --build-base /home/jetson/Desktop/workspace_2/build/unity_robotics_demo/build install --prefix /home/jetson/Desktop/workspace_2/install/unity_robotics_demo --record /home/jetson/Desktop/workspace_2/build/unity_robotics_demo/install.log --single-version-externally-managed
