[5.958s] Invoking command in '/home/jetson/Desktop/workspace_2/src/ROS-TCP-Endpoint': PYTHONPATH=/home/jetson/Desktop/workspace_2/install/ros_tcp_endpoint/lib/python3.8/site-packages:${PYTHONPATH} /usr/bin/python3 setup.py egg_info --egg-base ../../build/ros_tcp_endpoint build --build-base /home/jetson/Desktop/workspace_2/build/ros_tcp_endpoint/build install --prefix /home/jetson/Desktop/workspace_2/install/ros_tcp_endpoint --record /home/jetson/Desktop/workspace_2/build/ros_tcp_endpoint/install.log --single-version-externally-managed
[7.491s] running egg_info
[7.495s] creating ../../build/ros_tcp_endpoint/ros_tcp_endpoint.egg-info
[7.496s] writing ../../build/ros_tcp_endpoint/ros_tcp_endpoint.egg-info/PKG-INFO
[7.496s] writing dependency_links to ../../build/ros_tcp_endpoint/ros_tcp_endpoint.egg-info/dependency_links.txt
[7.497s] writing entry points to ../../build/ros_tcp_endpoint/ros_tcp_endpoint.egg-info/entry_points.txt
[7.497s] writing requirements to ../../build/ros_tcp_endpoint/ros_tcp_endpoint.egg-info/requires.txt
[7.498s] writing top-level names to ../../build/ros_tcp_endpoint/ros_tcp_endpoint.egg-info/top_level.txt
[7.504s] writing manifest file '../../build/ros_tcp_endpoint/ros_tcp_endpoint.egg-info/SOURCES.txt'
[7.512s] reading manifest file '../../build/ros_tcp_endpoint/ros_tcp_endpoint.egg-info/SOURCES.txt'
[7.513s] adding license file 'LICENSE'
[7.516s] writing manifest file '../../build/ros_tcp_endpoint/ros_tcp_endpoint.egg-info/SOURCES.txt'
[7.518s] running build
[7.518s] running build_py
[7.519s] creating /home/jetson/Desktop/workspace_2/build/ros_tcp_endpoint/build
[7.519s] creating /home/jetson/Desktop/workspace_2/build/ros_tcp_endpoint/build/lib
[7.520s] creating /home/jetson/Desktop/workspace_2/build/ros_tcp_endpoint/build/lib/ros_tcp_endpoint
[7.520s] copying ros_tcp_endpoint/communication.py -> /home/jetson/Desktop/workspace_2/build/ros_tcp_endpoint/build/lib/ros_tcp_endpoint
[7.521s] copying ros_tcp_endpoint/tcp_sender.py -> /home/jetson/Desktop/workspace_2/build/ros_tcp_endpoint/build/lib/ros_tcp_endpoint
[7.522s] copying ros_tcp_endpoint/client.py -> /home/jetson/Desktop/workspace_2/build/ros_tcp_endpoint/build/lib/ros_tcp_endpoint
[7.522s] copying ros_tcp_endpoint/thread_pauser.py -> /home/jetson/Desktop/workspace_2/build/ros_tcp_endpoint/build/lib/ros_tcp_endpoint
[7.523s] copying ros_tcp_endpoint/publisher.py -> /home/jetson/Desktop/workspace_2/build/ros_tcp_endpoint/build/lib/ros_tcp_endpoint
[7.523s] copying ros_tcp_endpoint/service.py -> /home/jetson/Desktop/workspace_2/build/ros_tcp_endpoint/build/lib/ros_tcp_endpoint
[7.524s] copying ros_tcp_endpoint/server.py -> /home/jetson/Desktop/workspace_2/build/ros_tcp_endpoint/build/lib/ros_tcp_endpoint
[7.525s] copying ros_tcp_endpoint/exceptions.py -> /home/jetson/Desktop/workspace_2/build/ros_tcp_endpoint/build/lib/ros_tcp_endpoint
[7.527s] copying ros_tcp_endpoint/unity_service.py -> /home/jetson/Desktop/workspace_2/build/ros_tcp_endpoint/build/lib/ros_tcp_endpoint
[7.527s] copying ros_tcp_endpoint/subscriber.py -> /home/jetson/Desktop/workspace_2/build/ros_tcp_endpoint/build/lib/ros_tcp_endpoint
[7.528s] copying ros_tcp_endpoint/__init__.py -> /home/jetson/Desktop/workspace_2/build/ros_tcp_endpoint/build/lib/ros_tcp_endpoint
[7.528s] copying ros_tcp_endpoint/default_server_endpoint.py -> /home/jetson/Desktop/workspace_2/build/ros_tcp_endpoint/build/lib/ros_tcp_endpoint
[7.529s] running install
[7.535s] running install_lib
[7.536s] creating /home/jetson/Desktop/workspace_2/install/ros_tcp_endpoint/lib/python3.8/site-packages/ros_tcp_endpoint
[7.537s] copying /home/jetson/Desktop/workspace_2/build/ros_tcp_endpoint/build/lib/ros_tcp_endpoint/communication.py -> /home/jetson/Desktop/workspace_2/install/ros_tcp_endpoint/lib/python3.8/site-packages/ros_tcp_endpoint
[7.538s] copying /home/jetson/Desktop/workspace_2/build/ros_tcp_endpoint/build/lib/ros_tcp_endpoint/tcp_sender.py -> /home/jetson/Desktop/workspace_2/install/ros_tcp_endpoint/lib/python3.8/site-packages/ros_tcp_endpoint
[7.541s] copying /home/jetson/Desktop/workspace_2/build/ros_tcp_endpoint/build/lib/ros_tcp_endpoint/client.py -> /home/jetson/Desktop/workspace_2/install/ros_tcp_endpoint/lib/python3.8/site-packages/ros_tcp_endpoint
[7.542s] copying /home/jetson/Desktop/workspace_2/build/ros_tcp_endpoint/build/lib/ros_tcp_endpoint/thread_pauser.py -> /home/jetson/Desktop/workspace_2/install/ros_tcp_endpoint/lib/python3.8/site-packages/ros_tcp_endpoint
[7.542s] copying /home/jetson/Desktop/workspace_2/build/ros_tcp_endpoint/build/lib/ros_tcp_endpoint/publisher.py -> /home/jetson/Desktop/workspace_2/install/ros_tcp_endpoint/lib/python3.8/site-packages/ros_tcp_endpoint
[7.543s] copying /home/jetson/Desktop/workspace_2/build/ros_tcp_endpoint/build/lib/ros_tcp_endpoint/service.py -> /home/jetson/Desktop/workspace_2/install/ros_tcp_endpoint/lib/python3.8/site-packages/ros_tcp_endpoint
[7.543s] copying /home/jetson/Desktop/workspace_2/build/ros_tcp_endpoint/build/lib/ros_tcp_endpoint/server.py -> /home/jetson/Desktop/workspace_2/install/ros_tcp_endpoint/lib/python3.8/site-packages/ros_tcp_endpoint
[7.548s] copying /home/jetson/Desktop/workspace_2/build/ros_tcp_endpoint/build/lib/ros_tcp_endpoint/exceptions.py -> /home/jetson/Desktop/workspace_2/install/ros_tcp_endpoint/lib/python3.8/site-packages/ros_tcp_endpoint
[7.554s] copying /home/jetson/Desktop/workspace_2/build/ros_tcp_endpoint/build/lib/ros_tcp_endpoint/unity_service.py -> /home/jetson/Desktop/workspace_2/install/ros_tcp_endpoint/lib/python3.8/site-packages/ros_tcp_endpoint
[7.555s] copying /home/jetson/Desktop/workspace_2/build/ros_tcp_endpoint/build/lib/ros_tcp_endpoint/subscriber.py -> /home/jetson/Desktop/workspace_2/install/ros_tcp_endpoint/lib/python3.8/site-packages/ros_tcp_endpoint
[7.556s] copying /home/jetson/Desktop/workspace_2/build/ros_tcp_endpoint/build/lib/ros_tcp_endpoint/__init__.py -> /home/jetson/Desktop/workspace_2/install/ros_tcp_endpoint/lib/python3.8/site-packages/ros_tcp_endpoint
[7.557s] copying /home/jetson/Desktop/workspace_2/build/ros_tcp_endpoint/build/lib/ros_tcp_endpoint/default_server_endpoint.py -> /home/jetson/Desktop/workspace_2/install/ros_tcp_endpoint/lib/python3.8/site-packages/ros_tcp_endpoint
[7.557s] byte-compiling /home/jetson/Desktop/workspace_2/install/ros_tcp_endpoint/lib/python3.8/site-packages/ros_tcp_endpoint/communication.py to communication.cpython-38.pyc
[7.558s] byte-compiling /home/jetson/Desktop/workspace_2/install/ros_tcp_endpoint/lib/python3.8/site-packages/ros_tcp_endpoint/tcp_sender.py to tcp_sender.cpython-38.pyc
[7.559s] byte-compiling /home/jetson/Desktop/workspace_2/install/ros_tcp_endpoint/lib/python3.8/site-packages/ros_tcp_endpoint/client.py to client.cpython-38.pyc
[7.560s] byte-compiling /home/jetson/Desktop/workspace_2/install/ros_tcp_endpoint/lib/python3.8/site-packages/ros_tcp_endpoint/thread_pauser.py to thread_pauser.cpython-38.pyc
[7.561s] byte-compiling /home/jetson/Desktop/workspace_2/install/ros_tcp_endpoint/lib/python3.8/site-packages/ros_tcp_endpoint/publisher.py to publisher.cpython-38.pyc
[7.561s] byte-compiling /home/jetson/Desktop/workspace_2/install/ros_tcp_endpoint/lib/python3.8/site-packages/ros_tcp_endpoint/service.py to service.cpython-38.pyc
[7.564s] byte-compiling /home/jetson/Desktop/workspace_2/install/ros_tcp_endpoint/lib/python3.8/site-packages/ros_tcp_endpoint/server.py to server.cpython-38.pyc
[7.571s] byte-compiling /home/jetson/Desktop/workspace_2/install/ros_tcp_endpoint/lib/python3.8/site-packages/ros_tcp_endpoint/exceptions.py to exceptions.cpython-38.pyc
[7.571s] byte-compiling /home/jetson/Desktop/workspace_2/install/ros_tcp_endpoint/lib/python3.8/site-packages/ros_tcp_endpoint/unity_service.py to unity_service.cpython-38.pyc
[7.572s] byte-compiling /home/jetson/Desktop/workspace_2/install/ros_tcp_endpoint/lib/python3.8/site-packages/ros_tcp_endpoint/subscriber.py to subscriber.cpython-38.pyc
[7.574s] byte-compiling /home/jetson/Desktop/workspace_2/install/ros_tcp_endpoint/lib/python3.8/site-packages/ros_tcp_endpoint/__init__.py to __init__.cpython-38.pyc
[7.575s] byte-compiling /home/jetson/Desktop/workspace_2/install/ros_tcp_endpoint/lib/python3.8/site-packages/ros_tcp_endpoint/default_server_endpoint.py to default_server_endpoint.cpython-38.pyc
[7.576s] running install_data
[7.578s] creating /home/jetson/Desktop/workspace_2/install/ros_tcp_endpoint/share/ament_index
[7.579s] creating /home/jetson/Desktop/workspace_2/install/ros_tcp_endpoint/share/ament_index/resource_index
[7.579s] creating /home/jetson/Desktop/workspace_2/install/ros_tcp_endpoint/share/ament_index/resource_index/packages
[7.580s] copying resource/ros_tcp_endpoint -> /home/jetson/Desktop/workspace_2/install/ros_tcp_endpoint/share/ament_index/resource_index/packages
[7.581s] copying package.xml -> /home/jetson/Desktop/workspace_2/install/ros_tcp_endpoint/share/ros_tcp_endpoint
[7.582s] creating /home/jetson/Desktop/workspace_2/install/ros_tcp_endpoint/share/ros_tcp_endpoint/launch
[7.587s] copying launch/endpoint.py -> /home/jetson/Desktop/workspace_2/install/ros_tcp_endpoint/share/ros_tcp_endpoint/launch
[7.589s] running install_egg_info
[7.590s] Copying ../../build/ros_tcp_endpoint/ros_tcp_endpoint.egg-info to /home/jetson/Desktop/workspace_2/install/ros_tcp_endpoint/lib/python3.8/site-packages/ros_tcp_endpoint-0.0.1-py3.8.egg-info
[7.595s] running install_scripts
[7.686s] Installing default_server_endpoint script to /home/jetson/Desktop/workspace_2/install/ros_tcp_endpoint/lib/ros_tcp_endpoint
[7.688s] writing list of installed files to '/home/jetson/Desktop/workspace_2/build/ros_tcp_endpoint/install.log'
[9.157s] Invoked command in '/home/jetson/Desktop/workspace_2/src/ROS-TCP-Endpoint' returned '0': PYTHONPATH=/home/jetson/Desktop/workspace_2/install/ros_tcp_endpoint/lib/python3.8/site-packages:${PYTHONPATH} /usr/bin/python3 setup.py egg_info --egg-base ../../build/ros_tcp_endpoint build --build-base /home/jetson/Desktop/workspace_2/build/ros_tcp_endpoint/build install --prefix /home/jetson/Desktop/workspace_2/install/ros_tcp_endpoint --record /home/jetson/Desktop/workspace_2/build/ros_tcp_endpoint/install.log --single-version-externally-managed
