[0.288s] Invoking command in '/home/jetson/Desktop/workspace_2/build/msg_manage': CMAKE_PREFIX_PATH=${CMAKE_PREFIX_PATH}:/home/jetson/Desktop/workspace_2/install/unity_slam_example:/home/jetson/Desktop/workspace_2/install/unity_robotics_demo:/home/jetson/Desktop/workspace_2/install/ros_tcp_endpoint:/home/jetson/Desktop/workspace_2/install/project_2:/opt/ros/foxy /usr/bin/cmake /home/jetson/Desktop/workspace_2/src/msg_manage -DCMAKE_INSTALL_PREFIX=/home/jetson/Desktop/workspace_2/install/msg_manage
[3.287s] -- The C compiler identification is GNU 8.4.0
[3.288s] -- The CXX compiler identification is GNU 8.4.0
[3.288s] -- Check for working C compiler: /usr/bin/cc
[3.289s] -- Check for working C compiler: /usr/bin/cc -- works
[3.293s] -- Detecting C compiler ABI info
[3.301s] -- Detecting C compiler ABI info - done
[3.303s] -- Detecting C compile features
[3.303s] -- Detecting C compile features - done
[3.304s] -- Check for working CXX compiler: /usr/bin/c++
[3.304s] -- Check for working CXX compiler: /usr/bin/c++ -- works
[3.304s] -- Detecting CXX compiler ABI info
[3.305s] -- Detecting CXX compiler ABI info - done
[3.305s] -- Detecting CXX compile features
[3.306s] -- Detecting CXX compile features - done
[3.306s] -- Found ament_cmake: 0.9.9 (/home/jetson/ros2_foxy/ros2-linux/share/ament_cmake/cmake)
[3.307s] -- Found PythonInterp: /usr/bin/python3 (found suitable version "3.8.10", minimum required is "3") 
[3.307s] -- Using PYTHON_EXECUTABLE: /usr/bin/python3
[3.324s] -- Found ament_lint_auto: 0.9.6 (/home/jetson/ros2_foxy/ros2-linux/share/ament_lint_auto/cmake)
[3.798s] -- Found rosidl_default_generators: 1.0.1 (/home/jetson/ros2_foxy/ros2-linux/share/rosidl_default_generators/cmake)
[3.822s] -- Using all available rosidl_typesupport_c: rosidl_typesupport_fastrtps_c;rosidl_typesupport_introspection_c
[3.863s] -- Found rosidl_adapter: 1.2.1 (/home/jetson/ros2_foxy/ros2-linux/share/rosidl_adapter/cmake)
[4.519s] -- Found OpenSSL: /usr/lib/aarch64-linux-gnu/libcrypto.so (found version "1.1.1f")  
[4.667s] -- Found FastRTPS: /home/jetson/ros2_foxy/ros2-linux/include  
[5.335s] -- Using all available rosidl_typesupport_cpp: rosidl_typesupport_fastrtps_cpp;rosidl_typesupport_introspection_cpp
[5.662s] -- Found PythonInterp: /usr/bin/python3 (found version "3.8.10") 
[6.929s] -- Found ament_cmake_ros: 0.9.2 (/home/jetson/ros2_foxy/ros2-linux/share/ament_cmake_ros/cmake)
[7.949s] -- Using all available rosidl_typesupport_c: rosidl_typesupport_fastrtps_c;rosidl_typesupport_introspection_c
[8.196s] -- Using all available rosidl_typesupport_cpp: rosidl_typesupport_fastrtps_cpp;rosidl_typesupport_introspection_cpp
[8.341s] -- Found PythonInterp: /usr/bin/python3 (found suitable version "3.8.10", minimum required is "3.5") 
[8.351s] -- Found python_cmake_module: 0.8.1 (/home/jetson/ros2_foxy/ros2-linux/share/python_cmake_module/cmake)
[8.509s] -- Found PythonLibs: /usr/lib/aarch64-linux-gnu/libpython3.8.so (found suitable version "3.8.10", minimum required is "3.5") 
[8.510s] -- Using PYTHON_EXECUTABLE: /usr/bin/python3
[8.511s] -- Using PYTHON_INCLUDE_DIRS: /usr/include/python3.8
[8.512s] -- Using PYTHON_LIBRARIES: /usr/lib/aarch64-linux-gnu/libpython3.8.so
[8.709s] -- Found PythonExtra: .so  
[9.171s] -- Added test 'copyright' to check source files copyright and LICENSE
[9.186s] -- Added test 'lint_cmake' to check CMake code style
[9.194s] -- Added test 'xmllint' to check XML markup files
[9.230s] -- Configuring done
[9.518s] -- Generating done
[9.531s] -- Build files have been written to: /home/jetson/Desktop/workspace_2/build/msg_manage
[10.658s] Invoked command in '/home/jetson/Desktop/workspace_2/build/msg_manage' returned '0': CMAKE_PREFIX_PATH=${CMAKE_PREFIX_PATH}:/home/jetson/Desktop/workspace_2/install/unity_slam_example:/home/jetson/Desktop/workspace_2/install/unity_robotics_demo:/home/jetson/Desktop/workspace_2/install/ros_tcp_endpoint:/home/jetson/Desktop/workspace_2/install/project_2:/opt/ros/foxy /usr/bin/cmake /home/jetson/Desktop/workspace_2/src/msg_manage -DCMAKE_INSTALL_PREFIX=/home/jetson/Desktop/workspace_2/install/msg_manage
[10.666s] Invoking command in '/home/jetson/Desktop/workspace_2/build/msg_manage': CMAKE_PREFIX_PATH=${CMAKE_PREFIX_PATH}:/home/jetson/Desktop/workspace_2/install/unity_slam_example:/home/jetson/Desktop/workspace_2/install/unity_robotics_demo:/home/jetson/Desktop/workspace_2/install/ros_tcp_endpoint:/home/jetson/Desktop/workspace_2/install/project_2:/opt/ros/foxy /usr/bin/cmake --build /home/jetson/Desktop/workspace_2/build/msg_manage -- -j4 -l4
[10.948s] [  1%] [34m[1mGenerating C code for ROS interfaces[0m
[11.011s] [35m[1mScanning dependencies of target msg_manage__cpp[0m
[11.158s] [  2%] [34m[1mGenerating C++ code for ROS interfaces[0m
[18.107s] [35m[1mScanning dependencies of target msg_manage__rosidl_generator_c[0m
[18.248s] [  4%] [32mBuilding C object CMakeFiles/msg_manage__rosidl_generator_c.dir/rosidl_generator_c/msg_manage/msg/detail/num__functions.c.o[0m
[18.387s] [  5%] [32mBuilding C object CMakeFiles/msg_manage__rosidl_generator_c.dir/rosidl_generator_c/msg_manage/msg/detail/motor2__functions.c.o[0m
[18.588s] [  7%] [32mBuilding C object CMakeFiles/msg_manage__rosidl_generator_c.dir/rosidl_generator_c/msg_manage/srv/detail/add_three_ints__functions.c.o[0m
[18.627s] [  8%] [32mBuilding C object CMakeFiles/msg_manage__rosidl_generator_c.dir/rosidl_generator_c/msg_manage/srv/detail/twist_srv__functions.c.o[0m
[18.657s] [  8%] Built target msg_manage__cpp
[18.712s] [  9%] [32mBuilding C object CMakeFiles/msg_manage__rosidl_generator_c.dir/rosidl_generator_c/msg_manage/action/detail/testaction__functions.c.o[0m
[18.831s] [ 11%] [34m[1mGenerating C++ introspection for ROS interfaces[0m
[18.896s] [ 12%] [32mBuilding C object CMakeFiles/msg_manage__rosidl_generator_c.dir/rosidl_generator_c/msg_manage/msg/detail/vehicle__functions.c.o[0m
[18.963s] [ 14%] [34m[1mGenerating C++ type support for eProsima Fast-RTPS[0m
[19.358s] [ 15%] [34m[1mGenerating C++ type support dispatch for ROS interfaces[0m
[19.724s] [ 16%] [32m[1mLinking C shared library libmsg_manage__rosidl_generator_c.so[0m
[20.369s] [ 16%] Built target msg_manage__rosidl_generator_c
[23.031s] [35m[1mScanning dependencies of target msg_manage__rosidl_typesupport_cpp[0m
[23.147s] [ 18%] [32mBuilding CXX object CMakeFiles/msg_manage__rosidl_typesupport_cpp.dir/rosidl_typesupport_cpp/msg_manage/msg/num__type_support.cpp.o[0m
[23.688s] [35m[1mScanning dependencies of target msg_manage__rosidl_typesupport_introspection_cpp[0m
[23.798s] [ 19%] [32mBuilding CXX object CMakeFiles/msg_manage__rosidl_typesupport_introspection_cpp.dir/rosidl_typesupport_introspection_cpp/msg_manage/msg/detail/num__type_support.cpp.o[0m
[24.445s] [ 21%] [32mBuilding CXX object CMakeFiles/msg_manage__rosidl_typesupport_cpp.dir/rosidl_typesupport_cpp/msg_manage/msg/motor2__type_support.cpp.o[0m
[24.589s] [35m[1mScanning dependencies of target msg_manage__rosidl_typesupport_fastrtps_cpp[0m
[24.769s] [ 22%] [32mBuilding CXX object CMakeFiles/msg_manage__rosidl_typesupport_fastrtps_cpp.dir/rosidl_typesupport_fastrtps_cpp/msg_manage/msg/detail/dds_fastrtps/num__type_support.cpp.o[0m
[25.031s] [ 23%] [32mBuilding CXX object CMakeFiles/msg_manage__rosidl_typesupport_introspection_cpp.dir/rosidl_typesupport_introspection_cpp/msg_manage/msg/detail/motor2__type_support.cpp.o[0m
[25.734s] [ 25%] [32mBuilding CXX object CMakeFiles/msg_manage__rosidl_typesupport_cpp.dir/rosidl_typesupport_cpp/msg_manage/srv/add_three_ints__type_support.cpp.o[0m
[26.605s] [ 26%] [32mBuilding CXX object CMakeFiles/msg_manage__rosidl_typesupport_introspection_cpp.dir/rosidl_typesupport_introspection_cpp/msg_manage/srv/detail/add_three_ints__type_support.cpp.o[0m
[26.624s] [ 28%] [32mBuilding CXX object CMakeFiles/msg_manage__rosidl_typesupport_fastrtps_cpp.dir/rosidl_typesupport_fastrtps_cpp/msg_manage/msg/detail/dds_fastrtps/motor2__type_support.cpp.o[0m
[27.564s] [ 29%] [32mBuilding CXX object CMakeFiles/msg_manage__rosidl_typesupport_cpp.dir/rosidl_typesupport_cpp/msg_manage/srv/twist_srv__type_support.cpp.o[0m
[28.441s] [ 30%] [32mBuilding CXX object CMakeFiles/msg_manage__rosidl_typesupport_introspection_cpp.dir/rosidl_typesupport_introspection_cpp/msg_manage/srv/detail/twist_srv__type_support.cpp.o[0m
[29.480s] [ 32%] [32mBuilding CXX object CMakeFiles/msg_manage__rosidl_typesupport_fastrtps_cpp.dir/rosidl_typesupport_fastrtps_cpp/msg_manage/srv/detail/dds_fastrtps/add_three_ints__type_support.cpp.o[0m
[29.537s] [ 33%] [32mBuilding CXX object CMakeFiles/msg_manage__rosidl_typesupport_cpp.dir/rosidl_typesupport_cpp/msg_manage/action/testaction__type_support.cpp.o[0m
[30.477s] [ 35%] [32mBuilding CXX object CMakeFiles/msg_manage__rosidl_typesupport_introspection_cpp.dir/rosidl_typesupport_introspection_cpp/msg_manage/action/detail/testaction__type_support.cpp.o[0m
[31.844s] [ 36%] [32mBuilding CXX object CMakeFiles/msg_manage__rosidl_typesupport_cpp.dir/rosidl_typesupport_cpp/msg_manage/msg/vehicle__type_support.cpp.o[0m
[32.792s] [ 38%] [32mBuilding CXX object CMakeFiles/msg_manage__rosidl_typesupport_fastrtps_cpp.dir/rosidl_typesupport_fastrtps_cpp/msg_manage/srv/detail/dds_fastrtps/twist_srv__type_support.cpp.o[0m
[33.253s] [ 39%] [32mBuilding CXX object CMakeFiles/msg_manage__rosidl_typesupport_introspection_cpp.dir/rosidl_typesupport_introspection_cpp/msg_manage/msg/detail/vehicle__type_support.cpp.o[0m
[33.919s] [ 40%] [32m[1mLinking CXX shared library libmsg_manage__rosidl_typesupport_cpp.so[0m
[34.246s] [ 40%] Built target msg_manage__rosidl_typesupport_cpp
[34.891s] [ 42%] [32m[1mLinking CXX shared library libmsg_manage__rosidl_typesupport_introspection_cpp.so[0m
[35.209s] [ 43%] [32mBuilding CXX object CMakeFiles/msg_manage__rosidl_typesupport_fastrtps_cpp.dir/rosidl_typesupport_fastrtps_cpp/msg_manage/action/detail/dds_fastrtps/testaction__type_support.cpp.o[0m
[35.301s] [ 43%] Built target msg_manage__rosidl_typesupport_introspection_cpp
[37.557s] [ 45%] [32mBuilding CXX object CMakeFiles/msg_manage__rosidl_typesupport_fastrtps_cpp.dir/rosidl_typesupport_fastrtps_cpp/msg_manage/msg/detail/dds_fastrtps/vehicle__type_support.cpp.o[0m
[39.405s] [ 46%] [32m[1mLinking CXX shared library libmsg_manage__rosidl_typesupport_fastrtps_cpp.so[0m
[39.876s] [ 46%] Built target msg_manage__rosidl_typesupport_fastrtps_cpp
[40.026s] [ 47%] [34m[1mGenerating C type support dispatch for ROS interfaces[0m
[43.414s] [35m[1mScanning dependencies of target msg_manage__rosidl_typesupport_c[0m
[43.478s] [ 49%] [32mBuilding CXX object CMakeFiles/msg_manage__rosidl_typesupport_c.dir/rosidl_typesupport_c/msg_manage/msg/num__type_support.cpp.o[0m
[43.606s] [ 50%] [32mBuilding CXX object CMakeFiles/msg_manage__rosidl_typesupport_c.dir/rosidl_typesupport_c/msg_manage/msg/motor2__type_support.cpp.o[0m
[43.734s] [ 52%] [32mBuilding CXX object CMakeFiles/msg_manage__rosidl_typesupport_c.dir/rosidl_typesupport_c/msg_manage/srv/add_three_ints__type_support.cpp.o[0m
[43.923s] [ 53%] [32mBuilding CXX object CMakeFiles/msg_manage__rosidl_typesupport_c.dir/rosidl_typesupport_c/msg_manage/srv/twist_srv__type_support.cpp.o[0m
[44.062s] [ 54%] [32mBuilding CXX object CMakeFiles/msg_manage__rosidl_typesupport_c.dir/rosidl_typesupport_c/msg_manage/action/testaction__type_support.cpp.o[0m
[44.294s] [ 56%] [32mBuilding CXX object CMakeFiles/msg_manage__rosidl_typesupport_c.dir/rosidl_typesupport_c/msg_manage/msg/vehicle__type_support.cpp.o[0m
[44.446s] [ 57%] [32m[1mLinking CXX shared library libmsg_manage__rosidl_typesupport_c.so[0m
[44.652s] [ 57%] Built target msg_manage__rosidl_typesupport_c
[44.775s] [ 59%] [34m[1mGenerating C type support for eProsima Fast-RTPS[0m
[49.349s] [35m[1mScanning dependencies of target msg_manage__rosidl_typesupport_fastrtps_c[0m
[49.554s] [ 60%] [32mBuilding CXX object CMakeFiles/msg_manage__rosidl_typesupport_fastrtps_c.dir/rosidl_typesupport_fastrtps_c/msg_manage/msg/detail/num__type_support_c.cpp.o[0m
[50.979s] [ 61%] [32mBuilding CXX object CMakeFiles/msg_manage__rosidl_typesupport_fastrtps_c.dir/rosidl_typesupport_fastrtps_c/msg_manage/srv/detail/add_three_ints__type_support_c.cpp.o[0m
[52.347s] [ 63%] [32mBuilding CXX object CMakeFiles/msg_manage__rosidl_typesupport_fastrtps_c.dir/rosidl_typesupport_fastrtps_c/msg_manage/srv/detail/twist_srv__type_support_c.cpp.o[0m
[53.799s] [ 64%] [32mBuilding CXX object CMakeFiles/msg_manage__rosidl_typesupport_fastrtps_c.dir/rosidl_typesupport_fastrtps_c/msg_manage/action/detail/testaction__type_support_c.cpp.o[0m
[55.521s] [ 66%] [32mBuilding CXX object CMakeFiles/msg_manage__rosidl_typesupport_fastrtps_c.dir/rosidl_typesupport_fastrtps_c/msg_manage/msg/detail/vehicle__type_support_c.cpp.o[0m
[57.017s] [ 67%] [32mBuilding CXX object CMakeFiles/msg_manage__rosidl_typesupport_fastrtps_c.dir/rosidl_typesupport_fastrtps_c/msg_manage/msg/detail/motor2__type_support_c.cpp.o[0m
[58.336s] [ 69%] [32m[1mLinking CXX shared library libmsg_manage__rosidl_typesupport_fastrtps_c.so[0m
[58.789s] [ 69%] Built target msg_manage__rosidl_typesupport_fastrtps_c
[58.836s] [ 70%] [34m[1mGenerating C introspection for ROS interfaces[0m
[62.213s] [35m[1mScanning dependencies of target msg_manage__rosidl_typesupport_introspection_c[0m
[62.307s] [ 71%] [32mBuilding C object CMakeFiles/msg_manage__rosidl_typesupport_introspection_c.dir/rosidl_typesupport_introspection_c/msg_manage/msg/detail/num__type_support.c.o[0m
[62.480s] [ 73%] [32mBuilding C object CMakeFiles/msg_manage__rosidl_typesupport_introspection_c.dir/rosidl_typesupport_introspection_c/msg_manage/srv/detail/twist_srv__type_support.c.o[0m
[62.662s] [ 74%] [32mBuilding C object CMakeFiles/msg_manage__rosidl_typesupport_introspection_c.dir/rosidl_typesupport_introspection_c/msg_manage/action/detail/testaction__type_support.c.o[0m
[62.841s] [ 76%] [32mBuilding C object CMakeFiles/msg_manage__rosidl_typesupport_introspection_c.dir/rosidl_typesupport_introspection_c/msg_manage/msg/detail/vehicle__type_support.c.o[0m
[62.983s] [ 77%] [32mBuilding C object CMakeFiles/msg_manage__rosidl_typesupport_introspection_c.dir/rosidl_typesupport_introspection_c/msg_manage/srv/detail/add_three_ints__type_support.c.o[0m
[63.115s] [ 78%] [32mBuilding C object CMakeFiles/msg_manage__rosidl_typesupport_introspection_c.dir/rosidl_typesupport_introspection_c/msg_manage/msg/detail/motor2__type_support.c.o[0m
[63.237s] [ 80%] [32m[1mLinking C shared library libmsg_manage__rosidl_typesupport_introspection_c.so[0m
[63.381s] [ 80%] Built target msg_manage__rosidl_typesupport_introspection_c
[63.427s] [35m[1mScanning dependencies of target msg_manage[0m
[63.471s] [ 80%] Built target msg_manage
[63.514s] [35m[1mScanning dependencies of target msg_manage__py[0m
[63.559s] [ 81%] [34m[1mGenerating Python code for ROS interfaces[0m
[73.183s] [ 81%] Built target msg_manage__py
[73.226s] [35m[1mScanning dependencies of target msg_manage__python[0m
[73.344s] [ 83%] [32mBuilding C object CMakeFiles/msg_manage__python.dir/rosidl_generator_py/msg_manage/msg/_num_s.c.o[0m
[73.697s] [ 84%] [32mBuilding C object CMakeFiles/msg_manage__python.dir/rosidl_generator_py/msg_manage/srv/_twist_srv_s.c.o[0m
[74.142s] [ 85%] [32mBuilding C object CMakeFiles/msg_manage__python.dir/rosidl_generator_py/msg_manage/action/_testaction_s.c.o[0m
[74.787s] [ 87%] [32mBuilding C object CMakeFiles/msg_manage__python.dir/rosidl_generator_py/msg_manage/msg/_vehicle_s.c.o[0m
[75.219s] [ 88%] [32mBuilding C object CMakeFiles/msg_manage__python.dir/rosidl_generator_py/msg_manage/srv/_add_three_ints_s.c.o[0m
[75.597s] [ 90%] [32mBuilding C object CMakeFiles/msg_manage__python.dir/rosidl_generator_py/msg_manage/msg/_motor2_s.c.o[0m
[75.995s] [ 91%] [32m[1mLinking C shared library rosidl_generator_py/msg_manage/libmsg_manage__python.so[0m
[76.476s] [ 91%] Built target msg_manage__python
[76.563s] [35m[1mScanning dependencies of target msg_manage__rosidl_typesupport_c__pyext[0m
[76.802s] [ 92%] [32mBuilding C object CMakeFiles/msg_manage__rosidl_typesupport_c__pyext.dir/rosidl_generator_py/msg_manage/_msg_manage_s.ep.rosidl_typesupport_c.c.o[0m
[77.896s] [ 94%] [32m[1mLinking C shared library rosidl_generator_py/msg_manage/msg_manage_s__rosidl_typesupport_c.cpython-38-aarch64-linux-gnu.so[0m
[78.377s] [ 94%] Built target msg_manage__rosidl_typesupport_c__pyext
[78.498s] [35m[1mScanning dependencies of target msg_manage__rosidl_typesupport_fastrtps_c__pyext[0m
[78.698s] [ 95%] [32mBuilding C object CMakeFiles/msg_manage__rosidl_typesupport_fastrtps_c__pyext.dir/rosidl_generator_py/msg_manage/_msg_manage_s.ep.rosidl_typesupport_fastrtps_c.c.o[0m
[79.547s] [ 97%] [32m[1mLinking CXX shared library rosidl_generator_py/msg_manage/msg_manage_s__rosidl_typesupport_fastrtps_c.cpython-38-aarch64-linux-gnu.so[0m
[79.833s] [ 97%] Built target msg_manage__rosidl_typesupport_fastrtps_c__pyext
[79.879s] [35m[1mScanning dependencies of target msg_manage__rosidl_typesupport_introspection_c__pyext[0m
[79.968s] [ 98%] [32mBuilding C object CMakeFiles/msg_manage__rosidl_typesupport_introspection_c__pyext.dir/rosidl_generator_py/msg_manage/_msg_manage_s.ep.rosidl_typesupport_introspection_c.c.o[0m
[80.478s] [100%] [32m[1mLinking C shared library rosidl_generator_py/msg_manage/msg_manage_s__rosidl_typesupport_introspection_c.cpython-38-aarch64-linux-gnu.so[0m
[80.654s] [100%] Built target msg_manage__rosidl_typesupport_introspection_c__pyext
[80.704s] Invoked command in '/home/jetson/Desktop/workspace_2/build/msg_manage' returned '0': CMAKE_PREFIX_PATH=${CMAKE_PREFIX_PATH}:/home/jetson/Desktop/workspace_2/install/unity_slam_example:/home/jetson/Desktop/workspace_2/install/unity_robotics_demo:/home/jetson/Desktop/workspace_2/install/ros_tcp_endpoint:/home/jetson/Desktop/workspace_2/install/project_2:/opt/ros/foxy /usr/bin/cmake --build /home/jetson/Desktop/workspace_2/build/msg_manage -- -j4 -l4
[81.336s] Invoking command in '/home/jetson/Desktop/workspace_2/build/msg_manage': CMAKE_PREFIX_PATH=${CMAKE_PREFIX_PATH}:/home/jetson/Desktop/workspace_2/install/unity_slam_example:/home/jetson/Desktop/workspace_2/install/unity_robotics_demo:/home/jetson/Desktop/workspace_2/install/ros_tcp_endpoint:/home/jetson/Desktop/workspace_2/install/project_2:/opt/ros/foxy /usr/bin/cmake --install /home/jetson/Desktop/workspace_2/build/msg_manage
[81.371s] -- Install configuration: ""
[81.373s] -- Installing: /home/jetson/Desktop/workspace_2/install/msg_manage/share/ament_index/resource_index/rosidl_interfaces/msg_manage
[81.374s] -- Installing: /home/jetson/Desktop/workspace_2/install/msg_manage/include/msg_manage
[81.374s] -- Installing: /home/jetson/Desktop/workspace_2/install/msg_manage/include/msg_manage/srv
[81.375s] -- Installing: /home/jetson/Desktop/workspace_2/install/msg_manage/include/msg_manage/srv/add_three_ints.h
[81.375s] -- Installing: /home/jetson/Desktop/workspace_2/install/msg_manage/include/msg_manage/srv/detail
[81.376s] -- Installing: /home/jetson/Desktop/workspace_2/install/msg_manage/include/msg_manage/srv/detail/twist_srv__functions.c
[81.377s] -- Installing: /home/jetson/Desktop/workspace_2/install/msg_manage/include/msg_manage/srv/detail/add_three_ints__type_support.h
[81.377s] -- Installing: /home/jetson/Desktop/workspace_2/install/msg_manage/include/msg_manage/srv/detail/twist_srv__struct.h
[81.378s] -- Installing: /home/jetson/Desktop/workspace_2/install/msg_manage/include/msg_manage/srv/detail/twist_srv__type_support.h
[81.378s] -- Installing: /home/jetson/Desktop/workspace_2/install/msg_manage/include/msg_manage/srv/detail/add_three_ints__struct.h
[81.379s] -- Installing: /home/jetson/Desktop/workspace_2/install/msg_manage/include/msg_manage/srv/detail/add_three_ints__functions.c
[81.382s] -- Installing: /home/jetson/Desktop/workspace_2/install/msg_manage/include/msg_manage/srv/detail/add_three_ints__functions.h
[81.382s] -- Installing: /home/jetson/Desktop/workspace_2/install/msg_manage/include/msg_manage/srv/detail/twist_srv__functions.h
[81.383s] -- Installing: /home/jetson/Desktop/workspace_2/install/msg_manage/include/msg_manage/srv/twist_srv.h
[81.384s] -- Installing: /home/jetson/Desktop/workspace_2/install/msg_manage/include/msg_manage/action
[81.385s] -- Installing: /home/jetson/Desktop/workspace_2/install/msg_manage/include/msg_manage/action/detail
[81.385s] -- Installing: /home/jetson/Desktop/workspace_2/install/msg_manage/include/msg_manage/action/detail/testaction__functions.h
[81.386s] -- Installing: /home/jetson/Desktop/workspace_2/install/msg_manage/include/msg_manage/action/detail/testaction__struct.h
[81.386s] -- Installing: /home/jetson/Desktop/workspace_2/install/msg_manage/include/msg_manage/action/detail/testaction__type_support.h
[81.387s] -- Installing: /home/jetson/Desktop/workspace_2/install/msg_manage/include/msg_manage/action/detail/testaction__functions.c
[81.388s] -- Installing: /home/jetson/Desktop/workspace_2/install/msg_manage/include/msg_manage/action/testaction.h
[81.389s] -- Installing: /home/jetson/Desktop/workspace_2/install/msg_manage/include/msg_manage/msg
[81.390s] -- Installing: /home/jetson/Desktop/workspace_2/install/msg_manage/include/msg_manage/msg/detail
[81.390s] -- Installing: /home/jetson/Desktop/workspace_2/install/msg_manage/include/msg_manage/msg/detail/vehicle__type_support.h
[81.391s] -- Installing: /home/jetson/Desktop/workspace_2/install/msg_manage/include/msg_manage/msg/detail/num__struct.h
[81.391s] -- Installing: /home/jetson/Desktop/workspace_2/install/msg_manage/include/msg_manage/msg/detail/num__type_support.h
[81.392s] -- Installing: /home/jetson/Desktop/workspace_2/install/msg_manage/include/msg_manage/msg/detail/motor2__struct.h
[81.393s] -- Installing: /home/jetson/Desktop/workspace_2/install/msg_manage/include/msg_manage/msg/detail/motor2__type_support.h
[81.393s] -- Installing: /home/jetson/Desktop/workspace_2/install/msg_manage/include/msg_manage/msg/detail/vehicle__functions.c
[81.394s] -- Installing: /home/jetson/Desktop/workspace_2/install/msg_manage/include/msg_manage/msg/detail/motor2__functions.h
[81.395s] -- Installing: /home/jetson/Desktop/workspace_2/install/msg_manage/include/msg_manage/msg/detail/num__functions.c
[81.395s] -- Installing: /home/jetson/Desktop/workspace_2/install/msg_manage/include/msg_manage/msg/detail/vehicle__struct.h
[81.396s] -- Installing: /home/jetson/Desktop/workspace_2/install/msg_manage/include/msg_manage/msg/detail/vehicle__functions.h
[81.397s] -- Installing: /home/jetson/Desktop/workspace_2/install/msg_manage/include/msg_manage/msg/detail/motor2__functions.c
[81.397s] -- Installing: /home/jetson/Desktop/workspace_2/install/msg_manage/include/msg_manage/msg/detail/num__functions.h
[81.398s] -- Installing: /home/jetson/Desktop/workspace_2/install/msg_manage/include/msg_manage/msg/vehicle.h
[81.399s] -- Installing: /home/jetson/Desktop/workspace_2/install/msg_manage/include/msg_manage/msg/motor2.h
[81.399s] -- Installing: /home/jetson/Desktop/workspace_2/install/msg_manage/include/msg_manage/msg/num.h
[81.400s] -- Installing: /home/jetson/Desktop/workspace_2/install/msg_manage/include/msg_manage/msg/rosidl_generator_c__visibility_control.h
[81.401s] -- Installing: /home/jetson/Desktop/workspace_2/install/msg_manage/share/msg_manage/environment/library_path.sh
[81.402s] -- Installing: /home/jetson/Desktop/workspace_2/install/msg_manage/share/msg_manage/environment/library_path.dsv
[81.404s] -- Installing: /home/jetson/Desktop/workspace_2/install/msg_manage/lib/libmsg_manage__rosidl_generator_c.so
[81.405s] -- Set runtime path of "/home/jetson/Desktop/workspace_2/install/msg_manage/lib/libmsg_manage__rosidl_generator_c.so" to ""
[81.406s] -- Up-to-date: /home/jetson/Desktop/workspace_2/install/msg_manage/include/msg_manage
[81.406s] -- Up-to-date: /home/jetson/Desktop/workspace_2/install/msg_manage/include/msg_manage/srv
[81.407s] -- Up-to-date: /home/jetson/Desktop/workspace_2/install/msg_manage/include/msg_manage/srv/detail
[81.408s] -- Installing: /home/jetson/Desktop/workspace_2/install/msg_manage/include/msg_manage/srv/detail/add_three_ints__rosidl_typesupport_fastrtps_c.h
[81.408s] -- Installing: /home/jetson/Desktop/workspace_2/install/msg_manage/include/msg_manage/srv/detail/twist_srv__rosidl_typesupport_fastrtps_c.h
[81.409s] -- Up-to-date: /home/jetson/Desktop/workspace_2/install/msg_manage/include/msg_manage/action
[81.409s] -- Up-to-date: /home/jetson/Desktop/workspace_2/install/msg_manage/include/msg_manage/action/detail
[81.410s] -- Installing: /home/jetson/Desktop/workspace_2/install/msg_manage/include/msg_manage/action/detail/testaction__rosidl_typesupport_fastrtps_c.h
[81.410s] -- Up-to-date: /home/jetson/Desktop/workspace_2/install/msg_manage/include/msg_manage/msg
[81.411s] -- Up-to-date: /home/jetson/Desktop/workspace_2/install/msg_manage/include/msg_manage/msg/detail
[81.412s] -- Installing: /home/jetson/Desktop/workspace_2/install/msg_manage/include/msg_manage/msg/detail/vehicle__rosidl_typesupport_fastrtps_c.h
[81.413s] -- Installing: /home/jetson/Desktop/workspace_2/install/msg_manage/include/msg_manage/msg/detail/num__rosidl_typesupport_fastrtps_c.h
[81.415s] -- Installing: /home/jetson/Desktop/workspace_2/install/msg_manage/include/msg_manage/msg/detail/motor2__rosidl_typesupport_fastrtps_c.h
[81.415s] -- Installing: /home/jetson/Desktop/workspace_2/install/msg_manage/include/msg_manage/msg/rosidl_typesupport_fastrtps_c__visibility_control.h
[81.416s] -- Installing: /home/jetson/Desktop/workspace_2/install/msg_manage/lib/libmsg_manage__rosidl_typesupport_fastrtps_c.so
[81.417s] -- Set runtime path of "/home/jetson/Desktop/workspace_2/install/msg_manage/lib/libmsg_manage__rosidl_typesupport_fastrtps_c.so" to ""
[81.417s] -- Up-to-date: /home/jetson/Desktop/workspace_2/install/msg_manage/include/msg_manage
[81.418s] -- Up-to-date: /home/jetson/Desktop/workspace_2/install/msg_manage/include/msg_manage/srv
[81.418s] -- Up-to-date: /home/jetson/Desktop/workspace_2/install/msg_manage/include/msg_manage/srv/detail
[81.419s] -- Installing: /home/jetson/Desktop/workspace_2/install/msg_manage/include/msg_manage/srv/detail/twist_srv__rosidl_typesupport_fastrtps_cpp.hpp
[81.420s] -- Installing: /home/jetson/Desktop/workspace_2/install/msg_manage/include/msg_manage/srv/detail/dds_fastrtps
[81.421s] -- Installing: /home/jetson/Desktop/workspace_2/install/msg_manage/include/msg_manage/srv/detail/add_three_ints__rosidl_typesupport_fastrtps_cpp.hpp
[81.421s] -- Up-to-date: /home/jetson/Desktop/workspace_2/install/msg_manage/include/msg_manage/action
[81.422s] -- Up-to-date: /home/jetson/Desktop/workspace_2/install/msg_manage/include/msg_manage/action/detail
[81.422s] -- Installing: /home/jetson/Desktop/workspace_2/install/msg_manage/include/msg_manage/action/detail/testaction__rosidl_typesupport_fastrtps_cpp.hpp
[81.423s] -- Installing: /home/jetson/Desktop/workspace_2/install/msg_manage/include/msg_manage/action/detail/dds_fastrtps
[81.423s] -- Up-to-date: /home/jetson/Desktop/workspace_2/install/msg_manage/include/msg_manage/msg
[81.424s] -- Up-to-date: /home/jetson/Desktop/workspace_2/install/msg_manage/include/msg_manage/msg/detail
[81.425s] -- Installing: /home/jetson/Desktop/workspace_2/install/msg_manage/include/msg_manage/msg/detail/num__rosidl_typesupport_fastrtps_cpp.hpp
[81.426s] -- Installing: /home/jetson/Desktop/workspace_2/install/msg_manage/include/msg_manage/msg/detail/vehicle__rosidl_typesupport_fastrtps_cpp.hpp
[81.426s] -- Installing: /home/jetson/Desktop/workspace_2/install/msg_manage/include/msg_manage/msg/detail/motor2__rosidl_typesupport_fastrtps_cpp.hpp
[81.427s] -- Installing: /home/jetson/Desktop/workspace_2/install/msg_manage/include/msg_manage/msg/detail/dds_fastrtps
[81.428s] -- Installing: /home/jetson/Desktop/workspace_2/install/msg_manage/include/msg_manage/msg/rosidl_typesupport_fastrtps_cpp__visibility_control.h
[81.429s] -- Installing: /home/jetson/Desktop/workspace_2/install/msg_manage/lib/libmsg_manage__rosidl_typesupport_fastrtps_cpp.so
[81.429s] -- Set runtime path of "/home/jetson/Desktop/workspace_2/install/msg_manage/lib/libmsg_manage__rosidl_typesupport_fastrtps_cpp.so" to ""
[81.430s] -- Up-to-date: /home/jetson/Desktop/workspace_2/install/msg_manage/include/msg_manage
[81.430s] -- Up-to-date: /home/jetson/Desktop/workspace_2/install/msg_manage/include/msg_manage/srv
[81.431s] -- Up-to-date: /home/jetson/Desktop/workspace_2/install/msg_manage/include/msg_manage/srv/detail
[81.431s] -- Installing: /home/jetson/Desktop/workspace_2/install/msg_manage/include/msg_manage/srv/detail/add_three_ints__rosidl_typesupport_introspection_c.h
[81.432s] -- Installing: /home/jetson/Desktop/workspace_2/install/msg_manage/include/msg_manage/srv/detail/twist_srv__rosidl_typesupport_introspection_c.h
[81.433s] -- Installing: /home/jetson/Desktop/workspace_2/install/msg_manage/include/msg_manage/srv/detail/add_three_ints__type_support.c
[81.433s] -- Installing: /home/jetson/Desktop/workspace_2/install/msg_manage/include/msg_manage/srv/detail/twist_srv__type_support.c
[81.434s] -- Up-to-date: /home/jetson/Desktop/workspace_2/install/msg_manage/include/msg_manage/action
[81.434s] -- Up-to-date: /home/jetson/Desktop/workspace_2/install/msg_manage/include/msg_manage/action/detail
[81.435s] -- Installing: /home/jetson/Desktop/workspace_2/install/msg_manage/include/msg_manage/action/detail/testaction__rosidl_typesupport_introspection_c.h
[81.436s] -- Installing: /home/jetson/Desktop/workspace_2/install/msg_manage/include/msg_manage/action/detail/testaction__type_support.c
[81.437s] -- Up-to-date: /home/jetson/Desktop/workspace_2/install/msg_manage/include/msg_manage/msg
[81.437s] -- Up-to-date: /home/jetson/Desktop/workspace_2/install/msg_manage/include/msg_manage/msg/detail
[81.438s] -- Installing: /home/jetson/Desktop/workspace_2/install/msg_manage/include/msg_manage/msg/detail/vehicle__type_support.c
[81.439s] -- Installing: /home/jetson/Desktop/workspace_2/install/msg_manage/include/msg_manage/msg/detail/vehicle__rosidl_typesupport_introspection_c.h
[81.439s] -- Installing: /home/jetson/Desktop/workspace_2/install/msg_manage/include/msg_manage/msg/detail/motor2__rosidl_typesupport_introspection_c.h
[81.440s] -- Installing: /home/jetson/Desktop/workspace_2/install/msg_manage/include/msg_manage/msg/detail/num__rosidl_typesupport_introspection_c.h
[81.440s] -- Installing: /home/jetson/Desktop/workspace_2/install/msg_manage/include/msg_manage/msg/detail/motor2__type_support.c
[81.441s] -- Installing: /home/jetson/Desktop/workspace_2/install/msg_manage/include/msg_manage/msg/detail/num__type_support.c
[81.442s] -- Installing: /home/jetson/Desktop/workspace_2/install/msg_manage/include/msg_manage/msg/rosidl_typesupport_introspection_c__visibility_control.h
[81.442s] -- Installing: /home/jetson/Desktop/workspace_2/install/msg_manage/lib/libmsg_manage__rosidl_typesupport_introspection_c.so
[81.443s] -- Set runtime path of "/home/jetson/Desktop/workspace_2/install/msg_manage/lib/libmsg_manage__rosidl_typesupport_introspection_c.so" to ""
[81.444s] -- Installing: /home/jetson/Desktop/workspace_2/install/msg_manage/lib/libmsg_manage__rosidl_typesupport_c.so
[81.444s] -- Set runtime path of "/home/jetson/Desktop/workspace_2/install/msg_manage/lib/libmsg_manage__rosidl_typesupport_c.so" to ""
[81.445s] -- Up-to-date: /home/jetson/Desktop/workspace_2/install/msg_manage/include/msg_manage
[81.446s] -- Up-to-date: /home/jetson/Desktop/workspace_2/install/msg_manage/include/msg_manage/srv
[81.447s] -- Up-to-date: /home/jetson/Desktop/workspace_2/install/msg_manage/include/msg_manage/srv/detail
[81.447s] -- Installing: /home/jetson/Desktop/workspace_2/install/msg_manage/include/msg_manage/srv/detail/twist_srv__struct.hpp
[81.448s] -- Installing: /home/jetson/Desktop/workspace_2/install/msg_manage/include/msg_manage/srv/detail/twist_srv__builder.hpp
[81.449s] -- Installing: /home/jetson/Desktop/workspace_2/install/msg_manage/include/msg_manage/srv/detail/add_three_ints__traits.hpp
[81.449s] -- Installing: /home/jetson/Desktop/workspace_2/install/msg_manage/include/msg_manage/srv/detail/twist_srv__traits.hpp
[81.450s] -- Installing: /home/jetson/Desktop/workspace_2/install/msg_manage/include/msg_manage/srv/detail/add_three_ints__builder.hpp
[81.450s] -- Installing: /home/jetson/Desktop/workspace_2/install/msg_manage/include/msg_manage/srv/detail/add_three_ints__struct.hpp
[81.451s] -- Installing: /home/jetson/Desktop/workspace_2/install/msg_manage/include/msg_manage/srv/add_three_ints.hpp
[81.452s] -- Installing: /home/jetson/Desktop/workspace_2/install/msg_manage/include/msg_manage/srv/twist_srv.hpp
[81.452s] -- Up-to-date: /home/jetson/Desktop/workspace_2/install/msg_manage/include/msg_manage/action
[81.453s] -- Up-to-date: /home/jetson/Desktop/workspace_2/install/msg_manage/include/msg_manage/action/detail
[81.454s] -- Installing: /home/jetson/Desktop/workspace_2/install/msg_manage/include/msg_manage/action/detail/testaction__traits.hpp
[81.455s] -- Installing: /home/jetson/Desktop/workspace_2/install/msg_manage/include/msg_manage/action/detail/testaction__struct.hpp
[81.455s] -- Installing: /home/jetson/Desktop/workspace_2/install/msg_manage/include/msg_manage/action/detail/testaction__builder.hpp
[81.456s] -- Installing: /home/jetson/Desktop/workspace_2/install/msg_manage/include/msg_manage/action/testaction.hpp
[81.457s] -- Up-to-date: /home/jetson/Desktop/workspace_2/install/msg_manage/include/msg_manage/msg
[81.457s] -- Installing: /home/jetson/Desktop/workspace_2/install/msg_manage/include/msg_manage/msg/num.hpp
[81.458s] -- Up-to-date: /home/jetson/Desktop/workspace_2/install/msg_manage/include/msg_manage/msg/detail
[81.458s] -- Installing: /home/jetson/Desktop/workspace_2/install/msg_manage/include/msg_manage/msg/detail/vehicle__traits.hpp
[81.459s] -- Installing: /home/jetson/Desktop/workspace_2/install/msg_manage/include/msg_manage/msg/detail/num__builder.hpp
[81.459s] -- Installing: /home/jetson/Desktop/workspace_2/install/msg_manage/include/msg_manage/msg/detail/num__traits.hpp
[81.460s] -- Installing: /home/jetson/Desktop/workspace_2/install/msg_manage/include/msg_manage/msg/detail/motor2__builder.hpp
[81.460s] -- Installing: /home/jetson/Desktop/workspace_2/install/msg_manage/include/msg_manage/msg/detail/vehicle__struct.hpp
[81.461s] -- Installing: /home/jetson/Desktop/workspace_2/install/msg_manage/include/msg_manage/msg/detail/num__struct.hpp
[81.462s] -- Installing: /home/jetson/Desktop/workspace_2/install/msg_manage/include/msg_manage/msg/detail/vehicle__builder.hpp
[81.462s] -- Installing: /home/jetson/Desktop/workspace_2/install/msg_manage/include/msg_manage/msg/detail/motor2__traits.hpp
[81.463s] -- Installing: /home/jetson/Desktop/workspace_2/install/msg_manage/include/msg_manage/msg/detail/motor2__struct.hpp
[81.463s] -- Installing: /home/jetson/Desktop/workspace_2/install/msg_manage/include/msg_manage/msg/vehicle.hpp
[81.464s] -- Installing: /home/jetson/Desktop/workspace_2/install/msg_manage/include/msg_manage/msg/motor2.hpp
[81.464s] -- Up-to-date: /home/jetson/Desktop/workspace_2/install/msg_manage/include/msg_manage
[81.465s] -- Up-to-date: /home/jetson/Desktop/workspace_2/install/msg_manage/include/msg_manage/srv
[81.465s] -- Up-to-date: /home/jetson/Desktop/workspace_2/install/msg_manage/include/msg_manage/srv/detail
[81.466s] -- Installing: /home/jetson/Desktop/workspace_2/install/msg_manage/include/msg_manage/srv/detail/twist_srv__rosidl_typesupport_introspection_cpp.hpp
[81.466s] -- Installing: /home/jetson/Desktop/workspace_2/install/msg_manage/include/msg_manage/srv/detail/add_three_ints__type_support.cpp
[81.467s] -- Installing: /home/jetson/Desktop/workspace_2/install/msg_manage/include/msg_manage/srv/detail/twist_srv__type_support.cpp
[81.468s] -- Installing: /home/jetson/Desktop/workspace_2/install/msg_manage/include/msg_manage/srv/detail/add_three_ints__rosidl_typesupport_introspection_cpp.hpp
[81.468s] -- Up-to-date: /home/jetson/Desktop/workspace_2/install/msg_manage/include/msg_manage/action
[81.469s] -- Up-to-date: /home/jetson/Desktop/workspace_2/install/msg_manage/include/msg_manage/action/detail
[81.469s] -- Installing: /home/jetson/Desktop/workspace_2/install/msg_manage/include/msg_manage/action/detail/testaction__type_support.cpp
[81.470s] -- Installing: /home/jetson/Desktop/workspace_2/install/msg_manage/include/msg_manage/action/detail/testaction__rosidl_typesupport_introspection_cpp.hpp
[81.470s] -- Up-to-date: /home/jetson/Desktop/workspace_2/install/msg_manage/include/msg_manage/msg
[81.471s] -- Up-to-date: /home/jetson/Desktop/workspace_2/install/msg_manage/include/msg_manage/msg/detail
[81.471s] -- Installing: /home/jetson/Desktop/workspace_2/install/msg_manage/include/msg_manage/msg/detail/num__rosidl_typesupport_introspection_cpp.hpp
[81.472s] -- Installing: /home/jetson/Desktop/workspace_2/install/msg_manage/include/msg_manage/msg/detail/motor2__rosidl_typesupport_introspection_cpp.hpp
[81.472s] -- Installing: /home/jetson/Desktop/workspace_2/install/msg_manage/include/msg_manage/msg/detail/vehicle__type_support.cpp
[81.473s] -- Installing: /home/jetson/Desktop/workspace_2/install/msg_manage/include/msg_manage/msg/detail/motor2__type_support.cpp
[81.473s] -- Installing: /home/jetson/Desktop/workspace_2/install/msg_manage/include/msg_manage/msg/detail/vehicle__rosidl_typesupport_introspection_cpp.hpp
[81.474s] -- Installing: /home/jetson/Desktop/workspace_2/install/msg_manage/include/msg_manage/msg/detail/num__type_support.cpp
[81.475s] -- Installing: /home/jetson/Desktop/workspace_2/install/msg_manage/lib/libmsg_manage__rosidl_typesupport_introspection_cpp.so
[81.475s] -- Set runtime path of "/home/jetson/Desktop/workspace_2/install/msg_manage/lib/libmsg_manage__rosidl_typesupport_introspection_cpp.so" to ""
[81.476s] -- Installing: /home/jetson/Desktop/workspace_2/install/msg_manage/lib/libmsg_manage__rosidl_typesupport_cpp.so
[81.476s] -- Set runtime path of "/home/jetson/Desktop/workspace_2/install/msg_manage/lib/libmsg_manage__rosidl_typesupport_cpp.so" to ""
[81.477s] -- Installing: /home/jetson/Desktop/workspace_2/install/msg_manage/share/msg_manage/environment/pythonpath.sh
[81.477s] -- Installing: /home/jetson/Desktop/workspace_2/install/msg_manage/share/msg_manage/environment/pythonpath.dsv
[81.478s] -- Installing: /home/jetson/Desktop/workspace_2/install/msg_manage/lib/python3.8/site-packages/msg_manage/__init__.py
[81.612s] Compiling '/home/jetson/Desktop/workspace_2/install/msg_manage/lib/python3.8/site-packages/msg_manage/__init__.py'...
[81.636s] -- Installing: /home/jetson/Desktop/workspace_2/install/msg_manage/lib/python3.8/site-packages/msg_manage/msg
[81.636s] -- Installing: /home/jetson/Desktop/workspace_2/install/msg_manage/lib/python3.8/site-packages/msg_manage/msg/_vehicle.py
[81.637s] -- Installing: /home/jetson/Desktop/workspace_2/install/msg_manage/lib/python3.8/site-packages/msg_manage/msg/_motor2_s.c
[81.637s] -- Installing: /home/jetson/Desktop/workspace_2/install/msg_manage/lib/python3.8/site-packages/msg_manage/msg/_vehicle_s.c
[81.638s] -- Installing: /home/jetson/Desktop/workspace_2/install/msg_manage/lib/python3.8/site-packages/msg_manage/msg/__init__.py
[81.639s] -- Installing: /home/jetson/Desktop/workspace_2/install/msg_manage/lib/python3.8/site-packages/msg_manage/msg/_motor2.py
[81.639s] -- Installing: /home/jetson/Desktop/workspace_2/install/msg_manage/lib/python3.8/site-packages/msg_manage/msg/_num.py
[81.640s] -- Installing: /home/jetson/Desktop/workspace_2/install/msg_manage/lib/python3.8/site-packages/msg_manage/msg/_num_s.c
[81.641s] -- Installing: /home/jetson/Desktop/workspace_2/install/msg_manage/lib/python3.8/site-packages/msg_manage/srv
[81.642s] -- Installing: /home/jetson/Desktop/workspace_2/install/msg_manage/lib/python3.8/site-packages/msg_manage/srv/_twist_srv.py
[81.643s] -- Installing: /home/jetson/Desktop/workspace_2/install/msg_manage/lib/python3.8/site-packages/msg_manage/srv/_add_three_ints_s.c
[81.644s] -- Installing: /home/jetson/Desktop/workspace_2/install/msg_manage/lib/python3.8/site-packages/msg_manage/srv/_twist_srv_s.c
[81.645s] -- Installing: /home/jetson/Desktop/workspace_2/install/msg_manage/lib/python3.8/site-packages/msg_manage/srv/__init__.py
[81.645s] -- Installing: /home/jetson/Desktop/workspace_2/install/msg_manage/lib/python3.8/site-packages/msg_manage/srv/_add_three_ints.py
[81.646s] -- Installing: /home/jetson/Desktop/workspace_2/install/msg_manage/lib/python3.8/site-packages/msg_manage/action
[81.647s] -- Installing: /home/jetson/Desktop/workspace_2/install/msg_manage/lib/python3.8/site-packages/msg_manage/action/_testaction_s.c
[81.648s] -- Installing: /home/jetson/Desktop/workspace_2/install/msg_manage/lib/python3.8/site-packages/msg_manage/action/__init__.py
[81.648s] -- Installing: /home/jetson/Desktop/workspace_2/install/msg_manage/lib/python3.8/site-packages/msg_manage/action/_testaction.py
[81.650s] -- Installing: /home/jetson/Desktop/workspace_2/install/msg_manage/lib/python3.8/site-packages/msg_manage/msg_manage_s__rosidl_typesupport_fastrtps_c.cpython-38-aarch64-linux-gnu.so
[81.653s] -- Set runtime path of "/home/jetson/Desktop/workspace_2/install/msg_manage/lib/python3.8/site-packages/msg_manage/msg_manage_s__rosidl_typesupport_fastrtps_c.cpython-38-aarch64-linux-gnu.so" to ""
[81.654s] -- Installing: /home/jetson/Desktop/workspace_2/install/msg_manage/lib/python3.8/site-packages/msg_manage/msg_manage_s__rosidl_typesupport_introspection_c.cpython-38-aarch64-linux-gnu.so
[81.656s] -- Set runtime path of "/home/jetson/Desktop/workspace_2/install/msg_manage/lib/python3.8/site-packages/msg_manage/msg_manage_s__rosidl_typesupport_introspection_c.cpython-38-aarch64-linux-gnu.so" to ""
[81.657s] -- Installing: /home/jetson/Desktop/workspace_2/install/msg_manage/lib/python3.8/site-packages/msg_manage/msg_manage_s__rosidl_typesupport_c.cpython-38-aarch64-linux-gnu.so
[81.660s] -- Set runtime path of "/home/jetson/Desktop/workspace_2/install/msg_manage/lib/python3.8/site-packages/msg_manage/msg_manage_s__rosidl_typesupport_c.cpython-38-aarch64-linux-gnu.so" to ""
[81.660s] -- Installing: /home/jetson/Desktop/workspace_2/install/msg_manage/lib/libmsg_manage__python.so
[81.663s] -- Set runtime path of "/home/jetson/Desktop/workspace_2/install/msg_manage/lib/libmsg_manage__python.so" to ""
[81.663s] -- Installing: /home/jetson/Desktop/workspace_2/install/msg_manage/share/msg_manage/msg/Num.idl
[81.664s] -- Installing: /home/jetson/Desktop/workspace_2/install/msg_manage/share/msg_manage/msg/Motor2.idl
[81.665s] -- Installing: /home/jetson/Desktop/workspace_2/install/msg_manage/share/msg_manage/srv/AddThreeInts.idl
[81.666s] -- Installing: /home/jetson/Desktop/workspace_2/install/msg_manage/share/msg_manage/srv/TwistSrv.idl
[81.667s] -- Installing: /home/jetson/Desktop/workspace_2/install/msg_manage/share/msg_manage/action/Testaction.idl
[81.667s] -- Installing: /home/jetson/Desktop/workspace_2/install/msg_manage/share/msg_manage/msg/Vehicle.idl
[81.668s] -- Installing: /home/jetson/Desktop/workspace_2/install/msg_manage/share/msg_manage/msg/Num.msg
[81.669s] -- Installing: /home/jetson/Desktop/workspace_2/install/msg_manage/share/msg_manage/msg/Motor2.msg
[81.671s] -- Installing: /home/jetson/Desktop/workspace_2/install/msg_manage/share/msg_manage/srv/AddThreeInts.srv
[81.671s] -- Installing: /home/jetson/Desktop/workspace_2/install/msg_manage/share/msg_manage/srv/AddThreeInts_Request.msg
[81.672s] -- Installing: /home/jetson/Desktop/workspace_2/install/msg_manage/share/msg_manage/srv/AddThreeInts_Response.msg
[81.673s] -- Installing: /home/jetson/Desktop/workspace_2/install/msg_manage/share/msg_manage/srv/TwistSrv.srv
[81.674s] -- Installing: /home/jetson/Desktop/workspace_2/install/msg_manage/share/msg_manage/srv/TwistSrv_Request.msg
[81.674s] -- Installing: /home/jetson/Desktop/workspace_2/install/msg_manage/share/msg_manage/srv/TwistSrv_Response.msg
[81.675s] -- Installing: /home/jetson/Desktop/workspace_2/install/msg_manage/share/msg_manage/action/Testaction.action
[81.676s] -- Installing: /home/jetson/Desktop/workspace_2/install/msg_manage/share/msg_manage/msg/Vehicle.msg
[81.679s] -- Installing: /home/jetson/Desktop/workspace_2/install/msg_manage/share/ament_index/resource_index/package_run_dependencies/msg_manage
[81.679s] -- Installing: /home/jetson/Desktop/workspace_2/install/msg_manage/share/ament_index/resource_index/parent_prefix_path/msg_manage
[81.680s] -- Installing: /home/jetson/Desktop/workspace_2/install/msg_manage/share/msg_manage/environment/ament_prefix_path.sh
[81.680s] -- Installing: /home/jetson/Desktop/workspace_2/install/msg_manage/share/msg_manage/environment/ament_prefix_path.dsv
[81.681s] -- Installing: /home/jetson/Desktop/workspace_2/install/msg_manage/share/msg_manage/environment/path.sh
[81.682s] -- Installing: /home/jetson/Desktop/workspace_2/install/msg_manage/share/msg_manage/environment/path.dsv
[81.683s] -- Installing: /home/jetson/Desktop/workspace_2/install/msg_manage/share/msg_manage/local_setup.bash
[81.683s] -- Installing: /home/jetson/Desktop/workspace_2/install/msg_manage/share/msg_manage/local_setup.sh
[81.684s] -- Installing: /home/jetson/Desktop/workspace_2/install/msg_manage/share/msg_manage/local_setup.zsh
[81.685s] -- Installing: /home/jetson/Desktop/workspace_2/install/msg_manage/share/msg_manage/local_setup.dsv
[81.686s] -- Installing: /home/jetson/Desktop/workspace_2/install/msg_manage/share/msg_manage/package.dsv
[81.687s] -- Installing: /home/jetson/Desktop/workspace_2/install/msg_manage/share/ament_index/resource_index/packages/msg_manage
[81.689s] -- Installing: /home/jetson/Desktop/workspace_2/install/msg_manage/share/msg_manage/cmake/msg_manage__rosidl_generator_cExport.cmake
[81.690s] -- Installing: /home/jetson/Desktop/workspace_2/install/msg_manage/share/msg_manage/cmake/msg_manage__rosidl_generator_cExport-noconfig.cmake
[81.691s] -- Installing: /home/jetson/Desktop/workspace_2/install/msg_manage/share/msg_manage/cmake/msg_manage__rosidl_typesupport_introspection_cExport.cmake
[81.692s] -- Installing: /home/jetson/Desktop/workspace_2/install/msg_manage/share/msg_manage/cmake/msg_manage__rosidl_typesupport_introspection_cExport-noconfig.cmake
[81.693s] -- Installing: /home/jetson/Desktop/workspace_2/install/msg_manage/share/msg_manage/cmake/msg_manage__rosidl_typesupport_cExport.cmake
[81.694s] -- Installing: /home/jetson/Desktop/workspace_2/install/msg_manage/share/msg_manage/cmake/msg_manage__rosidl_typesupport_cExport-noconfig.cmake
[81.695s] -- Installing: /home/jetson/Desktop/workspace_2/install/msg_manage/share/msg_manage/cmake/msg_manage__rosidl_generator_cppExport.cmake
[81.697s] -- Installing: /home/jetson/Desktop/workspace_2/install/msg_manage/share/msg_manage/cmake/msg_manage__rosidl_typesupport_introspection_cppExport.cmake
[81.697s] -- Installing: /home/jetson/Desktop/workspace_2/install/msg_manage/share/msg_manage/cmake/msg_manage__rosidl_typesupport_introspection_cppExport-noconfig.cmake
[81.699s] -- Installing: /home/jetson/Desktop/workspace_2/install/msg_manage/share/msg_manage/cmake/msg_manage__rosidl_typesupport_cppExport.cmake
[81.700s] -- Installing: /home/jetson/Desktop/workspace_2/install/msg_manage/share/msg_manage/cmake/msg_manage__rosidl_typesupport_cppExport-noconfig.cmake
[81.701s] -- Installing: /home/jetson/Desktop/workspace_2/install/msg_manage/share/msg_manage/cmake/rosidl_cmake-extras.cmake
[81.702s] -- Installing: /home/jetson/Desktop/workspace_2/install/msg_manage/share/msg_manage/cmake/ament_cmake_export_dependencies-extras.cmake
[81.703s] -- Installing: /home/jetson/Desktop/workspace_2/install/msg_manage/share/msg_manage/cmake/ament_cmake_export_libraries-extras.cmake
[81.704s] -- Installing: /home/jetson/Desktop/workspace_2/install/msg_manage/share/msg_manage/cmake/ament_cmake_export_targets-extras.cmake
[81.705s] -- Installing: /home/jetson/Desktop/workspace_2/install/msg_manage/share/msg_manage/cmake/ament_cmake_export_include_directories-extras.cmake
[81.706s] -- Installing: /home/jetson/Desktop/workspace_2/install/msg_manage/share/msg_manage/cmake/rosidl_cmake_export_typesupport_libraries-extras.cmake
[81.706s] -- Installing: /home/jetson/Desktop/workspace_2/install/msg_manage/share/msg_manage/cmake/rosidl_cmake_export_typesupport_targets-extras.cmake
[81.707s] -- Installing: /home/jetson/Desktop/workspace_2/install/msg_manage/share/msg_manage/cmake/msg_manageConfig.cmake
[81.708s] -- Installing: /home/jetson/Desktop/workspace_2/install/msg_manage/share/msg_manage/cmake/msg_manageConfig-version.cmake
[81.709s] -- Installing: /home/jetson/Desktop/workspace_2/install/msg_manage/share/msg_manage/package.xml
[81.725s] Invoked command in '/home/jetson/Desktop/workspace_2/build/msg_manage' returned '0': CMAKE_PREFIX_PATH=${CMAKE_PREFIX_PATH}:/home/jetson/Desktop/workspace_2/install/unity_slam_example:/home/jetson/Desktop/workspace_2/install/unity_robotics_demo:/home/jetson/Desktop/workspace_2/install/ros_tcp_endpoint:/home/jetson/Desktop/workspace_2/install/project_2:/opt/ros/foxy /usr/bin/cmake --install /home/jetson/Desktop/workspace_2/build/msg_manage
