[0.832s] DEBUG:colcon:Command line arguments: ['/usr/bin/colcon', 'build', '--packages-select', 'project_2', '--allow-overriding', 'project_2']
[0.832s] DEBUG:colcon:Parsed command line arguments: Namespace(allow_overriding=['project_2'], ament_cmake_args=None, base_paths=['.'], build_base='build', catkin_cmake_args=None, catkin_skip_building_tests=False, cmake_args=None, cmake_clean_cache=False, cmake_clean_first=False, cmake_force_configure=False, cmake_target=None, cmake_target_skip_unavailable=False, continue_on_error=False, event_handlers=None, executor='parallel', ignore_user_meta=False, install_base='install', log_base=None, log_level=None, main=<bound method BuildVerb.main of <colcon_core.verb.build.BuildVerb object at 0x7fa88078b0>>, merge_install=False, metas=['./colcon.meta'], packages_above=None, packages_above_and_dependencies=None, packages_above_depth=None, packages_end=None, packages_ignore=None, packages_ignore_regex=None, packages_select=['project_2'], packages_select_build_failed=False, packages_select_by_dep=None, packages_select_regex=None, packages_select_test_failures=False, packages_skip=None, packages_skip_build_finished=False, packages_skip_by_dep=None, packages_skip_regex=None, packages_skip_test_passed=False, packages_skip_up_to=None, packages_start=None, packages_up_to=None, packages_up_to_regex=None, parallel_workers=4, paths=None, symlink_install=False, test_result_base=None, verb_extension=<colcon_core.verb.build.BuildVerb object at 0x7fa88078b0>, verb_name='build', verb_parser=<colcon_defaults.argument_parser.defaults.DefaultArgumentsDecorator object at 0x7fa8807e20>)
[0.856s] Level 1:colcon.colcon_core.package_discovery:discover_packages(colcon_meta) check parameters
[0.857s] Level 1:colcon.colcon_core.package_discovery:discover_packages(recursive) check parameters
[0.857s] Level 1:colcon.colcon_core.package_discovery:discover_packages(ignore) check parameters
[0.857s] Level 1:colcon.colcon_core.package_discovery:discover_packages(path) check parameters
[0.858s] Level 1:colcon.colcon_core.package_discovery:discover_packages(colcon_meta) discover
[0.858s] Level 1:colcon.colcon_core.package_discovery:discover_packages(recursive) discover
[0.858s] INFO:colcon.colcon_core.package_discovery:Crawling recursively for packages in '/home/jetson/Desktop/workspace_2'
[0.859s] Level 1:colcon.colcon_core.package_identification:_identify(.) by extensions ['ignore', 'ignore_ament_install']
[0.859s] Level 1:colcon.colcon_core.package_identification:_identify(.) by extension 'ignore'
[0.860s] Level 1:colcon.colcon_core.package_identification:_identify(.) by extension 'ignore_ament_install'
[0.860s] Level 1:colcon.colcon_core.package_identification:_identify(.) by extensions ['colcon_pkg']
[0.860s] Level 1:colcon.colcon_core.package_identification:_identify(.) by extension 'colcon_pkg'
[0.861s] Level 1:colcon.colcon_core.package_identification:_identify(.) by extensions ['colcon_meta']
[0.861s] Level 1:colcon.colcon_core.package_identification:_identify(.) by extension 'colcon_meta'
[0.861s] Level 1:colcon.colcon_core.package_identification:_identify(.) by extensions ['ros']
[0.861s] Level 1:colcon.colcon_core.package_identification:_identify(.) by extension 'ros'
[0.917s] Level 1:colcon.colcon_core.package_identification:_identify(.) by extensions ['cmake', 'python']
[0.917s] Level 1:colcon.colcon_core.package_identification:_identify(.) by extension 'cmake'
[0.917s] Level 1:colcon.colcon_core.package_identification:_identify(.) by extension 'python'
[0.917s] Level 1:colcon.colcon_core.package_identification:_identify(.) by extensions ['python_setup_py']
[0.918s] Level 1:colcon.colcon_core.package_identification:_identify(.) by extension 'python_setup_py'
[0.918s] Level 1:colcon.colcon_core.package_identification:_identify(build) by extensions ['ignore', 'ignore_ament_install']
[0.919s] Level 1:colcon.colcon_core.package_identification:_identify(build) by extension 'ignore'
[0.919s] Level 1:colcon.colcon_core.package_identification:_identify(build) ignored
[0.920s] Level 1:colcon.colcon_core.package_identification:_identify(install) by extensions ['ignore', 'ignore_ament_install']
[0.921s] Level 1:colcon.colcon_core.package_identification:_identify(install) by extension 'ignore'
[0.921s] Level 1:colcon.colcon_core.package_identification:_identify(install) ignored
[0.924s] Level 1:colcon.colcon_core.package_identification:_identify(log) by extensions ['ignore', 'ignore_ament_install']
[0.925s] Level 1:colcon.colcon_core.package_identification:_identify(log) by extension 'ignore'
[0.925s] Level 1:colcon.colcon_core.package_identification:_identify(log) ignored
[0.926s] Level 1:colcon.colcon_core.package_identification:_identify(src) by extensions ['ignore', 'ignore_ament_install']
[0.926s] Level 1:colcon.colcon_core.package_identification:_identify(src) by extension 'ignore'
[0.926s] Level 1:colcon.colcon_core.package_identification:_identify(src) by extension 'ignore_ament_install'
[0.927s] Level 1:colcon.colcon_core.package_identification:_identify(src) by extensions ['colcon_pkg']
[0.927s] Level 1:colcon.colcon_core.package_identification:_identify(src) by extension 'colcon_pkg'
[0.928s] Level 1:colcon.colcon_core.package_identification:_identify(src) by extensions ['colcon_meta']
[0.928s] Level 1:colcon.colcon_core.package_identification:_identify(src) by extension 'colcon_meta'
[0.928s] Level 1:colcon.colcon_core.package_identification:_identify(src) by extensions ['ros']
[0.928s] Level 1:colcon.colcon_core.package_identification:_identify(src) by extension 'ros'
[0.929s] Level 1:colcon.colcon_core.package_identification:_identify(src) by extensions ['cmake', 'python']
[0.929s] Level 1:colcon.colcon_core.package_identification:_identify(src) by extension 'cmake'
[0.930s] Level 1:colcon.colcon_core.package_identification:_identify(src) by extension 'python'
[0.930s] Level 1:colcon.colcon_core.package_identification:_identify(src) by extensions ['python_setup_py']
[0.930s] Level 1:colcon.colcon_core.package_identification:_identify(src) by extension 'python_setup_py'
[0.931s] Level 1:colcon.colcon_core.package_identification:_identify(src/ROS-TCP-Endpoint) by extensions ['ignore', 'ignore_ament_install']
[0.932s] Level 1:colcon.colcon_core.package_identification:_identify(src/ROS-TCP-Endpoint) by extension 'ignore'
[0.932s] Level 1:colcon.colcon_core.package_identification:_identify(src/ROS-TCP-Endpoint) by extension 'ignore_ament_install'
[0.932s] Level 1:colcon.colcon_core.package_identification:_identify(src/ROS-TCP-Endpoint) by extensions ['colcon_pkg']
[0.932s] Level 1:colcon.colcon_core.package_identification:_identify(src/ROS-TCP-Endpoint) by extension 'colcon_pkg'
[0.933s] Level 1:colcon.colcon_core.package_identification:_identify(src/ROS-TCP-Endpoint) by extensions ['colcon_meta']
[0.933s] Level 1:colcon.colcon_core.package_identification:_identify(src/ROS-TCP-Endpoint) by extension 'colcon_meta'
[0.934s] Level 1:colcon.colcon_core.package_identification:_identify(src/ROS-TCP-Endpoint) by extensions ['ros']
[0.934s] Level 1:colcon.colcon_core.package_identification:_identify(src/ROS-TCP-Endpoint) by extension 'ros'
[0.945s] DEBUG:colcon.colcon_core.package_identification:Package 'src/ROS-TCP-Endpoint' with type 'ros.ament_python' and name 'ros_tcp_endpoint'
[0.946s] Level 1:colcon.colcon_core.package_identification:_identify(src/msg_manage) by extensions ['ignore', 'ignore_ament_install']
[0.947s] Level 1:colcon.colcon_core.package_identification:_identify(src/msg_manage) by extension 'ignore'
[0.947s] Level 1:colcon.colcon_core.package_identification:_identify(src/msg_manage) by extension 'ignore_ament_install'
[0.948s] Level 1:colcon.colcon_core.package_identification:_identify(src/msg_manage) by extensions ['colcon_pkg']
[0.948s] Level 1:colcon.colcon_core.package_identification:_identify(src/msg_manage) by extension 'colcon_pkg'
[0.948s] Level 1:colcon.colcon_core.package_identification:_identify(src/msg_manage) by extensions ['colcon_meta']
[0.948s] Level 1:colcon.colcon_core.package_identification:_identify(src/msg_manage) by extension 'colcon_meta'
[0.949s] Level 1:colcon.colcon_core.package_identification:_identify(src/msg_manage) by extensions ['ros']
[0.949s] Level 1:colcon.colcon_core.package_identification:_identify(src/msg_manage) by extension 'ros'
[0.952s] DEBUG:colcon.colcon_core.package_identification:Package 'src/msg_manage' with type 'ros.ament_cmake' and name 'msg_manage'
[0.953s] Level 1:colcon.colcon_core.package_identification:_identify(src/project_2) by extensions ['ignore', 'ignore_ament_install']
[0.953s] Level 1:colcon.colcon_core.package_identification:_identify(src/project_2) by extension 'ignore'
[0.954s] Level 1:colcon.colcon_core.package_identification:_identify(src/project_2) by extension 'ignore_ament_install'
[0.954s] Level 1:colcon.colcon_core.package_identification:_identify(src/project_2) by extensions ['colcon_pkg']
[0.954s] Level 1:colcon.colcon_core.package_identification:_identify(src/project_2) by extension 'colcon_pkg'
[0.955s] Level 1:colcon.colcon_core.package_identification:_identify(src/project_2) by extensions ['colcon_meta']
[0.955s] Level 1:colcon.colcon_core.package_identification:_identify(src/project_2) by extension 'colcon_meta'
[0.955s] Level 1:colcon.colcon_core.package_identification:_identify(src/project_2) by extensions ['ros']
[0.956s] Level 1:colcon.colcon_core.package_identification:_identify(src/project_2) by extension 'ros'
[0.958s] DEBUG:colcon.colcon_core.package_identification:Package 'src/project_2' with type 'ros.ament_python' and name 'project_2'
[0.959s] Level 1:colcon.colcon_core.package_identification:_identify(src/unity_robotics_demo) by extensions ['ignore', 'ignore_ament_install']
[0.960s] Level 1:colcon.colcon_core.package_identification:_identify(src/unity_robotics_demo) by extension 'ignore'
[0.960s] Level 1:colcon.colcon_core.package_identification:_identify(src/unity_robotics_demo) by extension 'ignore_ament_install'
[0.960s] Level 1:colcon.colcon_core.package_identification:_identify(src/unity_robotics_demo) by extensions ['colcon_pkg']
[0.961s] Level 1:colcon.colcon_core.package_identification:_identify(src/unity_robotics_demo) by extension 'colcon_pkg'
[0.961s] Level 1:colcon.colcon_core.package_identification:_identify(src/unity_robotics_demo) by extensions ['colcon_meta']
[0.961s] Level 1:colcon.colcon_core.package_identification:_identify(src/unity_robotics_demo) by extension 'colcon_meta'
[0.961s] Level 1:colcon.colcon_core.package_identification:_identify(src/unity_robotics_demo) by extensions ['ros']
[0.962s] Level 1:colcon.colcon_core.package_identification:_identify(src/unity_robotics_demo) by extension 'ros'
[0.965s] DEBUG:colcon.colcon_core.package_identification:Package 'src/unity_robotics_demo' with type 'ros.ament_python' and name 'unity_robotics_demo'
[0.965s] Level 1:colcon.colcon_core.package_identification:_identify(src/unity_robotics_demo_msgs) by extensions ['ignore', 'ignore_ament_install']
[0.966s] Level 1:colcon.colcon_core.package_identification:_identify(src/unity_robotics_demo_msgs) by extension 'ignore'
[0.966s] Level 1:colcon.colcon_core.package_identification:_identify(src/unity_robotics_demo_msgs) by extension 'ignore_ament_install'
[0.967s] Level 1:colcon.colcon_core.package_identification:_identify(src/unity_robotics_demo_msgs) by extensions ['colcon_pkg']
[0.967s] Level 1:colcon.colcon_core.package_identification:_identify(src/unity_robotics_demo_msgs) by extension 'colcon_pkg'
[0.967s] Level 1:colcon.colcon_core.package_identification:_identify(src/unity_robotics_demo_msgs) by extensions ['colcon_meta']
[0.967s] Level 1:colcon.colcon_core.package_identification:_identify(src/unity_robotics_demo_msgs) by extension 'colcon_meta'
[0.967s] Level 1:colcon.colcon_core.package_identification:_identify(src/unity_robotics_demo_msgs) by extensions ['ros']
[0.967s] Level 1:colcon.colcon_core.package_identification:_identify(src/unity_robotics_demo_msgs) by extension 'ros'
[0.970s] DEBUG:colcon.colcon_core.package_identification:Package 'src/unity_robotics_demo_msgs' with type 'ros.ament_cmake' and name 'unity_robotics_demo_msgs'
[0.970s] Level 1:colcon.colcon_core.package_identification:_identify(src/unity_slam_example) by extensions ['ignore', 'ignore_ament_install']
[0.971s] Level 1:colcon.colcon_core.package_identification:_identify(src/unity_slam_example) by extension 'ignore'
[0.971s] Level 1:colcon.colcon_core.package_identification:_identify(src/unity_slam_example) by extension 'ignore_ament_install'
[0.972s] Level 1:colcon.colcon_core.package_identification:_identify(src/unity_slam_example) by extensions ['colcon_pkg']
[0.972s] Level 1:colcon.colcon_core.package_identification:_identify(src/unity_slam_example) by extension 'colcon_pkg'
[0.972s] Level 1:colcon.colcon_core.package_identification:_identify(src/unity_slam_example) by extensions ['colcon_meta']
[0.972s] Level 1:colcon.colcon_core.package_identification:_identify(src/unity_slam_example) by extension 'colcon_meta'
[0.973s] Level 1:colcon.colcon_core.package_identification:_identify(src/unity_slam_example) by extensions ['ros']
[0.973s] Level 1:colcon.colcon_core.package_identification:_identify(src/unity_slam_example) by extension 'ros'
[0.975s] DEBUG:colcon.colcon_core.package_identification:Package 'src/unity_slam_example' with type 'ros.ament_python' and name 'unity_slam_example'
[0.976s] Level 1:colcon.colcon_core.package_discovery:discover_packages(recursive) using defaults
[0.976s] Level 1:colcon.colcon_core.package_discovery:discover_packages(ignore) discover
[0.976s] Level 1:colcon.colcon_core.package_discovery:discover_packages(ignore) using defaults
[0.976s] Level 1:colcon.colcon_core.package_discovery:discover_packages(path) discover
[0.976s] Level 1:colcon.colcon_core.package_discovery:discover_packages(path) using defaults
[1.086s] INFO:colcon.colcon_core.package_selection:Skipping not selected package 'msg_manage' in 'src/msg_manage'
[1.086s] INFO:colcon.colcon_core.package_selection:Skipping not selected package 'ros_tcp_endpoint' in 'src/ROS-TCP-Endpoint'
[1.086s] INFO:colcon.colcon_core.package_selection:Skipping not selected package 'unity_robotics_demo' in 'src/unity_robotics_demo'
[1.086s] INFO:colcon.colcon_core.package_selection:Skipping not selected package 'unity_robotics_demo_msgs' in 'src/unity_robotics_demo_msgs'
[1.086s] INFO:colcon.colcon_core.package_selection:Skipping not selected package 'unity_slam_example' in 'src/unity_slam_example'
[1.090s] Level 5:colcon.colcon_core.verb:set package 'project_2' build argument 'cmake_args' from command line to 'None'
[1.090s] Level 5:colcon.colcon_core.verb:set package 'project_2' build argument 'cmake_target' from command line to 'None'
[1.091s] Level 5:colcon.colcon_core.verb:set package 'project_2' build argument 'cmake_target_skip_unavailable' from command line to 'False'
[1.091s] Level 5:colcon.colcon_core.verb:set package 'project_2' build argument 'cmake_clean_cache' from command line to 'False'
[1.091s] Level 5:colcon.colcon_core.verb:set package 'project_2' build argument 'cmake_clean_first' from command line to 'False'
[1.091s] Level 5:colcon.colcon_core.verb:set package 'project_2' build argument 'cmake_force_configure' from command line to 'False'
[1.091s] Level 5:colcon.colcon_core.verb:set package 'project_2' build argument 'ament_cmake_args' from command line to 'None'
[1.091s] Level 5:colcon.colcon_core.verb:set package 'project_2' build argument 'catkin_cmake_args' from command line to 'None'
[1.091s] Level 5:colcon.colcon_core.verb:set package 'project_2' build argument 'catkin_skip_building_tests' from command line to 'False'
[1.092s] DEBUG:colcon.colcon_core.verb:Building package 'project_2' with the following arguments: {'ament_cmake_args': None, 'build_base': '/home/jetson/Desktop/workspace_2/build/project_2', 'catkin_cmake_args': None, 'catkin_skip_building_tests': False, 'cmake_args': None, 'cmake_clean_cache': False, 'cmake_clean_first': False, 'cmake_force_configure': False, 'cmake_target': None, 'cmake_target_skip_unavailable': False, 'install_base': '/home/jetson/Desktop/workspace_2/install/project_2', 'merge_install': False, 'path': '/home/jetson/Desktop/workspace_2/src/project_2', 'symlink_install': False, 'test_result_base': None}
[1.151s] INFO:colcon.colcon_core.executor:Executing jobs using 'parallel' executor
[1.162s] DEBUG:colcon.colcon_parallel_executor.executor.parallel:run_until_complete
[1.163s] INFO:colcon.colcon_ros.task.ament_python.build:Building ROS package in '/home/jetson/Desktop/workspace_2/src/project_2' with build type 'ament_python'
[1.164s] Level 1:colcon.colcon_core.shell:create_environment_hook('project_2', 'ament_prefix_path')
[1.185s] INFO:colcon.colcon_core.plugin_system:Skipping extension 'colcon_core.shell.bat': Not used on non-Windows systems
[1.186s] INFO:colcon.colcon_core.shell:Creating environment hook '/home/jetson/Desktop/workspace_2/install/project_2/share/project_2/hook/ament_prefix_path.ps1'
[1.189s] INFO:colcon.colcon_core.shell:Creating environment descriptor '/home/jetson/Desktop/workspace_2/install/project_2/share/project_2/hook/ament_prefix_path.dsv'
[1.191s] INFO:colcon.colcon_core.shell:Creating environment hook '/home/jetson/Desktop/workspace_2/install/project_2/share/project_2/hook/ament_prefix_path.sh'
[1.198s] INFO:colcon.colcon_core.shell:Skip shell extension 'powershell' for command environment: Not usable outside of PowerShell
[1.198s] DEBUG:colcon.colcon_core.shell:Skip shell extension 'dsv' for command environment
[2.922s] INFO:colcon.colcon_core.task.python.build:Building Python package in '/home/jetson/Desktop/workspace_2/src/project_2'
[2.926s] INFO:colcon.colcon_core.shell:Skip shell extension 'powershell' for command environment: Not usable outside of PowerShell
[2.926s] DEBUG:colcon.colcon_core.shell:Skip shell extension 'dsv' for command environment
[5.481s] DEBUG:colcon.colcon_core.event_handler.log_command:Invoking command in '/home/jetson/Desktop/workspace_2/src/project_2': CMAKE_PREFIX_PATH=/home/jetson/Desktop/workspace_2/install/msg_manage:/home/jetson/Desktop/workspace_2/install/unity_robotics_demo_msgs:/home/jetson/ros2_foxy/ros2-linux LD_LIBRARY_PATH=/home/jetson/Desktop/workspace_2/install/msg_manage/lib:/home/jetson/Desktop/workspace_2/install/unity_robotics_demo_msgs/lib:/opt/ros/foxy/opt/yaml_cpp_vendor/lib:/opt/ros/foxy/opt/rviz_ogre_vendor/lib:/opt/ros/foxy/lib/aarch64-linux-gnu:/opt/ros/foxy/lib:/home/jetson/ros2_foxy/ros2-linux/opt/yaml_cpp_vendor/lib:/home/jetson/ros2_foxy/ros2-linux/opt/rviz_ogre_vendor/lib:/home/jetson/ros2_foxy/ros2-linux/lib PYTHONPATH=/home/jetson/Desktop/workspace_2/install/project_2/lib/python3.8/site-packages:/home/jetson/Desktop/workspace_2/install/msg_manage/lib/python3.8/site-packages:/home/jetson/Desktop/workspace_2/install/unity_slam_example/lib/python3.8/site-packages:/home/jetson/Desktop/workspace_2/install/unity_robotics_demo_msgs/lib/python3.8/site-packages:/home/jetson/Desktop/workspace_2/install/unity_robotics_demo/lib/python3.8/site-packages:/home/jetson/Desktop/workspace_2/install/ros_tcp_endpoint/lib/python3.8/site-packages:/home/jetson/Desktop/workspace_2/install/project_2/lib/python3.8/site-packages:/opt/ros/foxy/lib/python3.8/site-packages:/home/jetson/ros2_foxy/ros2-linux/lib/python3.8/site-packages /usr/bin/python3 setup.py egg_info --egg-base ../../build/project_2 build --build-base /home/jetson/Desktop/workspace_2/build/project_2/build install --prefix /home/jetson/Desktop/workspace_2/install/project_2 --record /home/jetson/Desktop/workspace_2/build/project_2/install.log --single-version-externally-managed
[7.254s] DEBUG:colcon.colcon_core.event_handler.log_command:Invoked command in '/home/jetson/Desktop/workspace_2/src/project_2' returned '0': CMAKE_PREFIX_PATH=/home/jetson/Desktop/workspace_2/install/msg_manage:/home/jetson/Desktop/workspace_2/install/unity_robotics_demo_msgs:/home/jetson/ros2_foxy/ros2-linux LD_LIBRARY_PATH=/home/jetson/Desktop/workspace_2/install/msg_manage/lib:/home/jetson/Desktop/workspace_2/install/unity_robotics_demo_msgs/lib:/opt/ros/foxy/opt/yaml_cpp_vendor/lib:/opt/ros/foxy/opt/rviz_ogre_vendor/lib:/opt/ros/foxy/lib/aarch64-linux-gnu:/opt/ros/foxy/lib:/home/jetson/ros2_foxy/ros2-linux/opt/yaml_cpp_vendor/lib:/home/jetson/ros2_foxy/ros2-linux/opt/rviz_ogre_vendor/lib:/home/jetson/ros2_foxy/ros2-linux/lib PYTHONPATH=/home/jetson/Desktop/workspace_2/install/project_2/lib/python3.8/site-packages:/home/jetson/Desktop/workspace_2/install/msg_manage/lib/python3.8/site-packages:/home/jetson/Desktop/workspace_2/install/unity_slam_example/lib/python3.8/site-packages:/home/jetson/Desktop/workspace_2/install/unity_robotics_demo_msgs/lib/python3.8/site-packages:/home/jetson/Desktop/workspace_2/install/unity_robotics_demo/lib/python3.8/site-packages:/home/jetson/Desktop/workspace_2/install/ros_tcp_endpoint/lib/python3.8/site-packages:/home/jetson/Desktop/workspace_2/install/project_2/lib/python3.8/site-packages:/opt/ros/foxy/lib/python3.8/site-packages:/home/jetson/ros2_foxy/ros2-linux/lib/python3.8/site-packages /usr/bin/python3 setup.py egg_info --egg-base ../../build/project_2 build --build-base /home/jetson/Desktop/workspace_2/build/project_2/build install --prefix /home/jetson/Desktop/workspace_2/install/project_2 --record /home/jetson/Desktop/workspace_2/build/project_2/install.log --single-version-externally-managed
[7.272s] Level 1:colcon.colcon_core.environment:checking '/home/jetson/Desktop/workspace_2/install/project_2' for CMake module files
[7.275s] Level 1:colcon.colcon_core.environment:checking '/home/jetson/Desktop/workspace_2/install/project_2' for CMake config files
[7.279s] Level 1:colcon.colcon_core.environment:checking '/home/jetson/Desktop/workspace_2/install/project_2/lib'
[7.280s] Level 1:colcon.colcon_core.environment:checking '/home/jetson/Desktop/workspace_2/install/project_2/bin'
[7.280s] Level 1:colcon.colcon_core.environment:checking '/home/jetson/Desktop/workspace_2/install/project_2/lib/pkgconfig/project_2.pc'
[7.281s] Level 1:colcon.colcon_core.environment:checking '/home/jetson/Desktop/workspace_2/install/project_2/lib/python3.8/site-packages'
[7.281s] Level 1:colcon.colcon_core.shell:create_environment_hook('project_2', 'pythonpath')
[7.284s] INFO:colcon.colcon_core.shell:Creating environment hook '/home/jetson/Desktop/workspace_2/install/project_2/share/project_2/hook/pythonpath.ps1'
[7.287s] INFO:colcon.colcon_core.shell:Creating environment descriptor '/home/jetson/Desktop/workspace_2/install/project_2/share/project_2/hook/pythonpath.dsv'
[7.289s] INFO:colcon.colcon_core.shell:Creating environment hook '/home/jetson/Desktop/workspace_2/install/project_2/share/project_2/hook/pythonpath.sh'
[7.291s] Level 1:colcon.colcon_core.environment:create_environment_scripts_only(project_2)
[7.295s] INFO:colcon.colcon_core.shell:Creating package script '/home/jetson/Desktop/workspace_2/install/project_2/share/project_2/package.ps1'
[7.299s] INFO:colcon.colcon_core.shell:Creating package descriptor '/home/jetson/Desktop/workspace_2/install/project_2/share/project_2/package.dsv'
[7.301s] INFO:colcon.colcon_core.shell:Creating package script '/home/jetson/Desktop/workspace_2/install/project_2/share/project_2/package.sh'
[7.305s] INFO:colcon.colcon_core.shell:Creating package script '/home/jetson/Desktop/workspace_2/install/project_2/share/project_2/package.bash'
[7.308s] INFO:colcon.colcon_core.shell:Creating package script '/home/jetson/Desktop/workspace_2/install/project_2/share/project_2/package.zsh'
[7.312s] Level 1:colcon.colcon_core.environment:create_file_with_runtime_dependencies(/home/jetson/Desktop/workspace_2/install/project_2/share/colcon-core/packages/project_2)
[7.313s] DEBUG:colcon.colcon_parallel_executor.executor.parallel:closing loop
[7.314s] DEBUG:colcon.colcon_parallel_executor.executor.parallel:loop closed
[7.315s] DEBUG:colcon.colcon_parallel_executor.executor.parallel:run_until_complete finished with '0'
[7.315s] DEBUG:colcon.colcon_core.event_reactor:joining thread
[7.358s] INFO:colcon.colcon_core.plugin_system:Skipping extension 'colcon_notification.desktop_notification.terminal_notifier': Not used on non-Darwin systems
[7.359s] INFO:colcon.colcon_core.plugin_system:Skipping extension 'colcon_notification.desktop_notification.win32': Not used on non-Windows systems
[7.359s] INFO:colcon.colcon_notification.desktop_notification:Sending desktop notification using 'notify2'
[7.439s] DEBUG:colcon.colcon_core.event_reactor:joined thread
[7.442s] INFO:colcon.colcon_core.shell:Creating prefix script '/home/jetson/Desktop/workspace_2/install/local_setup.ps1'
[7.452s] INFO:colcon.colcon_core.shell:Creating prefix util module '/home/jetson/Desktop/workspace_2/install/_local_setup_util_ps1.py'
[7.460s] INFO:colcon.colcon_core.shell:Creating prefix chain script '/home/jetson/Desktop/workspace_2/install/setup.ps1'
[7.469s] INFO:colcon.colcon_core.shell:Creating prefix script '/home/jetson/Desktop/workspace_2/install/local_setup.sh'
[7.473s] INFO:colcon.colcon_core.shell:Creating prefix util module '/home/jetson/Desktop/workspace_2/install/_local_setup_util_sh.py'
[7.476s] INFO:colcon.colcon_core.shell:Creating prefix chain script '/home/jetson/Desktop/workspace_2/install/setup.sh'
[7.484s] INFO:colcon.colcon_core.shell:Creating prefix script '/home/jetson/Desktop/workspace_2/install/local_setup.bash'
[7.486s] INFO:colcon.colcon_core.shell:Creating prefix chain script '/home/jetson/Desktop/workspace_2/install/setup.bash'
[7.493s] INFO:colcon.colcon_core.shell:Creating prefix script '/home/jetson/Desktop/workspace_2/install/local_setup.zsh'
[7.495s] INFO:colcon.colcon_core.shell:Creating prefix chain script '/home/jetson/Desktop/workspace_2/install/setup.zsh'
