[6.283s] Invoking command in '/home/jetson/Desktop/workspace_2/src/unity_robotics_demo': PYTHONPATH=/home/jetson/Desktop/workspace_2/install/unity_robotics_demo/lib/python3.8/site-packages:${PYTHONPATH} /usr/bin/python3 setup.py egg_info --egg-base ../../build/unity_robotics_demo build --build-base /home/jetson/Desktop/workspace_2/build/unity_robotics_demo/build install --prefix /home/jetson/Desktop/workspace_2/install/unity_robotics_demo --record /home/jetson/Desktop/workspace_2/build/unity_robotics_demo/install.log --single-version-externally-managed
[7.880s] running egg_info
[7.880s] writing ../../build/unity_robotics_demo/unity_robotics_demo.egg-info/PKG-INFO
[7.881s] writing dependency_links to ../../build/unity_robotics_demo/unity_robotics_demo.egg-info/dependency_links.txt
[7.882s] writing entry points to ../../build/unity_robotics_demo/unity_robotics_demo.egg-info/entry_points.txt
[7.883s] writing requirements to ../../build/unity_robotics_demo/unity_robotics_demo.egg-info/requires.txt
[7.883s] writing top-level names to ../../build/unity_robotics_demo/unity_robotics_demo.egg-info/top_level.txt
[7.905s] reading manifest file '../../build/unity_robotics_demo/unity_robotics_demo.egg-info/SOURCES.txt'
[7.916s] writing manifest file '../../build/unity_robotics_demo/unity_robotics_demo.egg-info/SOURCES.txt'
[7.916s] running build
[7.917s] running build_py
[7.919s] running install
[7.922s] running install_lib
[7.933s] running install_data
[7.934s] running install_egg_info
[7.941s] removing '/home/jetson/Desktop/workspace_2/install/unity_robotics_demo/lib/python3.8/site-packages/unity_robotics_demo-0.0.1-py3.8.egg-info' (and everything under it)
[7.943s] Copying ../../build/unity_robotics_demo/unity_robotics_demo.egg-info to /home/jetson/Desktop/workspace_2/install/unity_robotics_demo/lib/python3.8/site-packages/unity_robotics_demo-0.0.1-py3.8.egg-info
[7.947s] running install_scripts
[8.040s] Installing color_publisher script to /home/jetson/Desktop/workspace_2/install/unity_robotics_demo/lib/unity_robotics_demo
[8.042s] Installing position_service script to /home/jetson/Desktop/workspace_2/install/unity_robotics_demo/lib/unity_robotics_demo
[8.044s] writing list of installed files to '/home/jetson/Desktop/workspace_2/build/unity_robotics_demo/install.log'
[8.346s] Invoked command in '/home/jetson/Desktop/workspace_2/src/unity_robotics_demo' returned '0': PYTHONPATH=/home/jetson/Desktop/workspace_2/install/unity_robotics_demo/lib/python3.8/site-packages:${PYTHONPATH} /usr/bin/python3 setup.py egg_info --egg-base ../../build/unity_robotics_demo build --build-base /home/jetson/Desktop/workspace_2/build/unity_robotics_demo/build install --prefix /home/jetson/Desktop/workspace_2/install/unity_robotics_demo --record /home/jetson/Desktop/workspace_2/build/unity_robotics_demo/install.log --single-version-externally-managed
