[4.586s] Invoking command in '/home/jetson/Desktop/workspace_2/src/project_2': PYTHONPATH=/home/jetson/Desktop/workspace_2/install/project_2/lib/python3.8/site-packages:${PYTHONPATH} /usr/bin/python3 setup.py egg_info --egg-base ../../build/project_2 build --build-base /home/jetson/Desktop/workspace_2/build/project_2/build install --prefix /home/jetson/Desktop/workspace_2/install/project_2 --record /home/jetson/Desktop/workspace_2/build/project_2/install.log --single-version-externally-managed
[5.627s] /usr/local/lib/python3.8/dist-packages/setuptools/dist.py:717: UserWarning: Usage of dash-separated 'script-dir' will not be supported in future versions. Please use the underscore name 'script_dir' instead
[5.629s]   warnings.warn(
[5.629s] /usr/local/lib/python3.8/dist-packages/setuptools/dist.py:717: UserWarning: Usage of dash-separated 'install-scripts' will not be supported in future versions. Please use the underscore name 'install_scripts' instead
[5.630s]   warnings.warn(
[5.768s] running egg_info
[5.769s] writing ../../build/project_2/project_2.egg-info/PKG-INFO
[5.770s] writing dependency_links to ../../build/project_2/project_2.egg-info/dependency_links.txt
[5.770s] writing entry points to ../../build/project_2/project_2.egg-info/entry_points.txt
[5.771s] writing requirements to ../../build/project_2/project_2.egg-info/requires.txt
[5.771s] writing top-level names to ../../build/project_2/project_2.egg-info/top_level.txt
[5.785s] reading manifest file '../../build/project_2/project_2.egg-info/SOURCES.txt'
[5.788s] writing manifest file '../../build/project_2/project_2.egg-info/SOURCES.txt'
[5.790s] running build
[5.790s] running build_py
[5.791s] copying project_2/test_service.py -> /home/jetson/Desktop/workspace_2/build/project_2/build/lib/project_2
[5.792s] copying project_2/test_client.py -> /home/jetson/Desktop/workspace_2/build/project_2/build/lib/project_2
[5.792s] running install
[5.795s] running install_lib
[5.799s] copying /home/jetson/Desktop/workspace_2/build/project_2/build/lib/project_2/test_service.py -> /home/jetson/Desktop/workspace_2/install/project_2/lib/python3.8/site-packages/project_2
[5.800s] copying /home/jetson/Desktop/workspace_2/build/project_2/build/lib/project_2/test_client.py -> /home/jetson/Desktop/workspace_2/install/project_2/lib/python3.8/site-packages/project_2
[5.803s] byte-compiling /home/jetson/Desktop/workspace_2/install/project_2/lib/python3.8/site-packages/project_2/test_service.py to test_service.cpython-38.pyc
[5.808s] byte-compiling /home/jetson/Desktop/workspace_2/install/project_2/lib/python3.8/site-packages/project_2/test_client.py to test_client.cpython-38.pyc
[5.808s] running install_data
[5.809s] running install_egg_info
[5.817s] removing '/home/jetson/Desktop/workspace_2/install/project_2/lib/python3.8/site-packages/project_2-0.0.0-py3.8.egg-info' (and everything under it)
[5.818s] Copying ../../build/project_2/project_2.egg-info to /home/jetson/Desktop/workspace_2/install/project_2/lib/python3.8/site-packages/project_2-0.0.0-py3.8.egg-info
[5.821s] running install_scripts
[5.903s] Installing client script to /home/jetson/Desktop/workspace_2/install/project_2/lib/project_2
[5.904s] Installing listener script to /home/jetson/Desktop/workspace_2/install/project_2/lib/project_2
[5.908s] Installing service script to /home/jetson/Desktop/workspace_2/install/project_2/lib/project_2
[5.909s] Installing talker script to /home/jetson/Desktop/workspace_2/install/project_2/lib/project_2
[5.910s] writing list of installed files to '/home/jetson/Desktop/workspace_2/build/project_2/install.log'
[6.068s] Invoked command in '/home/jetson/Desktop/workspace_2/src/project_2' returned '0': PYTHONPATH=/home/jetson/Desktop/workspace_2/install/project_2/lib/python3.8/site-packages:${PYTHONPATH} /usr/bin/python3 setup.py egg_info --egg-base ../../build/project_2 build --build-base /home/jetson/Desktop/workspace_2/build/project_2/build install --prefix /home/jetson/Desktop/workspace_2/install/project_2 --record /home/jetson/Desktop/workspace_2/build/project_2/install.log --single-version-externally-managed
