[3.058s] Invoking command in '/home/jetson/Desktop/workspace_2/build/unity_robotics_demo_msgs': CMAKE_PREFIX_PATH=${CMAKE_PREFIX_PATH}:/home/jetson/Desktop/workspace_2/install/unity_slam_example:/home/jetson/Desktop/workspace_2/install/unity_robotics_demo:/home/jetson/Desktop/workspace_2/install/ros_tcp_endpoint:/home/jetson/Desktop/workspace_2/install/project_2:/opt/ros/foxy /usr/bin/cmake --build /home/jetson/Desktop/workspace_2/build/unity_robotics_demo_msgs -- -j4 -l4
[3.473s] [  1%] Built target unity_robotics_demo_msgs__cpp
[3.556s] [ 12%] Built target unity_robotics_demo_msgs__rosidl_generator_c
[3.784s] [ 23%] Built target unity_robotics_demo_msgs__rosidl_typesupport_cpp
[3.881s] [ 34%] Built target unity_robotics_demo_msgs__rosidl_typesupport_introspection_cpp
[3.896s] [ 45%] Built target unity_robotics_demo_msgs__rosidl_typesupport_introspection_c
[3.897s] [ 56%] Built target unity_robotics_demo_msgs__rosidl_typesupport_fastrtps_cpp
[4.118s] [ 67%] Built target unity_robotics_demo_msgs__rosidl_typesupport_c
[4.195s] [ 78%] Built target unity_robotics_demo_msgs__rosidl_typesupport_fastrtps_c
[4.319s] [ 78%] Built target unity_robotics_demo_msgs
[4.466s] [ 80%] Built target unity_robotics_demo_msgs__py
[4.788s] [ 89%] Built target unity_robotics_demo_msgs__python
[5.299s] [ 92%] Built target unity_robotics_demo_msgs__rosidl_typesupport_introspection_c__pyext
[5.314s] [ 96%] Built target unity_robotics_demo_msgs__rosidl_typesupport_c__pyext
[5.354s] [100%] Built target unity_robotics_demo_msgs__rosidl_typesupport_fastrtps_c__pyext
[5.466s] Invoked command in '/home/jetson/Desktop/workspace_2/build/unity_robotics_demo_msgs' returned '0': CMAKE_PREFIX_PATH=${CMAKE_PREFIX_PATH}:/home/jetson/Desktop/workspace_2/install/unity_slam_example:/home/jetson/Desktop/workspace_2/install/unity_robotics_demo:/home/jetson/Desktop/workspace_2/install/ros_tcp_endpoint:/home/jetson/Desktop/workspace_2/install/project_2:/opt/ros/foxy /usr/bin/cmake --build /home/jetson/Desktop/workspace_2/build/unity_robotics_demo_msgs -- -j4 -l4
[6.907s] Invoking command in '/home/jetson/Desktop/workspace_2/build/unity_robotics_demo_msgs': CMAKE_PREFIX_PATH=${CMAKE_PREFIX_PATH}:/home/jetson/Desktop/workspace_2/install/unity_slam_example:/home/jetson/Desktop/workspace_2/install/unity_robotics_demo:/home/jetson/Desktop/workspace_2/install/ros_tcp_endpoint:/home/jetson/Desktop/workspace_2/install/project_2:/opt/ros/foxy /usr/bin/cmake --install /home/jetson/Desktop/workspace_2/build/unity_robotics_demo_msgs
[7.071s] -- Install configuration: ""
[7.075s] -- Up-to-date: /home/jetson/Desktop/workspace_2/install/unity_robotics_demo_msgs/share/ament_index/resource_index/rosidl_interfaces/unity_robotics_demo_msgs
[7.076s] -- Up-to-date: /home/jetson/Desktop/workspace_2/install/unity_robotics_demo_msgs/include/unity_robotics_demo_msgs
[7.077s] -- Up-to-date: /home/jetson/Desktop/workspace_2/install/unity_robotics_demo_msgs/include/unity_robotics_demo_msgs/srv
[7.077s] -- Up-to-date: /home/jetson/Desktop/workspace_2/install/unity_robotics_demo_msgs/include/unity_robotics_demo_msgs/srv/detail
[7.078s] -- Up-to-date: /home/jetson/Desktop/workspace_2/install/unity_robotics_demo_msgs/include/unity_robotics_demo_msgs/srv/detail/position_service__functions.h
[7.078s] -- Up-to-date: /home/jetson/Desktop/workspace_2/install/unity_robotics_demo_msgs/include/unity_robotics_demo_msgs/srv/detail/object_pose_service__functions.c
[7.079s] -- Up-to-date: /home/jetson/Desktop/workspace_2/install/unity_robotics_demo_msgs/include/unity_robotics_demo_msgs/srv/detail/position_service__type_support.h
[7.080s] -- Up-to-date: /home/jetson/Desktop/workspace_2/install/unity_robotics_demo_msgs/include/unity_robotics_demo_msgs/srv/detail/object_pose_service__struct.h
[7.081s] -- Up-to-date: /home/jetson/Desktop/workspace_2/install/unity_robotics_demo_msgs/include/unity_robotics_demo_msgs/srv/detail/object_pose_service__type_support.h
[7.082s] -- Up-to-date: /home/jetson/Desktop/workspace_2/install/unity_robotics_demo_msgs/include/unity_robotics_demo_msgs/srv/detail/object_pose_service__functions.h
[7.082s] -- Up-to-date: /home/jetson/Desktop/workspace_2/install/unity_robotics_demo_msgs/include/unity_robotics_demo_msgs/srv/detail/position_service__functions.c
[7.082s] -- Up-to-date: /home/jetson/Desktop/workspace_2/install/unity_robotics_demo_msgs/include/unity_robotics_demo_msgs/srv/detail/position_service__struct.h
[7.083s] -- Up-to-date: /home/jetson/Desktop/workspace_2/install/unity_robotics_demo_msgs/include/unity_robotics_demo_msgs/srv/position_service.h
[7.083s] -- Up-to-date: /home/jetson/Desktop/workspace_2/install/unity_robotics_demo_msgs/include/unity_robotics_demo_msgs/srv/object_pose_service.h
[7.084s] -- Up-to-date: /home/jetson/Desktop/workspace_2/install/unity_robotics_demo_msgs/include/unity_robotics_demo_msgs/msg
[7.084s] -- Up-to-date: /home/jetson/Desktop/workspace_2/install/unity_robotics_demo_msgs/include/unity_robotics_demo_msgs/msg/detail
[7.085s] -- Up-to-date: /home/jetson/Desktop/workspace_2/install/unity_robotics_demo_msgs/include/unity_robotics_demo_msgs/msg/detail/unity_color__functions.c
[7.086s] -- Up-to-date: /home/jetson/Desktop/workspace_2/install/unity_robotics_demo_msgs/include/unity_robotics_demo_msgs/msg/detail/pos_rot__functions.h
[7.087s] -- Up-to-date: /home/jetson/Desktop/workspace_2/install/unity_robotics_demo_msgs/include/unity_robotics_demo_msgs/msg/detail/unity_color__type_support.h
[7.087s] -- Up-to-date: /home/jetson/Desktop/workspace_2/install/unity_robotics_demo_msgs/include/unity_robotics_demo_msgs/msg/detail/pos_rot__struct.h
[7.088s] -- Up-to-date: /home/jetson/Desktop/workspace_2/install/unity_robotics_demo_msgs/include/unity_robotics_demo_msgs/msg/detail/pos_rot__type_support.h
[7.088s] -- Up-to-date: /home/jetson/Desktop/workspace_2/install/unity_robotics_demo_msgs/include/unity_robotics_demo_msgs/msg/detail/unity_color__struct.h
[7.154s] -- Up-to-date: /home/jetson/Desktop/workspace_2/install/unity_robotics_demo_msgs/include/unity_robotics_demo_msgs/msg/detail/unity_color__functions.h
[7.159s] -- Up-to-date: /home/jetson/Desktop/workspace_2/install/unity_robotics_demo_msgs/include/unity_robotics_demo_msgs/msg/detail/pos_rot__functions.c
[7.164s] -- Up-to-date: /home/jetson/Desktop/workspace_2/install/unity_robotics_demo_msgs/include/unity_robotics_demo_msgs/msg/unity_color.h
[7.164s] -- Up-to-date: /home/jetson/Desktop/workspace_2/install/unity_robotics_demo_msgs/include/unity_robotics_demo_msgs/msg/rosidl_generator_c__visibility_control.h
[7.164s] -- Up-to-date: /home/jetson/Desktop/workspace_2/install/unity_robotics_demo_msgs/include/unity_robotics_demo_msgs/msg/pos_rot.h
[7.165s] -- Up-to-date: /home/jetson/Desktop/workspace_2/install/unity_robotics_demo_msgs/share/unity_robotics_demo_msgs/environment/library_path.sh
[7.165s] -- Up-to-date: /home/jetson/Desktop/workspace_2/install/unity_robotics_demo_msgs/share/unity_robotics_demo_msgs/environment/library_path.dsv
[7.166s] -- Up-to-date: /home/jetson/Desktop/workspace_2/install/unity_robotics_demo_msgs/lib/libunity_robotics_demo_msgs__rosidl_generator_c.so
[7.166s] -- Up-to-date: /home/jetson/Desktop/workspace_2/install/unity_robotics_demo_msgs/include/unity_robotics_demo_msgs
[7.177s] -- Up-to-date: /home/jetson/Desktop/workspace_2/install/unity_robotics_demo_msgs/include/unity_robotics_demo_msgs/srv
[7.178s] -- Up-to-date: /home/jetson/Desktop/workspace_2/install/unity_robotics_demo_msgs/include/unity_robotics_demo_msgs/srv/detail
[7.178s] -- Up-to-date: /home/jetson/Desktop/workspace_2/install/unity_robotics_demo_msgs/include/unity_robotics_demo_msgs/srv/detail/position_service__rosidl_typesupport_fastrtps_c.h
[7.179s] -- Up-to-date: /home/jetson/Desktop/workspace_2/install/unity_robotics_demo_msgs/include/unity_robotics_demo_msgs/srv/detail/object_pose_service__rosidl_typesupport_fastrtps_c.h
[7.179s] -- Up-to-date: /home/jetson/Desktop/workspace_2/install/unity_robotics_demo_msgs/include/unity_robotics_demo_msgs/msg
[7.179s] -- Up-to-date: /home/jetson/Desktop/workspace_2/install/unity_robotics_demo_msgs/include/unity_robotics_demo_msgs/msg/detail
[7.180s] -- Up-to-date: /home/jetson/Desktop/workspace_2/install/unity_robotics_demo_msgs/include/unity_robotics_demo_msgs/msg/detail/unity_color__rosidl_typesupport_fastrtps_c.h
[7.188s] -- Up-to-date: /home/jetson/Desktop/workspace_2/install/unity_robotics_demo_msgs/include/unity_robotics_demo_msgs/msg/detail/pos_rot__rosidl_typesupport_fastrtps_c.h
[7.191s] -- Up-to-date: /home/jetson/Desktop/workspace_2/install/unity_robotics_demo_msgs/include/unity_robotics_demo_msgs/msg/rosidl_typesupport_fastrtps_c__visibility_control.h
[7.192s] -- Up-to-date: /home/jetson/Desktop/workspace_2/install/unity_robotics_demo_msgs/lib/libunity_robotics_demo_msgs__rosidl_typesupport_fastrtps_c.so
[7.200s] -- Up-to-date: /home/jetson/Desktop/workspace_2/install/unity_robotics_demo_msgs/include/unity_robotics_demo_msgs
[7.201s] -- Up-to-date: /home/jetson/Desktop/workspace_2/install/unity_robotics_demo_msgs/include/unity_robotics_demo_msgs/srv
[7.202s] -- Up-to-date: /home/jetson/Desktop/workspace_2/install/unity_robotics_demo_msgs/include/unity_robotics_demo_msgs/srv/detail
[7.203s] -- Up-to-date: /home/jetson/Desktop/workspace_2/install/unity_robotics_demo_msgs/include/unity_robotics_demo_msgs/srv/detail/object_pose_service__rosidl_typesupport_fastrtps_cpp.hpp
[7.203s] -- Up-to-date: /home/jetson/Desktop/workspace_2/install/unity_robotics_demo_msgs/include/unity_robotics_demo_msgs/srv/detail/position_service__rosidl_typesupport_fastrtps_cpp.hpp
[7.204s] -- Up-to-date: /home/jetson/Desktop/workspace_2/install/unity_robotics_demo_msgs/include/unity_robotics_demo_msgs/srv/detail/dds_fastrtps
[7.205s] -- Up-to-date: /home/jetson/Desktop/workspace_2/install/unity_robotics_demo_msgs/include/unity_robotics_demo_msgs/msg
[7.207s] -- Up-to-date: /home/jetson/Desktop/workspace_2/install/unity_robotics_demo_msgs/include/unity_robotics_demo_msgs/msg/detail
[7.208s] -- Up-to-date: /home/jetson/Desktop/workspace_2/install/unity_robotics_demo_msgs/include/unity_robotics_demo_msgs/msg/detail/unity_color__rosidl_typesupport_fastrtps_cpp.hpp
[7.377s] -- Up-to-date: /home/jetson/Desktop/workspace_2/install/unity_robotics_demo_msgs/include/unity_robotics_demo_msgs/msg/detail/pos_rot__rosidl_typesupport_fastrtps_cpp.hpp
[7.378s] -- Up-to-date: /home/jetson/Desktop/workspace_2/install/unity_robotics_demo_msgs/include/unity_robotics_demo_msgs/msg/detail/dds_fastrtps
[7.381s] -- Up-to-date: /home/jetson/Desktop/workspace_2/install/unity_robotics_demo_msgs/include/unity_robotics_demo_msgs/msg/rosidl_typesupport_fastrtps_cpp__visibility_control.h
[7.382s] -- Up-to-date: /home/jetson/Desktop/workspace_2/install/unity_robotics_demo_msgs/lib/libunity_robotics_demo_msgs__rosidl_typesupport_fastrtps_cpp.so
[7.383s] -- Up-to-date: /home/jetson/Desktop/workspace_2/install/unity_robotics_demo_msgs/include/unity_robotics_demo_msgs
[7.383s] -- Up-to-date: /home/jetson/Desktop/workspace_2/install/unity_robotics_demo_msgs/include/unity_robotics_demo_msgs/srv
[7.383s] -- Up-to-date: /home/jetson/Desktop/workspace_2/install/unity_robotics_demo_msgs/include/unity_robotics_demo_msgs/srv/detail
[7.384s] -- Up-to-date: /home/jetson/Desktop/workspace_2/install/unity_robotics_demo_msgs/include/unity_robotics_demo_msgs/srv/detail/object_pose_service__rosidl_typesupport_introspection_c.h
[7.384s] -- Up-to-date: /home/jetson/Desktop/workspace_2/install/unity_robotics_demo_msgs/include/unity_robotics_demo_msgs/srv/detail/object_pose_service__type_support.c
[7.384s] -- Up-to-date: /home/jetson/Desktop/workspace_2/install/unity_robotics_demo_msgs/include/unity_robotics_demo_msgs/srv/detail/position_service__rosidl_typesupport_introspection_c.h
[7.385s] -- Up-to-date: /home/jetson/Desktop/workspace_2/install/unity_robotics_demo_msgs/include/unity_robotics_demo_msgs/srv/detail/position_service__type_support.c
[7.386s] -- Up-to-date: /home/jetson/Desktop/workspace_2/install/unity_robotics_demo_msgs/include/unity_robotics_demo_msgs/msg
[7.387s] -- Up-to-date: /home/jetson/Desktop/workspace_2/install/unity_robotics_demo_msgs/include/unity_robotics_demo_msgs/msg/detail
[7.387s] -- Up-to-date: /home/jetson/Desktop/workspace_2/install/unity_robotics_demo_msgs/include/unity_robotics_demo_msgs/msg/detail/pos_rot__type_support.c
[7.388s] -- Up-to-date: /home/jetson/Desktop/workspace_2/install/unity_robotics_demo_msgs/include/unity_robotics_demo_msgs/msg/detail/unity_color__type_support.c
[7.393s] -- Up-to-date: /home/jetson/Desktop/workspace_2/install/unity_robotics_demo_msgs/include/unity_robotics_demo_msgs/msg/detail/unity_color__rosidl_typesupport_introspection_c.h
[7.393s] -- Up-to-date: /home/jetson/Desktop/workspace_2/install/unity_robotics_demo_msgs/include/unity_robotics_demo_msgs/msg/detail/pos_rot__rosidl_typesupport_introspection_c.h
[7.394s] -- Up-to-date: /home/jetson/Desktop/workspace_2/install/unity_robotics_demo_msgs/include/unity_robotics_demo_msgs/msg/rosidl_typesupport_introspection_c__visibility_control.h
[7.402s] -- Up-to-date: /home/jetson/Desktop/workspace_2/install/unity_robotics_demo_msgs/lib/libunity_robotics_demo_msgs__rosidl_typesupport_introspection_c.so
[7.406s] -- Up-to-date: /home/jetson/Desktop/workspace_2/install/unity_robotics_demo_msgs/lib/libunity_robotics_demo_msgs__rosidl_typesupport_c.so
[7.406s] -- Up-to-date: /home/jetson/Desktop/workspace_2/install/unity_robotics_demo_msgs/include/unity_robotics_demo_msgs
[7.407s] -- Up-to-date: /home/jetson/Desktop/workspace_2/install/unity_robotics_demo_msgs/include/unity_robotics_demo_msgs/srv
[7.415s] -- Up-to-date: /home/jetson/Desktop/workspace_2/install/unity_robotics_demo_msgs/include/unity_robotics_demo_msgs/srv/detail
[7.416s] -- Up-to-date: /home/jetson/Desktop/workspace_2/install/unity_robotics_demo_msgs/include/unity_robotics_demo_msgs/srv/detail/object_pose_service__traits.hpp
[7.418s] -- Up-to-date: /home/jetson/Desktop/workspace_2/install/unity_robotics_demo_msgs/include/unity_robotics_demo_msgs/srv/detail/position_service__struct.hpp
[7.418s] -- Up-to-date: /home/jetson/Desktop/workspace_2/install/unity_robotics_demo_msgs/include/unity_robotics_demo_msgs/srv/detail/position_service__traits.hpp
[7.419s] -- Up-to-date: /home/jetson/Desktop/workspace_2/install/unity_robotics_demo_msgs/include/unity_robotics_demo_msgs/srv/detail/position_service__builder.hpp
[7.419s] -- Up-to-date: /home/jetson/Desktop/workspace_2/install/unity_robotics_demo_msgs/include/unity_robotics_demo_msgs/srv/detail/object_pose_service__struct.hpp
[7.419s] -- Up-to-date: /home/jetson/Desktop/workspace_2/install/unity_robotics_demo_msgs/include/unity_robotics_demo_msgs/srv/detail/object_pose_service__builder.hpp
[7.420s] -- Up-to-date: /home/jetson/Desktop/workspace_2/install/unity_robotics_demo_msgs/include/unity_robotics_demo_msgs/srv/object_pose_service.hpp
[7.420s] -- Up-to-date: /home/jetson/Desktop/workspace_2/install/unity_robotics_demo_msgs/include/unity_robotics_demo_msgs/srv/position_service.hpp
[7.420s] -- Up-to-date: /home/jetson/Desktop/workspace_2/install/unity_robotics_demo_msgs/include/unity_robotics_demo_msgs/msg
[7.430s] -- Up-to-date: /home/jetson/Desktop/workspace_2/install/unity_robotics_demo_msgs/include/unity_robotics_demo_msgs/msg/unity_color.hpp
[7.432s] -- Up-to-date: /home/jetson/Desktop/workspace_2/install/unity_robotics_demo_msgs/include/unity_robotics_demo_msgs/msg/detail
[7.432s] -- Up-to-date: /home/jetson/Desktop/workspace_2/install/unity_robotics_demo_msgs/include/unity_robotics_demo_msgs/msg/detail/unity_color__traits.hpp
[7.433s] -- Up-to-date: /home/jetson/Desktop/workspace_2/install/unity_robotics_demo_msgs/include/unity_robotics_demo_msgs/msg/detail/unity_color__struct.hpp
[7.433s] -- Up-to-date: /home/jetson/Desktop/workspace_2/install/unity_robotics_demo_msgs/include/unity_robotics_demo_msgs/msg/detail/pos_rot__builder.hpp
[7.433s] -- Up-to-date: /home/jetson/Desktop/workspace_2/install/unity_robotics_demo_msgs/include/unity_robotics_demo_msgs/msg/detail/pos_rot__struct.hpp
[7.434s] -- Up-to-date: /home/jetson/Desktop/workspace_2/install/unity_robotics_demo_msgs/include/unity_robotics_demo_msgs/msg/detail/unity_color__builder.hpp
[7.434s] -- Up-to-date: /home/jetson/Desktop/workspace_2/install/unity_robotics_demo_msgs/include/unity_robotics_demo_msgs/msg/detail/pos_rot__traits.hpp
[7.448s] -- Up-to-date: /home/jetson/Desktop/workspace_2/install/unity_robotics_demo_msgs/include/unity_robotics_demo_msgs/msg/pos_rot.hpp
[7.455s] -- Up-to-date: /home/jetson/Desktop/workspace_2/install/unity_robotics_demo_msgs/include/unity_robotics_demo_msgs
[7.457s] -- Up-to-date: /home/jetson/Desktop/workspace_2/install/unity_robotics_demo_msgs/include/unity_robotics_demo_msgs/srv
[7.457s] -- Up-to-date: /home/jetson/Desktop/workspace_2/install/unity_robotics_demo_msgs/include/unity_robotics_demo_msgs/srv/detail
[7.458s] -- Up-to-date: /home/jetson/Desktop/workspace_2/install/unity_robotics_demo_msgs/include/unity_robotics_demo_msgs/srv/detail/object_pose_service__rosidl_typesupport_introspection_cpp.hpp
[7.458s] -- Up-to-date: /home/jetson/Desktop/workspace_2/install/unity_robotics_demo_msgs/include/unity_robotics_demo_msgs/srv/detail/object_pose_service__type_support.cpp
[7.478s] -- Up-to-date: /home/jetson/Desktop/workspace_2/install/unity_robotics_demo_msgs/include/unity_robotics_demo_msgs/srv/detail/position_service__rosidl_typesupport_introspection_cpp.hpp
[7.479s] -- Up-to-date: /home/jetson/Desktop/workspace_2/install/unity_robotics_demo_msgs/include/unity_robotics_demo_msgs/srv/detail/position_service__type_support.cpp
[7.479s] -- Up-to-date: /home/jetson/Desktop/workspace_2/install/unity_robotics_demo_msgs/include/unity_robotics_demo_msgs/msg
[7.480s] -- Up-to-date: /home/jetson/Desktop/workspace_2/install/unity_robotics_demo_msgs/include/unity_robotics_demo_msgs/msg/detail
[7.480s] -- Up-to-date: /home/jetson/Desktop/workspace_2/install/unity_robotics_demo_msgs/include/unity_robotics_demo_msgs/msg/detail/pos_rot__rosidl_typesupport_introspection_cpp.hpp
[7.481s] -- Up-to-date: /home/jetson/Desktop/workspace_2/install/unity_robotics_demo_msgs/include/unity_robotics_demo_msgs/msg/detail/unity_color__type_support.cpp
[7.481s] -- Up-to-date: /home/jetson/Desktop/workspace_2/install/unity_robotics_demo_msgs/include/unity_robotics_demo_msgs/msg/detail/pos_rot__type_support.cpp
[7.481s] -- Up-to-date: /home/jetson/Desktop/workspace_2/install/unity_robotics_demo_msgs/include/unity_robotics_demo_msgs/msg/detail/unity_color__rosidl_typesupport_introspection_cpp.hpp
[7.482s] -- Up-to-date: /home/jetson/Desktop/workspace_2/install/unity_robotics_demo_msgs/lib/libunity_robotics_demo_msgs__rosidl_typesupport_introspection_cpp.so
[7.482s] -- Up-to-date: /home/jetson/Desktop/workspace_2/install/unity_robotics_demo_msgs/lib/libunity_robotics_demo_msgs__rosidl_typesupport_cpp.so
[7.483s] -- Up-to-date: /home/jetson/Desktop/workspace_2/install/unity_robotics_demo_msgs/share/unity_robotics_demo_msgs/environment/pythonpath.sh
[7.483s] -- Up-to-date: /home/jetson/Desktop/workspace_2/install/unity_robotics_demo_msgs/share/unity_robotics_demo_msgs/environment/pythonpath.dsv
[7.483s] -- Up-to-date: /home/jetson/Desktop/workspace_2/install/unity_robotics_demo_msgs/lib/python3.8/site-packages/unity_robotics_demo_msgs/__init__.py
[7.749s] -- Up-to-date: /home/jetson/Desktop/workspace_2/install/unity_robotics_demo_msgs/lib/python3.8/site-packages/unity_robotics_demo_msgs/msg
[7.750s] -- Up-to-date: /home/jetson/Desktop/workspace_2/install/unity_robotics_demo_msgs/lib/python3.8/site-packages/unity_robotics_demo_msgs/msg/_pos_rot.py
[7.751s] -- Up-to-date: /home/jetson/Desktop/workspace_2/install/unity_robotics_demo_msgs/lib/python3.8/site-packages/unity_robotics_demo_msgs/msg/_unity_color_s.c
[7.752s] -- Up-to-date: /home/jetson/Desktop/workspace_2/install/unity_robotics_demo_msgs/lib/python3.8/site-packages/unity_robotics_demo_msgs/msg/_unity_color.py
[7.754s] -- Up-to-date: /home/jetson/Desktop/workspace_2/install/unity_robotics_demo_msgs/lib/python3.8/site-packages/unity_robotics_demo_msgs/msg/__init__.py
[7.754s] -- Up-to-date: /home/jetson/Desktop/workspace_2/install/unity_robotics_demo_msgs/lib/python3.8/site-packages/unity_robotics_demo_msgs/msg/_pos_rot_s.c
[7.757s] -- Up-to-date: /home/jetson/Desktop/workspace_2/install/unity_robotics_demo_msgs/lib/python3.8/site-packages/unity_robotics_demo_msgs/srv
[7.757s] -- Up-to-date: /home/jetson/Desktop/workspace_2/install/unity_robotics_demo_msgs/lib/python3.8/site-packages/unity_robotics_demo_msgs/srv/_position_service.py
[7.758s] -- Up-to-date: /home/jetson/Desktop/workspace_2/install/unity_robotics_demo_msgs/lib/python3.8/site-packages/unity_robotics_demo_msgs/srv/_object_pose_service_s.c
[7.758s] -- Up-to-date: /home/jetson/Desktop/workspace_2/install/unity_robotics_demo_msgs/lib/python3.8/site-packages/unity_robotics_demo_msgs/srv/_object_pose_service.py
[7.759s] -- Up-to-date: /home/jetson/Desktop/workspace_2/install/unity_robotics_demo_msgs/lib/python3.8/site-packages/unity_robotics_demo_msgs/srv/__init__.py
[7.759s] -- Up-to-date: /home/jetson/Desktop/workspace_2/install/unity_robotics_demo_msgs/lib/python3.8/site-packages/unity_robotics_demo_msgs/srv/_position_service_s.c
[7.762s] -- Up-to-date: /home/jetson/Desktop/workspace_2/install/unity_robotics_demo_msgs/lib/python3.8/site-packages/unity_robotics_demo_msgs/unity_robotics_demo_msgs_s__rosidl_typesupport_fastrtps_c.cpython-38-aarch64-linux-gnu.so
[7.763s] -- Up-to-date: /home/jetson/Desktop/workspace_2/install/unity_robotics_demo_msgs/lib/python3.8/site-packages/unity_robotics_demo_msgs/unity_robotics_demo_msgs_s__rosidl_typesupport_introspection_c.cpython-38-aarch64-linux-gnu.so
[7.766s] -- Up-to-date: /home/jetson/Desktop/workspace_2/install/unity_robotics_demo_msgs/lib/python3.8/site-packages/unity_robotics_demo_msgs/unity_robotics_demo_msgs_s__rosidl_typesupport_c.cpython-38-aarch64-linux-gnu.so
[7.769s] -- Up-to-date: /home/jetson/Desktop/workspace_2/install/unity_robotics_demo_msgs/lib/libunity_robotics_demo_msgs__python.so
[7.771s] -- Up-to-date: /home/jetson/Desktop/workspace_2/install/unity_robotics_demo_msgs/share/unity_robotics_demo_msgs/msg/PosRot.idl
[7.773s] -- Up-to-date: /home/jetson/Desktop/workspace_2/install/unity_robotics_demo_msgs/share/unity_robotics_demo_msgs/msg/UnityColor.idl
[7.774s] -- Up-to-date: /home/jetson/Desktop/workspace_2/install/unity_robotics_demo_msgs/share/unity_robotics_demo_msgs/srv/PositionService.idl
[7.779s] -- Up-to-date: /home/jetson/Desktop/workspace_2/install/unity_robotics_demo_msgs/share/unity_robotics_demo_msgs/srv/ObjectPoseService.idl
[7.781s] -- Up-to-date: /home/jetson/Desktop/workspace_2/install/unity_robotics_demo_msgs/share/unity_robotics_demo_msgs/msg/PosRot.msg
[7.784s] -- Up-to-date: /home/jetson/Desktop/workspace_2/install/unity_robotics_demo_msgs/share/unity_robotics_demo_msgs/msg/UnityColor.msg
[7.787s] -- Up-to-date: /home/jetson/Desktop/workspace_2/install/unity_robotics_demo_msgs/share/unity_robotics_demo_msgs/srv/PositionService.srv
[7.788s] -- Up-to-date: /home/jetson/Desktop/workspace_2/install/unity_robotics_demo_msgs/share/unity_robotics_demo_msgs/srv/PositionService_Request.msg
[7.789s] -- Up-to-date: /home/jetson/Desktop/workspace_2/install/unity_robotics_demo_msgs/share/unity_robotics_demo_msgs/srv/PositionService_Response.msg
[7.790s] -- Up-to-date: /home/jetson/Desktop/workspace_2/install/unity_robotics_demo_msgs/share/unity_robotics_demo_msgs/srv/ObjectPoseService.srv
[7.791s] -- Up-to-date: /home/jetson/Desktop/workspace_2/install/unity_robotics_demo_msgs/share/unity_robotics_demo_msgs/srv/ObjectPoseService_Request.msg
[7.794s] -- Up-to-date: /home/jetson/Desktop/workspace_2/install/unity_robotics_demo_msgs/share/unity_robotics_demo_msgs/srv/ObjectPoseService_Response.msg
[7.795s] -- Up-to-date: /home/jetson/Desktop/workspace_2/install/unity_robotics_demo_msgs/share/ament_index/resource_index/package_run_dependencies/unity_robotics_demo_msgs
[7.797s] -- Up-to-date: /home/jetson/Desktop/workspace_2/install/unity_robotics_demo_msgs/share/ament_index/resource_index/parent_prefix_path/unity_robotics_demo_msgs
[7.803s] -- Up-to-date: /home/jetson/Desktop/workspace_2/install/unity_robotics_demo_msgs/share/unity_robotics_demo_msgs/environment/ament_prefix_path.sh
[7.804s] -- Up-to-date: /home/jetson/Desktop/workspace_2/install/unity_robotics_demo_msgs/share/unity_robotics_demo_msgs/environment/ament_prefix_path.dsv
[7.804s] -- Up-to-date: /home/jetson/Desktop/workspace_2/install/unity_robotics_demo_msgs/share/unity_robotics_demo_msgs/environment/path.sh
[7.805s] -- Up-to-date: /home/jetson/Desktop/workspace_2/install/unity_robotics_demo_msgs/share/unity_robotics_demo_msgs/environment/path.dsv
[7.806s] -- Up-to-date: /home/jetson/Desktop/workspace_2/install/unity_robotics_demo_msgs/share/unity_robotics_demo_msgs/local_setup.bash
[7.806s] -- Up-to-date: /home/jetson/Desktop/workspace_2/install/unity_robotics_demo_msgs/share/unity_robotics_demo_msgs/local_setup.sh
[7.807s] -- Up-to-date: /home/jetson/Desktop/workspace_2/install/unity_robotics_demo_msgs/share/unity_robotics_demo_msgs/local_setup.zsh
[7.807s] -- Up-to-date: /home/jetson/Desktop/workspace_2/install/unity_robotics_demo_msgs/share/unity_robotics_demo_msgs/local_setup.dsv
[7.807s] -- Installing: /home/jetson/Desktop/workspace_2/install/unity_robotics_demo_msgs/share/unity_robotics_demo_msgs/package.dsv
[7.808s] -- Up-to-date: /home/jetson/Desktop/workspace_2/install/unity_robotics_demo_msgs/share/ament_index/resource_index/packages/unity_robotics_demo_msgs
[7.815s] -- Up-to-date: /home/jetson/Desktop/workspace_2/install/unity_robotics_demo_msgs/share/unity_robotics_demo_msgs/cmake/unity_robotics_demo_msgs__rosidl_generator_cExport.cmake
[7.815s] -- Up-to-date: /home/jetson/Desktop/workspace_2/install/unity_robotics_demo_msgs/share/unity_robotics_demo_msgs/cmake/unity_robotics_demo_msgs__rosidl_generator_cExport-noconfig.cmake
[7.822s] -- Up-to-date: /home/jetson/Desktop/workspace_2/install/unity_robotics_demo_msgs/share/unity_robotics_demo_msgs/cmake/unity_robotics_demo_msgs__rosidl_typesupport_introspection_cExport.cmake
[7.822s] -- Up-to-date: /home/jetson/Desktop/workspace_2/install/unity_robotics_demo_msgs/share/unity_robotics_demo_msgs/cmake/unity_robotics_demo_msgs__rosidl_typesupport_introspection_cExport-noconfig.cmake
[7.823s] -- Up-to-date: /home/jetson/Desktop/workspace_2/install/unity_robotics_demo_msgs/share/unity_robotics_demo_msgs/cmake/unity_robotics_demo_msgs__rosidl_typesupport_cExport.cmake
[7.832s] -- Up-to-date: /home/jetson/Desktop/workspace_2/install/unity_robotics_demo_msgs/share/unity_robotics_demo_msgs/cmake/unity_robotics_demo_msgs__rosidl_typesupport_cExport-noconfig.cmake
[7.832s] -- Up-to-date: /home/jetson/Desktop/workspace_2/install/unity_robotics_demo_msgs/share/unity_robotics_demo_msgs/cmake/unity_robotics_demo_msgs__rosidl_generator_cppExport.cmake
[7.839s] -- Up-to-date: /home/jetson/Desktop/workspace_2/install/unity_robotics_demo_msgs/share/unity_robotics_demo_msgs/cmake/unity_robotics_demo_msgs__rosidl_typesupport_introspection_cppExport.cmake
[7.840s] -- Up-to-date: /home/jetson/Desktop/workspace_2/install/unity_robotics_demo_msgs/share/unity_robotics_demo_msgs/cmake/unity_robotics_demo_msgs__rosidl_typesupport_introspection_cppExport-noconfig.cmake
[7.841s] -- Up-to-date: /home/jetson/Desktop/workspace_2/install/unity_robotics_demo_msgs/share/unity_robotics_demo_msgs/cmake/unity_robotics_demo_msgs__rosidl_typesupport_cppExport.cmake
[7.842s] -- Up-to-date: /home/jetson/Desktop/workspace_2/install/unity_robotics_demo_msgs/share/unity_robotics_demo_msgs/cmake/unity_robotics_demo_msgs__rosidl_typesupport_cppExport-noconfig.cmake
[7.843s] -- Up-to-date: /home/jetson/Desktop/workspace_2/install/unity_robotics_demo_msgs/share/unity_robotics_demo_msgs/cmake/rosidl_cmake-extras.cmake
[7.843s] -- Up-to-date: /home/jetson/Desktop/workspace_2/install/unity_robotics_demo_msgs/share/unity_robotics_demo_msgs/cmake/ament_cmake_export_dependencies-extras.cmake
[7.843s] -- Up-to-date: /home/jetson/Desktop/workspace_2/install/unity_robotics_demo_msgs/share/unity_robotics_demo_msgs/cmake/ament_cmake_export_libraries-extras.cmake
[7.844s] -- Up-to-date: /home/jetson/Desktop/workspace_2/install/unity_robotics_demo_msgs/share/unity_robotics_demo_msgs/cmake/ament_cmake_export_targets-extras.cmake
[7.844s] -- Up-to-date: /home/jetson/Desktop/workspace_2/install/unity_robotics_demo_msgs/share/unity_robotics_demo_msgs/cmake/ament_cmake_export_include_directories-extras.cmake
[7.844s] -- Up-to-date: /home/jetson/Desktop/workspace_2/install/unity_robotics_demo_msgs/share/unity_robotics_demo_msgs/cmake/rosidl_cmake_export_typesupport_libraries-extras.cmake
[7.859s] -- Up-to-date: /home/jetson/Desktop/workspace_2/install/unity_robotics_demo_msgs/share/unity_robotics_demo_msgs/cmake/rosidl_cmake_export_typesupport_targets-extras.cmake
[7.860s] -- Up-to-date: /home/jetson/Desktop/workspace_2/install/unity_robotics_demo_msgs/share/unity_robotics_demo_msgs/cmake/unity_robotics_demo_msgsConfig.cmake
[7.861s] -- Up-to-date: /home/jetson/Desktop/workspace_2/install/unity_robotics_demo_msgs/share/unity_robotics_demo_msgs/cmake/unity_robotics_demo_msgsConfig-version.cmake
[7.862s] -- Up-to-date: /home/jetson/Desktop/workspace_2/install/unity_robotics_demo_msgs/share/unity_robotics_demo_msgs/package.xml
[7.877s] Invoked command in '/home/jetson/Desktop/workspace_2/build/unity_robotics_demo_msgs' returned '0': CMAKE_PREFIX_PATH=${CMAKE_PREFIX_PATH}:/home/jetson/Desktop/workspace_2/install/unity_slam_example:/home/jetson/Desktop/workspace_2/install/unity_robotics_demo:/home/jetson/Desktop/workspace_2/install/ros_tcp_endpoint:/home/jetson/Desktop/workspace_2/install/project_2:/opt/ros/foxy /usr/bin/cmake --install /home/jetson/Desktop/workspace_2/build/unity_robotics_demo_msgs
