[5.650s] Invoking command in '/home/jetson/Desktop/workspace_2/src/ROS-TCP-Endpoint': PYTHONPATH=/home/jetson/Desktop/workspace_2/install/ros_tcp_endpoint/lib/python3.8/site-packages:${PYTHONPATH} /usr/bin/python3 setup.py egg_info --egg-base ../../build/ros_tcp_endpoint build --build-base /home/jetson/Desktop/workspace_2/build/ros_tcp_endpoint/build install --prefix /home/jetson/Desktop/workspace_2/install/ros_tcp_endpoint --record /home/jetson/Desktop/workspace_2/build/ros_tcp_endpoint/install.log --single-version-externally-managed
[7.079s] running egg_info
[7.082s] creating ../../build/ros_tcp_endpoint/ros_tcp_endpoint.egg-info
[7.082s] writing ../../build/ros_tcp_endpoint/ros_tcp_endpoint.egg-info/PKG-INFO
[7.083s] writing dependency_links to ../../build/ros_tcp_endpoint/ros_tcp_endpoint.egg-info/dependency_links.txt
[7.084s] writing entry points to ../../build/ros_tcp_endpoint/ros_tcp_endpoint.egg-info/entry_points.txt
[7.085s] writing requirements to ../../build/ros_tcp_endpoint/ros_tcp_endpoint.egg-info/requires.txt
[7.085s] writing top-level names to ../../build/ros_tcp_endpoint/ros_tcp_endpoint.egg-info/top_level.txt
[7.091s] writing manifest file '../../build/ros_tcp_endpoint/ros_tcp_endpoint.egg-info/SOURCES.txt'
[7.098s] reading manifest file '../../build/ros_tcp_endpoint/ros_tcp_endpoint.egg-info/SOURCES.txt'
[7.099s] adding license file 'LICENSE'
[7.102s] writing manifest file '../../build/ros_tcp_endpoint/ros_tcp_endpoint.egg-info/SOURCES.txt'
[7.105s] running build
[7.105s] running build_py
[7.106s] creating /home/jetson/Desktop/workspace_2/build/ros_tcp_endpoint/build
[7.107s] creating /home/jetson/Desktop/workspace_2/build/ros_tcp_endpoint/build/lib
[7.107s] creating /home/jetson/Desktop/workspace_2/build/ros_tcp_endpoint/build/lib/ros_tcp_endpoint
[7.108s] copying ros_tcp_endpoint/communication.py -> /home/jetson/Desktop/workspace_2/build/ros_tcp_endpoint/build/lib/ros_tcp_endpoint
[7.108s] copying ros_tcp_endpoint/tcp_sender.py -> /home/jetson/Desktop/workspace_2/build/ros_tcp_endpoint/build/lib/ros_tcp_endpoint
[7.109s] copying ros_tcp_endpoint/client.py -> /home/jetson/Desktop/workspace_2/build/ros_tcp_endpoint/build/lib/ros_tcp_endpoint
[7.110s] copying ros_tcp_endpoint/thread_pauser.py -> /home/jetson/Desktop/workspace_2/build/ros_tcp_endpoint/build/lib/ros_tcp_endpoint
[7.110s] copying ros_tcp_endpoint/publisher.py -> /home/jetson/Desktop/workspace_2/build/ros_tcp_endpoint/build/lib/ros_tcp_endpoint
[7.111s] copying ros_tcp_endpoint/service.py -> /home/jetson/Desktop/workspace_2/build/ros_tcp_endpoint/build/lib/ros_tcp_endpoint
[7.111s] copying ros_tcp_endpoint/server.py -> /home/jetson/Desktop/workspace_2/build/ros_tcp_endpoint/build/lib/ros_tcp_endpoint
[7.112s] copying ros_tcp_endpoint/exceptions.py -> /home/jetson/Desktop/workspace_2/build/ros_tcp_endpoint/build/lib/ros_tcp_endpoint
[7.112s] copying ros_tcp_endpoint/unity_service.py -> /home/jetson/Desktop/workspace_2/build/ros_tcp_endpoint/build/lib/ros_tcp_endpoint
[7.113s] copying ros_tcp_endpoint/subscriber.py -> /home/jetson/Desktop/workspace_2/build/ros_tcp_endpoint/build/lib/ros_tcp_endpoint
[7.113s] copying ros_tcp_endpoint/__init__.py -> /home/jetson/Desktop/workspace_2/build/ros_tcp_endpoint/build/lib/ros_tcp_endpoint
[7.113s] copying ros_tcp_endpoint/default_server_endpoint.py -> /home/jetson/Desktop/workspace_2/build/ros_tcp_endpoint/build/lib/ros_tcp_endpoint
[7.114s] running install
[7.115s] running install_lib
[7.118s] creating /home/jetson/Desktop/workspace_2/install/ros_tcp_endpoint/lib/python3.8/site-packages/ros_tcp_endpoint
[7.128s] copying /home/jetson/Desktop/workspace_2/build/ros_tcp_endpoint/build/lib/ros_tcp_endpoint/communication.py -> /home/jetson/Desktop/workspace_2/install/ros_tcp_endpoint/lib/python3.8/site-packages/ros_tcp_endpoint
[7.128s] copying /home/jetson/Desktop/workspace_2/build/ros_tcp_endpoint/build/lib/ros_tcp_endpoint/tcp_sender.py -> /home/jetson/Desktop/workspace_2/install/ros_tcp_endpoint/lib/python3.8/site-packages/ros_tcp_endpoint
[7.129s] copying /home/jetson/Desktop/workspace_2/build/ros_tcp_endpoint/build/lib/ros_tcp_endpoint/client.py -> /home/jetson/Desktop/workspace_2/install/ros_tcp_endpoint/lib/python3.8/site-packages/ros_tcp_endpoint
[7.130s] copying /home/jetson/Desktop/workspace_2/build/ros_tcp_endpoint/build/lib/ros_tcp_endpoint/thread_pauser.py -> /home/jetson/Desktop/workspace_2/install/ros_tcp_endpoint/lib/python3.8/site-packages/ros_tcp_endpoint
[7.130s] copying /home/jetson/Desktop/workspace_2/build/ros_tcp_endpoint/build/lib/ros_tcp_endpoint/publisher.py -> /home/jetson/Desktop/workspace_2/install/ros_tcp_endpoint/lib/python3.8/site-packages/ros_tcp_endpoint
[7.131s] copying /home/jetson/Desktop/workspace_2/build/ros_tcp_endpoint/build/lib/ros_tcp_endpoint/service.py -> /home/jetson/Desktop/workspace_2/install/ros_tcp_endpoint/lib/python3.8/site-packages/ros_tcp_endpoint
[7.132s] copying /home/jetson/Desktop/workspace_2/build/ros_tcp_endpoint/build/lib/ros_tcp_endpoint/server.py -> /home/jetson/Desktop/workspace_2/install/ros_tcp_endpoint/lib/python3.8/site-packages/ros_tcp_endpoint
[7.132s] copying /home/jetson/Desktop/workspace_2/build/ros_tcp_endpoint/build/lib/ros_tcp_endpoint/exceptions.py -> /home/jetson/Desktop/workspace_2/install/ros_tcp_endpoint/lib/python3.8/site-packages/ros_tcp_endpoint
[7.133s] copying /home/jetson/Desktop/workspace_2/build/ros_tcp_endpoint/build/lib/ros_tcp_endpoint/unity_service.py -> /home/jetson/Desktop/workspace_2/install/ros_tcp_endpoint/lib/python3.8/site-packages/ros_tcp_endpoint
[7.134s] copying /home/jetson/Desktop/workspace_2/build/ros_tcp_endpoint/build/lib/ros_tcp_endpoint/subscriber.py -> /home/jetson/Desktop/workspace_2/install/ros_tcp_endpoint/lib/python3.8/site-packages/ros_tcp_endpoint
[7.134s] copying /home/jetson/Desktop/workspace_2/build/ros_tcp_endpoint/build/lib/ros_tcp_endpoint/__init__.py -> /home/jetson/Desktop/workspace_2/install/ros_tcp_endpoint/lib/python3.8/site-packages/ros_tcp_endpoint
[7.134s] copying /home/jetson/Desktop/workspace_2/build/ros_tcp_endpoint/build/lib/ros_tcp_endpoint/default_server_endpoint.py -> /home/jetson/Desktop/workspace_2/install/ros_tcp_endpoint/lib/python3.8/site-packages/ros_tcp_endpoint
[7.135s] byte-compiling /home/jetson/Desktop/workspace_2/install/ros_tcp_endpoint/lib/python3.8/site-packages/ros_tcp_endpoint/communication.py to communication.cpython-38.pyc
[7.137s] byte-compiling /home/jetson/Desktop/workspace_2/install/ros_tcp_endpoint/lib/python3.8/site-packages/ros_tcp_endpoint/tcp_sender.py to tcp_sender.cpython-38.pyc
[7.140s] byte-compiling /home/jetson/Desktop/workspace_2/install/ros_tcp_endpoint/lib/python3.8/site-packages/ros_tcp_endpoint/client.py to client.cpython-38.pyc
[7.141s] byte-compiling /home/jetson/Desktop/workspace_2/install/ros_tcp_endpoint/lib/python3.8/site-packages/ros_tcp_endpoint/thread_pauser.py to thread_pauser.cpython-38.pyc
[7.142s] byte-compiling /home/jetson/Desktop/workspace_2/install/ros_tcp_endpoint/lib/python3.8/site-packages/ros_tcp_endpoint/publisher.py to publisher.cpython-38.pyc
[7.142s] byte-compiling /home/jetson/Desktop/workspace_2/install/ros_tcp_endpoint/lib/python3.8/site-packages/ros_tcp_endpoint/service.py to service.cpython-38.pyc
[7.143s] byte-compiling /home/jetson/Desktop/workspace_2/install/ros_tcp_endpoint/lib/python3.8/site-packages/ros_tcp_endpoint/server.py to server.cpython-38.pyc
[7.150s] byte-compiling /home/jetson/Desktop/workspace_2/install/ros_tcp_endpoint/lib/python3.8/site-packages/ros_tcp_endpoint/exceptions.py to exceptions.cpython-38.pyc
[7.153s] byte-compiling /home/jetson/Desktop/workspace_2/install/ros_tcp_endpoint/lib/python3.8/site-packages/ros_tcp_endpoint/unity_service.py to unity_service.cpython-38.pyc
[7.157s] byte-compiling /home/jetson/Desktop/workspace_2/install/ros_tcp_endpoint/lib/python3.8/site-packages/ros_tcp_endpoint/subscriber.py to subscriber.cpython-38.pyc
[7.160s] byte-compiling /home/jetson/Desktop/workspace_2/install/ros_tcp_endpoint/lib/python3.8/site-packages/ros_tcp_endpoint/__init__.py to __init__.cpython-38.pyc
[7.161s] byte-compiling /home/jetson/Desktop/workspace_2/install/ros_tcp_endpoint/lib/python3.8/site-packages/ros_tcp_endpoint/default_server_endpoint.py to default_server_endpoint.cpython-38.pyc
[7.161s] running install_data
[7.163s] creating /home/jetson/Desktop/workspace_2/install/ros_tcp_endpoint/share/ament_index
[7.163s] creating /home/jetson/Desktop/workspace_2/install/ros_tcp_endpoint/share/ament_index/resource_index
[7.164s] creating /home/jetson/Desktop/workspace_2/install/ros_tcp_endpoint/share/ament_index/resource_index/packages
[7.164s] copying resource/ros_tcp_endpoint -> /home/jetson/Desktop/workspace_2/install/ros_tcp_endpoint/share/ament_index/resource_index/packages
[7.165s] copying package.xml -> /home/jetson/Desktop/workspace_2/install/ros_tcp_endpoint/share/ros_tcp_endpoint
[7.165s] creating /home/jetson/Desktop/workspace_2/install/ros_tcp_endpoint/share/ros_tcp_endpoint/launch
[7.166s] copying launch/endpoint.py -> /home/jetson/Desktop/workspace_2/install/ros_tcp_endpoint/share/ros_tcp_endpoint/launch
[7.167s] running install_egg_info
[7.170s] Copying ../../build/ros_tcp_endpoint/ros_tcp_endpoint.egg-info to /home/jetson/Desktop/workspace_2/install/ros_tcp_endpoint/lib/python3.8/site-packages/ros_tcp_endpoint-0.0.1-py3.8.egg-info
[7.172s] running install_scripts
[7.251s] Installing default_server_endpoint script to /home/jetson/Desktop/workspace_2/install/ros_tcp_endpoint/lib/ros_tcp_endpoint
[7.253s] writing list of installed files to '/home/jetson/Desktop/workspace_2/build/ros_tcp_endpoint/install.log'
