[0.171s] Invoking command in '/home/jetson/Desktop/workspace_2/build/msg_manage': CMAKE_PREFIX_PATH=${CMAKE_PREFIX_PATH}:/home/jetson/Desktop/workspace_2/install/project_2:/home/jetson/Desktop/workspace_2/install/my_package2 /usr/bin/cmake /home/jetson/Desktop/workspace_2/src/msg_manage -DCMAKE_INSTALL_PREFIX=/home/jetson/Desktop/workspace_2/install/msg_manage
[0.892s] -- The C compiler identification is GNU 8.4.0
[1.374s] -- The CXX compiler identification is GNU 8.4.0
[1.406s] -- Check for working C compiler: /usr/bin/cc
[1.694s] -- Check for working C compiler: /usr/bin/cc -- works
[1.700s] -- Detecting C compiler ABI info
[1.978s] -- Detecting C compiler ABI info - done
[2.029s] -- Detecting C compile features
[2.031s] -- Detecting C compile features - done
[2.045s] -- Check for working CXX compiler: /usr/bin/c++
[2.353s] -- Check for working CXX compiler: /usr/bin/c++ -- works
[2.357s] -- Detecting CXX compiler ABI info
[2.674s] -- Detecting CXX compiler ABI info - done
[2.731s] -- Detecting CXX compile features
[2.733s] -- Detecting CXX compile features - done
[2.753s] -- Found ament_cmake: 0.9.9 (/home/jetson/ros2_foxy/ros2-linux/share/ament_cmake/cmake)
[2.908s] -- Found PythonInterp: /usr/bin/python3 (found suitable version "3.8.10", minimum required is "3") 
[2.909s] -- Using PYTHON_EXECUTABLE: /usr/bin/python3
[4.111s] -- Found ament_lint_auto: 0.9.6 (/home/jetson/ros2_foxy/ros2-linux/share/ament_lint_auto/cmake)
[4.501s] -- Added test 'copyright' to check source files copyright and LICENSE
[4.514s] -- Added test 'lint_cmake' to check CMake code style
[4.523s] -- Added test 'xmllint' to check XML markup files
[4.542s] -- Found rosidl_default_generators: 1.0.1 (/home/jetson/ros2_foxy/ros2-linux/share/rosidl_default_generators/cmake)
[4.569s] -- Using all available rosidl_typesupport_c: rosidl_typesupport_fastrtps_c;rosidl_typesupport_introspection_c
[4.617s] -- Found rosidl_adapter: 1.2.1 (/home/jetson/ros2_foxy/ros2-linux/share/rosidl_adapter/cmake)
[5.073s] -- Found OpenSSL: /usr/lib/aarch64-linux-gnu/libcrypto.so (found version "1.1.1f")  
[5.182s] -- Found FastRTPS: /home/jetson/ros2_foxy/ros2-linux/include  
[5.669s] -- Using all available rosidl_typesupport_cpp: rosidl_typesupport_fastrtps_cpp;rosidl_typesupport_introspection_cpp
[5.818s] CMake Error at /home/jetson/ros2_foxy/ros2-linux/share/rosidl_cmake/cmake/rosidl_generate_interfaces.cmake:64 (message):
[5.818s]   rosidl_generate_interfaces() must be called before ament_package()
[5.819s] Call Stack (most recent call first):
[5.819s]   CMakeLists.txt:39 (rosidl_generate_interfaces)
[5.820s] 
[5.820s] 
[5.826s] -- Configuring incomplete, errors occurred!
[5.827s] See also "/home/jetson/Desktop/workspace_2/build/msg_manage/CMakeFiles/CMakeOutput.log".
[5.847s] Invoked command in '/home/jetson/Desktop/workspace_2/build/msg_manage' returned '1': CMAKE_PREFIX_PATH=${CMAKE_PREFIX_PATH}:/home/jetson/Desktop/workspace_2/install/project_2:/home/jetson/Desktop/workspace_2/install/my_package2 /usr/bin/cmake /home/jetson/Desktop/workspace_2/src/msg_manage -DCMAKE_INSTALL_PREFIX=/home/jetson/Desktop/workspace_2/install/msg_manage
